[ 2017-02-15T09:01:39+08:00 ] 127.0.0.1 /
INFO: [ app_init ] --START--
INFO: Run Behavior\BuildLiteBehavior [ RunTime:0.000000s ]
INFO: [ app_init ] --END-- [ RunTime:0.000000s ]
INFO: [ app_begin ] --START--
INFO: Run Behavior\ReadHtmlCacheBehavior [ RunTime:0.001000s ]
INFO: [ app_begin ] --END-- [ RunTime:0.001000s ]
SQL: SHOW COLUMNS FROM `vs_class_type` [ RunTime:0.0210s ]
SQL: SELECT * FROM `vs_class_type` WHERE ( c_pid = 0 )  [ RunTime:0.0200s ]
SQL: SELECT * FROM `vs_class_type` WHERE ( c_pid = 0 )  [ RunTime:0.0210s ]
SQL: SELECT * FROM `vs_class_type` WHERE ( c_pid = 1 )  [ RunTime:0.0210s ]
SQL: SELECT * FROM `vs_class_type` WHERE ( c_pid = 2 )  [ RunTime:0.0200s ]
SQL: SELECT * FROM `vs_class_type` WHERE ( c_pid = 3 )  [ RunTime:0.0200s ]
INFO: [ view_parse ] --START--
INFO: [ template_filter ] --START--
INFO: Run Behavior\ContentReplaceBehavior [ RunTime:0.000000s ]
INFO: [ template_filter ] --END-- [ RunTime:0.001000s ]
INFO: Run Behavior\ParseTemplateBehavior [ RunTime:0.023001s ]
INFO: [ view_parse ] --END-- [ RunTime:0.024001s ]
INFO: [ view_filter ] --START--
INFO: Run Behavior\WriteHtmlCacheBehavior [ RunTime:0.000000s ]
INFO: [ view_filter ] --END-- [ RunTime:0.001000s ]
INFO: [ app_end ] --START--
INFO: Run Behavior\ShowPageTraceBehavior [ RunTime:0.001000s ]
INFO: [ app_end ] --END-- [ RunTime:0.001000s ]

[ 2017-02-15T09:06:46+08:00 ] 127.0.0.1 /
INFO: [ app_init ] --START--
INFO: Run Behavior\BuildLiteBehavior [ RunTime:0.000000s ]
INFO: [ app_init ] --END-- [ RunTime:0.001000s ]
INFO: [ app_begin ] --START--
INFO: Run Behavior\ReadHtmlCacheBehavior [ RunTime:0.000000s ]
INFO: [ app_begin ] --END-- [ RunTime:0.000000s ]
SQL: SHOW COLUMNS FROM `vs_class_type` [ RunTime:0.0230s ]
SQL: SELECT * FROM `vs_class_type` WHERE ( c_pid = 0 )  [ RunTime:0.0220s ]
SQL: SELECT * FROM `vs_class_type` WHERE ( c_pid = 0 )  [ RunTime:0.0210s ]
SQL: SELECT * FROM `vs_class_type` WHERE ( c_pid = 1 )  [ RunTime:0.0200s ]
SQL: SELECT * FROM `vs_class_type` WHERE ( c_pid = 2 )  [ RunTime:0.0220s ]
SQL: SELECT * FROM `vs_class_type` WHERE ( c_pid = 3 )  [ RunTime:0.0210s ]
INFO: [ view_parse ] --START--
INFO: [ template_filter ] --START--
INFO: Run Behavior\ContentReplaceBehavior [ RunTime:0.000000s ]
INFO: [ template_filter ] --END-- [ RunTime:0.000000s ]
INFO: Run Behavior\ParseTemplateBehavior [ RunTime:0.018001s ]
INFO: [ view_parse ] --END-- [ RunTime:0.018001s ]
INFO: [ view_filter ] --START--
INFO: Run Behavior\WriteHtmlCacheBehavior [ RunTime:0.001000s ]
INFO: [ view_filter ] --END-- [ RunTime:0.001000s ]
INFO: [ app_end ] --START--
INFO: Run Behavior\ShowPageTraceBehavior [ RunTime:0.001000s ]
INFO: [ app_end ] --END-- [ RunTime:0.001000s ]

[ 2017-02-15T11:53:59+08:00 ] 127.0.0.1 /
INFO: [ app_init ] --START--
INFO: Run Behavior\BuildLiteBehavior [ RunTime:0.000000s ]
INFO: [ app_init ] --END-- [ RunTime:0.001000s ]
INFO: [ app_begin ] --START--
INFO: Run Behavior\ReadHtmlCacheBehavior [ RunTime:0.001000s ]
INFO: [ app_begin ] --END-- [ RunTime:0.001000s ]
SQL: SHOW COLUMNS FROM `vs_class_type` [ RunTime:0.0370s ]
SQL: SELECT * FROM `vs_class_type` WHERE ( c_pid = 0 )  [ RunTime:0.0230s ]
SQL: SELECT * FROM `vs_class_type` WHERE ( c_pid = 0 )  [ RunTime:0.0230s ]
SQL: SELECT * FROM `vs_class_type` WHERE ( c_pid = 1 )  [ RunTime:0.0240s ]
SQL: SELECT * FROM `vs_class_type` WHERE ( c_pid = 2 )  [ RunTime:0.0230s ]
SQL: SELECT * FROM `vs_class_type` WHERE ( c_pid = 3 )  [ RunTime:0.0230s ]
INFO: [ view_parse ] --START--
INFO: [ template_filter ] --START--
INFO: Run Behavior\ContentReplaceBehavior [ RunTime:0.000000s ]
INFO: [ template_filter ] --END-- [ RunTime:0.000000s ]
INFO: Run Behavior\ParseTemplateBehavior [ RunTime:0.019001s ]
INFO: [ view_parse ] --END-- [ RunTime:0.019001s ]
INFO: [ view_filter ] --START--
INFO: Run Behavior\WriteHtmlCacheBehavior [ RunTime:0.001000s ]
INFO: [ view_filter ] --END-- [ RunTime:0.001000s ]
INFO: [ app_end ] --START--
INFO: Run Behavior\ShowPageTraceBehavior [ RunTime:0.001000s ]
INFO: [ app_end ] --END-- [ RunTime:0.001000s ]

[ 2017-02-15T11:54:03+08:00 ] 127.0.0.1 /
INFO: [ app_init ] --START--
INFO: Run Behavior\BuildLiteBehavior [ RunTime:0.000000s ]
INFO: [ app_init ] --END-- [ RunTime:0.001000s ]
INFO: [ app_begin ] --START--
INFO: Run Behavior\ReadHtmlCacheBehavior [ RunTime:0.001000s ]
INFO: [ app_begin ] --END-- [ RunTime:0.001000s ]
SQL: SHOW COLUMNS FROM `vs_class_type` [ RunTime:0.0230s ]
SQL: SELECT * FROM `vs_class_type` WHERE ( c_pid = 0 )  [ RunTime:0.0230s ]
SQL: SELECT * FROM `vs_class_type` WHERE ( c_pid = 0 )  [ RunTime:0.0230s ]
SQL: SELECT * FROM `vs_class_type` WHERE ( c_pid = 1 )  [ RunTime:0.0240s ]
SQL: SELECT * FROM `vs_class_type` WHERE ( c_pid = 2 )  [ RunTime:0.0230s ]
SQL: SELECT * FROM `vs_class_type` WHERE ( c_pid = 3 )  [ RunTime:0.0240s ]
INFO: [ view_parse ] --START--
INFO: [ template_filter ] --START--
INFO: Run Behavior\ContentReplaceBehavior [ RunTime:0.000000s ]
INFO: [ template_filter ] --END-- [ RunTime:0.001000s ]
INFO: Run Behavior\ParseTemplateBehavior [ RunTime:0.018001s ]
INFO: [ view_parse ] --END-- [ RunTime:0.018001s ]
INFO: [ view_filter ] --START--
INFO: Run Behavior\WriteHtmlCacheBehavior [ RunTime:0.001000s ]
INFO: [ view_filter ] --END-- [ RunTime:0.001000s ]
INFO: [ app_end ] --START--
INFO: Run Behavior\ShowPageTraceBehavior [ RunTime:0.001000s ]
INFO: [ app_end ] --END-- [ RunTime:0.001000s ]

[ 2017-02-15T11:54:12+08:00 ] 127.0.0.1 /
INFO: [ app_init ] --START--
INFO: Run Behavior\BuildLiteBehavior [ RunTime:0.000000s ]
INFO: [ app_init ] --END-- [ RunTime:0.000000s ]
INFO: [ app_begin ] --START--
INFO: Run Behavior\ReadHtmlCacheBehavior [ RunTime:0.001000s ]
INFO: [ app_begin ] --END-- [ RunTime:0.001000s ]
SQL: SHOW COLUMNS FROM `vs_class_type` [ RunTime:0.0220s ]
SQL: SELECT * FROM `vs_class_type` WHERE ( c_pid = 0 )  [ RunTime:0.0230s ]
SQL: SELECT * FROM `vs_class_type` WHERE ( c_pid = 0 )  [ RunTime:0.0200s ]
SQL: SELECT * FROM `vs_class_type` WHERE ( c_pid = 1 )  [ RunTime:0.0210s ]
SQL: SELECT * FROM `vs_class_type` WHERE ( c_pid = 2 )  [ RunTime:0.0210s ]
SQL: SELECT * FROM `vs_class_type` WHERE ( c_pid = 3 )  [ RunTime:0.0210s ]
INFO: [ view_parse ] --START--
INFO: [ template_filter ] --START--
INFO: Run Behavior\ContentReplaceBehavior [ RunTime:0.000000s ]
INFO: [ template_filter ] --END-- [ RunTime:0.000000s ]
INFO: Run Behavior\ParseTemplateBehavior [ RunTime:0.017001s ]
INFO: [ view_parse ] --END-- [ RunTime:0.017001s ]
INFO: [ view_filter ] --START--
INFO: Run Behavior\WriteHtmlCacheBehavior [ RunTime:0.000000s ]
INFO: [ view_filter ] --END-- [ RunTime:0.000000s ]
INFO: [ app_end ] --START--
INFO: Run Behavior\ShowPageTraceBehavior [ RunTime:0.001000s ]
INFO: [ app_end ] --END-- [ RunTime:0.001000s ]

[ 2017-02-15T11:54:14+08:00 ] 127.0.0.1 /
INFO: [ app_init ] --START--
INFO: Run Behavior\BuildLiteBehavior [ RunTime:0.000000s ]
INFO: [ app_init ] --END-- [ RunTime:0.000000s ]
INFO: [ app_begin ] --START--
INFO: Run Behavior\ReadHtmlCacheBehavior [ RunTime:0.001000s ]
INFO: [ app_begin ] --END-- [ RunTime:0.001000s ]
SQL: SHOW COLUMNS FROM `vs_class_type` [ RunTime:0.0210s ]
SQL: SELECT * FROM `vs_class_type` WHERE ( c_pid = 0 )  [ RunTime:0.0210s ]
SQL: SELECT * FROM `vs_class_type` WHERE ( c_pid = 0 )  [ RunTime:0.0210s ]
SQL: SELECT * FROM `vs_class_type` WHERE ( c_pid = 1 )  [ RunTime:0.0200s ]
SQL: SELECT * FROM `vs_class_type` WHERE ( c_pid = 2 )  [ RunTime:0.0200s ]
SQL: SELECT * FROM `vs_class_type` WHERE ( c_pid = 3 )  [ RunTime:0.0200s ]
INFO: [ view_parse ] --START--
INFO: [ template_filter ] --START--
INFO: Run Behavior\ContentReplaceBehavior [ RunTime:0.000000s ]
INFO: [ template_filter ] --END-- [ RunTime:0.000000s ]
INFO: Run Behavior\ParseTemplateBehavior [ RunTime:0.018001s ]
INFO: [ view_parse ] --END-- [ RunTime:0.018001s ]
INFO: [ view_filter ] --START--
INFO: Run Behavior\WriteHtmlCacheBehavior [ RunTime:0.000000s ]
INFO: [ view_filter ] --END-- [ RunTime:0.001000s ]
INFO: [ app_end ] --START--
INFO: Run Behavior\ShowPageTraceBehavior [ RunTime:0.001000s ]
INFO: [ app_end ] --END-- [ RunTime:0.001000s ]

[ 2017-02-15T13:32:41+08:00 ] 127.0.0.1 /
INFO: [ app_init ] --START--
INFO: Run Behavior\BuildLiteBehavior [ RunTime:0.000000s ]
INFO: [ app_init ] --END-- [ RunTime:0.000000s ]
INFO: [ app_begin ] --START--
INFO: Run Behavior\ReadHtmlCacheBehavior [ RunTime:0.000000s ]
INFO: [ app_begin ] --END-- [ RunTime:0.001000s ]
SQL: SHOW COLUMNS FROM `vs_class_type` [ RunTime:0.0200s ]
SQL: SELECT * FROM `vs_class_type` WHERE ( c_pid = 0 )  [ RunTime:0.0200s ]
SQL: SELECT * FROM `vs_class_type` WHERE ( c_pid = 0 )  [ RunTime:0.0210s ]
SQL: SELECT * FROM `vs_class_type` WHERE ( c_pid = 1 )  [ RunTime:0.0220s ]
SQL: SELECT * FROM `vs_class_type` WHERE ( c_pid = 2 )  [ RunTime:0.0210s ]
SQL: SELECT * FROM `vs_class_type` WHERE ( c_pid = 3 )  [ RunTime:0.0200s ]
INFO: [ view_parse ] --START--
INFO: [ template_filter ] --START--
INFO: Run Behavior\ContentReplaceBehavior [ RunTime:0.000000s ]
INFO: [ template_filter ] --END-- [ RunTime:0.000000s ]
INFO: Run Behavior\ParseTemplateBehavior [ RunTime:0.019001s ]
INFO: [ view_parse ] --END-- [ RunTime:0.019001s ]
INFO: [ view_filter ] --START--
INFO: Run Behavior\WriteHtmlCacheBehavior [ RunTime:0.001000s ]
INFO: [ view_filter ] --END-- [ RunTime:0.001000s ]
INFO: [ app_end ] --START--
INFO: Run Behavior\ShowPageTraceBehavior [ RunTime:0.000000s ]
INFO: [ app_end ] --END-- [ RunTime:0.001000s ]

[ 2017-02-15T13:32:43+08:00 ] 127.0.0.1 /
INFO: [ app_init ] --START--
INFO: Run Behavior\BuildLiteBehavior [ RunTime:0.000000s ]
INFO: [ app_init ] --END-- [ RunTime:0.000000s ]
INFO: [ app_begin ] --START--
INFO: Run Behavior\ReadHtmlCacheBehavior [ RunTime:0.001000s ]
INFO: [ app_begin ] --END-- [ RunTime:0.001000s ]
SQL: SHOW COLUMNS FROM `vs_class_type` [ RunTime:0.0230s ]
SQL: SELECT * FROM `vs_class_type` WHERE ( c_pid = 0 )  [ RunTime:0.0230s ]
SQL: SELECT * FROM `vs_class_type` WHERE ( c_pid = 0 )  [ RunTime:0.0240s ]
SQL: SELECT * FROM `vs_class_type` WHERE ( c_pid = 1 )  [ RunTime:0.0240s ]
SQL: SELECT * FROM `vs_class_type` WHERE ( c_pid = 2 )  [ RunTime:0.0230s ]
SQL: SELECT * FROM `vs_class_type` WHERE ( c_pid = 3 )  [ RunTime:0.0230s ]
INFO: [ view_parse ] --START--
INFO: [ template_filter ] --START--
INFO: Run Behavior\ContentReplaceBehavior [ RunTime:0.000000s ]
INFO: [ template_filter ] --END-- [ RunTime:0.000000s ]
INFO: Run Behavior\ParseTemplateBehavior [ RunTime:0.018001s ]
INFO: [ view_parse ] --END-- [ RunTime:0.018001s ]
INFO: [ view_filter ] --START--
INFO: Run Behavior\WriteHtmlCacheBehavior [ RunTime:0.000000s ]
INFO: [ view_filter ] --END-- [ RunTime:0.000000s ]
INFO: [ app_end ] --START--
INFO: Run Behavior\ShowPageTraceBehavior [ RunTime:0.001000s ]
INFO: [ app_end ] --END-- [ RunTime:0.001000s ]

[ 2017-02-15T13:39:32+08:00 ] 127.0.0.1 /
INFO: [ app_init ] --START--
INFO: Run Behavior\BuildLiteBehavior [ RunTime:0.000000s ]
INFO: [ app_init ] --END-- [ RunTime:0.001000s ]
INFO: [ app_begin ] --START--
INFO: Run Behavior\ReadHtmlCacheBehavior [ RunTime:0.001000s ]
INFO: [ app_begin ] --END-- [ RunTime:0.001000s ]
SQL: SHOW COLUMNS FROM `vs_class_type` [ RunTime:0.0530s ]
SQL: SELECT * FROM `vs_class_type` WHERE ( c_pid = 0 )  [ RunTime:0.0460s ]
SQL: SELECT * FROM `vs_class_type` WHERE ( c_pid = 0 )  [ RunTime:0.0730s ]
SQL: SELECT * FROM `vs_class_type` WHERE ( c_pid = 1 )  [ RunTime:0.3190s ]
SQL: SELECT * FROM `vs_class_type` WHERE ( c_pid = 2 )  [ RunTime:0.0220s ]
SQL: SELECT * FROM `vs_class_type` WHERE ( c_pid = 3 )  [ RunTime:0.0230s ]
INFO: [ view_parse ] --START--
INFO: [ template_filter ] --START--
INFO: Run Behavior\ContentReplaceBehavior [ RunTime:0.000000s ]
INFO: [ template_filter ] --END-- [ RunTime:0.001000s ]
INFO: Run Behavior\ParseTemplateBehavior [ RunTime:0.018001s ]
INFO: [ view_parse ] --END-- [ RunTime:0.018001s ]
INFO: [ view_filter ] --START--
INFO: Run Behavior\WriteHtmlCacheBehavior [ RunTime:0.000000s ]
INFO: [ view_filter ] --END-- [ RunTime:0.001000s ]
INFO: [ app_end ] --START--
INFO: Run Behavior\ShowPageTraceBehavior [ RunTime:0.001000s ]
INFO: [ app_end ] --END-- [ RunTime:0.001000s ]

[ 2017-02-15T13:40:06+08:00 ] 127.0.0.1 /
INFO: [ app_init ] --START--
INFO: Run Behavior\BuildLiteBehavior [ RunTime:0.000000s ]
INFO: [ app_init ] --END-- [ RunTime:0.001000s ]
INFO: [ app_begin ] --START--
INFO: Run Behavior\ReadHtmlCacheBehavior [ RunTime:0.000000s ]
INFO: [ app_begin ] --END-- [ RunTime:0.001001s ]
SQL: SHOW COLUMNS FROM `vs_class_type` [ RunTime:0.0220s ]
SQL: SELECT * FROM `vs_class_type` WHERE ( c_pid = 0 )  [ RunTime:0.0220s ]
SQL: SELECT * FROM `vs_class_type` WHERE ( c_pid = 0 )  [ RunTime:0.0230s ]
SQL: SELECT * FROM `vs_class_type` WHERE ( c_pid = 1 )  [ RunTime:0.0220s ]
SQL: SELECT * FROM `vs_class_type` WHERE ( c_pid = 2 )  [ RunTime:0.0220s ]
SQL: SELECT * FROM `vs_class_type` WHERE ( c_pid = 3 )  [ RunTime:0.0220s ]
INFO: [ view_parse ] --START--
INFO: [ template_filter ] --START--
INFO: Run Behavior\ContentReplaceBehavior [ RunTime:0.000000s ]
INFO: [ template_filter ] --END-- [ RunTime:0.000000s ]
INFO: Run Behavior\ParseTemplateBehavior [ RunTime:0.018001s ]
INFO: [ view_parse ] --END-- [ RunTime:0.018001s ]
INFO: [ view_filter ] --START--
INFO: Run Behavior\WriteHtmlCacheBehavior [ RunTime:0.001000s ]
INFO: [ view_filter ] --END-- [ RunTime:0.001000s ]
INFO: [ app_end ] --START--
INFO: Run Behavior\ShowPageTraceBehavior [ RunTime:0.001000s ]
INFO: [ app_end ] --END-- [ RunTime:0.001000s ]

[ 2017-02-15T14:43:04+08:00 ] 127.0.0.1 /
INFO: [ app_init ] --START--
INFO: Run Behavior\BuildLiteBehavior [ RunTime:0.000000s ]
INFO: [ app_init ] --END-- [ RunTime:0.000000s ]
INFO: [ app_begin ] --START--
INFO: Run Behavior\ReadHtmlCacheBehavior [ RunTime:0.001000s ]
INFO: [ app_begin ] --END-- [ RunTime:0.001000s ]
SQL: SHOW COLUMNS FROM `vs_class_type` [ RunTime:0.0220s ]
SQL: SELECT * FROM `vs_class_type` WHERE ( c_pid = 0 )  [ RunTime:0.0210s ]
SQL: SELECT * FROM `vs_class_type` WHERE ( c_pid = 0 )  [ RunTime:0.0210s ]
SQL: SELECT * FROM `vs_class_type` WHERE ( c_pid = 1 )  [ RunTime:0.0200s ]
SQL: SELECT * FROM `vs_class_type` WHERE ( c_pid = 2 )  [ RunTime:0.0210s ]
SQL: SELECT * FROM `vs_class_type` WHERE ( c_pid = 3 )  [ RunTime:0.0220s ]
INFO: [ view_parse ] --START--
INFO: [ template_filter ] --START--
INFO: Run Behavior\ContentReplaceBehavior [ RunTime:0.000000s ]
INFO: [ template_filter ] --END-- [ RunTime:0.000000s ]
INFO: Run Behavior\ParseTemplateBehavior [ RunTime:0.017001s ]
INFO: [ view_parse ] --END-- [ RunTime:0.017001s ]
INFO: [ view_filter ] --START--
INFO: Run Behavior\WriteHtmlCacheBehavior [ RunTime:0.001000s ]
INFO: [ view_filter ] --END-- [ RunTime:0.001000s ]
INFO: [ app_end ] --START--
INFO: Run Behavior\ShowPageTraceBehavior [ RunTime:0.001000s ]
INFO: [ app_end ] --END-- [ RunTime:0.001000s ]

[ 2017-02-15T16:25:03+08:00 ] 127.0.0.1 /
INFO: [ app_init ] --START--
INFO: Run Behavior\BuildLiteBehavior [ RunTime:0.000000s ]
INFO: [ app_init ] --END-- [ RunTime:0.001000s ]
INFO: [ app_begin ] --START--
INFO: Run Behavior\ReadHtmlCacheBehavior [ RunTime:0.001000s ]
INFO: [ app_begin ] --END-- [ RunTime:0.001000s ]
SQL: SHOW COLUMNS FROM `vs_class_type` [ RunTime:0.0240s ]
SQL: SELECT * FROM `vs_class_type` WHERE ( c_pid = 0 )  [ RunTime:0.0240s ]
SQL: SELECT * FROM `vs_class_type` WHERE ( c_pid = 0 )  [ RunTime:0.0240s ]
SQL: SELECT * FROM `vs_class_type` WHERE ( c_pid = 1 )  [ RunTime:0.0230s ]
SQL: SELECT * FROM `vs_class_type` WHERE ( c_pid = 2 )  [ RunTime:0.0220s ]
SQL: SELECT * FROM `vs_class_type` WHERE ( c_pid = 3 )  [ RunTime:0.0230s ]
INFO: [ view_parse ] --START--
INFO: [ template_filter ] --START--
INFO: Run Behavior\ContentReplaceBehavior [ RunTime:0.000000s ]
INFO: [ template_filter ] --END-- [ RunTime:0.000000s ]
INFO: Run Behavior\ParseTemplateBehavior [ RunTime:0.021002s ]
INFO: [ view_parse ] --END-- [ RunTime:0.021002s ]
INFO: [ view_filter ] --START--
INFO: Run Behavior\WriteHtmlCacheBehavior [ RunTime:0.001000s ]
INFO: [ view_filter ] --END-- [ RunTime:0.001000s ]
INFO: [ app_end ] --START--
INFO: Run Behavior\ShowPageTraceBehavior [ RunTime:0.001000s ]
INFO: [ app_end ] --END-- [ RunTime:0.001000s ]

[ 2017-02-15T17:44:34+08:00 ] 127.0.0.1 /
INFO: [ app_init ] --START--
INFO: Run Behavior\BuildLiteBehavior [ RunTime:0.000000s ]
INFO: [ app_init ] --END-- [ RunTime:0.000000s ]
INFO: [ app_begin ] --START--
INFO: Run Behavior\ReadHtmlCacheBehavior [ RunTime:0.001001s ]
INFO: [ app_begin ] --END-- [ RunTime:0.001001s ]
SQL: SHOW COLUMNS FROM `vs_class_type` [ RunTime:0.0230s ]
SQL: SELECT * FROM `vs_class_type` WHERE ( c_pid = 0 )  [ RunTime:0.0220s ]
SQL: SELECT * FROM `vs_class_type` WHERE ( c_pid = 0 )  [ RunTime:0.0220s ]
SQL: SELECT * FROM `vs_class_type` WHERE ( c_pid = 1 )  [ RunTime:0.0230s ]
SQL: SELECT * FROM `vs_class_type` WHERE ( c_pid = 2 )  [ RunTime:0.0220s ]
SQL: SELECT * FROM `vs_class_type` WHERE ( c_pid = 3 )  [ RunTime:0.0210s ]
INFO: [ view_parse ] --START--
INFO: [ template_filter ] --START--
INFO: Run Behavior\ContentReplaceBehavior [ RunTime:0.000000s ]
INFO: [ template_filter ] --END-- [ RunTime:0.000000s ]
INFO: Run Behavior\ParseTemplateBehavior [ RunTime:0.018001s ]
INFO: [ view_parse ] --END-- [ RunTime:0.018001s ]
INFO: [ view_filter ] --START--
INFO: Run Behavior\WriteHtmlCacheBehavior [ RunTime:0.001000s ]
INFO: [ view_filter ] --END-- [ RunTime:0.001000s ]
INFO: [ app_end ] --START--
INFO: Run Behavior\ShowPageTraceBehavior [ RunTime:0.001000s ]
INFO: [ app_end ] --END-- [ RunTime:0.001000s ]

