[ 2017-02-10T09:04:10+08:00 ] 127.0.0.1 /
INFO: [ app_init ] --START--
INFO: Run Behavior\BuildLiteBehavior [ RunTime:0.000000s ]
INFO: [ app_init ] --END-- [ RunTime:0.000000s ]
INFO: [ app_begin ] --START--
INFO: Run Behavior\ReadHtmlCacheBehavior [ RunTime:0.001001s ]
INFO: [ app_begin ] --END-- [ RunTime:0.001001s ]
SQL: SHOW COLUMNS FROM `vs_class_type` [ RunTime:0.0200s ]
SQL: SELECT * FROM `vs_class_type` WHERE ( c_pid = 0 )  [ RunTime:0.0190s ]
SQL: SELECT * FROM `vs_class_type` WHERE ( c_pid = 0 )  [ RunTime:0.0260s ]
SQL: SELECT * FROM `vs_class_type` WHERE ( c_pid = 1 )  [ RunTime:0.0200s ]
SQL: SELECT * FROM `vs_class_type` WHERE ( c_pid = 2 )  [ RunTime:0.3280s ]
SQL: SELECT * FROM `vs_class_type` WHERE ( c_pid = 3 )  [ RunTime:0.0250s ]
INFO: [ view_parse ] --START--
INFO: [ template_filter ] --START--
INFO: Run Behavior\ContentReplaceBehavior [ RunTime:0.001000s ]
INFO: [ template_filter ] --END-- [ RunTime:0.001000s ]
INFO: Run Behavior\ParseTemplateBehavior [ RunTime:0.018001s ]
INFO: [ view_parse ] --END-- [ RunTime:0.018001s ]
INFO: [ view_filter ] --START--
INFO: Run Behavior\WriteHtmlCacheBehavior [ RunTime:0.001000s ]
INFO: [ view_filter ] --END-- [ RunTime:0.001000s ]
INFO: [ app_end ] --START--
INFO: Run Behavior\ShowPageTraceBehavior [ RunTime:0.000000s ]
INFO: [ app_end ] --END-- [ RunTime:0.000000s ]

[ 2017-02-10T11:01:24+08:00 ] 127.0.0.1 /
INFO: [ app_init ] --START--
INFO: Run Behavior\BuildLiteBehavior [ RunTime:0.000000s ]
INFO: [ app_init ] --END-- [ RunTime:0.001000s ]
INFO: [ app_begin ] --START--
INFO: Run Behavior\ReadHtmlCacheBehavior [ RunTime:0.001000s ]
INFO: [ app_begin ] --END-- [ RunTime:0.001000s ]
SQL: SHOW COLUMNS FROM `vs_class_type` [ RunTime:0.0180s ]
SQL: SELECT * FROM `vs_class_type` WHERE ( c_pid = 0 )  [ RunTime:0.0200s ]
SQL: SELECT * FROM `vs_class_type` WHERE ( c_pid = 0 )  [ RunTime:0.0170s ]
SQL: SELECT * FROM `vs_class_type` WHERE ( c_pid = 1 )  [ RunTime:0.0180s ]
SQL: SELECT * FROM `vs_class_type` WHERE ( c_pid = 2 )  [ RunTime:0.0190s ]
SQL: SELECT * FROM `vs_class_type` WHERE ( c_pid = 3 )  [ RunTime:0.0190s ]
INFO: [ view_parse ] --START--
INFO: [ template_filter ] --START--
INFO: Run Behavior\ContentReplaceBehavior [ RunTime:0.000000s ]
INFO: [ template_filter ] --END-- [ RunTime:0.000000s ]
INFO: Run Behavior\ParseTemplateBehavior [ RunTime:0.018001s ]
INFO: [ view_parse ] --END-- [ RunTime:0.018001s ]
INFO: [ view_filter ] --START--
INFO: Run Behavior\WriteHtmlCacheBehavior [ RunTime:0.001001s ]
INFO: [ view_filter ] --END-- [ RunTime:0.001001s ]
INFO: [ app_end ] --START--
INFO: Run Behavior\ShowPageTraceBehavior [ RunTime:0.004000s ]
INFO: [ app_end ] --END-- [ RunTime:0.004000s ]

[ 2017-02-10T14:20:20+08:00 ] 127.0.0.1 /
INFO: [ app_init ] --START--
INFO: Run Behavior\BuildLiteBehavior [ RunTime:0.000000s ]
INFO: [ app_init ] --END-- [ RunTime:0.000000s ]
INFO: [ app_begin ] --START--
INFO: Run Behavior\ReadHtmlCacheBehavior [ RunTime:0.001000s ]
INFO: [ app_begin ] --END-- [ RunTime:0.001000s ]
SQL: SHOW COLUMNS FROM `vs_class_type` [ RunTime:0.0180s ]
SQL: SELECT * FROM `vs_class_type` WHERE ( c_pid = 0 )  [ RunTime:0.0180s ]
SQL: SELECT * FROM `vs_class_type` WHERE ( c_pid = 0 )  [ RunTime:0.0180s ]
SQL: SELECT * FROM `vs_class_type` WHERE ( c_pid = 1 )  [ RunTime:0.0180s ]
SQL: SELECT * FROM `vs_class_type` WHERE ( c_pid = 2 )  [ RunTime:0.0170s ]
SQL: SELECT * FROM `vs_class_type` WHERE ( c_pid = 3 )  [ RunTime:0.0170s ]
INFO: [ view_parse ] --START--
INFO: [ template_filter ] --START--
INFO: Run Behavior\ContentReplaceBehavior [ RunTime:0.000000s ]
INFO: [ template_filter ] --END-- [ RunTime:0.000000s ]
INFO: Run Behavior\ParseTemplateBehavior [ RunTime:0.018001s ]
INFO: [ view_parse ] --END-- [ RunTime:0.018001s ]
INFO: [ view_filter ] --START--
INFO: Run Behavior\WriteHtmlCacheBehavior [ RunTime:0.000000s ]
INFO: [ view_filter ] --END-- [ RunTime:0.000000s ]
INFO: [ app_end ] --START--
INFO: Run Behavior\ShowPageTraceBehavior [ RunTime:0.001000s ]
INFO: [ app_end ] --END-- [ RunTime:0.001000s ]

[ 2017-02-10T14:20:24+08:00 ] 127.0.0.1 /
INFO: [ app_init ] --START--
INFO: Run Behavior\BuildLiteBehavior [ RunTime:0.000000s ]
INFO: [ app_init ] --END-- [ RunTime:0.000000s ]
INFO: [ app_begin ] --START--
INFO: Run Behavior\ReadHtmlCacheBehavior [ RunTime:0.000000s ]
INFO: [ app_begin ] --END-- [ RunTime:0.000000s ]
SQL: SHOW COLUMNS FROM `vs_class_type` [ RunTime:0.0200s ]
SQL: SELECT * FROM `vs_class_type` WHERE ( c_pid = 0 )  [ RunTime:0.0190s ]
SQL: SELECT * FROM `vs_class_type` WHERE ( c_pid = 0 )  [ RunTime:0.0200s ]
SQL: SELECT * FROM `vs_class_type` WHERE ( c_pid = 1 )  [ RunTime:0.0190s ]
SQL: SELECT * FROM `vs_class_type` WHERE ( c_pid = 2 )  [ RunTime:0.0180s ]
SQL: SELECT * FROM `vs_class_type` WHERE ( c_pid = 3 )  [ RunTime:0.0180s ]
INFO: [ view_parse ] --START--
INFO: [ template_filter ] --START--
INFO: Run Behavior\ContentReplaceBehavior [ RunTime:0.000000s ]
INFO: [ template_filter ] --END-- [ RunTime:0.000000s ]
INFO: Run Behavior\ParseTemplateBehavior [ RunTime:0.069004s ]
INFO: [ view_parse ] --END-- [ RunTime:0.069004s ]
INFO: [ view_filter ] --START--
INFO: Run Behavior\WriteHtmlCacheBehavior [ RunTime:0.000000s ]
INFO: [ view_filter ] --END-- [ RunTime:0.000000s ]
INFO: [ app_end ] --START--
INFO: Run Behavior\ShowPageTraceBehavior [ RunTime:0.001000s ]
INFO: [ app_end ] --END-- [ RunTime:0.001000s ]

[ 2017-02-10T16:07:42+08:00 ] 127.0.0.1 /
INFO: [ app_init ] --START--
INFO: Run Behavior\BuildLiteBehavior [ RunTime:0.000000s ]
INFO: [ app_init ] --END-- [ RunTime:0.001000s ]
INFO: [ app_begin ] --START--
INFO: Run Behavior\ReadHtmlCacheBehavior [ RunTime:0.001000s ]
INFO: [ app_begin ] --END-- [ RunTime:0.001000s ]
SQL: SHOW COLUMNS FROM `vs_class_type` [ RunTime:0.0190s ]
SQL: SELECT * FROM `vs_class_type` WHERE ( c_pid = 0 )  [ RunTime:0.0190s ]
SQL: SELECT * FROM `vs_class_type` WHERE ( c_pid = 0 )  [ RunTime:0.0170s ]
SQL: SELECT * FROM `vs_class_type` WHERE ( c_pid = 1 )  [ RunTime:0.0170s ]
SQL: SELECT * FROM `vs_class_type` WHERE ( c_pid = 2 )  [ RunTime:0.0180s ]
SQL: SELECT * FROM `vs_class_type` WHERE ( c_pid = 3 )  [ RunTime:0.0180s ]
INFO: [ view_parse ] --START--
INFO: [ template_filter ] --START--
INFO: Run Behavior\ContentReplaceBehavior [ RunTime:0.000000s ]
INFO: [ template_filter ] --END-- [ RunTime:0.000000s ]
INFO: Run Behavior\ParseTemplateBehavior [ RunTime:0.062003s ]
INFO: [ view_parse ] --END-- [ RunTime:0.062003s ]
INFO: [ view_filter ] --START--
INFO: Run Behavior\WriteHtmlCacheBehavior [ RunTime:0.000000s ]
INFO: [ view_filter ] --END-- [ RunTime:0.000000s ]
INFO: [ app_end ] --START--
INFO: Run Behavior\ShowPageTraceBehavior [ RunTime:0.001000s ]
INFO: [ app_end ] --END-- [ RunTime:0.001000s ]

[ 2017-02-10T16:59:38+08:00 ] 127.0.0.1 /
INFO: [ app_init ] --START--
INFO: Run Behavior\BuildLiteBehavior [ RunTime:0.000000s ]
INFO: [ app_init ] --END-- [ RunTime:0.001000s ]
INFO: [ app_begin ] --START--
INFO: Run Behavior\ReadHtmlCacheBehavior [ RunTime:0.011001s ]
INFO: [ app_begin ] --END-- [ RunTime:0.011001s ]
SQL: SHOW COLUMNS FROM `vs_class_type` [ RunTime:0.0630s ]
SQL: SELECT * FROM `vs_class_type` WHERE ( c_pid = 0 )  [ RunTime:0.0200s ]
SQL: SELECT * FROM `vs_class_type` WHERE ( c_pid = 0 )  [ RunTime:0.0210s ]
SQL: SELECT * FROM `vs_class_type` WHERE ( c_pid = 1 )  [ RunTime:0.0210s ]
SQL: SELECT * FROM `vs_class_type` WHERE ( c_pid = 2 )  [ RunTime:0.0200s ]
SQL: SELECT * FROM `vs_class_type` WHERE ( c_pid = 3 )  [ RunTime:0.0190s ]
INFO: [ view_parse ] --START--
INFO: [ template_filter ] --START--
INFO: Run Behavior\ContentReplaceBehavior [ RunTime:0.000000s ]
INFO: [ template_filter ] --END-- [ RunTime:0.000000s ]
INFO: Run Behavior\ParseTemplateBehavior [ RunTime:0.294017s ]
INFO: [ view_parse ] --END-- [ RunTime:0.294017s ]
INFO: [ view_filter ] --START--
INFO: Run Behavior\WriteHtmlCacheBehavior [ RunTime:0.015001s ]
INFO: [ view_filter ] --END-- [ RunTime:0.016001s ]
INFO: [ app_end ] --START--
INFO: Run Behavior\ShowPageTraceBehavior [ RunTime:0.016001s ]
INFO: [ app_end ] --END-- [ RunTime:0.016001s ]

[ 2017-02-10T17:06:37+08:00 ] 127.0.0.1 /
INFO: [ app_init ] --START--
INFO: Run Behavior\BuildLiteBehavior [ RunTime:0.000000s ]
INFO: [ app_init ] --END-- [ RunTime:0.001000s ]
INFO: [ app_begin ] --START--
INFO: Run Behavior\ReadHtmlCacheBehavior [ RunTime:0.000000s ]
INFO: [ app_begin ] --END-- [ RunTime:0.000000s ]
SQL: SHOW COLUMNS FROM `vs_class_type` [ RunTime:0.0180s ]
SQL: SELECT * FROM `vs_class_type` WHERE ( c_pid = 0 )  [ RunTime:0.0180s ]
SQL: SELECT * FROM `vs_class_type` WHERE ( c_pid = 0 )  [ RunTime:0.0190s ]
SQL: SELECT * FROM `vs_class_type` WHERE ( c_pid = 1 )  [ RunTime:0.0180s ]
SQL: SELECT * FROM `vs_class_type` WHERE ( c_pid = 2 )  [ RunTime:0.0190s ]
SQL: SELECT * FROM `vs_class_type` WHERE ( c_pid = 3 )  [ RunTime:0.0180s ]
INFO: [ view_parse ] --START--
INFO: [ template_filter ] --START--
INFO: Run Behavior\ContentReplaceBehavior [ RunTime:0.000000s ]
INFO: [ template_filter ] --END-- [ RunTime:0.000000s ]
INFO: Run Behavior\ParseTemplateBehavior [ RunTime:0.026002s ]
INFO: [ view_parse ] --END-- [ RunTime:0.027002s ]
INFO: [ view_filter ] --START--
INFO: Run Behavior\WriteHtmlCacheBehavior [ RunTime:0.001000s ]
INFO: [ view_filter ] --END-- [ RunTime:0.001000s ]
INFO: [ app_end ] --START--
INFO: Run Behavior\ShowPageTraceBehavior [ RunTime:0.000000s ]
INFO: [ app_end ] --END-- [ RunTime:0.000000s ]

