[ 2017-01-03T14:36:47+08:00 ] 127.0.0.1 /index.php/Manage
INFO: [ app_init ] --START--
INFO: Run Behavior\BuildLiteBehavior [ RunTime:0.000000s ]
INFO: [ app_init ] --END-- [ RunTime:0.001000s ]
INFO: [ app_begin ] --START--
INFO: Run Behavior\ReadHtmlCacheBehavior [ RunTime:0.000000s ]
INFO: [ app_begin ] --END-- [ RunTime:0.000000s ]
INFO: [ view_parse ] --START--
INFO: [ template_filter ] --START--
INFO: Run Behavior\ContentReplaceBehavior [ RunTime:0.000000s ]
INFO: [ template_filter ] --END-- [ RunTime:0.000000s ]
NOTIC: [8] Undefined variable: act E:\phpStudy\WWW\vstudy\Application\Runtime\Cache\Manage\737aa8fc5877d411a50443dade831133.php 第 427 行.
NOTIC: [2] in_array() expects parameter 2 to be array, null given E:\phpStudy\WWW\vstudy\Application\Runtime\Cache\Manage\737aa8fc5877d411a50443dade831133.php 第 427 行.
NOTIC: [8] Undefined variable: act E:\phpStudy\WWW\vstudy\Application\Runtime\Cache\Manage\737aa8fc5877d411a50443dade831133.php 第 438 行.
NOTIC: [2] in_array() expects parameter 2 to be array, null given E:\phpStudy\WWW\vstudy\Application\Runtime\Cache\Manage\737aa8fc5877d411a50443dade831133.php 第 438 行.
INFO: Run Behavior\ParseTemplateBehavior [ RunTime:0.036002s ]
INFO: [ view_parse ] --END-- [ RunTime:0.036002s ]
INFO: [ view_filter ] --START--
INFO: Run Behavior\WriteHtmlCacheBehavior [ RunTime:0.001000s ]
INFO: [ view_filter ] --END-- [ RunTime:0.001000s ]
INFO: [ app_end ] --START--
INFO: Run Behavior\ShowPageTraceBehavior [ RunTime:0.001000s ]
INFO: [ app_end ] --END-- [ RunTime:0.002000s ]

[ 2017-01-03T14:38:07+08:00 ] 127.0.0.1 /index.php/Manage
INFO: [ app_init ] --START--
INFO: Run Behavior\BuildLiteBehavior [ RunTime:0.000000s ]
INFO: [ app_init ] --END-- [ RunTime:0.000000s ]
INFO: [ app_begin ] --START--
INFO: Run Behavior\ReadHtmlCacheBehavior [ RunTime:0.000000s ]
INFO: [ app_begin ] --END-- [ RunTime:0.000000s ]
INFO: [ view_parse ] --START--
INFO: [ template_filter ] --START--
INFO: Run Behavior\ContentReplaceBehavior [ RunTime:0.000000s ]
INFO: [ template_filter ] --END-- [ RunTime:0.000000s ]
NOTIC: [8] Undefined variable: act E:\phpStudy\WWW\vstudy\Application\Runtime\Cache\Manage\737aa8fc5877d411a50443dade831133.php 第 427 行.
NOTIC: [2] in_array() expects parameter 2 to be array, null given E:\phpStudy\WWW\vstudy\Application\Runtime\Cache\Manage\737aa8fc5877d411a50443dade831133.php 第 427 行.
NOTIC: [8] Undefined variable: act E:\phpStudy\WWW\vstudy\Application\Runtime\Cache\Manage\737aa8fc5877d411a50443dade831133.php 第 438 行.
NOTIC: [2] in_array() expects parameter 2 to be array, null given E:\phpStudy\WWW\vstudy\Application\Runtime\Cache\Manage\737aa8fc5877d411a50443dade831133.php 第 438 行.
INFO: Run Behavior\ParseTemplateBehavior [ RunTime:0.017600s ]
INFO: [ view_parse ] --END-- [ RunTime:0.017600s ]
INFO: [ view_filter ] --START--
INFO: Run Behavior\WriteHtmlCacheBehavior [ RunTime:0.001000s ]
INFO: [ view_filter ] --END-- [ RunTime:0.001000s ]
INFO: [ app_end ] --START--
INFO: Run Behavior\ShowPageTraceBehavior [ RunTime:0.001000s ]
INFO: [ app_end ] --END-- [ RunTime:0.001000s ]

