[ 2017-02-15T11:54:09+08:00 ] 127.0.0.1 /Course/Index/index/catid/1.html
INFO: [ app_init ] --START--
INFO: Run Behavior\BuildLiteBehavior [ RunTime:0.000000s ]
INFO: [ app_init ] --END-- [ RunTime:0.000000s ]
INFO: [ app_begin ] --START--
INFO: Run Behavior\ReadHtmlCacheBehavior [ RunTime:0.001000s ]
INFO: [ app_begin ] --END-- [ RunTime:0.001000s ]
SQL: SHOW COLUMNS FROM `vs_class_type` [ RunTime:0.0210s ]
SQL: SELECT c_name as name,c_id as id FROM `vs_class_type` WHERE ( c_pid = 0 )  [ RunTime:0.0220s ]
SQL: SELECT c_name as name,c_id as id,c_pid as pid FROM `vs_class_type` WHERE ( c_pid = 1 and  c_pid != 0 )  [ RunTime:0.0220s ]
SQL: SHOW COLUMNS FROM `vs_course` [ RunTime:0.0210s ]
SQL: SELECT * FROM `vs_course` WHERE ( course_type = 1 )  [ RunTime:0.0220s ]
INFO: [ view_parse ] --START--
INFO: [ template_filter ] --START--
INFO: Run Behavior\ContentReplaceBehavior [ RunTime:0.000000s ]
INFO: [ template_filter ] --END-- [ RunTime:0.000000s ]
NOTIC: [8] Undefined index: cid C:\wamp\www\vstudy\#runtime\Cache\Course\0b0804ffb41c4ff74c52cb03a2859ee0.php 第 74 行.
NOTIC: [8] Undefined index: cid C:\wamp\www\vstudy\#runtime\Cache\Course\0b0804ffb41c4ff74c52cb03a2859ee0.php 第 74 行.
NOTIC: [8] Undefined index: cid C:\wamp\www\vstudy\#runtime\Cache\Course\0b0804ffb41c4ff74c52cb03a2859ee0.php 第 74 行.
NOTIC: [8] Undefined index: cid C:\wamp\www\vstudy\#runtime\Cache\Course\0b0804ffb41c4ff74c52cb03a2859ee0.php 第 74 行.
NOTIC: [8] Undefined index: course duration C:\wamp\www\vstudy\#runtime\Cache\Course\0b0804ffb41c4ff74c52cb03a2859ee0.php 第 128 行.
NOTIC: [8] Undefined index: course duration C:\wamp\www\vstudy\#runtime\Cache\Course\0b0804ffb41c4ff74c52cb03a2859ee0.php 第 129 行.
NOTIC: [8] Undefined index: course duration C:\wamp\www\vstudy\#runtime\Cache\Course\0b0804ffb41c4ff74c52cb03a2859ee0.php 第 128 行.
NOTIC: [8] Undefined index: course duration C:\wamp\www\vstudy\#runtime\Cache\Course\0b0804ffb41c4ff74c52cb03a2859ee0.php 第 129 行.
NOTIC: [8] Undefined index: course duration C:\wamp\www\vstudy\#runtime\Cache\Course\0b0804ffb41c4ff74c52cb03a2859ee0.php 第 128 行.
NOTIC: [8] Undefined index: course duration C:\wamp\www\vstudy\#runtime\Cache\Course\0b0804ffb41c4ff74c52cb03a2859ee0.php 第 129 行.
INFO: Run Behavior\ParseTemplateBehavior [ RunTime:0.017001s ]
INFO: [ view_parse ] --END-- [ RunTime:0.019001s ]
INFO: [ view_filter ] --START--
INFO: Run Behavior\WriteHtmlCacheBehavior [ RunTime:0.000000s ]
INFO: [ view_filter ] --END-- [ RunTime:0.000000s ]
INFO: [ app_end ] --START--
INFO: Run Behavior\ShowPageTraceBehavior [ RunTime:0.000000s ]
INFO: [ app_end ] --END-- [ RunTime:0.000000s ]

