[ 2017-02-10T13:56:02+08:00 ] 127.0.0.1 /Course/Index/video/vid/4.html
INFO: [ app_init ] --START--
INFO: Run Behavior\BuildLiteBehavior [ RunTime:0.000000s ]
INFO: [ app_init ] --END-- [ RunTime:0.000000s ]
INFO: [ app_begin ] --START--
INFO: Run Behavior\ReadHtmlCacheBehavior [ RunTime:0.000000s ]
INFO: [ app_begin ] --END-- [ RunTime:0.000000s ]
SQL: SHOW COLUMNS FROM `vs_video` [ RunTime:0.0600s ]
SQL: SELECT * FROM `vs_video` WHERE ( v_id = 4 ) LIMIT 1   [ RunTime:0.0560s ]
SQL: SHOW COLUMNS FROM `vs_course_chapter` [ RunTime:0.0640s ]
SQL: SELECT * FROM `vs_course_chapter` WHERE ( cp_id = 30 ) LIMIT 1   [ RunTime:0.0770s ]
INFO: [ view_parse ] --START--
INFO: [ template_filter ] --START--
INFO: Run Behavior\ContentReplaceBehavior [ RunTime:0.000000s ]
INFO: [ template_filter ] --END-- [ RunTime:0.000000s ]
INFO: Run Behavior\ParseTemplateBehavior [ RunTime:0.008001s ]
INFO: [ view_parse ] --END-- [ RunTime:0.008001s ]
INFO: [ view_filter ] --START--
INFO: Run Behavior\WriteHtmlCacheBehavior [ RunTime:0.000000s ]
INFO: [ view_filter ] --END-- [ RunTime:0.001000s ]
INFO: [ app_end ] --START--
INFO: Run Behavior\ShowPageTraceBehavior [ RunTime:0.001000s ]
INFO: [ app_end ] --END-- [ RunTime:0.001000s ]

[ 2017-02-10T13:56:04+08:00 ] 127.0.0.1 /Course/Index/video/vid/jwplayer/video/logo2.png
INFO: [ app_init ] --START--
INFO: Run Behavior\BuildLiteBehavior [ RunTime:0.000000s ]
INFO: [ app_init ] --END-- [ RunTime:0.001000s ]

[ 2017-02-10T13:56:05+08:00 ] 127.0.0.1 /Course/Index/video/vid/jwplayer/video/1.jpg
INFO: [ app_init ] --START--
INFO: Run Behavior\BuildLiteBehavior [ RunTime:0.000000s ]
INFO: [ app_init ] --END-- [ RunTime:0.000000s ]

[ 2017-02-10T13:56:06+08:00 ] 127.0.0.1 /Course/Index/video/vid/jwplayer/zimu/zimu.srt
INFO: [ app_init ] --START--
INFO: Run Behavior\BuildLiteBehavior [ RunTime:0.000000s ]
INFO: [ app_init ] --END-- [ RunTime:0.000000s ]
INFO: [ app_begin ] --START--
INFO: Run Behavior\ReadHtmlCacheBehavior [ RunTime:0.000000s ]
INFO: [ app_begin ] --END-- [ RunTime:0.000000s ]
SQL: SHOW COLUMNS FROM `vs_video` [ RunTime:0.0510s ]
ERR: 1054:Unknown column 'jwplayer' in 'where clause'
 [ SQL语句 ] : SELECT * FROM `vs_video` WHERE ( v_id = jwplayer ) LIMIT 1  
ERR: 1054:Unknown column 'jwplayer' in 'where clause'
 [ SQL语句 ] : SELECT * FROM `vs_video` WHERE ( v_id = jwplayer ) LIMIT 1  

[ 2017-02-10T13:56:06+08:00 ] 127.0.0.1 /Course/Index/video/vid/jwplayer/video/4.jpg
INFO: [ app_init ] --START--
INFO: Run Behavior\BuildLiteBehavior [ RunTime:0.000000s ]
INFO: [ app_init ] --END-- [ RunTime:0.001000s ]

[ 2017-02-10T13:56:12+08:00 ] 127.0.0.1 /Course/Index/video/vid/4.html
INFO: [ app_init ] --START--
INFO: Run Behavior\BuildLiteBehavior [ RunTime:0.000000s ]
INFO: [ app_init ] --END-- [ RunTime:0.001000s ]
INFO: [ app_begin ] --START--
INFO: Run Behavior\ReadHtmlCacheBehavior [ RunTime:0.001000s ]
INFO: [ app_begin ] --END-- [ RunTime:0.001000s ]
SQL: SHOW COLUMNS FROM `vs_video` [ RunTime:0.0520s ]
SQL: SELECT * FROM `vs_video` WHERE ( v_id = 4 ) LIMIT 1   [ RunTime:0.0550s ]
SQL: SHOW COLUMNS FROM `vs_course_chapter` [ RunTime:0.3570s ]
SQL: SELECT * FROM `vs_course_chapter` WHERE ( cp_id = 30 ) LIMIT 1   [ RunTime:0.1010s ]
INFO: [ view_parse ] --START--
INFO: [ template_filter ] --START--
INFO: Run Behavior\ContentReplaceBehavior [ RunTime:0.000000s ]
INFO: [ template_filter ] --END-- [ RunTime:0.000000s ]
INFO: Run Behavior\ParseTemplateBehavior [ RunTime:0.007001s ]
INFO: [ view_parse ] --END-- [ RunTime:0.008001s ]
INFO: [ view_filter ] --START--
INFO: Run Behavior\WriteHtmlCacheBehavior [ RunTime:0.001000s ]
INFO: [ view_filter ] --END-- [ RunTime:0.001000s ]
INFO: [ app_end ] --START--
INFO: Run Behavior\ShowPageTraceBehavior [ RunTime:0.001000s ]
INFO: [ app_end ] --END-- [ RunTime:0.001000s ]

[ 2017-02-10T13:56:12+08:00 ] 127.0.0.1 /Course/Index/video/vid/jwplayer/video/logo2.png
INFO: [ app_init ] --START--
INFO: Run Behavior\BuildLiteBehavior [ RunTime:0.000000s ]
INFO: [ app_init ] --END-- [ RunTime:0.001000s ]

[ 2017-02-10T13:56:13+08:00 ] 127.0.0.1 /Course/Index/video/vid/jwplayer/zimu/zimu.srt
INFO: [ app_init ] --START--
INFO: Run Behavior\BuildLiteBehavior [ RunTime:0.000000s ]
INFO: [ app_init ] --END-- [ RunTime:0.001000s ]
INFO: [ app_begin ] --START--
INFO: Run Behavior\ReadHtmlCacheBehavior [ RunTime:0.000000s ]
INFO: [ app_begin ] --END-- [ RunTime:0.001000s ]
SQL: SHOW COLUMNS FROM `vs_video` [ RunTime:0.0880s ]
ERR: 1054:Unknown column 'jwplayer' in 'where clause'
 [ SQL语句 ] : SELECT * FROM `vs_video` WHERE ( v_id = jwplayer ) LIMIT 1  
ERR: 1054:Unknown column 'jwplayer' in 'where clause'
 [ SQL语句 ] : SELECT * FROM `vs_video` WHERE ( v_id = jwplayer ) LIMIT 1  

[ 2017-02-10T13:56:13+08:00 ] 127.0.0.1 /Course/Index/video/vid/jwplayer/video/4.jpg
INFO: [ app_init ] --START--
INFO: Run Behavior\BuildLiteBehavior [ RunTime:0.000000s ]
INFO: [ app_init ] --END-- [ RunTime:0.001000s ]

[ 2017-02-10T13:56:13+08:00 ] 127.0.0.1 /Course/Index/video/vid/jwplayer/video/1.jpg
INFO: [ app_init ] --START--
INFO: Run Behavior\BuildLiteBehavior [ RunTime:0.000000s ]
INFO: [ app_init ] --END-- [ RunTime:0.000000s ]

[ 2017-02-10T14:20:02+08:00 ] 127.0.0.1 /Course/Index/video/vid/4.html
INFO: [ app_init ] --START--
INFO: Run Behavior\BuildLiteBehavior [ RunTime:0.000000s ]
INFO: [ app_init ] --END-- [ RunTime:0.000000s ]
INFO: [ app_begin ] --START--
INFO: Run Behavior\ReadHtmlCacheBehavior [ RunTime:0.001000s ]
INFO: [ app_begin ] --END-- [ RunTime:0.001000s ]
SQL: SHOW COLUMNS FROM `vs_video` [ RunTime:0.0180s ]
SQL: SELECT * FROM `vs_video` WHERE ( v_id = 4 ) LIMIT 1   [ RunTime:0.0180s ]
SQL: SHOW COLUMNS FROM `vs_course_chapter` [ RunTime:0.0180s ]
SQL: SELECT * FROM `vs_course_chapter` WHERE ( cp_id = 30 ) LIMIT 1   [ RunTime:0.0180s ]
INFO: [ view_parse ] --START--
INFO: [ template_filter ] --START--
INFO: Run Behavior\ContentReplaceBehavior [ RunTime:0.001000s ]
INFO: [ template_filter ] --END-- [ RunTime:0.001000s ]
INFO: Run Behavior\ParseTemplateBehavior [ RunTime:0.009000s ]
INFO: [ view_parse ] --END-- [ RunTime:0.009000s ]
INFO: [ view_filter ] --START--
INFO: Run Behavior\WriteHtmlCacheBehavior [ RunTime:0.001000s ]
INFO: [ view_filter ] --END-- [ RunTime:0.001000s ]
INFO: [ app_end ] --START--
INFO: Run Behavior\ShowPageTraceBehavior [ RunTime:0.000000s ]
INFO: [ app_end ] --END-- [ RunTime:0.001000s ]

[ 2017-02-10T14:20:03+08:00 ] 127.0.0.1 /Course/Index/video/vid/jwplayer/video/logo2.png
INFO: [ app_init ] --START--
INFO: Run Behavior\BuildLiteBehavior [ RunTime:0.000000s ]
INFO: [ app_init ] --END-- [ RunTime:0.000000s ]

[ 2017-02-10T14:20:03+08:00 ] 127.0.0.1 /Course/Index/video/vid/jwplayer/zimu/zimu.srt
INFO: [ app_init ] --START--
INFO: Run Behavior\BuildLiteBehavior [ RunTime:0.000000s ]
INFO: [ app_init ] --END-- [ RunTime:0.001000s ]
INFO: [ app_begin ] --START--
INFO: Run Behavior\ReadHtmlCacheBehavior [ RunTime:0.001000s ]
INFO: [ app_begin ] --END-- [ RunTime:0.001000s ]
SQL: SHOW COLUMNS FROM `vs_video` [ RunTime:0.0220s ]
ERR: 1054:Unknown column 'jwplayer' in 'where clause'
 [ SQL语句 ] : SELECT * FROM `vs_video` WHERE ( v_id = jwplayer ) LIMIT 1  
ERR: 1054:Unknown column 'jwplayer' in 'where clause'
 [ SQL语句 ] : SELECT * FROM `vs_video` WHERE ( v_id = jwplayer ) LIMIT 1  

[ 2017-02-10T14:20:03+08:00 ] 127.0.0.1 /Course/Index/video/vid/jwplayer/video/1.jpg
INFO: [ app_init ] --START--
INFO: Run Behavior\BuildLiteBehavior [ RunTime:0.000000s ]
INFO: [ app_init ] --END-- [ RunTime:0.001000s ]

[ 2017-02-10T14:20:03+08:00 ] 127.0.0.1 /Course/Index/video/vid/jwplayer/video/4.jpg
INFO: [ app_init ] --START--
INFO: Run Behavior\BuildLiteBehavior [ RunTime:0.000000s ]
INFO: [ app_init ] --END-- [ RunTime:0.000000s ]

[ 2017-02-10T14:20:06+08:00 ] 127.0.0.1 /Course/Index/video/vid/5.html
INFO: [ app_init ] --START--
INFO: Run Behavior\BuildLiteBehavior [ RunTime:0.000000s ]
INFO: [ app_init ] --END-- [ RunTime:0.001000s ]
INFO: [ app_begin ] --START--
INFO: Run Behavior\ReadHtmlCacheBehavior [ RunTime:0.001000s ]
INFO: [ app_begin ] --END-- [ RunTime:0.001000s ]
SQL: SHOW COLUMNS FROM `vs_video` [ RunTime:0.0180s ]
SQL: SELECT * FROM `vs_video` WHERE ( v_id = 5 ) LIMIT 1   [ RunTime:0.0190s ]
SQL: SHOW COLUMNS FROM `vs_course_chapter` [ RunTime:0.0180s ]
SQL: SELECT * FROM `vs_course_chapter` WHERE ( cp_id = 31 ) LIMIT 1   [ RunTime:0.0190s ]
INFO: [ view_parse ] --START--
INFO: [ template_filter ] --START--
INFO: Run Behavior\ContentReplaceBehavior [ RunTime:0.000000s ]
INFO: [ template_filter ] --END-- [ RunTime:0.001001s ]
INFO: Run Behavior\ParseTemplateBehavior [ RunTime:0.007001s ]
INFO: [ view_parse ] --END-- [ RunTime:0.008001s ]
INFO: [ view_filter ] --START--
INFO: Run Behavior\WriteHtmlCacheBehavior [ RunTime:0.000000s ]
INFO: [ view_filter ] --END-- [ RunTime:0.000000s ]
INFO: [ app_end ] --START--
INFO: Run Behavior\ShowPageTraceBehavior [ RunTime:0.001000s ]
INFO: [ app_end ] --END-- [ RunTime:0.001000s ]

[ 2017-02-10T14:20:06+08:00 ] 127.0.0.1 /Course/Index/video/vid/jwplayer/video/logo2.png
INFO: [ app_init ] --START--
INFO: Run Behavior\BuildLiteBehavior [ RunTime:0.000000s ]
INFO: [ app_init ] --END-- [ RunTime:0.001000s ]

[ 2017-02-10T14:20:06+08:00 ] 127.0.0.1 /Course/Index/video/vid/jwplayer/zimu/zimu.srt
INFO: [ app_init ] --START--
INFO: Run Behavior\BuildLiteBehavior [ RunTime:0.000000s ]
INFO: [ app_init ] --END-- [ RunTime:0.001000s ]
INFO: [ app_begin ] --START--
INFO: Run Behavior\ReadHtmlCacheBehavior [ RunTime:0.000000s ]
INFO: [ app_begin ] --END-- [ RunTime:0.001000s ]
SQL: SHOW COLUMNS FROM `vs_video` [ RunTime:0.0210s ]
ERR: 1054:Unknown column 'jwplayer' in 'where clause'
 [ SQL语句 ] : SELECT * FROM `vs_video` WHERE ( v_id = jwplayer ) LIMIT 1  
ERR: 1054:Unknown column 'jwplayer' in 'where clause'
 [ SQL语句 ] : SELECT * FROM `vs_video` WHERE ( v_id = jwplayer ) LIMIT 1  

[ 2017-02-10T14:20:06+08:00 ] 127.0.0.1 /Course/Index/video/vid/jwplayer/video/1.jpg
INFO: [ app_init ] --START--
INFO: Run Behavior\BuildLiteBehavior [ RunTime:0.000000s ]
INFO: [ app_init ] --END-- [ RunTime:0.000000s ]

[ 2017-02-10T14:20:06+08:00 ] 127.0.0.1 /Course/Index/video/vid/jwplayer/video/4.jpg
INFO: [ app_init ] --START--
INFO: Run Behavior\BuildLiteBehavior [ RunTime:0.001000s ]
INFO: [ app_init ] --END-- [ RunTime:0.001000s ]

[ 2017-02-10T14:20:14+08:00 ] 127.0.0.1 /Course/Index/video/vid/5.html
INFO: [ app_init ] --START--
INFO: Run Behavior\BuildLiteBehavior [ RunTime:0.000000s ]
INFO: [ app_init ] --END-- [ RunTime:0.000000s ]
INFO: [ app_begin ] --START--
INFO: Run Behavior\ReadHtmlCacheBehavior [ RunTime:0.001000s ]
INFO: [ app_begin ] --END-- [ RunTime:0.001000s ]
SQL: SHOW COLUMNS FROM `vs_video` [ RunTime:0.0180s ]
SQL: SELECT * FROM `vs_video` WHERE ( v_id = 5 ) LIMIT 1   [ RunTime:0.0190s ]
SQL: SHOW COLUMNS FROM `vs_course_chapter` [ RunTime:0.0190s ]
SQL: SELECT * FROM `vs_course_chapter` WHERE ( cp_id = 31 ) LIMIT 1   [ RunTime:0.0170s ]
INFO: [ view_parse ] --START--
INFO: [ template_filter ] --START--
INFO: Run Behavior\ContentReplaceBehavior [ RunTime:0.000000s ]
INFO: [ template_filter ] --END-- [ RunTime:0.000000s ]
INFO: Run Behavior\ParseTemplateBehavior [ RunTime:0.008000s ]
INFO: [ view_parse ] --END-- [ RunTime:0.008000s ]
INFO: [ view_filter ] --START--
INFO: Run Behavior\WriteHtmlCacheBehavior [ RunTime:0.000000s ]
INFO: [ view_filter ] --END-- [ RunTime:0.000000s ]
INFO: [ app_end ] --START--
INFO: Run Behavior\ShowPageTraceBehavior [ RunTime:0.000000s ]
INFO: [ app_end ] --END-- [ RunTime:0.000000s ]

[ 2017-02-10T14:20:14+08:00 ] 127.0.0.1 /Course/Index/video/vid/jwplayer/video/logo2.png
INFO: [ app_init ] --START--
INFO: Run Behavior\BuildLiteBehavior [ RunTime:0.000000s ]
INFO: [ app_init ] --END-- [ RunTime:0.001000s ]

[ 2017-02-10T14:20:14+08:00 ] 127.0.0.1 /Course/Index/video/vid/jwplayer/zimu/zimu.srt
INFO: [ app_init ] --START--
INFO: Run Behavior\BuildLiteBehavior [ RunTime:0.000000s ]
INFO: [ app_init ] --END-- [ RunTime:0.000000s ]
INFO: [ app_begin ] --START--
INFO: Run Behavior\ReadHtmlCacheBehavior [ RunTime:0.000000s ]
INFO: [ app_begin ] --END-- [ RunTime:0.000000s ]
SQL: SHOW COLUMNS FROM `vs_video` [ RunTime:0.0210s ]
ERR: 1054:Unknown column 'jwplayer' in 'where clause'
 [ SQL语句 ] : SELECT * FROM `vs_video` WHERE ( v_id = jwplayer ) LIMIT 1  
ERR: 1054:Unknown column 'jwplayer' in 'where clause'
 [ SQL语句 ] : SELECT * FROM `vs_video` WHERE ( v_id = jwplayer ) LIMIT 1  

[ 2017-02-10T14:20:14+08:00 ] 127.0.0.1 /Course/Index/video/vid/jwplayer/video/1.jpg
INFO: [ app_init ] --START--
INFO: Run Behavior\BuildLiteBehavior [ RunTime:0.000000s ]
INFO: [ app_init ] --END-- [ RunTime:0.000000s ]

[ 2017-02-10T14:20:15+08:00 ] 127.0.0.1 /Course/Index/video/vid/jwplayer/video/4.jpg
INFO: [ app_init ] --START--
INFO: Run Behavior\BuildLiteBehavior [ RunTime:0.000000s ]
INFO: [ app_init ] --END-- [ RunTime:0.000000s ]

[ 2017-02-10T14:20:30+08:00 ] 127.0.0.1 /course
INFO: [ app_init ] --START--
INFO: Run Behavior\BuildLiteBehavior [ RunTime:0.000000s ]
INFO: [ app_init ] --END-- [ RunTime:0.001000s ]
INFO: [ app_begin ] --START--
INFO: Run Behavior\ReadHtmlCacheBehavior [ RunTime:0.000000s ]
INFO: [ app_begin ] --END-- [ RunTime:0.001000s ]
SQL: SHOW COLUMNS FROM `vs_class_type` [ RunTime:0.0190s ]
SQL: SELECT c_name as name,c_id as id FROM `vs_class_type` WHERE ( c_pid = 0 )  [ RunTime:0.0190s ]
SQL: SELECT c_name as name,c_id as id,c_pid as pid FROM `vs_class_type` WHERE (  c_pid != 0 )  [ RunTime:0.0190s ]
SQL: SHOW COLUMNS FROM `vs_course` [ RunTime:0.0200s ]
SQL: SELECT * FROM `vs_course`  [ RunTime:0.0200s ]
INFO: [ view_parse ] --START--
INFO: [ template_filter ] --START--
INFO: Run Behavior\ContentReplaceBehavior [ RunTime:0.000000s ]
INFO: [ template_filter ] --END-- [ RunTime:0.001000s ]
NOTIC: [8] Undefined index: catid C:\wamp\www\vstudy\#runtime\Cache\Course\0b0804ffb41c4ff74c52cb03a2859ee0.php 第 61 行.
NOTIC: [8] Undefined index: catid C:\wamp\www\vstudy\#runtime\Cache\Course\0b0804ffb41c4ff74c52cb03a2859ee0.php 第 61 行.
NOTIC: [8] Undefined index: catid C:\wamp\www\vstudy\#runtime\Cache\Course\0b0804ffb41c4ff74c52cb03a2859ee0.php 第 61 行.
NOTIC: [8] Undefined index: cid C:\wamp\www\vstudy\#runtime\Cache\Course\0b0804ffb41c4ff74c52cb03a2859ee0.php 第 74 行.
NOTIC: [8] Undefined index: cid C:\wamp\www\vstudy\#runtime\Cache\Course\0b0804ffb41c4ff74c52cb03a2859ee0.php 第 74 行.
NOTIC: [8] Undefined index: cid C:\wamp\www\vstudy\#runtime\Cache\Course\0b0804ffb41c4ff74c52cb03a2859ee0.php 第 74 行.
NOTIC: [8] Undefined index: cid C:\wamp\www\vstudy\#runtime\Cache\Course\0b0804ffb41c4ff74c52cb03a2859ee0.php 第 74 行.
NOTIC: [8] Undefined index: cid C:\wamp\www\vstudy\#runtime\Cache\Course\0b0804ffb41c4ff74c52cb03a2859ee0.php 第 74 行.
NOTIC: [8] Undefined index: cid C:\wamp\www\vstudy\#runtime\Cache\Course\0b0804ffb41c4ff74c52cb03a2859ee0.php 第 74 行.
NOTIC: [8] Undefined index: cid C:\wamp\www\vstudy\#runtime\Cache\Course\0b0804ffb41c4ff74c52cb03a2859ee0.php 第 74 行.
NOTIC: [8] Undefined index: cid C:\wamp\www\vstudy\#runtime\Cache\Course\0b0804ffb41c4ff74c52cb03a2859ee0.php 第 74 行.
NOTIC: [8] Undefined index: course duration C:\wamp\www\vstudy\#runtime\Cache\Course\0b0804ffb41c4ff74c52cb03a2859ee0.php 第 128 行.
NOTIC: [8] Undefined index: course duration C:\wamp\www\vstudy\#runtime\Cache\Course\0b0804ffb41c4ff74c52cb03a2859ee0.php 第 129 行.
NOTIC: [8] Undefined index: course duration C:\wamp\www\vstudy\#runtime\Cache\Course\0b0804ffb41c4ff74c52cb03a2859ee0.php 第 128 行.
NOTIC: [8] Undefined index: course duration C:\wamp\www\vstudy\#runtime\Cache\Course\0b0804ffb41c4ff74c52cb03a2859ee0.php 第 129 行.
NOTIC: [8] Undefined index: course duration C:\wamp\www\vstudy\#runtime\Cache\Course\0b0804ffb41c4ff74c52cb03a2859ee0.php 第 128 行.
NOTIC: [8] Undefined index: course duration C:\wamp\www\vstudy\#runtime\Cache\Course\0b0804ffb41c4ff74c52cb03a2859ee0.php 第 129 行.
NOTIC: [8] Undefined index: course duration C:\wamp\www\vstudy\#runtime\Cache\Course\0b0804ffb41c4ff74c52cb03a2859ee0.php 第 128 行.
NOTIC: [8] Undefined index: course duration C:\wamp\www\vstudy\#runtime\Cache\Course\0b0804ffb41c4ff74c52cb03a2859ee0.php 第 129 行.
NOTIC: [8] Undefined index: course duration C:\wamp\www\vstudy\#runtime\Cache\Course\0b0804ffb41c4ff74c52cb03a2859ee0.php 第 128 行.
NOTIC: [8] Undefined index: course duration C:\wamp\www\vstudy\#runtime\Cache\Course\0b0804ffb41c4ff74c52cb03a2859ee0.php 第 129 行.
NOTIC: [8] Undefined index: course duration C:\wamp\www\vstudy\#runtime\Cache\Course\0b0804ffb41c4ff74c52cb03a2859ee0.php 第 128 行.
NOTIC: [8] Undefined index: course duration C:\wamp\www\vstudy\#runtime\Cache\Course\0b0804ffb41c4ff74c52cb03a2859ee0.php 第 129 行.
NOTIC: [8] Undefined index: course duration C:\wamp\www\vstudy\#runtime\Cache\Course\0b0804ffb41c4ff74c52cb03a2859ee0.php 第 128 行.
NOTIC: [8] Undefined index: course duration C:\wamp\www\vstudy\#runtime\Cache\Course\0b0804ffb41c4ff74c52cb03a2859ee0.php 第 129 行.
NOTIC: [8] Undefined index: course duration C:\wamp\www\vstudy\#runtime\Cache\Course\0b0804ffb41c4ff74c52cb03a2859ee0.php 第 128 行.
NOTIC: [8] Undefined index: course duration C:\wamp\www\vstudy\#runtime\Cache\Course\0b0804ffb41c4ff74c52cb03a2859ee0.php 第 129 行.
NOTIC: [8] Undefined index: course duration C:\wamp\www\vstudy\#runtime\Cache\Course\0b0804ffb41c4ff74c52cb03a2859ee0.php 第 128 行.
NOTIC: [8] Undefined index: course duration C:\wamp\www\vstudy\#runtime\Cache\Course\0b0804ffb41c4ff74c52cb03a2859ee0.php 第 129 行.
NOTIC: [8] Undefined index: course duration C:\wamp\www\vstudy\#runtime\Cache\Course\0b0804ffb41c4ff74c52cb03a2859ee0.php 第 128 行.
NOTIC: [8] Undefined index: course duration C:\wamp\www\vstudy\#runtime\Cache\Course\0b0804ffb41c4ff74c52cb03a2859ee0.php 第 129 行.
INFO: Run Behavior\ParseTemplateBehavior [ RunTime:0.051003s ]
INFO: [ view_parse ] --END-- [ RunTime:0.051003s ]
INFO: [ view_filter ] --START--
INFO: Run Behavior\WriteHtmlCacheBehavior [ RunTime:0.001000s ]
INFO: [ view_filter ] --END-- [ RunTime:0.001000s ]
INFO: [ app_end ] --START--
INFO: Run Behavior\ShowPageTraceBehavior [ RunTime:0.001000s ]
INFO: [ app_end ] --END-- [ RunTime:0.001000s ]

[ 2017-02-10T14:20:32+08:00 ] 127.0.0.1 /course
INFO: [ app_init ] --START--
INFO: Run Behavior\BuildLiteBehavior [ RunTime:0.000000s ]
INFO: [ app_init ] --END-- [ RunTime:0.001000s ]
INFO: [ app_begin ] --START--
INFO: Run Behavior\ReadHtmlCacheBehavior [ RunTime:0.000000s ]
INFO: [ app_begin ] --END-- [ RunTime:0.001000s ]
SQL: SHOW COLUMNS FROM `vs_class_type` [ RunTime:0.0190s ]
SQL: SELECT c_name as name,c_id as id FROM `vs_class_type` WHERE ( c_pid = 0 )  [ RunTime:0.0190s ]
SQL: SELECT c_name as name,c_id as id,c_pid as pid FROM `vs_class_type` WHERE (  c_pid != 0 )  [ RunTime:0.0190s ]
SQL: SHOW COLUMNS FROM `vs_course` [ RunTime:0.0190s ]
SQL: SELECT * FROM `vs_course`  [ RunTime:0.0200s ]
INFO: [ view_parse ] --START--
INFO: [ template_filter ] --START--
INFO: Run Behavior\ContentReplaceBehavior [ RunTime:0.000000s ]
INFO: [ template_filter ] --END-- [ RunTime:0.000000s ]
NOTIC: [8] Undefined index: catid C:\wamp\www\vstudy\#runtime\Cache\Course\0b0804ffb41c4ff74c52cb03a2859ee0.php 第 61 行.
NOTIC: [8] Undefined index: catid C:\wamp\www\vstudy\#runtime\Cache\Course\0b0804ffb41c4ff74c52cb03a2859ee0.php 第 61 行.
NOTIC: [8] Undefined index: catid C:\wamp\www\vstudy\#runtime\Cache\Course\0b0804ffb41c4ff74c52cb03a2859ee0.php 第 61 行.
NOTIC: [8] Undefined index: cid C:\wamp\www\vstudy\#runtime\Cache\Course\0b0804ffb41c4ff74c52cb03a2859ee0.php 第 74 行.
NOTIC: [8] Undefined index: cid C:\wamp\www\vstudy\#runtime\Cache\Course\0b0804ffb41c4ff74c52cb03a2859ee0.php 第 74 行.
NOTIC: [8] Undefined index: cid C:\wamp\www\vstudy\#runtime\Cache\Course\0b0804ffb41c4ff74c52cb03a2859ee0.php 第 74 行.
NOTIC: [8] Undefined index: cid C:\wamp\www\vstudy\#runtime\Cache\Course\0b0804ffb41c4ff74c52cb03a2859ee0.php 第 74 行.
NOTIC: [8] Undefined index: cid C:\wamp\www\vstudy\#runtime\Cache\Course\0b0804ffb41c4ff74c52cb03a2859ee0.php 第 74 行.
NOTIC: [8] Undefined index: cid C:\wamp\www\vstudy\#runtime\Cache\Course\0b0804ffb41c4ff74c52cb03a2859ee0.php 第 74 行.
NOTIC: [8] Undefined index: cid C:\wamp\www\vstudy\#runtime\Cache\Course\0b0804ffb41c4ff74c52cb03a2859ee0.php 第 74 行.
NOTIC: [8] Undefined index: cid C:\wamp\www\vstudy\#runtime\Cache\Course\0b0804ffb41c4ff74c52cb03a2859ee0.php 第 74 行.
NOTIC: [8] Undefined index: course duration C:\wamp\www\vstudy\#runtime\Cache\Course\0b0804ffb41c4ff74c52cb03a2859ee0.php 第 128 行.
NOTIC: [8] Undefined index: course duration C:\wamp\www\vstudy\#runtime\Cache\Course\0b0804ffb41c4ff74c52cb03a2859ee0.php 第 129 行.
NOTIC: [8] Undefined index: course duration C:\wamp\www\vstudy\#runtime\Cache\Course\0b0804ffb41c4ff74c52cb03a2859ee0.php 第 128 行.
NOTIC: [8] Undefined index: course duration C:\wamp\www\vstudy\#runtime\Cache\Course\0b0804ffb41c4ff74c52cb03a2859ee0.php 第 129 行.
NOTIC: [8] Undefined index: course duration C:\wamp\www\vstudy\#runtime\Cache\Course\0b0804ffb41c4ff74c52cb03a2859ee0.php 第 128 行.
NOTIC: [8] Undefined index: course duration C:\wamp\www\vstudy\#runtime\Cache\Course\0b0804ffb41c4ff74c52cb03a2859ee0.php 第 129 行.
NOTIC: [8] Undefined index: course duration C:\wamp\www\vstudy\#runtime\Cache\Course\0b0804ffb41c4ff74c52cb03a2859ee0.php 第 128 行.
NOTIC: [8] Undefined index: course duration C:\wamp\www\vstudy\#runtime\Cache\Course\0b0804ffb41c4ff74c52cb03a2859ee0.php 第 129 行.
NOTIC: [8] Undefined index: course duration C:\wamp\www\vstudy\#runtime\Cache\Course\0b0804ffb41c4ff74c52cb03a2859ee0.php 第 128 行.
NOTIC: [8] Undefined index: course duration C:\wamp\www\vstudy\#runtime\Cache\Course\0b0804ffb41c4ff74c52cb03a2859ee0.php 第 129 行.
NOTIC: [8] Undefined index: course duration C:\wamp\www\vstudy\#runtime\Cache\Course\0b0804ffb41c4ff74c52cb03a2859ee0.php 第 128 行.
NOTIC: [8] Undefined index: course duration C:\wamp\www\vstudy\#runtime\Cache\Course\0b0804ffb41c4ff74c52cb03a2859ee0.php 第 129 行.
NOTIC: [8] Undefined index: course duration C:\wamp\www\vstudy\#runtime\Cache\Course\0b0804ffb41c4ff74c52cb03a2859ee0.php 第 128 行.
NOTIC: [8] Undefined index: course duration C:\wamp\www\vstudy\#runtime\Cache\Course\0b0804ffb41c4ff74c52cb03a2859ee0.php 第 129 行.
NOTIC: [8] Undefined index: course duration C:\wamp\www\vstudy\#runtime\Cache\Course\0b0804ffb41c4ff74c52cb03a2859ee0.php 第 128 行.
NOTIC: [8] Undefined index: course duration C:\wamp\www\vstudy\#runtime\Cache\Course\0b0804ffb41c4ff74c52cb03a2859ee0.php 第 129 行.
NOTIC: [8] Undefined index: course duration C:\wamp\www\vstudy\#runtime\Cache\Course\0b0804ffb41c4ff74c52cb03a2859ee0.php 第 128 行.
NOTIC: [8] Undefined index: course duration C:\wamp\www\vstudy\#runtime\Cache\Course\0b0804ffb41c4ff74c52cb03a2859ee0.php 第 129 行.
NOTIC: [8] Undefined index: course duration C:\wamp\www\vstudy\#runtime\Cache\Course\0b0804ffb41c4ff74c52cb03a2859ee0.php 第 128 行.
NOTIC: [8] Undefined index: course duration C:\wamp\www\vstudy\#runtime\Cache\Course\0b0804ffb41c4ff74c52cb03a2859ee0.php 第 129 行.
INFO: Run Behavior\ParseTemplateBehavior [ RunTime:0.033002s ]
INFO: [ view_parse ] --END-- [ RunTime:0.033002s ]
INFO: [ view_filter ] --START--
INFO: Run Behavior\WriteHtmlCacheBehavior [ RunTime:0.001000s ]
INFO: [ view_filter ] --END-- [ RunTime:0.001000s ]
INFO: [ app_end ] --START--
INFO: Run Behavior\ShowPageTraceBehavior [ RunTime:0.001000s ]
INFO: [ app_end ] --END-- [ RunTime:0.001000s ]

[ 2017-02-10T14:20:34+08:00 ] 127.0.0.1 /Course/Index/courseChapter/cvdid/2.html
INFO: [ app_init ] --START--
INFO: Run Behavior\BuildLiteBehavior [ RunTime:0.000000s ]
INFO: [ app_init ] --END-- [ RunTime:0.000000s ]
INFO: [ app_begin ] --START--
INFO: Run Behavior\ReadHtmlCacheBehavior [ RunTime:0.000000s ]
INFO: [ app_begin ] --END-- [ RunTime:0.000000s ]
SQL: SHOW COLUMNS FROM `vs_course` [ RunTime:0.0190s ]
SQL: SELECT * FROM `vs_course` WHERE ( course_id = 2 ) LIMIT 1   [ RunTime:0.0190s ]
SQL: SHOW COLUMNS FROM `vs_course_chapter` [ RunTime:0.0190s ]
SQL: SELECT * FROM `vs_course_chapter` WHERE ( cp_id in (13,14) ) ORDER BY cp_id asc  [ RunTime:0.0180s ]
INFO: [ view_parse ] --START--
INFO: [ template_filter ] --START--
INFO: Run Behavior\ContentReplaceBehavior [ RunTime:0.000000s ]
INFO: [ template_filter ] --END-- [ RunTime:0.001000s ]
SQL: SHOW COLUMNS FROM `vs_course` [ RunTime:0.0190s ]
SQL: SHOW COLUMNS FROM `vs_video` [ RunTime:0.0190s ]
SQL: SELECT * FROM `vs_video` WHERE ( v_coursechapter = 13 )  [ RunTime:0.0170s ]
SQL: SELECT * FROM `vs_video` WHERE ( v_coursechapter = 14 )  [ RunTime:0.0180s ]
INFO: Run Behavior\ParseTemplateBehavior [ RunTime:0.097006s ]
INFO: [ view_parse ] --END-- [ RunTime:0.097006s ]
INFO: [ view_filter ] --START--
INFO: Run Behavior\WriteHtmlCacheBehavior [ RunTime:0.001000s ]
INFO: [ view_filter ] --END-- [ RunTime:0.001000s ]
INFO: [ app_end ] --START--
INFO: Run Behavior\ShowPageTraceBehavior [ RunTime:0.001000s ]
INFO: [ app_end ] --END-- [ RunTime:0.001000s ]

[ 2017-02-10T14:20:38+08:00 ] 127.0.0.1 /Course/Index/courseChapter/cvdid/8.html
INFO: [ app_init ] --START--
INFO: Run Behavior\BuildLiteBehavior [ RunTime:0.000000s ]
INFO: [ app_init ] --END-- [ RunTime:0.001000s ]
INFO: [ app_begin ] --START--
INFO: Run Behavior\ReadHtmlCacheBehavior [ RunTime:0.001000s ]
INFO: [ app_begin ] --END-- [ RunTime:0.001000s ]
SQL: SHOW COLUMNS FROM `vs_course` [ RunTime:0.0190s ]
SQL: SELECT * FROM `vs_course` WHERE ( course_id = 8 ) LIMIT 1   [ RunTime:0.0200s ]
SQL: SHOW COLUMNS FROM `vs_course_chapter` [ RunTime:0.0180s ]
SQL: SELECT * FROM `vs_course_chapter` WHERE ( cp_id in (29,30,31,32,33,34,35,36,37) ) ORDER BY cp_id asc  [ RunTime:0.0190s ]
INFO: [ view_parse ] --START--
INFO: [ template_filter ] --START--
INFO: Run Behavior\ContentReplaceBehavior [ RunTime:0.000000s ]
INFO: [ template_filter ] --END-- [ RunTime:0.000000s ]
SQL: SHOW COLUMNS FROM `vs_course` [ RunTime:0.0180s ]
SQL: SHOW COLUMNS FROM `vs_video` [ RunTime:0.0240s ]
SQL: SELECT * FROM `vs_video` WHERE ( v_coursechapter = 29 )  [ RunTime:0.0180s ]
SQL: SELECT * FROM `vs_video` WHERE ( v_coursechapter = 30 )  [ RunTime:0.0180s ]
NOTIC: [8] Use of undefined constant vid - assumed 'vid' C:\wamp\www\vstudy\#runtime\Cache\Course\d4de47fbeffc680dd5e2b5238ceab5a4.php 第 135 行.
NOTIC: [8] Use of undefined constant vid - assumed 'vid' C:\wamp\www\vstudy\#runtime\Cache\Course\d4de47fbeffc680dd5e2b5238ceab5a4.php 第 135 行.
NOTIC: [8] Use of undefined constant vid - assumed 'vid' C:\wamp\www\vstudy\#runtime\Cache\Course\d4de47fbeffc680dd5e2b5238ceab5a4.php 第 135 行.
SQL: SELECT * FROM `vs_video` WHERE ( v_coursechapter = 31 )  [ RunTime:0.0180s ]
NOTIC: [8] Use of undefined constant vid - assumed 'vid' C:\wamp\www\vstudy\#runtime\Cache\Course\d4de47fbeffc680dd5e2b5238ceab5a4.php 第 135 行.
SQL: SELECT * FROM `vs_video` WHERE ( v_coursechapter = 32 )  [ RunTime:0.0180s ]
SQL: SELECT * FROM `vs_video` WHERE ( v_coursechapter = 33 )  [ RunTime:0.0190s ]
SQL: SELECT * FROM `vs_video` WHERE ( v_coursechapter = 34 )  [ RunTime:0.0190s ]
SQL: SELECT * FROM `vs_video` WHERE ( v_coursechapter = 35 )  [ RunTime:0.0190s ]
SQL: SELECT * FROM `vs_video` WHERE ( v_coursechapter = 36 )  [ RunTime:0.0190s ]
SQL: SELECT * FROM `vs_video` WHERE ( v_coursechapter = 37 )  [ RunTime:0.0190s ]
INFO: Run Behavior\ParseTemplateBehavior [ RunTime:0.248014s ]
INFO: [ view_parse ] --END-- [ RunTime:0.248014s ]
INFO: [ view_filter ] --START--
INFO: Run Behavior\WriteHtmlCacheBehavior [ RunTime:0.000000s ]
INFO: [ view_filter ] --END-- [ RunTime:0.001000s ]
INFO: [ app_end ] --START--
INFO: Run Behavior\ShowPageTraceBehavior [ RunTime:0.001000s ]
INFO: [ app_end ] --END-- [ RunTime:0.001000s ]

[ 2017-02-10T14:20:40+08:00 ] 127.0.0.1 /Course/Index/video/vid/1.html
INFO: [ app_init ] --START--
INFO: Run Behavior\BuildLiteBehavior [ RunTime:0.000000s ]
INFO: [ app_init ] --END-- [ RunTime:0.001000s ]
INFO: [ app_begin ] --START--
INFO: Run Behavior\ReadHtmlCacheBehavior [ RunTime:0.000000s ]
INFO: [ app_begin ] --END-- [ RunTime:0.001000s ]
SQL: SHOW COLUMNS FROM `vs_video` [ RunTime:0.0210s ]
SQL: SELECT * FROM `vs_video` WHERE ( v_id = 1 ) LIMIT 1   [ RunTime:0.0210s ]
SQL: SHOW COLUMNS FROM `vs_course_chapter` [ RunTime:0.0220s ]
SQL: SELECT * FROM `vs_course_chapter` WHERE ( cp_id = 30 ) LIMIT 1   [ RunTime:0.0200s ]
INFO: [ view_parse ] --START--
INFO: [ template_filter ] --START--
INFO: Run Behavior\ContentReplaceBehavior [ RunTime:0.001001s ]
INFO: [ template_filter ] --END-- [ RunTime:0.001001s ]
INFO: Run Behavior\ParseTemplateBehavior [ RunTime:0.007001s ]
INFO: [ view_parse ] --END-- [ RunTime:0.008001s ]
INFO: [ view_filter ] --START--
INFO: Run Behavior\WriteHtmlCacheBehavior [ RunTime:0.000000s ]
INFO: [ view_filter ] --END-- [ RunTime:0.000000s ]
INFO: [ app_end ] --START--
INFO: Run Behavior\ShowPageTraceBehavior [ RunTime:0.001000s ]
INFO: [ app_end ] --END-- [ RunTime:0.001000s ]

[ 2017-02-10T14:20:40+08:00 ] 127.0.0.1 /Course/Index/video/vid/jwplayer/video/logo2.png
INFO: [ app_init ] --START--
INFO: Run Behavior\BuildLiteBehavior [ RunTime:0.000000s ]
INFO: [ app_init ] --END-- [ RunTime:0.001000s ]

[ 2017-02-10T14:20:40+08:00 ] 127.0.0.1 /Course/Index/video/vid/jwplayer/zimu/zimu.srt
INFO: [ app_init ] --START--
INFO: Run Behavior\BuildLiteBehavior [ RunTime:0.000000s ]
INFO: [ app_init ] --END-- [ RunTime:0.001000s ]
INFO: [ app_begin ] --START--
INFO: Run Behavior\ReadHtmlCacheBehavior [ RunTime:0.001000s ]
INFO: [ app_begin ] --END-- [ RunTime:0.001000s ]
SQL: SHOW COLUMNS FROM `vs_video` [ RunTime:0.0190s ]
ERR: 1054:Unknown column 'jwplayer' in 'where clause'
 [ SQL语句 ] : SELECT * FROM `vs_video` WHERE ( v_id = jwplayer ) LIMIT 1  
ERR: 1054:Unknown column 'jwplayer' in 'where clause'
 [ SQL语句 ] : SELECT * FROM `vs_video` WHERE ( v_id = jwplayer ) LIMIT 1  

[ 2017-02-10T14:20:41+08:00 ] 127.0.0.1 /Course/Index/video/vid/jwplayer/video/4.jpg
INFO: [ app_init ] --START--
INFO: Run Behavior\BuildLiteBehavior [ RunTime:0.000000s ]
INFO: [ app_init ] --END-- [ RunTime:0.000000s ]

[ 2017-02-10T14:20:52+08:00 ] 127.0.0.1 /Course/Index/video/vid/3.html
INFO: [ app_init ] --START--
INFO: Run Behavior\BuildLiteBehavior [ RunTime:0.000000s ]
INFO: [ app_init ] --END-- [ RunTime:0.001000s ]
INFO: [ app_begin ] --START--
INFO: Run Behavior\ReadHtmlCacheBehavior [ RunTime:0.001000s ]
INFO: [ app_begin ] --END-- [ RunTime:0.001000s ]
SQL: SHOW COLUMNS FROM `vs_video` [ RunTime:0.0200s ]
SQL: SELECT * FROM `vs_video` WHERE ( v_id = 3 ) LIMIT 1   [ RunTime:0.0190s ]
SQL: SHOW COLUMNS FROM `vs_course_chapter` [ RunTime:0.0190s ]
SQL: SELECT * FROM `vs_course_chapter` WHERE ( cp_id = 30 ) LIMIT 1   [ RunTime:0.0200s ]
INFO: [ view_parse ] --START--
INFO: [ template_filter ] --START--
INFO: Run Behavior\ContentReplaceBehavior [ RunTime:0.001000s ]
INFO: [ template_filter ] --END-- [ RunTime:0.001000s ]
INFO: Run Behavior\ParseTemplateBehavior [ RunTime:0.007000s ]
INFO: [ view_parse ] --END-- [ RunTime:0.007000s ]
INFO: [ view_filter ] --START--
INFO: Run Behavior\WriteHtmlCacheBehavior [ RunTime:0.001001s ]
INFO: [ view_filter ] --END-- [ RunTime:0.001001s ]
INFO: [ app_end ] --START--
INFO: Run Behavior\ShowPageTraceBehavior [ RunTime:0.001000s ]
INFO: [ app_end ] --END-- [ RunTime:0.001000s ]

[ 2017-02-10T14:20:52+08:00 ] 127.0.0.1 /Course/Index/video/vid/jwplayer/video/logo2.png
INFO: [ app_init ] --START--
INFO: Run Behavior\BuildLiteBehavior [ RunTime:0.000000s ]
INFO: [ app_init ] --END-- [ RunTime:0.000000s ]

[ 2017-02-10T14:21:05+08:00 ] 127.0.0.1 /Course/Index/video/vid/4.html
INFO: [ app_init ] --START--
INFO: Run Behavior\BuildLiteBehavior [ RunTime:0.000000s ]
INFO: [ app_init ] --END-- [ RunTime:0.001000s ]
INFO: [ app_begin ] --START--
INFO: Run Behavior\ReadHtmlCacheBehavior [ RunTime:0.001000s ]
INFO: [ app_begin ] --END-- [ RunTime:0.001000s ]
SQL: SHOW COLUMNS FROM `vs_video` [ RunTime:0.0190s ]
SQL: SELECT * FROM `vs_video` WHERE ( v_id = 4 ) LIMIT 1   [ RunTime:0.0170s ]
SQL: SHOW COLUMNS FROM `vs_course_chapter` [ RunTime:0.0180s ]
SQL: SELECT * FROM `vs_course_chapter` WHERE ( cp_id = 30 ) LIMIT 1   [ RunTime:0.0180s ]
INFO: [ view_parse ] --START--
INFO: [ template_filter ] --START--
INFO: Run Behavior\ContentReplaceBehavior [ RunTime:0.000000s ]
INFO: [ template_filter ] --END-- [ RunTime:0.001000s ]
INFO: Run Behavior\ParseTemplateBehavior [ RunTime:0.007000s ]
INFO: [ view_parse ] --END-- [ RunTime:0.007000s ]
INFO: [ view_filter ] --START--
INFO: Run Behavior\WriteHtmlCacheBehavior [ RunTime:0.001000s ]
INFO: [ view_filter ] --END-- [ RunTime:0.001000s ]
INFO: [ app_end ] --START--
INFO: Run Behavior\ShowPageTraceBehavior [ RunTime:0.001000s ]
INFO: [ app_end ] --END-- [ RunTime:0.001000s ]

[ 2017-02-10T14:21:05+08:00 ] 127.0.0.1 /Course/Index/video/vid/jwplayer/video/logo2.png
INFO: [ app_init ] --START--
INFO: Run Behavior\BuildLiteBehavior [ RunTime:0.000000s ]
INFO: [ app_init ] --END-- [ RunTime:0.000000s ]

[ 2017-02-10T14:21:06+08:00 ] 127.0.0.1 /Course/Index/video/vid/jwplayer/video/1.jpg
INFO: [ app_init ] --START--
INFO: Run Behavior\BuildLiteBehavior [ RunTime:0.002000s ]
INFO: [ app_init ] --END-- [ RunTime:0.003000s ]

[ 2017-02-10T14:21:06+08:00 ] 127.0.0.1 /Course/Index/video/vid/jwplayer/zimu/zimu.srt
INFO: [ app_init ] --START--
INFO: Run Behavior\BuildLiteBehavior [ RunTime:0.000000s ]
INFO: [ app_init ] --END-- [ RunTime:0.001000s ]
INFO: [ app_begin ] --START--
INFO: Run Behavior\ReadHtmlCacheBehavior [ RunTime:0.000000s ]
INFO: [ app_begin ] --END-- [ RunTime:0.000000s ]
SQL: SHOW COLUMNS FROM `vs_video` [ RunTime:0.0180s ]
ERR: 1054:Unknown column 'jwplayer' in 'where clause'
 [ SQL语句 ] : SELECT * FROM `vs_video` WHERE ( v_id = jwplayer ) LIMIT 1  
ERR: 1054:Unknown column 'jwplayer' in 'where clause'
 [ SQL语句 ] : SELECT * FROM `vs_video` WHERE ( v_id = jwplayer ) LIMIT 1  

[ 2017-02-10T14:21:06+08:00 ] 127.0.0.1 /Course/Index/video/vid/jwplayer/video/4.jpg
INFO: [ app_init ] --START--
INFO: Run Behavior\BuildLiteBehavior [ RunTime:0.000000s ]
INFO: [ app_init ] --END-- [ RunTime:0.001000s ]

[ 2017-02-10T14:21:10+08:00 ] 127.0.0.1 /Course/Index/video/vid/5.html
INFO: [ app_init ] --START--
INFO: Run Behavior\BuildLiteBehavior [ RunTime:0.000000s ]
INFO: [ app_init ] --END-- [ RunTime:0.000000s ]
INFO: [ app_begin ] --START--
INFO: Run Behavior\ReadHtmlCacheBehavior [ RunTime:0.000000s ]
INFO: [ app_begin ] --END-- [ RunTime:0.000000s ]
SQL: SHOW COLUMNS FROM `vs_video` [ RunTime:0.0200s ]
SQL: SELECT * FROM `vs_video` WHERE ( v_id = 5 ) LIMIT 1   [ RunTime:0.0200s ]
SQL: SHOW COLUMNS FROM `vs_course_chapter` [ RunTime:0.0190s ]
SQL: SELECT * FROM `vs_course_chapter` WHERE ( cp_id = 31 ) LIMIT 1   [ RunTime:0.0200s ]
INFO: [ view_parse ] --START--
INFO: [ template_filter ] --START--
INFO: Run Behavior\ContentReplaceBehavior [ RunTime:0.000000s ]
INFO: [ template_filter ] --END-- [ RunTime:0.000000s ]
INFO: Run Behavior\ParseTemplateBehavior [ RunTime:0.007000s ]
INFO: [ view_parse ] --END-- [ RunTime:0.007000s ]
INFO: [ view_filter ] --START--
INFO: Run Behavior\WriteHtmlCacheBehavior [ RunTime:0.000000s ]
INFO: [ view_filter ] --END-- [ RunTime:0.000000s ]
INFO: [ app_end ] --START--
INFO: Run Behavior\ShowPageTraceBehavior [ RunTime:0.000000s ]
INFO: [ app_end ] --END-- [ RunTime:0.001001s ]

[ 2017-02-10T14:21:10+08:00 ] 127.0.0.1 /Course/Index/video/vid/jwplayer/video/logo2.png
INFO: [ app_init ] --START--
INFO: Run Behavior\BuildLiteBehavior [ RunTime:0.000000s ]
INFO: [ app_init ] --END-- [ RunTime:0.000000s ]

[ 2017-02-10T14:21:10+08:00 ] 127.0.0.1 /Course/Index/video/vid/jwplayer/video/1.jpg
INFO: [ app_init ] --START--
INFO: Run Behavior\BuildLiteBehavior [ RunTime:0.000000s ]
INFO: [ app_init ] --END-- [ RunTime:0.000000s ]

[ 2017-02-10T14:21:10+08:00 ] 127.0.0.1 /Course/Index/video/vid/jwplayer/zimu/zimu.srt
INFO: [ app_init ] --START--
INFO: Run Behavior\BuildLiteBehavior [ RunTime:0.000000s ]
INFO: [ app_init ] --END-- [ RunTime:0.001000s ]
INFO: [ app_begin ] --START--
INFO: Run Behavior\ReadHtmlCacheBehavior [ RunTime:0.001000s ]
INFO: [ app_begin ] --END-- [ RunTime:0.001000s ]
SQL: SHOW COLUMNS FROM `vs_video` [ RunTime:0.0190s ]
ERR: 1054:Unknown column 'jwplayer' in 'where clause'
 [ SQL语句 ] : SELECT * FROM `vs_video` WHERE ( v_id = jwplayer ) LIMIT 1  
ERR: 1054:Unknown column 'jwplayer' in 'where clause'
 [ SQL语句 ] : SELECT * FROM `vs_video` WHERE ( v_id = jwplayer ) LIMIT 1  

[ 2017-02-10T14:21:10+08:00 ] 127.0.0.1 /Course/Index/video/vid/jwplayer/video/4.jpg
INFO: [ app_init ] --START--
INFO: Run Behavior\BuildLiteBehavior [ RunTime:0.000000s ]
INFO: [ app_init ] --END-- [ RunTime:0.000000s ]

[ 2017-02-10T14:21:13+08:00 ] 127.0.0.1 /Course/Index/courseChapter/cvdid/8.html
INFO: [ app_init ] --START--
INFO: Run Behavior\BuildLiteBehavior [ RunTime:0.000000s ]
INFO: [ app_init ] --END-- [ RunTime:0.000000s ]
INFO: [ app_begin ] --START--
INFO: Run Behavior\ReadHtmlCacheBehavior [ RunTime:0.000000s ]
INFO: [ app_begin ] --END-- [ RunTime:0.000000s ]
SQL: SHOW COLUMNS FROM `vs_course` [ RunTime:0.0180s ]
SQL: SELECT * FROM `vs_course` WHERE ( course_id = 8 ) LIMIT 1   [ RunTime:0.0180s ]
SQL: SHOW COLUMNS FROM `vs_course_chapter` [ RunTime:0.0170s ]
SQL: SELECT * FROM `vs_course_chapter` WHERE ( cp_id in (29,30,31,32,33,34,35,36,37) ) ORDER BY cp_id asc  [ RunTime:0.0180s ]
INFO: [ view_parse ] --START--
INFO: [ template_filter ] --START--
INFO: Run Behavior\ContentReplaceBehavior [ RunTime:0.000000s ]
INFO: [ template_filter ] --END-- [ RunTime:0.000000s ]
SQL: SHOW COLUMNS FROM `vs_course` [ RunTime:0.0190s ]
SQL: SHOW COLUMNS FROM `vs_video` [ RunTime:0.0190s ]
SQL: SELECT * FROM `vs_video` WHERE ( v_coursechapter = 29 )  [ RunTime:0.0180s ]
SQL: SELECT * FROM `vs_video` WHERE ( v_coursechapter = 30 )  [ RunTime:0.0180s ]
NOTIC: [8] Use of undefined constant vid - assumed 'vid' C:\wamp\www\vstudy\#runtime\Cache\Course\d4de47fbeffc680dd5e2b5238ceab5a4.php 第 135 行.
NOTIC: [8] Use of undefined constant vid - assumed 'vid' C:\wamp\www\vstudy\#runtime\Cache\Course\d4de47fbeffc680dd5e2b5238ceab5a4.php 第 135 行.
NOTIC: [8] Use of undefined constant vid - assumed 'vid' C:\wamp\www\vstudy\#runtime\Cache\Course\d4de47fbeffc680dd5e2b5238ceab5a4.php 第 135 行.
SQL: SELECT * FROM `vs_video` WHERE ( v_coursechapter = 31 )  [ RunTime:0.0160s ]
NOTIC: [8] Use of undefined constant vid - assumed 'vid' C:\wamp\www\vstudy\#runtime\Cache\Course\d4de47fbeffc680dd5e2b5238ceab5a4.php 第 135 行.
SQL: SELECT * FROM `vs_video` WHERE ( v_coursechapter = 32 )  [ RunTime:0.0180s ]
SQL: SELECT * FROM `vs_video` WHERE ( v_coursechapter = 33 )  [ RunTime:0.0170s ]
SQL: SELECT * FROM `vs_video` WHERE ( v_coursechapter = 34 )  [ RunTime:0.0180s ]
SQL: SELECT * FROM `vs_video` WHERE ( v_coursechapter = 35 )  [ RunTime:0.0180s ]
SQL: SELECT * FROM `vs_video` WHERE ( v_coursechapter = 36 )  [ RunTime:0.0190s ]
SQL: SELECT * FROM `vs_video` WHERE ( v_coursechapter = 37 )  [ RunTime:0.0180s ]
INFO: Run Behavior\ParseTemplateBehavior [ RunTime:0.215012s ]
INFO: [ view_parse ] --END-- [ RunTime:0.215012s ]
INFO: [ view_filter ] --START--
INFO: Run Behavior\WriteHtmlCacheBehavior [ RunTime:0.001000s ]
INFO: [ view_filter ] --END-- [ RunTime:0.001000s ]
INFO: [ app_end ] --START--
INFO: Run Behavior\ShowPageTraceBehavior [ RunTime:0.001000s ]
INFO: [ app_end ] --END-- [ RunTime:0.001000s ]

[ 2017-02-10T14:21:57+08:00 ] 127.0.0.1 /Course/Index/video/vid/1.html
INFO: [ app_init ] --START--
INFO: Run Behavior\BuildLiteBehavior [ RunTime:0.000000s ]
INFO: [ app_init ] --END-- [ RunTime:0.001000s ]
INFO: [ app_begin ] --START--
INFO: Run Behavior\ReadHtmlCacheBehavior [ RunTime:0.001000s ]
INFO: [ app_begin ] --END-- [ RunTime:0.001000s ]
SQL: SHOW COLUMNS FROM `vs_video` [ RunTime:0.0190s ]
SQL: SELECT * FROM `vs_video` WHERE ( v_id = 1 ) LIMIT 1   [ RunTime:0.0190s ]
SQL: SHOW COLUMNS FROM `vs_course_chapter` [ RunTime:0.0190s ]
SQL: SELECT * FROM `vs_course_chapter` WHERE ( cp_id = 30 ) LIMIT 1   [ RunTime:0.0190s ]
INFO: [ view_parse ] --START--
INFO: [ template_filter ] --START--
INFO: Run Behavior\ContentReplaceBehavior [ RunTime:0.000000s ]
INFO: [ template_filter ] --END-- [ RunTime:0.000000s ]
INFO: Run Behavior\ParseTemplateBehavior [ RunTime:0.007001s ]
INFO: [ view_parse ] --END-- [ RunTime:0.007001s ]
INFO: [ view_filter ] --START--
INFO: Run Behavior\WriteHtmlCacheBehavior [ RunTime:0.000000s ]
INFO: [ view_filter ] --END-- [ RunTime:0.000000s ]
INFO: [ app_end ] --START--
INFO: Run Behavior\ShowPageTraceBehavior [ RunTime:0.000000s ]
INFO: [ app_end ] --END-- [ RunTime:0.000000s ]

[ 2017-02-10T14:21:58+08:00 ] 127.0.0.1 /Course/Index/video/vid/jwplayer/video/logo2.png
INFO: [ app_init ] --START--
INFO: Run Behavior\BuildLiteBehavior [ RunTime:0.000000s ]
INFO: [ app_init ] --END-- [ RunTime:0.000000s ]

[ 2017-02-10T14:21:58+08:00 ] 127.0.0.1 /Course/Index/video/vid/jwplayer/zimu/zimu.srt
INFO: [ app_init ] --START--
INFO: Run Behavior\BuildLiteBehavior [ RunTime:0.000000s ]
INFO: [ app_init ] --END-- [ RunTime:0.000000s ]
INFO: [ app_begin ] --START--
INFO: Run Behavior\ReadHtmlCacheBehavior [ RunTime:0.001000s ]
INFO: [ app_begin ] --END-- [ RunTime:0.001000s ]
SQL: SHOW COLUMNS FROM `vs_video` [ RunTime:0.0210s ]
ERR: 1054:Unknown column 'jwplayer' in 'where clause'
 [ SQL语句 ] : SELECT * FROM `vs_video` WHERE ( v_id = jwplayer ) LIMIT 1  
ERR: 1054:Unknown column 'jwplayer' in 'where clause'
 [ SQL语句 ] : SELECT * FROM `vs_video` WHERE ( v_id = jwplayer ) LIMIT 1  

[ 2017-02-10T14:21:58+08:00 ] 127.0.0.1 /Course/Index/video/vid/jwplayer/video/4.jpg
INFO: [ app_init ] --START--
INFO: Run Behavior\BuildLiteBehavior [ RunTime:0.000000s ]
INFO: [ app_init ] --END-- [ RunTime:0.000000s ]

