[ 2016-12-22T09:11:40+08:00 ] 27.18.95.116 /
INFO: [ app_init ] --START--
INFO: Run Behavior\BuildLiteBehavior [ RunTime:0.000010s ]
INFO: [ app_init ] --END-- [ RunTime:0.000265s ]
INFO: [ app_begin ] --START--
INFO: Run Behavior\ReadHtmlCacheBehavior [ RunTime:0.000373s ]
INFO: [ app_begin ] --END-- [ RunTime:0.000410s ]
SQL: SHOW COLUMNS FROM `vs_class_type` [ RunTime:0.0007s ]
SQL: SELECT * FROM `vs_class_type` WHERE ( c_pid = 0 )  [ RunTime:0.0001s ]
SQL: SELECT * FROM `vs_class_type` WHERE ( c_pid = 0 )  [ RunTime:0.0001s ]
SQL: SELECT * FROM `vs_class_type` WHERE ( c_pid = 1 )  [ RunTime:0.0001s ]
SQL: SELECT * FROM `vs_class_type` WHERE ( c_pid = 2 )  [ RunTime:0.0001s ]
SQL: SELECT * FROM `vs_class_type` WHERE ( c_pid = 3 )  [ RunTime:0.0001s ]
INFO: [ view_parse ] --START--
INFO: [ template_filter ] --START--
INFO: Run Behavior\ContentReplaceBehavior [ RunTime:0.000069s ]
INFO: [ template_filter ] --END-- [ RunTime:0.000106s ]
INFO: Run Behavior\ParseTemplateBehavior [ RunTime:0.018799s ]
INFO: [ view_parse ] --END-- [ RunTime:0.018842s ]
INFO: [ view_filter ] --START--
INFO: Run Behavior\WriteHtmlCacheBehavior [ RunTime:0.000173s ]
INFO: [ view_filter ] --END-- [ RunTime:0.000204s ]
INFO: [ app_end ] --START--
INFO: Run Behavior\ShowPageTraceBehavior [ RunTime:0.000374s ]
INFO: [ app_end ] --END-- [ RunTime:0.000408s ]

