[ 2017-01-05T09:08:45+08:00 ] 127.0.0.1 /
INFO: [ app_init ] --START--
INFO: Run Behavior\BuildLiteBehavior [ RunTime:0.000000s ]
INFO: [ app_init ] --END-- [ RunTime:0.001000s ]
INFO: [ app_begin ] --START--
INFO: Run Behavior\ReadHtmlCacheBehavior [ RunTime:0.001000s ]
INFO: [ app_begin ] --END-- [ RunTime:0.001000s ]
SQL: SHOW COLUMNS FROM `vs_class_type` [ RunTime:0.0210s ]
SQL: SELECT * FROM `vs_class_type` WHERE ( c_pid = 0 )  [ RunTime:0.0210s ]
SQL: SELECT * FROM `vs_class_type` WHERE ( c_pid = 0 )  [ RunTime:0.0200s ]
SQL: SELECT * FROM `vs_class_type` WHERE ( c_pid = 1 )  [ RunTime:0.0200s ]
SQL: SELECT * FROM `vs_class_type` WHERE ( c_pid = 2 )  [ RunTime:0.0200s ]
SQL: SELECT * FROM `vs_class_type` WHERE ( c_pid = 3 )  [ RunTime:0.0200s ]
INFO: [ view_parse ] --START--
INFO: [ template_filter ] --START--
INFO: Run Behavior\ContentReplaceBehavior [ RunTime:0.000000s ]
INFO: [ template_filter ] --END-- [ RunTime:0.000000s ]
INFO: Run Behavior\ParseTemplateBehavior [ RunTime:0.038002s ]
INFO: [ view_parse ] --END-- [ RunTime:0.038002s ]
INFO: [ view_filter ] --START--
INFO: Run Behavior\WriteHtmlCacheBehavior [ RunTime:0.000000s ]
INFO: [ view_filter ] --END-- [ RunTime:0.000000s ]
INFO: [ app_end ] --START--
INFO: Run Behavior\ShowPageTraceBehavior [ RunTime:0.001001s ]
INFO: [ app_end ] --END-- [ RunTime:0.001001s ]

[ 2017-01-05T09:16:31+08:00 ] 127.0.0.1 /
INFO: [ app_init ] --START--
INFO: Run Behavior\BuildLiteBehavior [ RunTime:0.000000s ]
INFO: [ app_init ] --END-- [ RunTime:0.000000s ]
INFO: [ app_begin ] --START--
INFO: Run Behavior\ReadHtmlCacheBehavior [ RunTime:0.001000s ]
INFO: [ app_begin ] --END-- [ RunTime:0.001000s ]
SQL: SHOW COLUMNS FROM `vs_class_type` [ RunTime:0.0220s ]
SQL: SELECT * FROM `vs_class_type` WHERE ( c_pid = 0 )  [ RunTime:0.0210s ]
SQL: SELECT * FROM `vs_class_type` WHERE ( c_pid = 0 )  [ RunTime:0.0200s ]
SQL: SELECT * FROM `vs_class_type` WHERE ( c_pid = 1 )  [ RunTime:0.0210s ]
SQL: SELECT * FROM `vs_class_type` WHERE ( c_pid = 2 )  [ RunTime:0.0190s ]
SQL: SELECT * FROM `vs_class_type` WHERE ( c_pid = 3 )  [ RunTime:0.0200s ]
INFO: [ view_parse ] --START--
INFO: [ template_filter ] --START--
INFO: Run Behavior\ContentReplaceBehavior [ RunTime:0.000000s ]
INFO: [ template_filter ] --END-- [ RunTime:0.000000s ]
INFO: Run Behavior\ParseTemplateBehavior [ RunTime:0.025002s ]
INFO: [ view_parse ] --END-- [ RunTime:0.025002s ]
INFO: [ view_filter ] --START--
INFO: Run Behavior\WriteHtmlCacheBehavior [ RunTime:0.000000s ]
INFO: [ view_filter ] --END-- [ RunTime:0.000000s ]
INFO: [ app_end ] --START--
INFO: Run Behavior\ShowPageTraceBehavior [ RunTime:0.001000s ]
INFO: [ app_end ] --END-- [ RunTime:0.001000s ]

[ 2017-01-05T09:17:34+08:00 ] 127.0.0.1 /
INFO: [ app_init ] --START--
INFO: Run Behavior\BuildLiteBehavior [ RunTime:0.000000s ]
INFO: [ app_init ] --END-- [ RunTime:0.000000s ]
INFO: [ app_begin ] --START--
INFO: Run Behavior\ReadHtmlCacheBehavior [ RunTime:0.000000s ]
INFO: [ app_begin ] --END-- [ RunTime:0.001000s ]
SQL: SHOW COLUMNS FROM `vs_class_type` [ RunTime:0.0200s ]
SQL: SELECT * FROM `vs_class_type` WHERE ( c_pid = 0 )  [ RunTime:0.0210s ]
SQL: SELECT * FROM `vs_class_type` WHERE ( c_pid = 0 )  [ RunTime:0.0210s ]
SQL: SELECT * FROM `vs_class_type` WHERE ( c_pid = 1 )  [ RunTime:0.0200s ]
SQL: SELECT * FROM `vs_class_type` WHERE ( c_pid = 2 )  [ RunTime:0.0230s ]
SQL: SELECT * FROM `vs_class_type` WHERE ( c_pid = 3 )  [ RunTime:0.0210s ]
INFO: [ view_parse ] --START--
INFO: [ template_filter ] --START--
INFO: Run Behavior\ContentReplaceBehavior [ RunTime:0.000000s ]
INFO: [ template_filter ] --END-- [ RunTime:0.000000s ]
INFO: Run Behavior\ParseTemplateBehavior [ RunTime:0.026001s ]
INFO: [ view_parse ] --END-- [ RunTime:0.026001s ]
INFO: [ view_filter ] --START--
INFO: Run Behavior\WriteHtmlCacheBehavior [ RunTime:0.001000s ]
INFO: [ view_filter ] --END-- [ RunTime:0.001000s ]
INFO: [ app_end ] --START--
INFO: Run Behavior\ShowPageTraceBehavior [ RunTime:0.001000s ]
INFO: [ app_end ] --END-- [ RunTime:0.001000s ]

[ 2017-01-05T09:17:55+08:00 ] 127.0.0.1 /
INFO: [ app_init ] --START--
INFO: Run Behavior\BuildLiteBehavior [ RunTime:0.000000s ]
INFO: [ app_init ] --END-- [ RunTime:0.000000s ]
INFO: [ app_begin ] --START--
INFO: Run Behavior\ReadHtmlCacheBehavior [ RunTime:0.000000s ]
INFO: [ app_begin ] --END-- [ RunTime:0.000000s ]
SQL: SHOW COLUMNS FROM `vs_class_type` [ RunTime:0.0210s ]
SQL: SELECT * FROM `vs_class_type` WHERE ( c_pid = 0 )  [ RunTime:0.0200s ]
SQL: SELECT * FROM `vs_class_type` WHERE ( c_pid = 0 )  [ RunTime:0.0210s ]
SQL: SELECT * FROM `vs_class_type` WHERE ( c_pid = 1 )  [ RunTime:0.0210s ]
SQL: SELECT * FROM `vs_class_type` WHERE ( c_pid = 2 )  [ RunTime:0.0210s ]
SQL: SELECT * FROM `vs_class_type` WHERE ( c_pid = 3 )  [ RunTime:0.0210s ]
INFO: [ view_parse ] --START--
INFO: [ template_filter ] --START--
INFO: Run Behavior\ContentReplaceBehavior [ RunTime:0.000000s ]
INFO: [ template_filter ] --END-- [ RunTime:0.000000s ]
INFO: Run Behavior\ParseTemplateBehavior [ RunTime:0.026002s ]
INFO: [ view_parse ] --END-- [ RunTime:0.026002s ]
INFO: [ view_filter ] --START--
INFO: Run Behavior\WriteHtmlCacheBehavior [ RunTime:0.000000s ]
INFO: [ view_filter ] --END-- [ RunTime:0.000000s ]
INFO: [ app_end ] --START--
INFO: Run Behavior\ShowPageTraceBehavior [ RunTime:0.001000s ]
INFO: [ app_end ] --END-- [ RunTime:0.001000s ]

[ 2017-01-05T09:18:45+08:00 ] 127.0.0.1 /
INFO: [ app_init ] --START--
INFO: Run Behavior\BuildLiteBehavior [ RunTime:0.000000s ]
INFO: [ app_init ] --END-- [ RunTime:0.001000s ]
INFO: [ app_begin ] --START--
INFO: Run Behavior\ReadHtmlCacheBehavior [ RunTime:0.001000s ]
INFO: [ app_begin ] --END-- [ RunTime:0.001000s ]
SQL: SHOW COLUMNS FROM `vs_class_type` [ RunTime:0.0180s ]
SQL: SELECT * FROM `vs_class_type` WHERE ( c_pid = 0 )  [ RunTime:0.0190s ]
SQL: SELECT * FROM `vs_class_type` WHERE ( c_pid = 0 )  [ RunTime:0.0170s ]
SQL: SELECT * FROM `vs_class_type` WHERE ( c_pid = 1 )  [ RunTime:0.0160s ]
SQL: SELECT * FROM `vs_class_type` WHERE ( c_pid = 2 )  [ RunTime:0.0190s ]
SQL: SELECT * FROM `vs_class_type` WHERE ( c_pid = 3 )  [ RunTime:0.0170s ]
INFO: [ view_parse ] --START--
INFO: [ template_filter ] --START--
INFO: Run Behavior\ContentReplaceBehavior [ RunTime:0.000000s ]
INFO: [ template_filter ] --END-- [ RunTime:0.000000s ]
INFO: Run Behavior\ParseTemplateBehavior [ RunTime:0.025002s ]
INFO: [ view_parse ] --END-- [ RunTime:0.025002s ]
INFO: [ view_filter ] --START--
INFO: Run Behavior\WriteHtmlCacheBehavior [ RunTime:0.001000s ]
INFO: [ view_filter ] --END-- [ RunTime:0.001000s ]
INFO: [ app_end ] --START--
INFO: Run Behavior\ShowPageTraceBehavior [ RunTime:0.001000s ]
INFO: [ app_end ] --END-- [ RunTime:0.001000s ]

[ 2017-01-05T09:28:19+08:00 ] 127.0.0.1 /index.php
INFO: [ app_init ] --START--
INFO: Run Behavior\BuildLiteBehavior [ RunTime:0.000000s ]
INFO: [ app_init ] --END-- [ RunTime:0.001000s ]
INFO: [ app_begin ] --START--
INFO: Run Behavior\ReadHtmlCacheBehavior [ RunTime:0.001000s ]
INFO: [ app_begin ] --END-- [ RunTime:0.001000s ]
SQL: SHOW COLUMNS FROM `vs_class_type` [ RunTime:0.0190s ]
SQL: SELECT * FROM `vs_class_type` WHERE ( c_pid = 0 )  [ RunTime:0.0270s ]
SQL: SELECT * FROM `vs_class_type` WHERE ( c_pid = 0 )  [ RunTime:0.0170s ]
SQL: SELECT * FROM `vs_class_type` WHERE ( c_pid = 1 )  [ RunTime:0.0180s ]
SQL: SELECT * FROM `vs_class_type` WHERE ( c_pid = 2 )  [ RunTime:0.0180s ]
SQL: SELECT * FROM `vs_class_type` WHERE ( c_pid = 3 )  [ RunTime:0.0170s ]
INFO: [ view_parse ] --START--
INFO: [ template_filter ] --START--
INFO: Run Behavior\ContentReplaceBehavior [ RunTime:0.000000s ]
INFO: [ template_filter ] --END-- [ RunTime:0.000000s ]
INFO: Run Behavior\ParseTemplateBehavior [ RunTime:0.025002s ]
INFO: [ view_parse ] --END-- [ RunTime:0.025002s ]
INFO: [ view_filter ] --START--
INFO: Run Behavior\WriteHtmlCacheBehavior [ RunTime:0.000000s ]
INFO: [ view_filter ] --END-- [ RunTime:0.000000s ]
INFO: [ app_end ] --START--
INFO: Run Behavior\ShowPageTraceBehavior [ RunTime:0.001000s ]
INFO: [ app_end ] --END-- [ RunTime:0.001000s ]

[ 2017-01-05T09:28:19+08:00 ] 127.0.0.1 /index.php
INFO: [ app_init ] --START--
INFO: Run Behavior\BuildLiteBehavior [ RunTime:0.000000s ]
INFO: [ app_init ] --END-- [ RunTime:0.001000s ]
INFO: [ app_begin ] --START--
INFO: Run Behavior\ReadHtmlCacheBehavior [ RunTime:0.002000s ]
INFO: [ app_begin ] --END-- [ RunTime:0.002000s ]
SQL: SHOW COLUMNS FROM `vs_class_type` [ RunTime:0.0190s ]
SQL: SELECT * FROM `vs_class_type` WHERE ( c_pid = 0 )  [ RunTime:0.0190s ]
SQL: SELECT * FROM `vs_class_type` WHERE ( c_pid = 0 )  [ RunTime:0.0200s ]
SQL: SELECT * FROM `vs_class_type` WHERE ( c_pid = 1 )  [ RunTime:0.0190s ]
SQL: SELECT * FROM `vs_class_type` WHERE ( c_pid = 2 )  [ RunTime:0.0200s ]
SQL: SELECT * FROM `vs_class_type` WHERE ( c_pid = 3 )  [ RunTime:0.0180s ]
INFO: [ view_parse ] --START--
INFO: [ template_filter ] --START--
INFO: Run Behavior\ContentReplaceBehavior [ RunTime:0.000000s ]
INFO: [ template_filter ] --END-- [ RunTime:0.000000s ]
INFO: Run Behavior\ParseTemplateBehavior [ RunTime:0.052003s ]
INFO: [ view_parse ] --END-- [ RunTime:0.052003s ]
INFO: [ view_filter ] --START--
INFO: Run Behavior\WriteHtmlCacheBehavior [ RunTime:0.000000s ]
INFO: [ view_filter ] --END-- [ RunTime:0.000000s ]
INFO: [ app_end ] --START--
INFO: Run Behavior\ShowPageTraceBehavior [ RunTime:0.001000s ]
INFO: [ app_end ] --END-- [ RunTime:0.001000s ]

[ 2017-01-05T09:28:19+08:00 ] 127.0.0.1 /index.php
INFO: [ app_init ] --START--
INFO: Run Behavior\BuildLiteBehavior [ RunTime:0.001000s ]
INFO: [ app_init ] --END-- [ RunTime:0.001000s ]
INFO: [ app_begin ] --START--
INFO: Run Behavior\ReadHtmlCacheBehavior [ RunTime:0.001000s ]
INFO: [ app_begin ] --END-- [ RunTime:0.001000s ]
SQL: SHOW COLUMNS FROM `vs_class_type` [ RunTime:0.0210s ]
SQL: SELECT * FROM `vs_class_type` WHERE ( c_pid = 0 )  [ RunTime:0.0220s ]
SQL: SELECT * FROM `vs_class_type` WHERE ( c_pid = 0 )  [ RunTime:0.0210s ]
SQL: SELECT * FROM `vs_class_type` WHERE ( c_pid = 1 )  [ RunTime:0.0200s ]
SQL: SELECT * FROM `vs_class_type` WHERE ( c_pid = 2 )  [ RunTime:0.0230s ]
SQL: SELECT * FROM `vs_class_type` WHERE ( c_pid = 3 )  [ RunTime:0.0290s ]
INFO: [ view_parse ] --START--
INFO: [ template_filter ] --START--
INFO: Run Behavior\ContentReplaceBehavior [ RunTime:0.000000s ]
INFO: [ template_filter ] --END-- [ RunTime:0.000000s ]
INFO: Run Behavior\ParseTemplateBehavior [ RunTime:0.014001s ]
INFO: [ view_parse ] --END-- [ RunTime:0.014001s ]
INFO: [ view_filter ] --START--
INFO: Run Behavior\WriteHtmlCacheBehavior [ RunTime:0.001000s ]
INFO: [ view_filter ] --END-- [ RunTime:0.001000s ]
INFO: [ app_end ] --START--
INFO: Run Behavior\ShowPageTraceBehavior [ RunTime:0.000000s ]
INFO: [ app_end ] --END-- [ RunTime:0.001000s ]

[ 2017-01-05T09:28:19+08:00 ] 127.0.0.1 /index.php
INFO: [ app_init ] --START--
INFO: Run Behavior\BuildLiteBehavior [ RunTime:0.000000s ]
INFO: [ app_init ] --END-- [ RunTime:0.000000s ]
INFO: [ app_begin ] --START--
INFO: Run Behavior\ReadHtmlCacheBehavior [ RunTime:0.001000s ]
INFO: [ app_begin ] --END-- [ RunTime:0.001000s ]
SQL: SHOW COLUMNS FROM `vs_class_type` [ RunTime:0.0180s ]
SQL: SELECT * FROM `vs_class_type` WHERE ( c_pid = 0 )  [ RunTime:0.0170s ]
SQL: SELECT * FROM `vs_class_type` WHERE ( c_pid = 0 )  [ RunTime:0.0230s ]
SQL: SELECT * FROM `vs_class_type` WHERE ( c_pid = 1 )  [ RunTime:0.0180s ]
SQL: SELECT * FROM `vs_class_type` WHERE ( c_pid = 2 )  [ RunTime:0.0170s ]
SQL: SELECT * FROM `vs_class_type` WHERE ( c_pid = 3 )  [ RunTime:0.0180s ]
INFO: [ view_parse ] --START--
INFO: [ template_filter ] --START--
INFO: Run Behavior\ContentReplaceBehavior [ RunTime:0.000000s ]
INFO: [ template_filter ] --END-- [ RunTime:0.000000s ]
INFO: Run Behavior\ParseTemplateBehavior [ RunTime:0.033002s ]
INFO: [ view_parse ] --END-- [ RunTime:0.033002s ]
INFO: [ view_filter ] --START--
INFO: Run Behavior\WriteHtmlCacheBehavior [ RunTime:0.000000s ]
INFO: [ view_filter ] --END-- [ RunTime:0.000000s ]
INFO: [ app_end ] --START--
INFO: Run Behavior\ShowPageTraceBehavior [ RunTime:0.000000s ]
INFO: [ app_end ] --END-- [ RunTime:0.000000s ]

[ 2017-01-05T09:28:20+08:00 ] 127.0.0.1 /index.php
INFO: [ app_init ] --START--
INFO: Run Behavior\BuildLiteBehavior [ RunTime:0.000000s ]
INFO: [ app_init ] --END-- [ RunTime:0.001000s ]
INFO: [ app_begin ] --START--
INFO: Run Behavior\ReadHtmlCacheBehavior [ RunTime:0.001000s ]
INFO: [ app_begin ] --END-- [ RunTime:0.001000s ]
SQL: SHOW COLUMNS FROM `vs_class_type` [ RunTime:0.0180s ]
SQL: SELECT * FROM `vs_class_type` WHERE ( c_pid = 0 )  [ RunTime:0.0180s ]
SQL: SELECT * FROM `vs_class_type` WHERE ( c_pid = 0 )  [ RunTime:0.0180s ]
SQL: SELECT * FROM `vs_class_type` WHERE ( c_pid = 1 )  [ RunTime:0.0180s ]
SQL: SELECT * FROM `vs_class_type` WHERE ( c_pid = 2 )  [ RunTime:0.0170s ]
SQL: SELECT * FROM `vs_class_type` WHERE ( c_pid = 3 )  [ RunTime:0.0190s ]
INFO: [ view_parse ] --START--
INFO: [ template_filter ] --START--
INFO: Run Behavior\ContentReplaceBehavior [ RunTime:0.000000s ]
INFO: [ template_filter ] --END-- [ RunTime:0.000000s ]
INFO: Run Behavior\ParseTemplateBehavior [ RunTime:0.026001s ]
INFO: [ view_parse ] --END-- [ RunTime:0.026001s ]
INFO: [ view_filter ] --START--
INFO: Run Behavior\WriteHtmlCacheBehavior [ RunTime:0.001000s ]
INFO: [ view_filter ] --END-- [ RunTime:0.001000s ]
INFO: [ app_end ] --START--
INFO: Run Behavior\ShowPageTraceBehavior [ RunTime:0.001000s ]
INFO: [ app_end ] --END-- [ RunTime:0.001000s ]

[ 2017-01-05T09:28:20+08:00 ] 127.0.0.1 /index.php
INFO: [ app_init ] --START--
INFO: Run Behavior\BuildLiteBehavior [ RunTime:0.000000s ]
INFO: [ app_init ] --END-- [ RunTime:0.000000s ]
INFO: [ app_begin ] --START--
INFO: Run Behavior\ReadHtmlCacheBehavior [ RunTime:0.000000s ]
INFO: [ app_begin ] --END-- [ RunTime:0.000000s ]
SQL: SHOW COLUMNS FROM `vs_class_type` [ RunTime:0.0190s ]
SQL: SELECT * FROM `vs_class_type` WHERE ( c_pid = 0 )  [ RunTime:0.0200s ]
SQL: SELECT * FROM `vs_class_type` WHERE ( c_pid = 0 )  [ RunTime:0.0250s ]
SQL: SELECT * FROM `vs_class_type` WHERE ( c_pid = 1 )  [ RunTime:0.0300s ]
SQL: SELECT * FROM `vs_class_type` WHERE ( c_pid = 2 )  [ RunTime:0.0170s ]
SQL: SELECT * FROM `vs_class_type` WHERE ( c_pid = 3 )  [ RunTime:0.0220s ]
INFO: [ view_parse ] --START--
INFO: [ template_filter ] --START--
INFO: Run Behavior\ContentReplaceBehavior [ RunTime:0.000000s ]
INFO: [ template_filter ] --END-- [ RunTime:0.000000s ]
INFO: Run Behavior\ParseTemplateBehavior [ RunTime:0.018001s ]
INFO: [ view_parse ] --END-- [ RunTime:0.019001s ]
INFO: [ view_filter ] --START--
INFO: Run Behavior\WriteHtmlCacheBehavior [ RunTime:0.000000s ]
INFO: [ view_filter ] --END-- [ RunTime:0.000000s ]
INFO: [ app_end ] --START--
INFO: Run Behavior\ShowPageTraceBehavior [ RunTime:0.000000s ]
INFO: [ app_end ] --END-- [ RunTime:0.000000s ]

[ 2017-01-05T10:55:08+08:00 ] 127.0.0.1 /index.php
INFO: [ app_init ] --START--
INFO: Run Behavior\BuildLiteBehavior [ RunTime:0.000000s ]
INFO: [ app_init ] --END-- [ RunTime:0.001000s ]
INFO: [ app_begin ] --START--
INFO: Run Behavior\ReadHtmlCacheBehavior [ RunTime:0.001000s ]
INFO: [ app_begin ] --END-- [ RunTime:0.002000s ]
SQL: SHOW COLUMNS FROM `vs_class_type` [ RunTime:0.0180s ]
SQL: SELECT * FROM `vs_class_type` WHERE ( c_pid = 0 )  [ RunTime:0.0170s ]
SQL: SELECT * FROM `vs_class_type` WHERE ( c_pid = 0 )  [ RunTime:0.0170s ]
SQL: SELECT * FROM `vs_class_type` WHERE ( c_pid = 1 )  [ RunTime:0.0180s ]
SQL: SELECT * FROM `vs_class_type` WHERE ( c_pid = 2 )  [ RunTime:0.0160s ]
SQL: SELECT * FROM `vs_class_type` WHERE ( c_pid = 3 )  [ RunTime:0.0170s ]
INFO: [ view_parse ] --START--
INFO: [ template_filter ] --START--
INFO: Run Behavior\ContentReplaceBehavior [ RunTime:0.000000s ]
INFO: [ template_filter ] --END-- [ RunTime:0.000000s ]
INFO: Run Behavior\ParseTemplateBehavior [ RunTime:0.016001s ]
INFO: [ view_parse ] --END-- [ RunTime:0.016001s ]
INFO: [ view_filter ] --START--
INFO: Run Behavior\WriteHtmlCacheBehavior [ RunTime:0.000000s ]
INFO: [ view_filter ] --END-- [ RunTime:0.000000s ]
INFO: [ app_end ] --START--
INFO: Run Behavior\ShowPageTraceBehavior [ RunTime:0.001000s ]
INFO: [ app_end ] --END-- [ RunTime:0.001000s ]

[ 2017-01-05T10:55:09+08:00 ] 127.0.0.1 /index.php
INFO: [ app_init ] --START--
INFO: Run Behavior\BuildLiteBehavior [ RunTime:0.000000s ]
INFO: [ app_init ] --END-- [ RunTime:0.000000s ]
INFO: [ app_begin ] --START--
INFO: Run Behavior\ReadHtmlCacheBehavior [ RunTime:0.000000s ]
INFO: [ app_begin ] --END-- [ RunTime:0.000000s ]
SQL: SHOW COLUMNS FROM `vs_class_type` [ RunTime:0.0180s ]
SQL: SELECT * FROM `vs_class_type` WHERE ( c_pid = 0 )  [ RunTime:0.0180s ]
SQL: SELECT * FROM `vs_class_type` WHERE ( c_pid = 0 )  [ RunTime:0.0180s ]
SQL: SELECT * FROM `vs_class_type` WHERE ( c_pid = 1 )  [ RunTime:0.0190s ]
SQL: SELECT * FROM `vs_class_type` WHERE ( c_pid = 2 )  [ RunTime:0.0170s ]
SQL: SELECT * FROM `vs_class_type` WHERE ( c_pid = 3 )  [ RunTime:0.0190s ]
INFO: [ view_parse ] --START--
INFO: [ template_filter ] --START--
INFO: Run Behavior\ContentReplaceBehavior [ RunTime:0.000000s ]
INFO: [ template_filter ] --END-- [ RunTime:0.000000s ]
INFO: Run Behavior\ParseTemplateBehavior [ RunTime:0.016001s ]
INFO: [ view_parse ] --END-- [ RunTime:0.016001s ]
INFO: [ view_filter ] --START--
INFO: Run Behavior\WriteHtmlCacheBehavior [ RunTime:0.000000s ]
INFO: [ view_filter ] --END-- [ RunTime:0.000000s ]
INFO: [ app_end ] --START--
INFO: Run Behavior\ShowPageTraceBehavior [ RunTime:0.001000s ]
INFO: [ app_end ] --END-- [ RunTime:0.001000s ]

[ 2017-01-05T10:55:09+08:00 ] 127.0.0.1 /index.php
INFO: [ app_init ] --START--
INFO: Run Behavior\BuildLiteBehavior [ RunTime:0.000000s ]
INFO: [ app_init ] --END-- [ RunTime:0.001000s ]
INFO: [ app_begin ] --START--
INFO: Run Behavior\ReadHtmlCacheBehavior [ RunTime:0.001000s ]
INFO: [ app_begin ] --END-- [ RunTime:0.001000s ]
SQL: SHOW COLUMNS FROM `vs_class_type` [ RunTime:0.0190s ]
SQL: SELECT * FROM `vs_class_type` WHERE ( c_pid = 0 )  [ RunTime:0.0180s ]
SQL: SELECT * FROM `vs_class_type` WHERE ( c_pid = 0 )  [ RunTime:0.0190s ]
SQL: SELECT * FROM `vs_class_type` WHERE ( c_pid = 1 )  [ RunTime:0.0170s ]
SQL: SELECT * FROM `vs_class_type` WHERE ( c_pid = 2 )  [ RunTime:0.0180s ]
SQL: SELECT * FROM `vs_class_type` WHERE ( c_pid = 3 )  [ RunTime:0.0190s ]
INFO: [ view_parse ] --START--
INFO: [ template_filter ] --START--
INFO: Run Behavior\ContentReplaceBehavior [ RunTime:0.001000s ]
INFO: [ template_filter ] --END-- [ RunTime:0.001000s ]
INFO: Run Behavior\ParseTemplateBehavior [ RunTime:0.015001s ]
INFO: [ view_parse ] --END-- [ RunTime:0.015001s ]
INFO: [ view_filter ] --START--
INFO: Run Behavior\WriteHtmlCacheBehavior [ RunTime:0.001000s ]
INFO: [ view_filter ] --END-- [ RunTime:0.001000s ]
INFO: [ app_end ] --START--
INFO: Run Behavior\ShowPageTraceBehavior [ RunTime:0.000000s ]
INFO: [ app_end ] --END-- [ RunTime:0.000000s ]

[ 2017-01-05T10:55:09+08:00 ] 127.0.0.1 /index.php
INFO: [ app_init ] --START--
INFO: Run Behavior\BuildLiteBehavior [ RunTime:0.000000s ]
INFO: [ app_init ] --END-- [ RunTime:0.001000s ]
INFO: [ app_begin ] --START--
INFO: Run Behavior\ReadHtmlCacheBehavior [ RunTime:0.001000s ]
INFO: [ app_begin ] --END-- [ RunTime:0.001000s ]
SQL: SHOW COLUMNS FROM `vs_class_type` [ RunTime:0.0170s ]
SQL: SELECT * FROM `vs_class_type` WHERE ( c_pid = 0 )  [ RunTime:0.0180s ]
SQL: SELECT * FROM `vs_class_type` WHERE ( c_pid = 0 )  [ RunTime:0.0180s ]
SQL: SELECT * FROM `vs_class_type` WHERE ( c_pid = 1 )  [ RunTime:0.0180s ]
SQL: SELECT * FROM `vs_class_type` WHERE ( c_pid = 2 )  [ RunTime:0.0190s ]
SQL: SELECT * FROM `vs_class_type` WHERE ( c_pid = 3 )  [ RunTime:0.0190s ]
INFO: [ view_parse ] --START--
INFO: [ template_filter ] --START--
INFO: Run Behavior\ContentReplaceBehavior [ RunTime:0.000000s ]
INFO: [ template_filter ] --END-- [ RunTime:0.000000s ]
INFO: Run Behavior\ParseTemplateBehavior [ RunTime:0.015001s ]
INFO: [ view_parse ] --END-- [ RunTime:0.015001s ]
INFO: [ view_filter ] --START--
INFO: Run Behavior\WriteHtmlCacheBehavior [ RunTime:0.000000s ]
INFO: [ view_filter ] --END-- [ RunTime:0.000000s ]
INFO: [ app_end ] --START--
INFO: Run Behavior\ShowPageTraceBehavior [ RunTime:0.001000s ]
INFO: [ app_end ] --END-- [ RunTime:0.001000s ]

[ 2017-01-05T12:34:43+08:00 ] 127.0.0.1 /index.php
INFO: [ app_init ] --START--
INFO: Run Behavior\BuildLiteBehavior [ RunTime:0.000000s ]
INFO: [ app_init ] --END-- [ RunTime:0.001000s ]
INFO: [ app_begin ] --START--
INFO: Run Behavior\ReadHtmlCacheBehavior [ RunTime:0.000000s ]
INFO: [ app_begin ] --END-- [ RunTime:0.000000s ]
SQL: SHOW COLUMNS FROM `vs_class_type` [ RunTime:0.0180s ]
SQL: SELECT * FROM `vs_class_type` WHERE ( c_pid = 0 )  [ RunTime:0.0190s ]
SQL: SELECT * FROM `vs_class_type` WHERE ( c_pid = 0 )  [ RunTime:0.0170s ]
SQL: SELECT * FROM `vs_class_type` WHERE ( c_pid = 1 )  [ RunTime:0.0190s ]
SQL: SELECT * FROM `vs_class_type` WHERE ( c_pid = 2 )  [ RunTime:0.3180s ]
SQL: SELECT * FROM `vs_class_type` WHERE ( c_pid = 3 )  [ RunTime:0.0190s ]
INFO: [ view_parse ] --START--
INFO: [ template_filter ] --START--
INFO: Run Behavior\ContentReplaceBehavior [ RunTime:0.000000s ]
INFO: [ template_filter ] --END-- [ RunTime:0.000000s ]
INFO: Run Behavior\ParseTemplateBehavior [ RunTime:0.034002s ]
INFO: [ view_parse ] --END-- [ RunTime:0.034002s ]
INFO: [ view_filter ] --START--
INFO: Run Behavior\WriteHtmlCacheBehavior [ RunTime:0.000000s ]
INFO: [ view_filter ] --END-- [ RunTime:0.000000s ]
INFO: [ app_end ] --START--
INFO: Run Behavior\ShowPageTraceBehavior [ RunTime:0.000000s ]
INFO: [ app_end ] --END-- [ RunTime:0.000000s ]

[ 2017-01-05T13:52:52+08:00 ] 127.0.0.1 /index.php
INFO: [ app_init ] --START--
INFO: Run Behavior\BuildLiteBehavior [ RunTime:0.000000s ]
INFO: [ app_init ] --END-- [ RunTime:0.000000s ]
INFO: [ app_begin ] --START--
INFO: Run Behavior\ReadHtmlCacheBehavior [ RunTime:0.001000s ]
INFO: [ app_begin ] --END-- [ RunTime:0.001000s ]
SQL: SHOW COLUMNS FROM `vs_class_type` [ RunTime:0.0180s ]
SQL: SELECT * FROM `vs_class_type` WHERE ( c_pid = 0 )  [ RunTime:0.0170s ]
SQL: SELECT * FROM `vs_class_type` WHERE ( c_pid = 0 )  [ RunTime:0.0180s ]
SQL: SELECT * FROM `vs_class_type` WHERE ( c_pid = 1 )  [ RunTime:0.0190s ]
SQL: SELECT * FROM `vs_class_type` WHERE ( c_pid = 2 )  [ RunTime:0.0180s ]
SQL: SELECT * FROM `vs_class_type` WHERE ( c_pid = 3 )  [ RunTime:0.0180s ]
INFO: [ view_parse ] --START--
INFO: [ template_filter ] --START--
INFO: Run Behavior\ContentReplaceBehavior [ RunTime:0.000000s ]
INFO: [ template_filter ] --END-- [ RunTime:0.001000s ]
INFO: Run Behavior\ParseTemplateBehavior [ RunTime:0.014001s ]
INFO: [ view_parse ] --END-- [ RunTime:0.014001s ]
INFO: [ view_filter ] --START--
INFO: Run Behavior\WriteHtmlCacheBehavior [ RunTime:0.000000s ]
INFO: [ view_filter ] --END-- [ RunTime:0.001000s ]
INFO: [ app_end ] --START--
INFO: Run Behavior\ShowPageTraceBehavior [ RunTime:0.001000s ]
INFO: [ app_end ] --END-- [ RunTime:0.001000s ]

[ 2017-01-05T13:52:52+08:00 ] 127.0.0.1 /index.php
INFO: [ app_init ] --START--
INFO: Run Behavior\BuildLiteBehavior [ RunTime:0.000000s ]
INFO: [ app_init ] --END-- [ RunTime:0.000000s ]
INFO: [ app_begin ] --START--
INFO: Run Behavior\ReadHtmlCacheBehavior [ RunTime:0.001000s ]
INFO: [ app_begin ] --END-- [ RunTime:0.001000s ]
SQL: SHOW COLUMNS FROM `vs_class_type` [ RunTime:0.0200s ]
SQL: SELECT * FROM `vs_class_type` WHERE ( c_pid = 0 )  [ RunTime:0.0210s ]
SQL: SELECT * FROM `vs_class_type` WHERE ( c_pid = 0 )  [ RunTime:0.0210s ]
SQL: SELECT * FROM `vs_class_type` WHERE ( c_pid = 1 )  [ RunTime:0.0200s ]
SQL: SELECT * FROM `vs_class_type` WHERE ( c_pid = 2 )  [ RunTime:0.0200s ]
SQL: SELECT * FROM `vs_class_type` WHERE ( c_pid = 3 )  [ RunTime:0.0210s ]
INFO: [ view_parse ] --START--
INFO: [ template_filter ] --START--
INFO: Run Behavior\ContentReplaceBehavior [ RunTime:0.000000s ]
INFO: [ template_filter ] --END-- [ RunTime:0.000000s ]
INFO: Run Behavior\ParseTemplateBehavior [ RunTime:0.016001s ]
INFO: [ view_parse ] --END-- [ RunTime:0.016001s ]
INFO: [ view_filter ] --START--
INFO: Run Behavior\WriteHtmlCacheBehavior [ RunTime:0.000000s ]
INFO: [ view_filter ] --END-- [ RunTime:0.000000s ]
INFO: [ app_end ] --START--
INFO: Run Behavior\ShowPageTraceBehavior [ RunTime:0.001000s ]
INFO: [ app_end ] --END-- [ RunTime:0.001000s ]

[ 2017-01-05T13:52:57+08:00 ] 127.0.0.1 /index.php
INFO: [ app_init ] --START--
INFO: Run Behavior\BuildLiteBehavior [ RunTime:0.000000s ]
INFO: [ app_init ] --END-- [ RunTime:0.001000s ]
INFO: [ app_begin ] --START--
INFO: Run Behavior\ReadHtmlCacheBehavior [ RunTime:0.000000s ]
INFO: [ app_begin ] --END-- [ RunTime:0.000000s ]
SQL: SHOW COLUMNS FROM `vs_class_type` [ RunTime:0.0190s ]
SQL: SELECT * FROM `vs_class_type` WHERE ( c_pid = 0 )  [ RunTime:0.0180s ]
SQL: SELECT * FROM `vs_class_type` WHERE ( c_pid = 0 )  [ RunTime:0.0180s ]
SQL: SELECT * FROM `vs_class_type` WHERE ( c_pid = 1 )  [ RunTime:0.0180s ]
SQL: SELECT * FROM `vs_class_type` WHERE ( c_pid = 2 )  [ RunTime:0.0190s ]
SQL: SELECT * FROM `vs_class_type` WHERE ( c_pid = 3 )  [ RunTime:0.0190s ]
INFO: [ view_parse ] --START--
INFO: [ template_filter ] --START--
INFO: Run Behavior\ContentReplaceBehavior [ RunTime:0.000000s ]
INFO: [ template_filter ] --END-- [ RunTime:0.000000s ]
INFO: Run Behavior\ParseTemplateBehavior [ RunTime:0.017001s ]
INFO: [ view_parse ] --END-- [ RunTime:0.017001s ]
INFO: [ view_filter ] --START--
INFO: Run Behavior\WriteHtmlCacheBehavior [ RunTime:0.001000s ]
INFO: [ view_filter ] --END-- [ RunTime:0.001000s ]
INFO: [ app_end ] --START--
INFO: Run Behavior\ShowPageTraceBehavior [ RunTime:0.001000s ]
INFO: [ app_end ] --END-- [ RunTime:0.001000s ]

[ 2017-01-05T14:29:36+08:00 ] 127.0.0.1 /Member/Public/U(Course/register.html)
INFO: [ app_init ] --START--
INFO: Run Behavior\BuildLiteBehavior [ RunTime:0.000000s ]
INFO: [ app_init ] --END-- [ RunTime:0.001000s ]
NOTIC: [2] preg_replace(): Compilation failed: unmatched parentheses at offset 6 E:\phpStudy\WWW\vstudy\ThinkPHP\Library\Think\Dispatcher.class.php 第 127 行.
INFO: [ app_begin ] --START--
INFO: Run Behavior\ReadHtmlCacheBehavior [ RunTime:0.001000s ]
INFO: [ app_begin ] --END-- [ RunTime:0.002000s ]
ERR: 无法加载控制器:Public

[ 2017-01-05T14:30:09+08:00 ] 127.0.0.1 /Member/Public/U(Course/register.html)
INFO: [ app_init ] --START--
INFO: Run Behavior\BuildLiteBehavior [ RunTime:0.000000s ]
INFO: [ app_init ] --END-- [ RunTime:0.001000s ]
NOTIC: [2] preg_replace(): Compilation failed: unmatched parentheses at offset 6 E:\phpStudy\WWW\vstudy\ThinkPHP\Library\Think\Dispatcher.class.php 第 127 行.
INFO: [ app_begin ] --START--
INFO: Run Behavior\ReadHtmlCacheBehavior [ RunTime:0.001000s ]
INFO: [ app_begin ] --END-- [ RunTime:0.001000s ]
ERR: 无法加载控制器:Public

[ 2017-01-05T14:30:12+08:00 ] 127.0.0.1 /Member/Public/U(Course/register.html)
INFO: [ app_init ] --START--
INFO: Run Behavior\BuildLiteBehavior [ RunTime:0.000000s ]
INFO: [ app_init ] --END-- [ RunTime:0.001000s ]
NOTIC: [2] preg_replace(): Compilation failed: unmatched parentheses at offset 6 E:\phpStudy\WWW\vstudy\ThinkPHP\Library\Think\Dispatcher.class.php 第 127 行.
INFO: [ app_begin ] --START--
INFO: Run Behavior\ReadHtmlCacheBehavior [ RunTime:0.000000s ]
INFO: [ app_begin ] --END-- [ RunTime:0.001000s ]
ERR: 无法加载控制器:Public

[ 2017-01-05T15:12:33+08:00 ] 127.0.0.1 /index.php
INFO: [ app_init ] --START--
INFO: Run Behavior\BuildLiteBehavior [ RunTime:0.000000s ]
INFO: [ app_init ] --END-- [ RunTime:0.001000s ]
INFO: [ app_begin ] --START--
INFO: Run Behavior\ReadHtmlCacheBehavior [ RunTime:0.001000s ]
INFO: [ app_begin ] --END-- [ RunTime:0.001000s ]
SQL: SHOW COLUMNS FROM `vs_class_type` [ RunTime:0.0190s ]
SQL: SELECT * FROM `vs_class_type` WHERE ( c_pid = 0 )  [ RunTime:0.0180s ]
SQL: SELECT * FROM `vs_class_type` WHERE ( c_pid = 0 )  [ RunTime:0.0190s ]
SQL: SELECT * FROM `vs_class_type` WHERE ( c_pid = 1 )  [ RunTime:0.0200s ]
SQL: SELECT * FROM `vs_class_type` WHERE ( c_pid = 2 )  [ RunTime:0.0190s ]
SQL: SELECT * FROM `vs_class_type` WHERE ( c_pid = 3 )  [ RunTime:0.0190s ]
INFO: [ view_parse ] --START--
INFO: [ template_filter ] --START--
INFO: Run Behavior\ContentReplaceBehavior [ RunTime:0.000000s ]
INFO: [ template_filter ] --END-- [ RunTime:0.000000s ]
INFO: Run Behavior\ParseTemplateBehavior [ RunTime:0.026002s ]
INFO: [ view_parse ] --END-- [ RunTime:0.026002s ]
INFO: [ view_filter ] --START--
INFO: Run Behavior\WriteHtmlCacheBehavior [ RunTime:0.000000s ]
INFO: [ view_filter ] --END-- [ RunTime:0.001000s ]
INFO: [ app_end ] --START--
INFO: Run Behavior\ShowPageTraceBehavior [ RunTime:0.001000s ]
INFO: [ app_end ] --END-- [ RunTime:0.001000s ]

[ 2017-01-05T15:46:07+08:00 ] 127.0.0.1 /Home
INFO: [ app_init ] --START--
INFO: Run Behavior\BuildLiteBehavior [ RunTime:0.000000s ]
INFO: [ app_init ] --END-- [ RunTime:0.000000s ]
INFO: [ app_begin ] --START--
INFO: Run Behavior\ReadHtmlCacheBehavior [ RunTime:0.000000s ]
INFO: [ app_begin ] --END-- [ RunTime:0.000000s ]
SQL: SHOW COLUMNS FROM `vs_class_type` [ RunTime:0.0180s ]
SQL: SELECT * FROM `vs_class_type` WHERE ( c_pid = 0 )  [ RunTime:0.0190s ]
SQL: SELECT * FROM `vs_class_type` WHERE ( c_pid = 0 )  [ RunTime:0.0190s ]
SQL: SELECT * FROM `vs_class_type` WHERE ( c_pid = 1 )  [ RunTime:0.0200s ]
SQL: SELECT * FROM `vs_class_type` WHERE ( c_pid = 2 )  [ RunTime:0.0190s ]
SQL: SELECT * FROM `vs_class_type` WHERE ( c_pid = 3 )  [ RunTime:0.0170s ]
INFO: [ view_parse ] --START--
INFO: [ template_filter ] --START--
INFO: Run Behavior\ContentReplaceBehavior [ RunTime:0.000000s ]
INFO: [ template_filter ] --END-- [ RunTime:0.000000s ]
INFO: Run Behavior\ParseTemplateBehavior [ RunTime:0.034002s ]
INFO: [ view_parse ] --END-- [ RunTime:0.034002s ]
INFO: [ view_filter ] --START--
INFO: Run Behavior\WriteHtmlCacheBehavior [ RunTime:0.000000s ]
INFO: [ view_filter ] --END-- [ RunTime:0.000000s ]
INFO: [ app_end ] --START--
INFO: Run Behavior\ShowPageTraceBehavior [ RunTime:0.000000s ]
INFO: [ app_end ] --END-- [ RunTime:0.000000s ]

[ 2017-01-05T16:35:03+08:00 ] 127.0.0.1 /index.php
INFO: [ app_init ] --START--
INFO: Run Behavior\BuildLiteBehavior [ RunTime:0.000000s ]
INFO: [ app_init ] --END-- [ RunTime:0.001000s ]
INFO: [ app_begin ] --START--
INFO: Run Behavior\ReadHtmlCacheBehavior [ RunTime:0.001000s ]
INFO: [ app_begin ] --END-- [ RunTime:0.001000s ]
SQL: SHOW COLUMNS FROM `vs_class_type` [ RunTime:0.0210s ]
SQL: SELECT * FROM `vs_class_type` WHERE ( c_pid = 0 )  [ RunTime:0.0210s ]
SQL: SELECT * FROM `vs_class_type` WHERE ( c_pid = 0 )  [ RunTime:0.0210s ]
SQL: SELECT * FROM `vs_class_type` WHERE ( c_pid = 1 )  [ RunTime:0.0210s ]
SQL: SELECT * FROM `vs_class_type` WHERE ( c_pid = 2 )  [ RunTime:0.0210s ]
SQL: SELECT * FROM `vs_class_type` WHERE ( c_pid = 3 )  [ RunTime:0.0210s ]
INFO: [ view_parse ] --START--
INFO: [ template_filter ] --START--
INFO: Run Behavior\ContentReplaceBehavior [ RunTime:0.000000s ]
INFO: [ template_filter ] --END-- [ RunTime:0.000000s ]
INFO: Run Behavior\ParseTemplateBehavior [ RunTime:0.029002s ]
INFO: [ view_parse ] --END-- [ RunTime:0.029002s ]
INFO: [ view_filter ] --START--
INFO: Run Behavior\WriteHtmlCacheBehavior [ RunTime:0.001000s ]
INFO: [ view_filter ] --END-- [ RunTime:0.001000s ]
INFO: [ app_end ] --START--
INFO: Run Behavior\ShowPageTraceBehavior [ RunTime:0.002000s ]
INFO: [ app_end ] --END-- [ RunTime:0.002000s ]

