[ 2016-12-15T17:44:12+08:00 ] 101.226.68.215 /Course/Index/index/catid/1.html
INFO: [ app_init ] --START--
INFO: Run Behavior\BuildLiteBehavior [ RunTime:0.000010s ]
INFO: [ app_init ] --END-- [ RunTime:0.000266s ]
INFO: [ app_begin ] --START--
INFO: Run Behavior\ReadHtmlCacheBehavior [ RunTime:0.000379s ]
INFO: [ app_begin ] --END-- [ RunTime:0.000417s ]
SQL: SHOW COLUMNS FROM `vs_class_type` [ RunTime:0.0006s ]
SQL: SELECT c_name as name,c_id as id FROM `vs_class_type` WHERE ( c_pid = 0 )  [ RunTime:0.0001s ]
SQL: SELECT c_name as name,c_id as id,c_pid as pid FROM `vs_class_type` WHERE ( c_pid = 1 and  c_pid != 0 )  [ RunTime:0.0001s ]
SQL: SHOW COLUMNS FROM `vs_course` [ RunTime:0.0006s ]
SQL: SELECT * FROM `vs_course`  [ RunTime:0.0001s ]
INFO: [ view_parse ] --START--
INFO: [ template_filter ] --START--
INFO: Run Behavior\ContentReplaceBehavior [ RunTime:0.000065s ]
INFO: [ template_filter ] --END-- [ RunTime:0.000120s ]
NOTIC: [8] Undefined index: cid /home/wwwroot/v.lvyecms.com/Application/Runtime/Cache/Course/0b0804ffb41c4ff74c52cb03a2859ee0.php 第 74 行.
NOTIC: [8] Undefined index: cid /home/wwwroot/v.lvyecms.com/Application/Runtime/Cache/Course/0b0804ffb41c4ff74c52cb03a2859ee0.php 第 74 行.
NOTIC: [8] Undefined index: cid /home/wwwroot/v.lvyecms.com/Application/Runtime/Cache/Course/0b0804ffb41c4ff74c52cb03a2859ee0.php 第 74 行.
NOTIC: [8] Undefined index: cid /home/wwwroot/v.lvyecms.com/Application/Runtime/Cache/Course/0b0804ffb41c4ff74c52cb03a2859ee0.php 第 74 行.
INFO: Run Behavior\ParseTemplateBehavior [ RunTime:0.015032s ]
INFO: [ view_parse ] --END-- [ RunTime:0.015084s ]
INFO: [ view_filter ] --START--
INFO: Run Behavior\WriteHtmlCacheBehavior [ RunTime:0.000209s ]
INFO: [ view_filter ] --END-- [ RunTime:0.000249s ]
INFO: [ app_end ] --START--
INFO: Run Behavior\ShowPageTraceBehavior [ RunTime:0.000385s ]
INFO: [ app_end ] --END-- [ RunTime:0.000418s ]

[ 2016-12-15T17:44:21+08:00 ] 101.226.33.240 /Course/Index/index/catid/1.html
INFO: [ app_init ] --START--
INFO: Run Behavior\BuildLiteBehavior [ RunTime:0.000010s ]
INFO: [ app_init ] --END-- [ RunTime:0.000270s ]
INFO: [ app_begin ] --START--
INFO: Run Behavior\ReadHtmlCacheBehavior [ RunTime:0.000375s ]
INFO: [ app_begin ] --END-- [ RunTime:0.000411s ]
SQL: SHOW COLUMNS FROM `vs_class_type` [ RunTime:0.0006s ]
SQL: SELECT c_name as name,c_id as id FROM `vs_class_type` WHERE ( c_pid = 0 )  [ RunTime:0.0001s ]
SQL: SELECT c_name as name,c_id as id,c_pid as pid FROM `vs_class_type` WHERE ( c_pid = 1 and  c_pid != 0 )  [ RunTime:0.0002s ]
SQL: SHOW COLUMNS FROM `vs_course` [ RunTime:0.0006s ]
SQL: SELECT * FROM `vs_course`  [ RunTime:0.0001s ]
INFO: [ view_parse ] --START--
INFO: [ template_filter ] --START--
INFO: Run Behavior\ContentReplaceBehavior [ RunTime:0.000040s ]
INFO: [ template_filter ] --END-- [ RunTime:0.000073s ]
NOTIC: [8] Undefined index: cid /home/wwwroot/v.lvyecms.com/Application/Runtime/Cache/Course/0b0804ffb41c4ff74c52cb03a2859ee0.php 第 74 行.
NOTIC: [8] Undefined index: cid /home/wwwroot/v.lvyecms.com/Application/Runtime/Cache/Course/0b0804ffb41c4ff74c52cb03a2859ee0.php 第 74 行.
NOTIC: [8] Undefined index: cid /home/wwwroot/v.lvyecms.com/Application/Runtime/Cache/Course/0b0804ffb41c4ff74c52cb03a2859ee0.php 第 74 行.
NOTIC: [8] Undefined index: cid /home/wwwroot/v.lvyecms.com/Application/Runtime/Cache/Course/0b0804ffb41c4ff74c52cb03a2859ee0.php 第 74 行.
INFO: Run Behavior\ParseTemplateBehavior [ RunTime:0.012527s ]
INFO: [ view_parse ] --END-- [ RunTime:0.012561s ]
INFO: [ view_filter ] --START--
INFO: Run Behavior\WriteHtmlCacheBehavior [ RunTime:0.000172s ]
INFO: [ view_filter ] --END-- [ RunTime:0.000209s ]
INFO: [ app_end ] --START--
INFO: Run Behavior\ShowPageTraceBehavior [ RunTime:0.000380s ]
INFO: [ app_end ] --END-- [ RunTime:0.000413s ]

[ 2016-12-15T22:26:46+08:00 ] 58.19.2.102 /Course/Index/index/catid/1.html
INFO: [ app_init ] --START--
INFO: Run Behavior\BuildLiteBehavior [ RunTime:0.000012s ]
INFO: [ app_init ] --END-- [ RunTime:0.000272s ]
INFO: [ app_begin ] --START--
INFO: Run Behavior\ReadHtmlCacheBehavior [ RunTime:0.000377s ]
INFO: [ app_begin ] --END-- [ RunTime:0.000413s ]
SQL: SHOW COLUMNS FROM `vs_class_type` [ RunTime:0.0006s ]
SQL: SELECT c_name as name,c_id as id FROM `vs_class_type` WHERE ( c_pid = 0 )  [ RunTime:0.0001s ]
SQL: SELECT c_name as name,c_id as id,c_pid as pid FROM `vs_class_type` WHERE ( c_pid = 1 and  c_pid != 0 )  [ RunTime:0.0001s ]
SQL: SHOW COLUMNS FROM `vs_course` [ RunTime:0.0006s ]
SQL: SELECT * FROM `vs_course`  [ RunTime:0.0001s ]
INFO: [ view_parse ] --START--
INFO: [ template_filter ] --START--
INFO: Run Behavior\ContentReplaceBehavior [ RunTime:0.000071s ]
INFO: [ template_filter ] --END-- [ RunTime:0.000129s ]
NOTIC: [8] Undefined index: cid /home/wwwroot/v.lvyecms.com/Application/Runtime/Cache/Course/0b0804ffb41c4ff74c52cb03a2859ee0.php 第 74 行.
NOTIC: [8] Undefined index: cid /home/wwwroot/v.lvyecms.com/Application/Runtime/Cache/Course/0b0804ffb41c4ff74c52cb03a2859ee0.php 第 74 行.
NOTIC: [8] Undefined index: cid /home/wwwroot/v.lvyecms.com/Application/Runtime/Cache/Course/0b0804ffb41c4ff74c52cb03a2859ee0.php 第 74 行.
NOTIC: [8] Undefined index: cid /home/wwwroot/v.lvyecms.com/Application/Runtime/Cache/Course/0b0804ffb41c4ff74c52cb03a2859ee0.php 第 74 行.
INFO: Run Behavior\ParseTemplateBehavior [ RunTime:0.015595s ]
INFO: [ view_parse ] --END-- [ RunTime:0.015657s ]
INFO: [ view_filter ] --START--
INFO: Run Behavior\WriteHtmlCacheBehavior [ RunTime:0.000289s ]
INFO: [ view_filter ] --END-- [ RunTime:0.000327s ]
INFO: [ app_end ] --START--
INFO: Run Behavior\ShowPageTraceBehavior [ RunTime:0.000399s ]
INFO: [ app_end ] --END-- [ RunTime:0.000434s ]

