[ 2016-12-21T09:12:18+08:00 ] 58.48.28.18 /Course/Index/index/catid/3.html
INFO: [ app_init ] --START--
INFO: Run Behavior\BuildLiteBehavior [ RunTime:0.000012s ]
INFO: [ app_init ] --END-- [ RunTime:0.000275s ]
INFO: [ app_begin ] --START--
INFO: Run Behavior\ReadHtmlCacheBehavior [ RunTime:0.000375s ]
INFO: [ app_begin ] --END-- [ RunTime:0.000411s ]
SQL: SHOW COLUMNS FROM `vs_class_type` [ RunTime:0.0005s ]
SQL: SELECT c_name as name,c_id as id FROM `vs_class_type` WHERE ( c_pid = 0 )  [ RunTime:0.0001s ]
SQL: SELECT c_name as name,c_id as id,c_pid as pid FROM `vs_class_type` WHERE ( c_pid = 3 and  c_pid != 0 )  [ RunTime:0.0001s ]
SQL: SHOW COLUMNS FROM `vs_course` [ RunTime:0.0004s ]
SQL: SELECT * FROM `vs_course`  [ RunTime:0.0001s ]
INFO: [ view_parse ] --START--
INFO: [ template_filter ] --START--
INFO: Run Behavior\ContentReplaceBehavior [ RunTime:0.000042s ]
INFO: [ template_filter ] --END-- [ RunTime:0.000075s ]
NOTIC: [8] Undefined index: cid /home/wwwroot/v.lvyecms.com/Application/Runtime/Cache/Course/0b0804ffb41c4ff74c52cb03a2859ee0.php 第 74 行.
NOTIC: [8] Undefined index: cid /home/wwwroot/v.lvyecms.com/Application/Runtime/Cache/Course/0b0804ffb41c4ff74c52cb03a2859ee0.php 第 74 行.
INFO: Run Behavior\ParseTemplateBehavior [ RunTime:0.011885s ]
INFO: [ view_parse ] --END-- [ RunTime:0.011929s ]
INFO: [ view_filter ] --START--
INFO: Run Behavior\WriteHtmlCacheBehavior [ RunTime:0.000275s ]
INFO: [ view_filter ] --END-- [ RunTime:0.000325s ]
INFO: [ app_end ] --START--
INFO: Run Behavior\ShowPageTraceBehavior [ RunTime:0.000690s ]
INFO: [ app_end ] --END-- [ RunTime:0.000743s ]

[ 2016-12-21T09:12:20+08:00 ] 58.48.28.18 /Course/Index/index/catid/3/cid/10.html
INFO: [ app_init ] --START--
INFO: Run Behavior\BuildLiteBehavior [ RunTime:0.000010s ]
INFO: [ app_init ] --END-- [ RunTime:0.000264s ]
INFO: [ app_begin ] --START--
INFO: Run Behavior\ReadHtmlCacheBehavior [ RunTime:0.000366s ]
INFO: [ app_begin ] --END-- [ RunTime:0.000402s ]
SQL: SHOW COLUMNS FROM `vs_class_type` [ RunTime:0.0006s ]
SQL: SELECT c_name as name,c_id as id FROM `vs_class_type` WHERE ( c_pid = 0 )  [ RunTime:0.0001s ]
SQL: SELECT c_name as name,c_id as id,c_pid as pid FROM `vs_class_type` WHERE ( c_pid = 3 and  c_pid != 0 )  [ RunTime:0.0001s ]
SQL: SHOW COLUMNS FROM `vs_course` [ RunTime:0.0006s ]
SQL: SELECT * FROM `vs_course`  [ RunTime:0.0001s ]
INFO: [ view_parse ] --START--
INFO: [ template_filter ] --START--
INFO: Run Behavior\ContentReplaceBehavior [ RunTime:0.000049s ]
INFO: [ template_filter ] --END-- [ RunTime:0.000086s ]
INFO: Run Behavior\ParseTemplateBehavior [ RunTime:0.012853s ]
INFO: [ view_parse ] --END-- [ RunTime:0.012896s ]
INFO: [ view_filter ] --START--
INFO: Run Behavior\WriteHtmlCacheBehavior [ RunTime:0.000181s ]
INFO: [ view_filter ] --END-- [ RunTime:0.000213s ]
INFO: [ app_end ] --START--
INFO: Run Behavior\ShowPageTraceBehavior [ RunTime:0.000403s ]
INFO: [ app_end ] --END-- [ RunTime:0.000437s ]

[ 2016-12-21T09:12:20+08:00 ] 58.48.28.18 /Course/Index/index/catid/3/cid/11.html
INFO: [ app_init ] --START--
INFO: Run Behavior\BuildLiteBehavior [ RunTime:0.000009s ]
INFO: [ app_init ] --END-- [ RunTime:0.000262s ]
INFO: [ app_begin ] --START--
INFO: Run Behavior\ReadHtmlCacheBehavior [ RunTime:0.000383s ]
INFO: [ app_begin ] --END-- [ RunTime:0.000418s ]
SQL: SHOW COLUMNS FROM `vs_class_type` [ RunTime:0.0006s ]
SQL: SELECT c_name as name,c_id as id FROM `vs_class_type` WHERE ( c_pid = 0 )  [ RunTime:0.0001s ]
SQL: SELECT c_name as name,c_id as id,c_pid as pid FROM `vs_class_type` WHERE ( c_pid = 3 and  c_pid != 0 )  [ RunTime:0.0001s ]
SQL: SHOW COLUMNS FROM `vs_course` [ RunTime:0.0006s ]
SQL: SELECT * FROM `vs_course`  [ RunTime:0.0001s ]
INFO: [ view_parse ] --START--
INFO: [ template_filter ] --START--
INFO: Run Behavior\ContentReplaceBehavior [ RunTime:0.000046s ]
INFO: [ template_filter ] --END-- [ RunTime:0.000082s ]
INFO: Run Behavior\ParseTemplateBehavior [ RunTime:0.012755s ]
INFO: [ view_parse ] --END-- [ RunTime:0.012799s ]
INFO: [ view_filter ] --START--
INFO: Run Behavior\WriteHtmlCacheBehavior [ RunTime:0.000175s ]
INFO: [ view_filter ] --END-- [ RunTime:0.000206s ]
INFO: [ app_end ] --START--
INFO: Run Behavior\ShowPageTraceBehavior [ RunTime:0.000399s ]
INFO: [ app_end ] --END-- [ RunTime:0.000433s ]

[ 2016-12-21T09:12:21+08:00 ] 58.48.28.18 /Course/Index/index/catid/1.html
INFO: [ app_init ] --START--
INFO: Run Behavior\BuildLiteBehavior [ RunTime:0.000011s ]
INFO: [ app_init ] --END-- [ RunTime:0.000264s ]
INFO: [ app_begin ] --START--
INFO: Run Behavior\ReadHtmlCacheBehavior [ RunTime:0.000373s ]
INFO: [ app_begin ] --END-- [ RunTime:0.000409s ]
SQL: SHOW COLUMNS FROM `vs_class_type` [ RunTime:0.0005s ]
SQL: SELECT c_name as name,c_id as id FROM `vs_class_type` WHERE ( c_pid = 0 )  [ RunTime:0.0001s ]
SQL: SELECT c_name as name,c_id as id,c_pid as pid FROM `vs_class_type` WHERE ( c_pid = 1 and  c_pid != 0 )  [ RunTime:0.0001s ]
SQL: SHOW COLUMNS FROM `vs_course` [ RunTime:0.0004s ]
SQL: SELECT * FROM `vs_course`  [ RunTime:0.0001s ]
INFO: [ view_parse ] --START--
INFO: [ template_filter ] --START--
INFO: Run Behavior\ContentReplaceBehavior [ RunTime:0.000040s ]
INFO: [ template_filter ] --END-- [ RunTime:0.000075s ]
NOTIC: [8] Undefined index: cid /home/wwwroot/v.lvyecms.com/Application/Runtime/Cache/Course/0b0804ffb41c4ff74c52cb03a2859ee0.php 第 74 行.
NOTIC: [8] Undefined index: cid /home/wwwroot/v.lvyecms.com/Application/Runtime/Cache/Course/0b0804ffb41c4ff74c52cb03a2859ee0.php 第 74 行.
NOTIC: [8] Undefined index: cid /home/wwwroot/v.lvyecms.com/Application/Runtime/Cache/Course/0b0804ffb41c4ff74c52cb03a2859ee0.php 第 74 行.
NOTIC: [8] Undefined index: cid /home/wwwroot/v.lvyecms.com/Application/Runtime/Cache/Course/0b0804ffb41c4ff74c52cb03a2859ee0.php 第 74 行.
INFO: Run Behavior\ParseTemplateBehavior [ RunTime:0.012459s ]
INFO: [ view_parse ] --END-- [ RunTime:0.012502s ]
INFO: [ view_filter ] --START--
INFO: Run Behavior\WriteHtmlCacheBehavior [ RunTime:0.000179s ]
INFO: [ view_filter ] --END-- [ RunTime:0.000210s ]
INFO: [ app_end ] --START--
INFO: Run Behavior\ShowPageTraceBehavior [ RunTime:0.000380s ]
INFO: [ app_end ] --END-- [ RunTime:0.000413s ]

[ 2016-12-21T09:12:23+08:00 ] 58.48.28.18 /Course/Index/index.html
INFO: [ app_init ] --START--
INFO: Run Behavior\BuildLiteBehavior [ RunTime:0.000011s ]
INFO: [ app_init ] --END-- [ RunTime:0.000273s ]
INFO: [ app_begin ] --START--
INFO: Run Behavior\ReadHtmlCacheBehavior [ RunTime:0.000379s ]
INFO: [ app_begin ] --END-- [ RunTime:0.000416s ]
SQL: SHOW COLUMNS FROM `vs_class_type` [ RunTime:0.0007s ]
SQL: SELECT c_name as name,c_id as id FROM `vs_class_type` WHERE ( c_pid = 0 )  [ RunTime:0.0001s ]
SQL: SELECT c_name as name,c_id as id,c_pid as pid FROM `vs_class_type` WHERE (  c_pid != 0 )  [ RunTime:0.0001s ]
SQL: SHOW COLUMNS FROM `vs_course` [ RunTime:0.0005s ]
SQL: SELECT * FROM `vs_course`  [ RunTime:0.0001s ]
INFO: [ view_parse ] --START--
INFO: [ template_filter ] --START--
INFO: Run Behavior\ContentReplaceBehavior [ RunTime:0.000072s ]
INFO: [ template_filter ] --END-- [ RunTime:0.000128s ]
NOTIC: [8] Undefined index: catid /home/wwwroot/v.lvyecms.com/Application/Runtime/Cache/Course/0b0804ffb41c4ff74c52cb03a2859ee0.php 第 61 行.
NOTIC: [8] Undefined index: catid /home/wwwroot/v.lvyecms.com/Application/Runtime/Cache/Course/0b0804ffb41c4ff74c52cb03a2859ee0.php 第 61 行.
NOTIC: [8] Undefined index: catid /home/wwwroot/v.lvyecms.com/Application/Runtime/Cache/Course/0b0804ffb41c4ff74c52cb03a2859ee0.php 第 61 行.
NOTIC: [8] Undefined index: cid /home/wwwroot/v.lvyecms.com/Application/Runtime/Cache/Course/0b0804ffb41c4ff74c52cb03a2859ee0.php 第 74 行.
NOTIC: [8] Undefined index: cid /home/wwwroot/v.lvyecms.com/Application/Runtime/Cache/Course/0b0804ffb41c4ff74c52cb03a2859ee0.php 第 74 行.
NOTIC: [8] Undefined index: cid /home/wwwroot/v.lvyecms.com/Application/Runtime/Cache/Course/0b0804ffb41c4ff74c52cb03a2859ee0.php 第 74 行.
NOTIC: [8] Undefined index: cid /home/wwwroot/v.lvyecms.com/Application/Runtime/Cache/Course/0b0804ffb41c4ff74c52cb03a2859ee0.php 第 74 行.
NOTIC: [8] Undefined index: cid /home/wwwroot/v.lvyecms.com/Application/Runtime/Cache/Course/0b0804ffb41c4ff74c52cb03a2859ee0.php 第 74 行.
NOTIC: [8] Undefined index: cid /home/wwwroot/v.lvyecms.com/Application/Runtime/Cache/Course/0b0804ffb41c4ff74c52cb03a2859ee0.php 第 74 行.
NOTIC: [8] Undefined index: cid /home/wwwroot/v.lvyecms.com/Application/Runtime/Cache/Course/0b0804ffb41c4ff74c52cb03a2859ee0.php 第 74 行.
NOTIC: [8] Undefined index: cid /home/wwwroot/v.lvyecms.com/Application/Runtime/Cache/Course/0b0804ffb41c4ff74c52cb03a2859ee0.php 第 74 行.
INFO: Run Behavior\ParseTemplateBehavior [ RunTime:0.014973s ]
INFO: [ view_parse ] --END-- [ RunTime:0.015017s ]
INFO: [ view_filter ] --START--
INFO: Run Behavior\WriteHtmlCacheBehavior [ RunTime:0.000177s ]
INFO: [ view_filter ] --END-- [ RunTime:0.000209s ]
INFO: [ app_end ] --START--
INFO: Run Behavior\ShowPageTraceBehavior [ RunTime:0.000401s ]
INFO: [ app_end ] --END-- [ RunTime:0.000436s ]

[ 2016-12-21T09:12:24+08:00 ] 58.48.28.18 /Course/Index/index/catid/2/cid/9.html
INFO: [ app_init ] --START--
INFO: Run Behavior\BuildLiteBehavior [ RunTime:0.000011s ]
INFO: [ app_init ] --END-- [ RunTime:0.000277s ]
INFO: [ app_begin ] --START--
INFO: Run Behavior\ReadHtmlCacheBehavior [ RunTime:0.000395s ]
INFO: [ app_begin ] --END-- [ RunTime:0.000430s ]
SQL: SHOW COLUMNS FROM `vs_class_type` [ RunTime:0.0005s ]
SQL: SELECT c_name as name,c_id as id FROM `vs_class_type` WHERE ( c_pid = 0 )  [ RunTime:0.0001s ]
SQL: SELECT c_name as name,c_id as id,c_pid as pid FROM `vs_class_type` WHERE ( c_pid = 2 and  c_pid != 0 )  [ RunTime:0.0001s ]
SQL: SHOW COLUMNS FROM `vs_course` [ RunTime:0.0003s ]
SQL: SELECT * FROM `vs_course`  [ RunTime:0.0001s ]
INFO: [ view_parse ] --START--
INFO: [ template_filter ] --START--
INFO: Run Behavior\ContentReplaceBehavior [ RunTime:0.000045s ]
INFO: [ template_filter ] --END-- [ RunTime:0.000081s ]
INFO: Run Behavior\ParseTemplateBehavior [ RunTime:0.012263s ]
INFO: [ view_parse ] --END-- [ RunTime:0.012298s ]
INFO: [ view_filter ] --START--
INFO: Run Behavior\WriteHtmlCacheBehavior [ RunTime:0.000174s ]
INFO: [ view_filter ] --END-- [ RunTime:0.000205s ]
INFO: [ app_end ] --START--
INFO: Run Behavior\ShowPageTraceBehavior [ RunTime:0.000390s ]
INFO: [ app_end ] --END-- [ RunTime:0.000425s ]

[ 2016-12-21T09:12:26+08:00 ] 58.48.28.18 /Course/Index/index/catid/2/cid/9.html
INFO: [ app_init ] --START--
INFO: Run Behavior\BuildLiteBehavior [ RunTime:0.000010s ]
INFO: [ app_init ] --END-- [ RunTime:0.000270s ]
INFO: [ app_begin ] --START--
INFO: Run Behavior\ReadHtmlCacheBehavior [ RunTime:0.000387s ]
INFO: [ app_begin ] --END-- [ RunTime:0.000423s ]
SQL: SHOW COLUMNS FROM `vs_class_type` [ RunTime:0.0007s ]
SQL: SELECT c_name as name,c_id as id FROM `vs_class_type` WHERE ( c_pid = 0 )  [ RunTime:0.0001s ]
SQL: SELECT c_name as name,c_id as id,c_pid as pid FROM `vs_class_type` WHERE ( c_pid = 2 and  c_pid != 0 )  [ RunTime:0.0001s ]
SQL: SHOW COLUMNS FROM `vs_course` [ RunTime:0.0005s ]
SQL: SELECT * FROM `vs_course`  [ RunTime:0.0002s ]
INFO: [ view_parse ] --START--
INFO: [ template_filter ] --START--
INFO: Run Behavior\ContentReplaceBehavior [ RunTime:0.000070s ]
INFO: [ template_filter ] --END-- [ RunTime:0.000133s ]
INFO: Run Behavior\ParseTemplateBehavior [ RunTime:0.015367s ]
INFO: [ view_parse ] --END-- [ RunTime:0.015410s ]
INFO: [ view_filter ] --START--
INFO: Run Behavior\WriteHtmlCacheBehavior [ RunTime:0.000184s ]
INFO: [ view_filter ] --END-- [ RunTime:0.000216s ]
INFO: [ app_end ] --START--
INFO: Run Behavior\ShowPageTraceBehavior [ RunTime:0.000389s ]
INFO: [ app_end ] --END-- [ RunTime:0.000423s ]

[ 2016-12-21T09:12:31+08:00 ] 58.48.28.18 /Course/Index/index.html
INFO: [ app_init ] --START--
INFO: Run Behavior\BuildLiteBehavior [ RunTime:0.000010s ]
INFO: [ app_init ] --END-- [ RunTime:0.000263s ]
INFO: [ app_begin ] --START--
INFO: Run Behavior\ReadHtmlCacheBehavior [ RunTime:0.000368s ]
INFO: [ app_begin ] --END-- [ RunTime:0.000404s ]
SQL: SHOW COLUMNS FROM `vs_class_type` [ RunTime:0.0008s ]
SQL: SELECT c_name as name,c_id as id FROM `vs_class_type` WHERE ( c_pid = 0 )  [ RunTime:0.0003s ]
SQL: SELECT c_name as name,c_id as id,c_pid as pid FROM `vs_class_type` WHERE (  c_pid != 0 )  [ RunTime:0.0002s ]
SQL: SHOW COLUMNS FROM `vs_course` [ RunTime:0.0007s ]
SQL: SELECT * FROM `vs_course`  [ RunTime:0.0001s ]
INFO: [ view_parse ] --START--
INFO: [ template_filter ] --START--
INFO: Run Behavior\ContentReplaceBehavior [ RunTime:0.000074s ]
INFO: [ template_filter ] --END-- [ RunTime:0.000130s ]
NOTIC: [8] Undefined index: catid /home/wwwroot/v.lvyecms.com/Application/Runtime/Cache/Course/0b0804ffb41c4ff74c52cb03a2859ee0.php 第 61 行.
NOTIC: [8] Undefined index: catid /home/wwwroot/v.lvyecms.com/Application/Runtime/Cache/Course/0b0804ffb41c4ff74c52cb03a2859ee0.php 第 61 行.
NOTIC: [8] Undefined index: catid /home/wwwroot/v.lvyecms.com/Application/Runtime/Cache/Course/0b0804ffb41c4ff74c52cb03a2859ee0.php 第 61 行.
NOTIC: [8] Undefined index: cid /home/wwwroot/v.lvyecms.com/Application/Runtime/Cache/Course/0b0804ffb41c4ff74c52cb03a2859ee0.php 第 74 行.
NOTIC: [8] Undefined index: cid /home/wwwroot/v.lvyecms.com/Application/Runtime/Cache/Course/0b0804ffb41c4ff74c52cb03a2859ee0.php 第 74 行.
NOTIC: [8] Undefined index: cid /home/wwwroot/v.lvyecms.com/Application/Runtime/Cache/Course/0b0804ffb41c4ff74c52cb03a2859ee0.php 第 74 行.
NOTIC: [8] Undefined index: cid /home/wwwroot/v.lvyecms.com/Application/Runtime/Cache/Course/0b0804ffb41c4ff74c52cb03a2859ee0.php 第 74 行.
NOTIC: [8] Undefined index: cid /home/wwwroot/v.lvyecms.com/Application/Runtime/Cache/Course/0b0804ffb41c4ff74c52cb03a2859ee0.php 第 74 行.
NOTIC: [8] Undefined index: cid /home/wwwroot/v.lvyecms.com/Application/Runtime/Cache/Course/0b0804ffb41c4ff74c52cb03a2859ee0.php 第 74 行.
NOTIC: [8] Undefined index: cid /home/wwwroot/v.lvyecms.com/Application/Runtime/Cache/Course/0b0804ffb41c4ff74c52cb03a2859ee0.php 第 74 行.
NOTIC: [8] Undefined index: cid /home/wwwroot/v.lvyecms.com/Application/Runtime/Cache/Course/0b0804ffb41c4ff74c52cb03a2859ee0.php 第 74 行.
INFO: Run Behavior\ParseTemplateBehavior [ RunTime:0.015227s ]
INFO: [ view_parse ] --END-- [ RunTime:0.015283s ]
INFO: [ view_filter ] --START--
INFO: Run Behavior\WriteHtmlCacheBehavior [ RunTime:0.000278s ]
INFO: [ view_filter ] --END-- [ RunTime:0.000328s ]
INFO: [ app_end ] --START--
INFO: Run Behavior\ShowPageTraceBehavior [ RunTime:0.000652s ]
INFO: [ app_end ] --END-- [ RunTime:0.000706s ]

[ 2016-12-21T09:18:49+08:00 ] 58.48.28.18 /Course/Index/index/catid/1.html
INFO: [ app_init ] --START--
INFO: Run Behavior\BuildLiteBehavior [ RunTime:0.000011s ]
INFO: [ app_init ] --END-- [ RunTime:0.000280s ]
INFO: [ app_begin ] --START--
INFO: Run Behavior\ReadHtmlCacheBehavior [ RunTime:0.000382s ]
INFO: [ app_begin ] --END-- [ RunTime:0.000419s ]
SQL: SHOW COLUMNS FROM `vs_class_type` [ RunTime:0.0005s ]
SQL: SELECT c_name as name,c_id as id FROM `vs_class_type` WHERE ( c_pid = 0 )  [ RunTime:0.0001s ]
SQL: SELECT c_name as name,c_id as id,c_pid as pid FROM `vs_class_type` WHERE ( c_pid = 1 and  c_pid != 0 )  [ RunTime:0.0001s ]
SQL: SHOW COLUMNS FROM `vs_course` [ RunTime:0.0003s ]
SQL: SELECT * FROM `vs_course`  [ RunTime:0.0001s ]
INFO: [ view_parse ] --START--
INFO: [ template_filter ] --START--
INFO: Run Behavior\ContentReplaceBehavior [ RunTime:0.000041s ]
INFO: [ template_filter ] --END-- [ RunTime:0.000076s ]
NOTIC: [8] Undefined index: cid /home/wwwroot/v.lvyecms.com/Application/Runtime/Cache/Course/0b0804ffb41c4ff74c52cb03a2859ee0.php 第 74 行.
NOTIC: [8] Undefined index: cid /home/wwwroot/v.lvyecms.com/Application/Runtime/Cache/Course/0b0804ffb41c4ff74c52cb03a2859ee0.php 第 74 行.
NOTIC: [8] Undefined index: cid /home/wwwroot/v.lvyecms.com/Application/Runtime/Cache/Course/0b0804ffb41c4ff74c52cb03a2859ee0.php 第 74 行.
NOTIC: [8] Undefined index: cid /home/wwwroot/v.lvyecms.com/Application/Runtime/Cache/Course/0b0804ffb41c4ff74c52cb03a2859ee0.php 第 74 行.
INFO: Run Behavior\ParseTemplateBehavior [ RunTime:0.011181s ]
INFO: [ view_parse ] --END-- [ RunTime:0.011214s ]
INFO: [ view_filter ] --START--
INFO: Run Behavior\WriteHtmlCacheBehavior [ RunTime:0.000180s ]
INFO: [ view_filter ] --END-- [ RunTime:0.000211s ]
INFO: [ app_end ] --START--
INFO: Run Behavior\ShowPageTraceBehavior [ RunTime:0.000380s ]
INFO: [ app_end ] --END-- [ RunTime:0.000413s ]

[ 2016-12-21T09:18:52+08:00 ] 58.48.28.18 /Course/Index/index/catid/1/cid/4.html
INFO: [ app_init ] --START--
INFO: Run Behavior\BuildLiteBehavior [ RunTime:0.000011s ]
INFO: [ app_init ] --END-- [ RunTime:0.000277s ]
INFO: [ app_begin ] --START--
INFO: Run Behavior\ReadHtmlCacheBehavior [ RunTime:0.000381s ]
INFO: [ app_begin ] --END-- [ RunTime:0.000417s ]
SQL: SHOW COLUMNS FROM `vs_class_type` [ RunTime:0.0007s ]
SQL: SELECT c_name as name,c_id as id FROM `vs_class_type` WHERE ( c_pid = 0 )  [ RunTime:0.0001s ]
SQL: SELECT c_name as name,c_id as id,c_pid as pid FROM `vs_class_type` WHERE ( c_pid = 1 and  c_pid != 0 )  [ RunTime:0.0001s ]
SQL: SHOW COLUMNS FROM `vs_course` [ RunTime:0.0005s ]
SQL: SELECT * FROM `vs_course`  [ RunTime:0.0001s ]
INFO: [ view_parse ] --START--
INFO: [ template_filter ] --START--
INFO: Run Behavior\ContentReplaceBehavior [ RunTime:0.000073s ]
INFO: [ template_filter ] --END-- [ RunTime:0.000130s ]
INFO: Run Behavior\ParseTemplateBehavior [ RunTime:0.015195s ]
INFO: [ view_parse ] --END-- [ RunTime:0.015254s ]
INFO: [ view_filter ] --START--
INFO: Run Behavior\WriteHtmlCacheBehavior [ RunTime:0.000277s ]
INFO: [ view_filter ] --END-- [ RunTime:0.000327s ]
INFO: [ app_end ] --START--
INFO: Run Behavior\ShowPageTraceBehavior [ RunTime:0.000628s ]
INFO: [ app_end ] --END-- [ RunTime:0.000680s ]

[ 2016-12-21T09:18:54+08:00 ] 58.48.28.18 /Course/Index/index.html
INFO: [ app_init ] --START--
INFO: Run Behavior\BuildLiteBehavior [ RunTime:0.000010s ]
INFO: [ app_init ] --END-- [ RunTime:0.000268s ]
INFO: [ app_begin ] --START--
INFO: Run Behavior\ReadHtmlCacheBehavior [ RunTime:0.000381s ]
INFO: [ app_begin ] --END-- [ RunTime:0.000417s ]
SQL: SHOW COLUMNS FROM `vs_class_type` [ RunTime:0.0005s ]
SQL: SELECT c_name as name,c_id as id FROM `vs_class_type` WHERE ( c_pid = 0 )  [ RunTime:0.0001s ]
SQL: SELECT c_name as name,c_id as id,c_pid as pid FROM `vs_class_type` WHERE (  c_pid != 0 )  [ RunTime:0.0001s ]
SQL: SHOW COLUMNS FROM `vs_course` [ RunTime:0.0004s ]
SQL: SELECT * FROM `vs_course`  [ RunTime:0.0001s ]
INFO: [ view_parse ] --START--
INFO: [ template_filter ] --START--
INFO: Run Behavior\ContentReplaceBehavior [ RunTime:0.000044s ]
INFO: [ template_filter ] --END-- [ RunTime:0.000079s ]
NOTIC: [8] Undefined index: catid /home/wwwroot/v.lvyecms.com/Application/Runtime/Cache/Course/0b0804ffb41c4ff74c52cb03a2859ee0.php 第 61 行.
NOTIC: [8] Undefined index: catid /home/wwwroot/v.lvyecms.com/Application/Runtime/Cache/Course/0b0804ffb41c4ff74c52cb03a2859ee0.php 第 61 行.
NOTIC: [8] Undefined index: catid /home/wwwroot/v.lvyecms.com/Application/Runtime/Cache/Course/0b0804ffb41c4ff74c52cb03a2859ee0.php 第 61 行.
NOTIC: [8] Undefined index: cid /home/wwwroot/v.lvyecms.com/Application/Runtime/Cache/Course/0b0804ffb41c4ff74c52cb03a2859ee0.php 第 74 行.
NOTIC: [8] Undefined index: cid /home/wwwroot/v.lvyecms.com/Application/Runtime/Cache/Course/0b0804ffb41c4ff74c52cb03a2859ee0.php 第 74 行.
NOTIC: [8] Undefined index: cid /home/wwwroot/v.lvyecms.com/Application/Runtime/Cache/Course/0b0804ffb41c4ff74c52cb03a2859ee0.php 第 74 行.
NOTIC: [8] Undefined index: cid /home/wwwroot/v.lvyecms.com/Application/Runtime/Cache/Course/0b0804ffb41c4ff74c52cb03a2859ee0.php 第 74 行.
NOTIC: [8] Undefined index: cid /home/wwwroot/v.lvyecms.com/Application/Runtime/Cache/Course/0b0804ffb41c4ff74c52cb03a2859ee0.php 第 74 行.
NOTIC: [8] Undefined index: cid /home/wwwroot/v.lvyecms.com/Application/Runtime/Cache/Course/0b0804ffb41c4ff74c52cb03a2859ee0.php 第 74 行.
NOTIC: [8] Undefined index: cid /home/wwwroot/v.lvyecms.com/Application/Runtime/Cache/Course/0b0804ffb41c4ff74c52cb03a2859ee0.php 第 74 行.
NOTIC: [8] Undefined index: cid /home/wwwroot/v.lvyecms.com/Application/Runtime/Cache/Course/0b0804ffb41c4ff74c52cb03a2859ee0.php 第 74 行.
INFO: Run Behavior\ParseTemplateBehavior [ RunTime:0.013366s ]
INFO: [ view_parse ] --END-- [ RunTime:0.013402s ]
INFO: [ view_filter ] --START--
INFO: Run Behavior\WriteHtmlCacheBehavior [ RunTime:0.000174s ]
INFO: [ view_filter ] --END-- [ RunTime:0.000205s ]
INFO: [ app_end ] --START--
INFO: Run Behavior\ShowPageTraceBehavior [ RunTime:0.000381s ]
INFO: [ app_end ] --END-- [ RunTime:0.000414s ]

[ 2016-12-21T09:20:16+08:00 ] 58.48.28.18 /Course/Index/index/cid/4.html
INFO: [ app_init ] --START--
INFO: Run Behavior\BuildLiteBehavior [ RunTime:0.000017s ]
INFO: [ app_init ] --END-- [ RunTime:0.000437s ]
INFO: [ app_begin ] --START--
INFO: Run Behavior\ReadHtmlCacheBehavior [ RunTime:0.000384s ]
INFO: [ app_begin ] --END-- [ RunTime:0.000421s ]
SQL: SHOW COLUMNS FROM `vs_class_type` [ RunTime:0.0006s ]
SQL: SELECT c_name as name,c_id as id FROM `vs_class_type` WHERE ( c_pid = 0 )  [ RunTime:0.0001s ]
SQL: SELECT c_name as name,c_id as id,c_pid as pid FROM `vs_class_type` WHERE (  c_pid != 0 )  [ RunTime:0.0001s ]
SQL: SHOW COLUMNS FROM `vs_course` [ RunTime:0.0004s ]
SQL: SELECT * FROM `vs_course`  [ RunTime:0.0001s ]
INFO: [ view_parse ] --START--
INFO: [ template_filter ] --START--
INFO: Run Behavior\ContentReplaceBehavior [ RunTime:0.000045s ]
INFO: [ template_filter ] --END-- [ RunTime:0.000079s ]
NOTIC: [8] Undefined index: catid /home/wwwroot/v.lvyecms.com/Application/Runtime/Cache/Course/0b0804ffb41c4ff74c52cb03a2859ee0.php 第 61 行.
NOTIC: [8] Undefined index: catid /home/wwwroot/v.lvyecms.com/Application/Runtime/Cache/Course/0b0804ffb41c4ff74c52cb03a2859ee0.php 第 61 行.
NOTIC: [8] Undefined index: catid /home/wwwroot/v.lvyecms.com/Application/Runtime/Cache/Course/0b0804ffb41c4ff74c52cb03a2859ee0.php 第 61 行.
INFO: Run Behavior\ParseTemplateBehavior [ RunTime:0.013480s ]
INFO: [ view_parse ] --END-- [ RunTime:0.013524s ]
INFO: [ view_filter ] --START--
INFO: Run Behavior\WriteHtmlCacheBehavior [ RunTime:0.000174s ]
INFO: [ view_filter ] --END-- [ RunTime:0.000205s ]
INFO: [ app_end ] --START--
INFO: Run Behavior\ShowPageTraceBehavior [ RunTime:0.000383s ]
INFO: [ app_end ] --END-- [ RunTime:0.000416s ]

[ 2016-12-21T10:44:44+08:00 ] 58.48.28.18 /Course/Index/index.html
INFO: [ app_init ] --START--
INFO: Run Behavior\BuildLiteBehavior [ RunTime:0.000010s ]
INFO: [ app_init ] --END-- [ RunTime:0.000266s ]
INFO: [ app_begin ] --START--
INFO: Run Behavior\ReadHtmlCacheBehavior [ RunTime:0.000370s ]
INFO: [ app_begin ] --END-- [ RunTime:0.000407s ]
SQL: SHOW COLUMNS FROM `vs_class_type` [ RunTime:0.0007s ]
SQL: SELECT c_name as name,c_id as id FROM `vs_class_type` WHERE ( c_pid = 0 )  [ RunTime:0.0001s ]
SQL: SELECT c_name as name,c_id as id,c_pid as pid FROM `vs_class_type` WHERE (  c_pid != 0 )  [ RunTime:0.0001s ]
SQL: SHOW COLUMNS FROM `vs_course` [ RunTime:0.0006s ]
SQL: SELECT * FROM `vs_course`  [ RunTime:0.0002s ]
INFO: [ view_parse ] --START--
INFO: [ template_filter ] --START--
INFO: Run Behavior\ContentReplaceBehavior [ RunTime:0.000073s ]
INFO: [ template_filter ] --END-- [ RunTime:0.000130s ]
NOTIC: [8] Undefined index: catid /home/wwwroot/v.lvyecms.com/Application/Runtime/Cache/Course/0b0804ffb41c4ff74c52cb03a2859ee0.php 第 61 行.
NOTIC: [8] Undefined index: catid /home/wwwroot/v.lvyecms.com/Application/Runtime/Cache/Course/0b0804ffb41c4ff74c52cb03a2859ee0.php 第 61 行.
NOTIC: [8] Undefined index: catid /home/wwwroot/v.lvyecms.com/Application/Runtime/Cache/Course/0b0804ffb41c4ff74c52cb03a2859ee0.php 第 61 行.
NOTIC: [8] Undefined index: cid /home/wwwroot/v.lvyecms.com/Application/Runtime/Cache/Course/0b0804ffb41c4ff74c52cb03a2859ee0.php 第 74 行.
NOTIC: [8] Undefined index: cid /home/wwwroot/v.lvyecms.com/Application/Runtime/Cache/Course/0b0804ffb41c4ff74c52cb03a2859ee0.php 第 74 行.
NOTIC: [8] Undefined index: cid /home/wwwroot/v.lvyecms.com/Application/Runtime/Cache/Course/0b0804ffb41c4ff74c52cb03a2859ee0.php 第 74 行.
NOTIC: [8] Undefined index: cid /home/wwwroot/v.lvyecms.com/Application/Runtime/Cache/Course/0b0804ffb41c4ff74c52cb03a2859ee0.php 第 74 行.
NOTIC: [8] Undefined index: cid /home/wwwroot/v.lvyecms.com/Application/Runtime/Cache/Course/0b0804ffb41c4ff74c52cb03a2859ee0.php 第 74 行.
NOTIC: [8] Undefined index: cid /home/wwwroot/v.lvyecms.com/Application/Runtime/Cache/Course/0b0804ffb41c4ff74c52cb03a2859ee0.php 第 74 行.
NOTIC: [8] Undefined index: cid /home/wwwroot/v.lvyecms.com/Application/Runtime/Cache/Course/0b0804ffb41c4ff74c52cb03a2859ee0.php 第 74 行.
NOTIC: [8] Undefined index: cid /home/wwwroot/v.lvyecms.com/Application/Runtime/Cache/Course/0b0804ffb41c4ff74c52cb03a2859ee0.php 第 74 行.
INFO: Run Behavior\ParseTemplateBehavior [ RunTime:0.015399s ]
INFO: [ view_parse ] --END-- [ RunTime:0.015455s ]
INFO: [ view_filter ] --START--
INFO: Run Behavior\WriteHtmlCacheBehavior [ RunTime:0.000288s ]
INFO: [ view_filter ] --END-- [ RunTime:0.000338s ]
INFO: [ app_end ] --START--
INFO: Run Behavior\ShowPageTraceBehavior [ RunTime:0.000664s ]
INFO: [ app_end ] --END-- [ RunTime:0.000719s ]

[ 2016-12-21T10:44:47+08:00 ] 58.48.28.18 /Course/Index/index.html
INFO: [ app_init ] --START--
INFO: Run Behavior\BuildLiteBehavior [ RunTime:0.000011s ]
INFO: [ app_init ] --END-- [ RunTime:0.000266s ]
INFO: [ app_begin ] --START--
INFO: Run Behavior\ReadHtmlCacheBehavior [ RunTime:0.000375s ]
INFO: [ app_begin ] --END-- [ RunTime:0.000411s ]
SQL: SHOW COLUMNS FROM `vs_class_type` [ RunTime:0.0012s ]
SQL: SELECT c_name as name,c_id as id FROM `vs_class_type` WHERE ( c_pid = 0 )  [ RunTime:0.0001s ]
SQL: SELECT c_name as name,c_id as id,c_pid as pid FROM `vs_class_type` WHERE (  c_pid != 0 )  [ RunTime:0.0001s ]
SQL: SHOW COLUMNS FROM `vs_course` [ RunTime:0.0005s ]
SQL: SELECT * FROM `vs_course`  [ RunTime:0.0001s ]
INFO: [ view_parse ] --START--
INFO: [ template_filter ] --START--
INFO: Run Behavior\ContentReplaceBehavior [ RunTime:0.000065s ]
INFO: [ template_filter ] --END-- [ RunTime:0.000119s ]
NOTIC: [8] Undefined index: catid /home/wwwroot/v.lvyecms.com/Application/Runtime/Cache/Course/0b0804ffb41c4ff74c52cb03a2859ee0.php 第 61 行.
NOTIC: [8] Undefined index: catid /home/wwwroot/v.lvyecms.com/Application/Runtime/Cache/Course/0b0804ffb41c4ff74c52cb03a2859ee0.php 第 61 行.
NOTIC: [8] Undefined index: catid /home/wwwroot/v.lvyecms.com/Application/Runtime/Cache/Course/0b0804ffb41c4ff74c52cb03a2859ee0.php 第 61 行.
NOTIC: [8] Undefined index: cid /home/wwwroot/v.lvyecms.com/Application/Runtime/Cache/Course/0b0804ffb41c4ff74c52cb03a2859ee0.php 第 74 行.
NOTIC: [8] Undefined index: cid /home/wwwroot/v.lvyecms.com/Application/Runtime/Cache/Course/0b0804ffb41c4ff74c52cb03a2859ee0.php 第 74 行.
NOTIC: [8] Undefined index: cid /home/wwwroot/v.lvyecms.com/Application/Runtime/Cache/Course/0b0804ffb41c4ff74c52cb03a2859ee0.php 第 74 行.
NOTIC: [8] Undefined index: cid /home/wwwroot/v.lvyecms.com/Application/Runtime/Cache/Course/0b0804ffb41c4ff74c52cb03a2859ee0.php 第 74 行.
NOTIC: [8] Undefined index: cid /home/wwwroot/v.lvyecms.com/Application/Runtime/Cache/Course/0b0804ffb41c4ff74c52cb03a2859ee0.php 第 74 行.
NOTIC: [8] Undefined index: cid /home/wwwroot/v.lvyecms.com/Application/Runtime/Cache/Course/0b0804ffb41c4ff74c52cb03a2859ee0.php 第 74 行.
NOTIC: [8] Undefined index: cid /home/wwwroot/v.lvyecms.com/Application/Runtime/Cache/Course/0b0804ffb41c4ff74c52cb03a2859ee0.php 第 74 行.
NOTIC: [8] Undefined index: cid /home/wwwroot/v.lvyecms.com/Application/Runtime/Cache/Course/0b0804ffb41c4ff74c52cb03a2859ee0.php 第 74 行.
INFO: Run Behavior\ParseTemplateBehavior [ RunTime:0.015223s ]
INFO: [ view_parse ] --END-- [ RunTime:0.015278s ]
INFO: [ view_filter ] --START--
INFO: Run Behavior\WriteHtmlCacheBehavior [ RunTime:0.000276s ]
INFO: [ view_filter ] --END-- [ RunTime:0.000325s ]
INFO: [ app_end ] --START--
INFO: Run Behavior\ShowPageTraceBehavior [ RunTime:0.000615s ]
INFO: [ app_end ] --END-- [ RunTime:0.000668s ]

[ 2016-12-21T10:57:03+08:00 ] 58.48.28.18 /Course/Index/index.html
INFO: [ app_init ] --START--
INFO: Run Behavior\BuildLiteBehavior [ RunTime:0.000010s ]
INFO: [ app_init ] --END-- [ RunTime:0.000266s ]
INFO: [ app_begin ] --START--
INFO: Run Behavior\ReadHtmlCacheBehavior [ RunTime:0.000369s ]
INFO: [ app_begin ] --END-- [ RunTime:0.000405s ]
SQL: SHOW COLUMNS FROM `vs_class_type` [ RunTime:0.0008s ]
SQL: SELECT c_name as name,c_id as id FROM `vs_class_type` WHERE ( c_pid = 0 )  [ RunTime:0.0001s ]
SQL: SELECT c_name as name,c_id as id,c_pid as pid FROM `vs_class_type` WHERE (  c_pid != 0 )  [ RunTime:0.0001s ]
SQL: SHOW COLUMNS FROM `vs_course` [ RunTime:0.0005s ]
SQL: SELECT * FROM `vs_course`  [ RunTime:0.0001s ]
INFO: [ view_parse ] --START--
INFO: [ template_filter ] --START--
INFO: Run Behavior\ContentReplaceBehavior [ RunTime:0.000049s ]
INFO: [ template_filter ] --END-- [ RunTime:0.000085s ]
NOTIC: [8] Undefined index: catid /home/wwwroot/v.lvyecms.com/Application/Runtime/Cache/Course/0b0804ffb41c4ff74c52cb03a2859ee0.php 第 61 行.
NOTIC: [8] Undefined index: catid /home/wwwroot/v.lvyecms.com/Application/Runtime/Cache/Course/0b0804ffb41c4ff74c52cb03a2859ee0.php 第 61 行.
NOTIC: [8] Undefined index: catid /home/wwwroot/v.lvyecms.com/Application/Runtime/Cache/Course/0b0804ffb41c4ff74c52cb03a2859ee0.php 第 61 行.
NOTIC: [8] Undefined index: cid /home/wwwroot/v.lvyecms.com/Application/Runtime/Cache/Course/0b0804ffb41c4ff74c52cb03a2859ee0.php 第 74 行.
NOTIC: [8] Undefined index: cid /home/wwwroot/v.lvyecms.com/Application/Runtime/Cache/Course/0b0804ffb41c4ff74c52cb03a2859ee0.php 第 74 行.
NOTIC: [8] Undefined index: cid /home/wwwroot/v.lvyecms.com/Application/Runtime/Cache/Course/0b0804ffb41c4ff74c52cb03a2859ee0.php 第 74 行.
NOTIC: [8] Undefined index: cid /home/wwwroot/v.lvyecms.com/Application/Runtime/Cache/Course/0b0804ffb41c4ff74c52cb03a2859ee0.php 第 74 行.
NOTIC: [8] Undefined index: cid /home/wwwroot/v.lvyecms.com/Application/Runtime/Cache/Course/0b0804ffb41c4ff74c52cb03a2859ee0.php 第 74 行.
NOTIC: [8] Undefined index: cid /home/wwwroot/v.lvyecms.com/Application/Runtime/Cache/Course/0b0804ffb41c4ff74c52cb03a2859ee0.php 第 74 行.
NOTIC: [8] Undefined index: cid /home/wwwroot/v.lvyecms.com/Application/Runtime/Cache/Course/0b0804ffb41c4ff74c52cb03a2859ee0.php 第 74 行.
NOTIC: [8] Undefined index: cid /home/wwwroot/v.lvyecms.com/Application/Runtime/Cache/Course/0b0804ffb41c4ff74c52cb03a2859ee0.php 第 74 行.
INFO: Run Behavior\ParseTemplateBehavior [ RunTime:0.013052s ]
INFO: [ view_parse ] --END-- [ RunTime:0.013097s ]
INFO: [ view_filter ] --START--
INFO: Run Behavior\WriteHtmlCacheBehavior [ RunTime:0.000176s ]
INFO: [ view_filter ] --END-- [ RunTime:0.000207s ]
INFO: [ app_end ] --START--
INFO: Run Behavior\ShowPageTraceBehavior [ RunTime:0.000404s ]
INFO: [ app_end ] --END-- [ RunTime:0.000438s ]

[ 2016-12-21T13:53:24+08:00 ] 58.48.28.18 /Course/Index/index.html
INFO: [ app_init ] --START--
INFO: Run Behavior\BuildLiteBehavior [ RunTime:0.000011s ]
INFO: [ app_init ] --END-- [ RunTime:0.000265s ]
INFO: [ app_begin ] --START--
INFO: Run Behavior\ReadHtmlCacheBehavior [ RunTime:0.000368s ]
INFO: [ app_begin ] --END-- [ RunTime:0.000404s ]
SQL: SHOW COLUMNS FROM `vs_class_type` [ RunTime:0.0007s ]
SQL: SELECT c_name as name,c_id as id FROM `vs_class_type` WHERE ( c_pid = 0 )  [ RunTime:0.0001s ]
SQL: SELECT c_name as name,c_id as id,c_pid as pid FROM `vs_class_type` WHERE (  c_pid != 0 )  [ RunTime:0.0001s ]
SQL: SHOW COLUMNS FROM `vs_course` [ RunTime:0.0005s ]
SQL: SELECT * FROM `vs_course`  [ RunTime:0.0001s ]
INFO: [ view_parse ] --START--
INFO: [ template_filter ] --START--
INFO: Run Behavior\ContentReplaceBehavior [ RunTime:0.000067s ]
INFO: [ template_filter ] --END-- [ RunTime:0.000122s ]
NOTIC: [8] Undefined index: catid /home/wwwroot/v.lvyecms.com/Application/Runtime/Cache/Course/0b0804ffb41c4ff74c52cb03a2859ee0.php 第 61 行.
NOTIC: [8] Undefined index: catid /home/wwwroot/v.lvyecms.com/Application/Runtime/Cache/Course/0b0804ffb41c4ff74c52cb03a2859ee0.php 第 61 行.
NOTIC: [8] Undefined index: catid /home/wwwroot/v.lvyecms.com/Application/Runtime/Cache/Course/0b0804ffb41c4ff74c52cb03a2859ee0.php 第 61 行.
NOTIC: [8] Undefined index: cid /home/wwwroot/v.lvyecms.com/Application/Runtime/Cache/Course/0b0804ffb41c4ff74c52cb03a2859ee0.php 第 74 行.
NOTIC: [8] Undefined index: cid /home/wwwroot/v.lvyecms.com/Application/Runtime/Cache/Course/0b0804ffb41c4ff74c52cb03a2859ee0.php 第 74 行.
NOTIC: [8] Undefined index: cid /home/wwwroot/v.lvyecms.com/Application/Runtime/Cache/Course/0b0804ffb41c4ff74c52cb03a2859ee0.php 第 74 行.
NOTIC: [8] Undefined index: cid /home/wwwroot/v.lvyecms.com/Application/Runtime/Cache/Course/0b0804ffb41c4ff74c52cb03a2859ee0.php 第 74 行.
NOTIC: [8] Undefined index: cid /home/wwwroot/v.lvyecms.com/Application/Runtime/Cache/Course/0b0804ffb41c4ff74c52cb03a2859ee0.php 第 74 行.
NOTIC: [8] Undefined index: cid /home/wwwroot/v.lvyecms.com/Application/Runtime/Cache/Course/0b0804ffb41c4ff74c52cb03a2859ee0.php 第 74 行.
NOTIC: [8] Undefined index: cid /home/wwwroot/v.lvyecms.com/Application/Runtime/Cache/Course/0b0804ffb41c4ff74c52cb03a2859ee0.php 第 74 行.
NOTIC: [8] Undefined index: cid /home/wwwroot/v.lvyecms.com/Application/Runtime/Cache/Course/0b0804ffb41c4ff74c52cb03a2859ee0.php 第 74 行.
INFO: Run Behavior\ParseTemplateBehavior [ RunTime:0.015317s ]
INFO: [ view_parse ] --END-- [ RunTime:0.015371s ]
INFO: [ view_filter ] --START--
INFO: Run Behavior\WriteHtmlCacheBehavior [ RunTime:0.000275s ]
INFO: [ view_filter ] --END-- [ RunTime:0.000325s ]
INFO: [ app_end ] --START--
INFO: Run Behavior\ShowPageTraceBehavior [ RunTime:0.000615s ]
INFO: [ app_end ] --END-- [ RunTime:0.000669s ]

[ 2016-12-21T15:23:00+08:00 ] 58.48.28.18 /Course/Index/index.html
INFO: [ app_init ] --START--
INFO: Run Behavior\BuildLiteBehavior [ RunTime:0.000010s ]
INFO: [ app_init ] --END-- [ RunTime:0.000268s ]
INFO: [ app_begin ] --START--
INFO: Run Behavior\ReadHtmlCacheBehavior [ RunTime:0.000370s ]
INFO: [ app_begin ] --END-- [ RunTime:0.000406s ]
SQL: SHOW COLUMNS FROM `vs_class_type` [ RunTime:0.0007s ]
SQL: SELECT c_name as name,c_id as id FROM `vs_class_type` WHERE ( c_pid = 0 )  [ RunTime:0.0001s ]
SQL: SELECT c_name as name,c_id as id,c_pid as pid FROM `vs_class_type` WHERE (  c_pid != 0 )  [ RunTime:0.0001s ]
SQL: SHOW COLUMNS FROM `vs_course` [ RunTime:0.0005s ]
SQL: SELECT * FROM `vs_course`  [ RunTime:0.0003s ]
INFO: [ view_parse ] --START--
INFO: [ template_filter ] --START--
INFO: Run Behavior\ContentReplaceBehavior [ RunTime:0.000073s ]
INFO: [ template_filter ] --END-- [ RunTime:0.000130s ]
NOTIC: [8] Undefined index: catid /home/wwwroot/v.lvyecms.com/Application/Runtime/Cache/Course/0b0804ffb41c4ff74c52cb03a2859ee0.php 第 61 行.
NOTIC: [8] Undefined index: catid /home/wwwroot/v.lvyecms.com/Application/Runtime/Cache/Course/0b0804ffb41c4ff74c52cb03a2859ee0.php 第 61 行.
NOTIC: [8] Undefined index: catid /home/wwwroot/v.lvyecms.com/Application/Runtime/Cache/Course/0b0804ffb41c4ff74c52cb03a2859ee0.php 第 61 行.
NOTIC: [8] Undefined index: cid /home/wwwroot/v.lvyecms.com/Application/Runtime/Cache/Course/0b0804ffb41c4ff74c52cb03a2859ee0.php 第 74 行.
NOTIC: [8] Undefined index: cid /home/wwwroot/v.lvyecms.com/Application/Runtime/Cache/Course/0b0804ffb41c4ff74c52cb03a2859ee0.php 第 74 行.
NOTIC: [8] Undefined index: cid /home/wwwroot/v.lvyecms.com/Application/Runtime/Cache/Course/0b0804ffb41c4ff74c52cb03a2859ee0.php 第 74 行.
NOTIC: [8] Undefined index: cid /home/wwwroot/v.lvyecms.com/Application/Runtime/Cache/Course/0b0804ffb41c4ff74c52cb03a2859ee0.php 第 74 行.
NOTIC: [8] Undefined index: cid /home/wwwroot/v.lvyecms.com/Application/Runtime/Cache/Course/0b0804ffb41c4ff74c52cb03a2859ee0.php 第 74 行.
NOTIC: [8] Undefined index: cid /home/wwwroot/v.lvyecms.com/Application/Runtime/Cache/Course/0b0804ffb41c4ff74c52cb03a2859ee0.php 第 74 行.
NOTIC: [8] Undefined index: cid /home/wwwroot/v.lvyecms.com/Application/Runtime/Cache/Course/0b0804ffb41c4ff74c52cb03a2859ee0.php 第 74 行.
NOTIC: [8] Undefined index: cid /home/wwwroot/v.lvyecms.com/Application/Runtime/Cache/Course/0b0804ffb41c4ff74c52cb03a2859ee0.php 第 74 行.
INFO: Run Behavior\ParseTemplateBehavior [ RunTime:0.015856s ]
INFO: [ view_parse ] --END-- [ RunTime:0.015912s ]
INFO: [ view_filter ] --START--
INFO: Run Behavior\WriteHtmlCacheBehavior [ RunTime:0.000280s ]
INFO: [ view_filter ] --END-- [ RunTime:0.000330s ]
INFO: [ app_end ] --START--
INFO: Run Behavior\ShowPageTraceBehavior [ RunTime:0.000520s ]
INFO: [ app_end ] --END-- [ RunTime:0.000562s ]

