[ 2016-12-19T14:31:30+08:00 ] 58.48.28.18 /Course/Index/index/cid/4.html
INFO: [ app_init ] --START--
INFO: Run Behavior\BuildLiteBehavior [ RunTime:0.000011s ]
INFO: [ app_init ] --END-- [ RunTime:0.000268s ]
INFO: [ app_begin ] --START--
INFO: Run Behavior\ReadHtmlCacheBehavior [ RunTime:0.000378s ]
INFO: [ app_begin ] --END-- [ RunTime:0.000414s ]
SQL: SHOW COLUMNS FROM `vs_class_type` [ RunTime:0.0007s ]
SQL: SELECT c_name as name,c_id as id FROM `vs_class_type` WHERE ( c_pid = 0 )  [ RunTime:0.0001s ]
SQL: SELECT c_name as name,c_id as id,c_pid as pid FROM `vs_class_type` WHERE (  c_pid != 0 )  [ RunTime:0.0001s ]
SQL: SHOW COLUMNS FROM `vs_course` [ RunTime:0.0007s ]
SQL: SELECT * FROM `vs_course`  [ RunTime:0.0002s ]
INFO: [ view_parse ] --START--
INFO: [ template_filter ] --START--
INFO: Run Behavior\ContentReplaceBehavior [ RunTime:0.000070s ]
INFO: [ template_filter ] --END-- [ RunTime:0.000125s ]
NOTIC: [8] Undefined index: catid /home/wwwroot/v.lvyecms.com/Application/Runtime/Cache/Course/0b0804ffb41c4ff74c52cb03a2859ee0.php 第 61 行.
NOTIC: [8] Undefined index: catid /home/wwwroot/v.lvyecms.com/Application/Runtime/Cache/Course/0b0804ffb41c4ff74c52cb03a2859ee0.php 第 61 行.
NOTIC: [8] Undefined index: catid /home/wwwroot/v.lvyecms.com/Application/Runtime/Cache/Course/0b0804ffb41c4ff74c52cb03a2859ee0.php 第 61 行.
INFO: Run Behavior\ParseTemplateBehavior [ RunTime:0.015763s ]
INFO: [ view_parse ] --END-- [ RunTime:0.015805s ]
INFO: [ view_filter ] --START--
INFO: Run Behavior\WriteHtmlCacheBehavior [ RunTime:0.000177s ]
INFO: [ view_filter ] --END-- [ RunTime:0.000208s ]
INFO: [ app_end ] --START--
INFO: Run Behavior\ShowPageTraceBehavior [ RunTime:0.000395s ]
INFO: [ app_end ] --END-- [ RunTime:0.000428s ]

[ 2016-12-19T14:31:34+08:00 ] 58.48.28.18 /Course/Index/index/catid/1/cid/4.html
INFO: [ app_init ] --START--
INFO: Run Behavior\BuildLiteBehavior [ RunTime:0.000011s ]
INFO: [ app_init ] --END-- [ RunTime:0.000280s ]
INFO: [ app_begin ] --START--
INFO: Run Behavior\ReadHtmlCacheBehavior [ RunTime:0.000436s ]
INFO: [ app_begin ] --END-- [ RunTime:0.000472s ]
SQL: SHOW COLUMNS FROM `vs_class_type` [ RunTime:0.0007s ]
SQL: SELECT c_name as name,c_id as id FROM `vs_class_type` WHERE ( c_pid = 0 )  [ RunTime:0.0001s ]
SQL: SELECT c_name as name,c_id as id,c_pid as pid FROM `vs_class_type` WHERE ( c_pid = 1 and  c_pid != 0 )  [ RunTime:0.0001s ]
SQL: SHOW COLUMNS FROM `vs_course` [ RunTime:0.0007s ]
SQL: SELECT * FROM `vs_course`  [ RunTime:0.0001s ]
INFO: [ view_parse ] --START--
INFO: [ template_filter ] --START--
INFO: Run Behavior\ContentReplaceBehavior [ RunTime:0.000070s ]
INFO: [ template_filter ] --END-- [ RunTime:0.000125s ]
INFO: Run Behavior\ParseTemplateBehavior [ RunTime:0.014835s ]
INFO: [ view_parse ] --END-- [ RunTime:0.014891s ]
INFO: [ view_filter ] --START--
INFO: Run Behavior\WriteHtmlCacheBehavior [ RunTime:0.000200s ]
INFO: [ view_filter ] --END-- [ RunTime:0.000237s ]
INFO: [ app_end ] --START--
INFO: Run Behavior\ShowPageTraceBehavior [ RunTime:0.000395s ]
INFO: [ app_end ] --END-- [ RunTime:0.000428s ]

[ 2016-12-19T14:31:37+08:00 ] 58.48.28.18 /Course/Index/index/catid/3.html
INFO: [ app_init ] --START--
INFO: Run Behavior\BuildLiteBehavior [ RunTime:0.000011s ]
INFO: [ app_init ] --END-- [ RunTime:0.000272s ]
INFO: [ app_begin ] --START--
INFO: Run Behavior\ReadHtmlCacheBehavior [ RunTime:0.000377s ]
INFO: [ app_begin ] --END-- [ RunTime:0.000413s ]
SQL: SHOW COLUMNS FROM `vs_class_type` [ RunTime:0.0007s ]
SQL: SELECT c_name as name,c_id as id FROM `vs_class_type` WHERE ( c_pid = 0 )  [ RunTime:0.0001s ]
SQL: SELECT c_name as name,c_id as id,c_pid as pid FROM `vs_class_type` WHERE ( c_pid = 3 and  c_pid != 0 )  [ RunTime:0.0001s ]
SQL: SHOW COLUMNS FROM `vs_course` [ RunTime:0.0007s ]
SQL: SELECT * FROM `vs_course`  [ RunTime:0.0002s ]
INFO: [ view_parse ] --START--
INFO: [ template_filter ] --START--
INFO: Run Behavior\ContentReplaceBehavior [ RunTime:0.000071s ]
INFO: [ template_filter ] --END-- [ RunTime:0.000128s ]
NOTIC: [8] Undefined index: cid /home/wwwroot/v.lvyecms.com/Application/Runtime/Cache/Course/0b0804ffb41c4ff74c52cb03a2859ee0.php 第 74 行.
NOTIC: [8] Undefined index: cid /home/wwwroot/v.lvyecms.com/Application/Runtime/Cache/Course/0b0804ffb41c4ff74c52cb03a2859ee0.php 第 74 行.
INFO: Run Behavior\ParseTemplateBehavior [ RunTime:0.014917s ]
INFO: [ view_parse ] --END-- [ RunTime:0.014971s ]
INFO: [ view_filter ] --START--
INFO: Run Behavior\WriteHtmlCacheBehavior [ RunTime:0.000281s ]
INFO: [ view_filter ] --END-- [ RunTime:0.000330s ]
INFO: [ app_end ] --START--
INFO: Run Behavior\ShowPageTraceBehavior [ RunTime:0.000622s ]
INFO: [ app_end ] --END-- [ RunTime:0.000676s ]

[ 2016-12-19T14:31:40+08:00 ] 58.48.28.18 /Course/Index/index/catid/3/cid/11.html
INFO: [ app_init ] --START--
INFO: Run Behavior\BuildLiteBehavior [ RunTime:0.000011s ]
INFO: [ app_init ] --END-- [ RunTime:0.000282s ]
INFO: [ app_begin ] --START--
INFO: Run Behavior\ReadHtmlCacheBehavior [ RunTime:0.000395s ]
INFO: [ app_begin ] --END-- [ RunTime:0.000431s ]
SQL: SHOW COLUMNS FROM `vs_class_type` [ RunTime:0.0007s ]
SQL: SELECT c_name as name,c_id as id FROM `vs_class_type` WHERE ( c_pid = 0 )  [ RunTime:0.0001s ]
SQL: SELECT c_name as name,c_id as id,c_pid as pid FROM `vs_class_type` WHERE ( c_pid = 3 and  c_pid != 0 )  [ RunTime:0.0001s ]
SQL: SHOW COLUMNS FROM `vs_course` [ RunTime:0.0007s ]
SQL: SELECT * FROM `vs_course`  [ RunTime:0.0002s ]
INFO: [ view_parse ] --START--
INFO: [ template_filter ] --START--
INFO: Run Behavior\ContentReplaceBehavior [ RunTime:0.000071s ]
INFO: [ template_filter ] --END-- [ RunTime:0.000127s ]
INFO: Run Behavior\ParseTemplateBehavior [ RunTime:0.015810s ]
INFO: [ view_parse ] --END-- [ RunTime:0.015855s ]
INFO: [ view_filter ] --START--
INFO: Run Behavior\WriteHtmlCacheBehavior [ RunTime:0.000177s ]
INFO: [ view_filter ] --END-- [ RunTime:0.000208s ]
INFO: [ app_end ] --START--
INFO: Run Behavior\ShowPageTraceBehavior [ RunTime:0.000390s ]
INFO: [ app_end ] --END-- [ RunTime:0.000423s ]

[ 2016-12-19T14:44:18+08:00 ] 58.48.28.18 /Course/Index/index/catid/1.html
INFO: [ app_init ] --START--
INFO: Run Behavior\BuildLiteBehavior [ RunTime:0.000011s ]
INFO: [ app_init ] --END-- [ RunTime:0.000274s ]
INFO: [ app_begin ] --START--
INFO: Run Behavior\ReadHtmlCacheBehavior [ RunTime:0.000385s ]
INFO: [ app_begin ] --END-- [ RunTime:0.000421s ]
SQL: SHOW COLUMNS FROM `vs_class_type` [ RunTime:0.0007s ]
SQL: SELECT c_name as name,c_id as id FROM `vs_class_type` WHERE ( c_pid = 0 )  [ RunTime:0.0001s ]
SQL: SELECT c_name as name,c_id as id,c_pid as pid FROM `vs_class_type` WHERE ( c_pid = 1 and  c_pid != 0 )  [ RunTime:0.0001s ]
SQL: SHOW COLUMNS FROM `vs_course` [ RunTime:0.0007s ]
SQL: SELECT * FROM `vs_course`  [ RunTime:0.0001s ]
INFO: [ view_parse ] --START--
INFO: [ template_filter ] --START--
INFO: Run Behavior\ContentReplaceBehavior [ RunTime:0.000042s ]
INFO: [ template_filter ] --END-- [ RunTime:0.000078s ]
NOTIC: [8] Undefined index: cid /home/wwwroot/v.lvyecms.com/Application/Runtime/Cache/Course/0b0804ffb41c4ff74c52cb03a2859ee0.php 第 74 行.
NOTIC: [8] Undefined index: cid /home/wwwroot/v.lvyecms.com/Application/Runtime/Cache/Course/0b0804ffb41c4ff74c52cb03a2859ee0.php 第 74 行.
NOTIC: [8] Undefined index: cid /home/wwwroot/v.lvyecms.com/Application/Runtime/Cache/Course/0b0804ffb41c4ff74c52cb03a2859ee0.php 第 74 行.
NOTIC: [8] Undefined index: cid /home/wwwroot/v.lvyecms.com/Application/Runtime/Cache/Course/0b0804ffb41c4ff74c52cb03a2859ee0.php 第 74 行.
INFO: Run Behavior\ParseTemplateBehavior [ RunTime:0.013530s ]
INFO: [ view_parse ] --END-- [ RunTime:0.013571s ]
INFO: [ view_filter ] --START--
INFO: Run Behavior\WriteHtmlCacheBehavior [ RunTime:0.000173s ]
INFO: [ view_filter ] --END-- [ RunTime:0.000204s ]
INFO: [ app_end ] --START--
INFO: Run Behavior\ShowPageTraceBehavior [ RunTime:0.000432s ]
INFO: [ app_end ] --END-- [ RunTime:0.000466s ]

[ 2016-12-19T14:44:20+08:00 ] 58.48.28.18 /Course/Index/index/catid/2.html
INFO: [ app_init ] --START--
INFO: Run Behavior\BuildLiteBehavior [ RunTime:0.000016s ]
INFO: [ app_init ] --END-- [ RunTime:0.000419s ]
INFO: [ app_begin ] --START--
INFO: Run Behavior\ReadHtmlCacheBehavior [ RunTime:0.000582s ]
INFO: [ app_begin ] --END-- [ RunTime:0.000626s ]
SQL: SHOW COLUMNS FROM `vs_class_type` [ RunTime:0.0007s ]
SQL: SELECT c_name as name,c_id as id FROM `vs_class_type` WHERE ( c_pid = 0 )  [ RunTime:0.0001s ]
SQL: SELECT c_name as name,c_id as id,c_pid as pid FROM `vs_class_type` WHERE ( c_pid = 2 and  c_pid != 0 )  [ RunTime:0.0001s ]
SQL: SHOW COLUMNS FROM `vs_course` [ RunTime:0.0007s ]
SQL: SELECT * FROM `vs_course`  [ RunTime:0.0001s ]
INFO: [ view_parse ] --START--
INFO: [ template_filter ] --START--
INFO: Run Behavior\ContentReplaceBehavior [ RunTime:0.000045s ]
INFO: [ template_filter ] --END-- [ RunTime:0.000082s ]
NOTIC: [8] Undefined index: cid /home/wwwroot/v.lvyecms.com/Application/Runtime/Cache/Course/0b0804ffb41c4ff74c52cb03a2859ee0.php 第 74 行.
NOTIC: [8] Undefined index: cid /home/wwwroot/v.lvyecms.com/Application/Runtime/Cache/Course/0b0804ffb41c4ff74c52cb03a2859ee0.php 第 74 行.
INFO: Run Behavior\ParseTemplateBehavior [ RunTime:0.013334s ]
INFO: [ view_parse ] --END-- [ RunTime:0.013376s ]
INFO: [ view_filter ] --START--
INFO: Run Behavior\WriteHtmlCacheBehavior [ RunTime:0.000178s ]
INFO: [ view_filter ] --END-- [ RunTime:0.000220s ]
INFO: [ app_end ] --START--
INFO: Run Behavior\ShowPageTraceBehavior [ RunTime:0.000399s ]
INFO: [ app_end ] --END-- [ RunTime:0.000433s ]

[ 2016-12-19T14:44:21+08:00 ] 58.48.28.18 /Course/Index/index/catid/2/cid/8.html
INFO: [ app_init ] --START--
INFO: Run Behavior\BuildLiteBehavior [ RunTime:0.000014s ]
INFO: [ app_init ] --END-- [ RunTime:0.000412s ]
INFO: [ app_begin ] --START--
INFO: Run Behavior\ReadHtmlCacheBehavior [ RunTime:0.000606s ]
INFO: [ app_begin ] --END-- [ RunTime:0.000665s ]
SQL: SHOW COLUMNS FROM `vs_class_type` [ RunTime:0.0006s ]
SQL: SELECT c_name as name,c_id as id FROM `vs_class_type` WHERE ( c_pid = 0 )  [ RunTime:0.0001s ]
SQL: SELECT c_name as name,c_id as id,c_pid as pid FROM `vs_class_type` WHERE ( c_pid = 2 and  c_pid != 0 )  [ RunTime:0.0001s ]
SQL: SHOW COLUMNS FROM `vs_course` [ RunTime:0.0006s ]
SQL: SELECT * FROM `vs_course`  [ RunTime:0.0001s ]
INFO: [ view_parse ] --START--
INFO: [ template_filter ] --START--
INFO: Run Behavior\ContentReplaceBehavior [ RunTime:0.000070s ]
INFO: [ template_filter ] --END-- [ RunTime:0.000127s ]
INFO: Run Behavior\ParseTemplateBehavior [ RunTime:0.014600s ]
INFO: [ view_parse ] --END-- [ RunTime:0.014645s ]
INFO: [ view_filter ] --START--
INFO: Run Behavior\WriteHtmlCacheBehavior [ RunTime:0.000182s ]
INFO: [ view_filter ] --END-- [ RunTime:0.000213s ]
INFO: [ app_end ] --START--
INFO: Run Behavior\ShowPageTraceBehavior [ RunTime:0.000396s ]
INFO: [ app_end ] --END-- [ RunTime:0.000429s ]

[ 2016-12-19T14:44:21+08:00 ] 58.48.28.18 /Course/Index/index/catid/2/cid/9.html
INFO: [ app_init ] --START--
INFO: Run Behavior\BuildLiteBehavior [ RunTime:0.000014s ]
INFO: [ app_init ] --END-- [ RunTime:0.000413s ]
INFO: [ app_begin ] --START--
INFO: Run Behavior\ReadHtmlCacheBehavior [ RunTime:0.000611s ]
INFO: [ app_begin ] --END-- [ RunTime:0.000668s ]
SQL: SHOW COLUMNS FROM `vs_class_type` [ RunTime:0.0006s ]
SQL: SELECT c_name as name,c_id as id FROM `vs_class_type` WHERE ( c_pid = 0 )  [ RunTime:0.0001s ]
SQL: SELECT c_name as name,c_id as id,c_pid as pid FROM `vs_class_type` WHERE ( c_pid = 2 and  c_pid != 0 )  [ RunTime:0.0001s ]
SQL: SHOW COLUMNS FROM `vs_course` [ RunTime:0.0006s ]
SQL: SELECT * FROM `vs_course`  [ RunTime:0.0001s ]
INFO: [ view_parse ] --START--
INFO: [ template_filter ] --START--
INFO: Run Behavior\ContentReplaceBehavior [ RunTime:0.000045s ]
INFO: [ template_filter ] --END-- [ RunTime:0.000080s ]
INFO: Run Behavior\ParseTemplateBehavior [ RunTime:0.022624s ]
INFO: [ view_parse ] --END-- [ RunTime:0.022680s ]
INFO: [ view_filter ] --START--
INFO: Run Behavior\WriteHtmlCacheBehavior [ RunTime:0.000299s ]
INFO: [ view_filter ] --END-- [ RunTime:0.000350s ]
INFO: [ app_end ] --START--
INFO: Run Behavior\ShowPageTraceBehavior [ RunTime:0.000616s ]
INFO: [ app_end ] --END-- [ RunTime:0.000669s ]

[ 2016-12-19T14:44:23+08:00 ] 58.48.28.18 /Course/Index/index/catid/2/cid/9.html
INFO: [ app_init ] --START--
INFO: Run Behavior\BuildLiteBehavior [ RunTime:0.000010s ]
INFO: [ app_init ] --END-- [ RunTime:0.000266s ]
INFO: [ app_begin ] --START--
INFO: Run Behavior\ReadHtmlCacheBehavior [ RunTime:0.000388s ]
INFO: [ app_begin ] --END-- [ RunTime:0.000423s ]
SQL: SHOW COLUMNS FROM `vs_class_type` [ RunTime:0.0007s ]
SQL: SELECT c_name as name,c_id as id FROM `vs_class_type` WHERE ( c_pid = 0 )  [ RunTime:0.0001s ]
SQL: SELECT c_name as name,c_id as id,c_pid as pid FROM `vs_class_type` WHERE ( c_pid = 2 and  c_pid != 0 )  [ RunTime:0.0001s ]
SQL: SHOW COLUMNS FROM `vs_course` [ RunTime:0.0007s ]
SQL: SELECT * FROM `vs_course`  [ RunTime:0.0001s ]
INFO: [ view_parse ] --START--
INFO: [ template_filter ] --START--
INFO: Run Behavior\ContentReplaceBehavior [ RunTime:0.000068s ]
INFO: [ template_filter ] --END-- [ RunTime:0.000125s ]
INFO: Run Behavior\ParseTemplateBehavior [ RunTime:0.015011s ]
INFO: [ view_parse ] --END-- [ RunTime:0.015067s ]
INFO: [ view_filter ] --START--
INFO: Run Behavior\WriteHtmlCacheBehavior [ RunTime:0.000278s ]
INFO: [ view_filter ] --END-- [ RunTime:0.000328s ]
INFO: [ app_end ] --START--
INFO: Run Behavior\ShowPageTraceBehavior [ RunTime:0.000485s ]
INFO: [ app_end ] --END-- [ RunTime:0.000526s ]

[ 2016-12-19T14:44:27+08:00 ] 58.48.28.18 /Course/Index/index.html
INFO: [ app_init ] --START--
INFO: Run Behavior\BuildLiteBehavior [ RunTime:0.000016s ]
INFO: [ app_init ] --END-- [ RunTime:0.000439s ]
INFO: [ app_begin ] --START--
INFO: Run Behavior\ReadHtmlCacheBehavior [ RunTime:0.000388s ]
INFO: [ app_begin ] --END-- [ RunTime:0.000425s ]
SQL: SHOW COLUMNS FROM `vs_class_type` [ RunTime:0.0007s ]
SQL: SELECT c_name as name,c_id as id FROM `vs_class_type` WHERE ( c_pid = 0 )  [ RunTime:0.0001s ]
SQL: SELECT c_name as name,c_id as id,c_pid as pid FROM `vs_class_type` WHERE (  c_pid != 0 )  [ RunTime:0.0001s ]
SQL: SHOW COLUMNS FROM `vs_course` [ RunTime:0.0007s ]
SQL: SELECT * FROM `vs_course`  [ RunTime:0.0002s ]
INFO: [ view_parse ] --START--
INFO: [ template_filter ] --START--
INFO: Run Behavior\ContentReplaceBehavior [ RunTime:0.000046s ]
INFO: [ template_filter ] --END-- [ RunTime:0.000081s ]
NOTIC: [8] Undefined index: catid /home/wwwroot/v.lvyecms.com/Application/Runtime/Cache/Course/0b0804ffb41c4ff74c52cb03a2859ee0.php 第 61 行.
NOTIC: [8] Undefined index: catid /home/wwwroot/v.lvyecms.com/Application/Runtime/Cache/Course/0b0804ffb41c4ff74c52cb03a2859ee0.php 第 61 行.
NOTIC: [8] Undefined index: catid /home/wwwroot/v.lvyecms.com/Application/Runtime/Cache/Course/0b0804ffb41c4ff74c52cb03a2859ee0.php 第 61 行.
NOTIC: [8] Undefined index: cid /home/wwwroot/v.lvyecms.com/Application/Runtime/Cache/Course/0b0804ffb41c4ff74c52cb03a2859ee0.php 第 74 行.
NOTIC: [8] Undefined index: cid /home/wwwroot/v.lvyecms.com/Application/Runtime/Cache/Course/0b0804ffb41c4ff74c52cb03a2859ee0.php 第 74 行.
NOTIC: [8] Undefined index: cid /home/wwwroot/v.lvyecms.com/Application/Runtime/Cache/Course/0b0804ffb41c4ff74c52cb03a2859ee0.php 第 74 行.
NOTIC: [8] Undefined index: cid /home/wwwroot/v.lvyecms.com/Application/Runtime/Cache/Course/0b0804ffb41c4ff74c52cb03a2859ee0.php 第 74 行.
NOTIC: [8] Undefined index: cid /home/wwwroot/v.lvyecms.com/Application/Runtime/Cache/Course/0b0804ffb41c4ff74c52cb03a2859ee0.php 第 74 行.
NOTIC: [8] Undefined index: cid /home/wwwroot/v.lvyecms.com/Application/Runtime/Cache/Course/0b0804ffb41c4ff74c52cb03a2859ee0.php 第 74 行.
NOTIC: [8] Undefined index: cid /home/wwwroot/v.lvyecms.com/Application/Runtime/Cache/Course/0b0804ffb41c4ff74c52cb03a2859ee0.php 第 74 行.
NOTIC: [8] Undefined index: cid /home/wwwroot/v.lvyecms.com/Application/Runtime/Cache/Course/0b0804ffb41c4ff74c52cb03a2859ee0.php 第 74 行.
INFO: Run Behavior\ParseTemplateBehavior [ RunTime:0.022103s ]
INFO: [ view_parse ] --END-- [ RunTime:0.022158s ]
INFO: [ view_filter ] --START--
INFO: Run Behavior\WriteHtmlCacheBehavior [ RunTime:0.000277s ]
INFO: [ view_filter ] --END-- [ RunTime:0.000327s ]
INFO: [ app_end ] --START--
INFO: Run Behavior\ShowPageTraceBehavior [ RunTime:0.000619s ]
INFO: [ app_end ] --END-- [ RunTime:0.000673s ]

[ 2016-12-19T14:46:09+08:00 ] 58.48.28.18 /Course/Index/index.html
INFO: [ app_init ] --START--
INFO: Run Behavior\BuildLiteBehavior [ RunTime:0.000016s ]
INFO: [ app_init ] --END-- [ RunTime:0.000426s ]
INFO: [ app_begin ] --START--
INFO: Run Behavior\ReadHtmlCacheBehavior [ RunTime:0.000610s ]
INFO: [ app_begin ] --END-- [ RunTime:0.000668s ]
SQL: SHOW COLUMNS FROM `vs_class_type` [ RunTime:0.0006s ]
SQL: SELECT c_name as name,c_id as id FROM `vs_class_type` WHERE ( c_pid = 0 )  [ RunTime:0.0001s ]
SQL: SELECT c_name as name,c_id as id,c_pid as pid FROM `vs_class_type` WHERE (  c_pid != 0 )  [ RunTime:0.0001s ]
SQL: SHOW COLUMNS FROM `vs_course` [ RunTime:0.0006s ]
SQL: SELECT * FROM `vs_course`  [ RunTime:0.0001s ]
INFO: [ view_parse ] --START--
INFO: [ template_filter ] --START--
INFO: Run Behavior\ContentReplaceBehavior [ RunTime:0.000065s ]
INFO: [ template_filter ] --END-- [ RunTime:0.000119s ]
NOTIC: [8] Undefined index: catid /home/wwwroot/v.lvyecms.com/Application/Runtime/Cache/Course/0b0804ffb41c4ff74c52cb03a2859ee0.php 第 61 行.
NOTIC: [8] Undefined index: catid /home/wwwroot/v.lvyecms.com/Application/Runtime/Cache/Course/0b0804ffb41c4ff74c52cb03a2859ee0.php 第 61 行.
NOTIC: [8] Undefined index: catid /home/wwwroot/v.lvyecms.com/Application/Runtime/Cache/Course/0b0804ffb41c4ff74c52cb03a2859ee0.php 第 61 行.
NOTIC: [8] Undefined index: cid /home/wwwroot/v.lvyecms.com/Application/Runtime/Cache/Course/0b0804ffb41c4ff74c52cb03a2859ee0.php 第 74 行.
NOTIC: [8] Undefined index: cid /home/wwwroot/v.lvyecms.com/Application/Runtime/Cache/Course/0b0804ffb41c4ff74c52cb03a2859ee0.php 第 74 行.
NOTIC: [8] Undefined index: cid /home/wwwroot/v.lvyecms.com/Application/Runtime/Cache/Course/0b0804ffb41c4ff74c52cb03a2859ee0.php 第 74 行.
NOTIC: [8] Undefined index: cid /home/wwwroot/v.lvyecms.com/Application/Runtime/Cache/Course/0b0804ffb41c4ff74c52cb03a2859ee0.php 第 74 行.
NOTIC: [8] Undefined index: cid /home/wwwroot/v.lvyecms.com/Application/Runtime/Cache/Course/0b0804ffb41c4ff74c52cb03a2859ee0.php 第 74 行.
NOTIC: [8] Undefined index: cid /home/wwwroot/v.lvyecms.com/Application/Runtime/Cache/Course/0b0804ffb41c4ff74c52cb03a2859ee0.php 第 74 行.
NOTIC: [8] Undefined index: cid /home/wwwroot/v.lvyecms.com/Application/Runtime/Cache/Course/0b0804ffb41c4ff74c52cb03a2859ee0.php 第 74 行.
NOTIC: [8] Undefined index: cid /home/wwwroot/v.lvyecms.com/Application/Runtime/Cache/Course/0b0804ffb41c4ff74c52cb03a2859ee0.php 第 74 行.
INFO: Run Behavior\ParseTemplateBehavior [ RunTime:0.014496s ]
INFO: [ view_parse ] --END-- [ RunTime:0.014538s ]
INFO: [ view_filter ] --START--
INFO: Run Behavior\WriteHtmlCacheBehavior [ RunTime:0.000174s ]
INFO: [ view_filter ] --END-- [ RunTime:0.000205s ]
INFO: [ app_end ] --START--
INFO: Run Behavior\ShowPageTraceBehavior [ RunTime:0.000382s ]
INFO: [ app_end ] --END-- [ RunTime:0.000416s ]

[ 2016-12-19T14:52:39+08:00 ] 58.48.28.18 /Course/Index/index/catid/3/cid/11.html
INFO: [ app_init ] --START--
INFO: Run Behavior\BuildLiteBehavior [ RunTime:0.000010s ]
INFO: [ app_init ] --END-- [ RunTime:0.000268s ]
INFO: [ app_begin ] --START--
INFO: Run Behavior\ReadHtmlCacheBehavior [ RunTime:0.000378s ]
INFO: [ app_begin ] --END-- [ RunTime:0.000424s ]
SQL: SHOW COLUMNS FROM `vs_class_type` [ RunTime:0.0006s ]
SQL: SELECT c_name as name,c_id as id FROM `vs_class_type` WHERE ( c_pid = 0 )  [ RunTime:0.0001s ]
SQL: SELECT c_name as name,c_id as id,c_pid as pid FROM `vs_class_type` WHERE ( c_pid = 3 and  c_pid != 0 )  [ RunTime:0.0001s ]
SQL: SHOW COLUMNS FROM `vs_course` [ RunTime:0.0006s ]
SQL: SELECT * FROM `vs_course`  [ RunTime:0.0001s ]
INFO: [ view_parse ] --START--
INFO: [ template_filter ] --START--
INFO: Run Behavior\ContentReplaceBehavior [ RunTime:0.000040s ]
INFO: [ template_filter ] --END-- [ RunTime:0.000075s ]
INFO: Run Behavior\ParseTemplateBehavior [ RunTime:0.012126s ]
INFO: [ view_parse ] --END-- [ RunTime:0.012169s ]
INFO: [ view_filter ] --START--
INFO: Run Behavior\WriteHtmlCacheBehavior [ RunTime:0.000172s ]
INFO: [ view_filter ] --END-- [ RunTime:0.000204s ]
INFO: [ app_end ] --START--
INFO: Run Behavior\ShowPageTraceBehavior [ RunTime:0.000379s ]
INFO: [ app_end ] --END-- [ RunTime:0.000412s ]

[ 2016-12-19T14:52:40+08:00 ] 58.48.28.18 /Course/Index/index/catid/3/cid/10.html
INFO: [ app_init ] --START--
INFO: Run Behavior\BuildLiteBehavior [ RunTime:0.000011s ]
INFO: [ app_init ] --END-- [ RunTime:0.000272s ]
INFO: [ app_begin ] --START--
INFO: Run Behavior\ReadHtmlCacheBehavior [ RunTime:0.000389s ]
INFO: [ app_begin ] --END-- [ RunTime:0.000431s ]
SQL: SHOW COLUMNS FROM `vs_class_type` [ RunTime:0.0006s ]
SQL: SELECT c_name as name,c_id as id FROM `vs_class_type` WHERE ( c_pid = 0 )  [ RunTime:0.0002s ]
SQL: SELECT c_name as name,c_id as id,c_pid as pid FROM `vs_class_type` WHERE ( c_pid = 3 and  c_pid != 0 )  [ RunTime:0.0001s ]
SQL: SHOW COLUMNS FROM `vs_course` [ RunTime:0.0006s ]
SQL: SELECT * FROM `vs_course`  [ RunTime:0.0001s ]
INFO: [ view_parse ] --START--
INFO: [ template_filter ] --START--
INFO: Run Behavior\ContentReplaceBehavior [ RunTime:0.000069s ]
INFO: [ template_filter ] --END-- [ RunTime:0.000126s ]
INFO: Run Behavior\ParseTemplateBehavior [ RunTime:0.014885s ]
INFO: [ view_parse ] --END-- [ RunTime:0.014941s ]
INFO: [ view_filter ] --START--
INFO: Run Behavior\WriteHtmlCacheBehavior [ RunTime:0.000285s ]
INFO: [ view_filter ] --END-- [ RunTime:0.000335s ]
INFO: [ app_end ] --START--
INFO: Run Behavior\ShowPageTraceBehavior [ RunTime:0.000615s ]
INFO: [ app_end ] --END-- [ RunTime:0.000667s ]

[ 2016-12-19T14:52:42+08:00 ] 58.48.28.18 /Course/Index/index/catid/3/cid/11.html
INFO: [ app_init ] --START--
INFO: Run Behavior\BuildLiteBehavior [ RunTime:0.000015s ]
INFO: [ app_init ] --END-- [ RunTime:0.000418s ]
INFO: [ app_begin ] --START--
INFO: Run Behavior\ReadHtmlCacheBehavior [ RunTime:0.000607s ]
INFO: [ app_begin ] --END-- [ RunTime:0.000664s ]
SQL: SHOW COLUMNS FROM `vs_class_type` [ RunTime:0.0006s ]
SQL: SELECT c_name as name,c_id as id FROM `vs_class_type` WHERE ( c_pid = 0 )  [ RunTime:0.0001s ]
SQL: SELECT c_name as name,c_id as id,c_pid as pid FROM `vs_class_type` WHERE ( c_pid = 3 and  c_pid != 0 )  [ RunTime:0.0001s ]
SQL: SHOW COLUMNS FROM `vs_course` [ RunTime:0.0004s ]
SQL: SELECT * FROM `vs_course`  [ RunTime:0.0001s ]
INFO: [ view_parse ] --START--
INFO: [ template_filter ] --START--
INFO: Run Behavior\ContentReplaceBehavior [ RunTime:0.000041s ]
INFO: [ template_filter ] --END-- [ RunTime:0.000084s ]
INFO: Run Behavior\ParseTemplateBehavior [ RunTime:0.009085s ]
INFO: [ view_parse ] --END-- [ RunTime:0.009119s ]
INFO: [ view_filter ] --START--
INFO: Run Behavior\WriteHtmlCacheBehavior [ RunTime:0.000172s ]
INFO: [ view_filter ] --END-- [ RunTime:0.000203s ]
INFO: [ app_end ] --START--
INFO: Run Behavior\ShowPageTraceBehavior [ RunTime:0.000384s ]
INFO: [ app_end ] --END-- [ RunTime:0.000418s ]

[ 2016-12-19T14:52:44+08:00 ] 58.48.28.18 /Course/Index/index/catid/3/cid/
INFO: [ app_init ] --START--
INFO: Run Behavior\BuildLiteBehavior [ RunTime:0.000018s ]
INFO: [ app_init ] --END-- [ RunTime:0.000279s ]
INFO: [ app_begin ] --START--
INFO: Run Behavior\ReadHtmlCacheBehavior [ RunTime:0.000400s ]
INFO: [ app_begin ] --END-- [ RunTime:0.000436s ]
SQL: SHOW COLUMNS FROM `vs_class_type` [ RunTime:0.0005s ]
SQL: SELECT c_name as name,c_id as id FROM `vs_class_type` WHERE ( c_pid = 0 )  [ RunTime:0.0001s ]
SQL: SELECT c_name as name,c_id as id,c_pid as pid FROM `vs_class_type` WHERE ( c_pid = 3 and  c_pid != 0 )  [ RunTime:0.0001s ]
SQL: SHOW COLUMNS FROM `vs_course` [ RunTime:0.0004s ]
SQL: SELECT * FROM `vs_course`  [ RunTime:0.0001s ]
INFO: [ view_parse ] --START--
INFO: [ template_filter ] --START--
INFO: Run Behavior\ContentReplaceBehavior [ RunTime:0.000041s ]
INFO: [ template_filter ] --END-- [ RunTime:0.000074s ]
NOTIC: [8] Undefined index: cid /home/wwwroot/v.lvyecms.com/Application/Runtime/Cache/Course/0b0804ffb41c4ff74c52cb03a2859ee0.php 第 74 行.
NOTIC: [8] Undefined index: cid /home/wwwroot/v.lvyecms.com/Application/Runtime/Cache/Course/0b0804ffb41c4ff74c52cb03a2859ee0.php 第 74 行.
INFO: Run Behavior\ParseTemplateBehavior [ RunTime:0.011867s ]
INFO: [ view_parse ] --END-- [ RunTime:0.011900s ]
INFO: [ view_filter ] --START--
INFO: Run Behavior\WriteHtmlCacheBehavior [ RunTime:0.000173s ]
INFO: [ view_filter ] --END-- [ RunTime:0.000204s ]
INFO: [ app_end ] --START--
INFO: Run Behavior\ShowPageTraceBehavior [ RunTime:0.000387s ]
INFO: [ app_end ] --END-- [ RunTime:0.000426s ]

[ 2016-12-19T14:52:45+08:00 ] 58.48.28.18 /Course/Index/index/catid/3/cid/
INFO: [ app_init ] --START--
INFO: Run Behavior\BuildLiteBehavior [ RunTime:0.000010s ]
INFO: [ app_init ] --END-- [ RunTime:0.000268s ]
INFO: [ app_begin ] --START--
INFO: Run Behavior\ReadHtmlCacheBehavior [ RunTime:0.000388s ]
INFO: [ app_begin ] --END-- [ RunTime:0.000425s ]
SQL: SHOW COLUMNS FROM `vs_class_type` [ RunTime:0.0007s ]
SQL: SELECT c_name as name,c_id as id FROM `vs_class_type` WHERE ( c_pid = 0 )  [ RunTime:0.0001s ]
SQL: SELECT c_name as name,c_id as id,c_pid as pid FROM `vs_class_type` WHERE ( c_pid = 3 and  c_pid != 0 )  [ RunTime:0.0001s ]
SQL: SHOW COLUMNS FROM `vs_course` [ RunTime:0.0006s ]
SQL: SELECT * FROM `vs_course`  [ RunTime:0.0002s ]
INFO: [ view_parse ] --START--
INFO: [ template_filter ] --START--
INFO: Run Behavior\ContentReplaceBehavior [ RunTime:0.000068s ]
INFO: [ template_filter ] --END-- [ RunTime:0.000123s ]
NOTIC: [8] Undefined index: cid /home/wwwroot/v.lvyecms.com/Application/Runtime/Cache/Course/0b0804ffb41c4ff74c52cb03a2859ee0.php 第 74 行.
NOTIC: [8] Undefined index: cid /home/wwwroot/v.lvyecms.com/Application/Runtime/Cache/Course/0b0804ffb41c4ff74c52cb03a2859ee0.php 第 74 行.
INFO: Run Behavior\ParseTemplateBehavior [ RunTime:0.015413s ]
INFO: [ view_parse ] --END-- [ RunTime:0.015471s ]
INFO: [ view_filter ] --START--
INFO: Run Behavior\WriteHtmlCacheBehavior [ RunTime:0.000292s ]
INFO: [ view_filter ] --END-- [ RunTime:0.000341s ]
INFO: [ app_end ] --START--
INFO: Run Behavior\ShowPageTraceBehavior [ RunTime:0.000607s ]
INFO: [ app_end ] --END-- [ RunTime:0.000660s ]

[ 2016-12-19T14:52:46+08:00 ] 58.48.28.18 /Course/Index/index/catid/1.html
INFO: [ app_init ] --START--
INFO: Run Behavior\BuildLiteBehavior [ RunTime:0.000010s ]
INFO: [ app_init ] --END-- [ RunTime:0.000266s ]
INFO: [ app_begin ] --START--
INFO: Run Behavior\ReadHtmlCacheBehavior [ RunTime:0.000374s ]
INFO: [ app_begin ] --END-- [ RunTime:0.000410s ]
SQL: SHOW COLUMNS FROM `vs_class_type` [ RunTime:0.0005s ]
SQL: SELECT c_name as name,c_id as id FROM `vs_class_type` WHERE ( c_pid = 0 )  [ RunTime:0.0001s ]
SQL: SELECT c_name as name,c_id as id,c_pid as pid FROM `vs_class_type` WHERE ( c_pid = 1 and  c_pid != 0 )  [ RunTime:0.0001s ]
SQL: SHOW COLUMNS FROM `vs_course` [ RunTime:0.0004s ]
SQL: SELECT * FROM `vs_course`  [ RunTime:0.0001s ]
INFO: [ view_parse ] --START--
INFO: [ template_filter ] --START--
INFO: Run Behavior\ContentReplaceBehavior [ RunTime:0.000042s ]
INFO: [ template_filter ] --END-- [ RunTime:0.000076s ]
NOTIC: [8] Undefined index: cid /home/wwwroot/v.lvyecms.com/Application/Runtime/Cache/Course/0b0804ffb41c4ff74c52cb03a2859ee0.php 第 74 行.
NOTIC: [8] Undefined index: cid /home/wwwroot/v.lvyecms.com/Application/Runtime/Cache/Course/0b0804ffb41c4ff74c52cb03a2859ee0.php 第 74 行.
NOTIC: [8] Undefined index: cid /home/wwwroot/v.lvyecms.com/Application/Runtime/Cache/Course/0b0804ffb41c4ff74c52cb03a2859ee0.php 第 74 行.
NOTIC: [8] Undefined index: cid /home/wwwroot/v.lvyecms.com/Application/Runtime/Cache/Course/0b0804ffb41c4ff74c52cb03a2859ee0.php 第 74 行.
INFO: Run Behavior\ParseTemplateBehavior [ RunTime:0.011016s ]
INFO: [ view_parse ] --END-- [ RunTime:0.011058s ]
INFO: [ view_filter ] --START--
INFO: Run Behavior\WriteHtmlCacheBehavior [ RunTime:0.000175s ]
INFO: [ view_filter ] --END-- [ RunTime:0.000206s ]
INFO: [ app_end ] --START--
INFO: Run Behavior\ShowPageTraceBehavior [ RunTime:0.000384s ]
INFO: [ app_end ] --END-- [ RunTime:0.000417s ]

[ 2016-12-19T14:52:47+08:00 ] 58.48.28.18 /Course/Index/index/catid/2.html
INFO: [ app_init ] --START--
INFO: Run Behavior\BuildLiteBehavior [ RunTime:0.000010s ]
INFO: [ app_init ] --END-- [ RunTime:0.000261s ]
INFO: [ app_begin ] --START--
INFO: Run Behavior\ReadHtmlCacheBehavior [ RunTime:0.000368s ]
INFO: [ app_begin ] --END-- [ RunTime:0.000403s ]
SQL: SHOW COLUMNS FROM `vs_class_type` [ RunTime:0.0005s ]
SQL: SELECT c_name as name,c_id as id FROM `vs_class_type` WHERE ( c_pid = 0 )  [ RunTime:0.0001s ]
SQL: SELECT c_name as name,c_id as id,c_pid as pid FROM `vs_class_type` WHERE ( c_pid = 2 and  c_pid != 0 )  [ RunTime:0.0001s ]
SQL: SHOW COLUMNS FROM `vs_course` [ RunTime:0.0004s ]
SQL: SELECT * FROM `vs_course`  [ RunTime:0.0001s ]
INFO: [ view_parse ] --START--
INFO: [ template_filter ] --START--
INFO: Run Behavior\ContentReplaceBehavior [ RunTime:0.000041s ]
INFO: [ template_filter ] --END-- [ RunTime:0.000076s ]
NOTIC: [8] Undefined index: cid /home/wwwroot/v.lvyecms.com/Application/Runtime/Cache/Course/0b0804ffb41c4ff74c52cb03a2859ee0.php 第 74 行.
NOTIC: [8] Undefined index: cid /home/wwwroot/v.lvyecms.com/Application/Runtime/Cache/Course/0b0804ffb41c4ff74c52cb03a2859ee0.php 第 74 行.
INFO: Run Behavior\ParseTemplateBehavior [ RunTime:0.012770s ]
INFO: [ view_parse ] --END-- [ RunTime:0.012802s ]
INFO: [ view_filter ] --START--
INFO: Run Behavior\WriteHtmlCacheBehavior [ RunTime:0.000173s ]
INFO: [ view_filter ] --END-- [ RunTime:0.000204s ]
INFO: [ app_end ] --START--
INFO: Run Behavior\ShowPageTraceBehavior [ RunTime:0.000376s ]
INFO: [ app_end ] --END-- [ RunTime:0.000415s ]

[ 2016-12-19T14:52:48+08:00 ] 58.48.28.18 /Course/Index/index/catid/3.html
INFO: [ app_init ] --START--
INFO: Run Behavior\BuildLiteBehavior [ RunTime:0.000011s ]
INFO: [ app_init ] --END-- [ RunTime:0.000268s ]
INFO: [ app_begin ] --START--
INFO: Run Behavior\ReadHtmlCacheBehavior [ RunTime:0.000387s ]
INFO: [ app_begin ] --END-- [ RunTime:0.000423s ]
SQL: SHOW COLUMNS FROM `vs_class_type` [ RunTime:0.0007s ]
SQL: SELECT c_name as name,c_id as id FROM `vs_class_type` WHERE ( c_pid = 0 )  [ RunTime:0.0001s ]
SQL: SELECT c_name as name,c_id as id,c_pid as pid FROM `vs_class_type` WHERE ( c_pid = 3 and  c_pid != 0 )  [ RunTime:0.0001s ]
SQL: SHOW COLUMNS FROM `vs_course` [ RunTime:0.0006s ]
SQL: SELECT * FROM `vs_course`  [ RunTime:0.0001s ]
INFO: [ view_parse ] --START--
INFO: [ template_filter ] --START--
INFO: Run Behavior\ContentReplaceBehavior [ RunTime:0.000070s ]
INFO: [ template_filter ] --END-- [ RunTime:0.000132s ]
NOTIC: [8] Undefined index: cid /home/wwwroot/v.lvyecms.com/Application/Runtime/Cache/Course/0b0804ffb41c4ff74c52cb03a2859ee0.php 第 74 行.
NOTIC: [8] Undefined index: cid /home/wwwroot/v.lvyecms.com/Application/Runtime/Cache/Course/0b0804ffb41c4ff74c52cb03a2859ee0.php 第 74 行.
INFO: Run Behavior\ParseTemplateBehavior [ RunTime:0.014909s ]
INFO: [ view_parse ] --END-- [ RunTime:0.014962s ]
INFO: [ view_filter ] --START--
INFO: Run Behavior\WriteHtmlCacheBehavior [ RunTime:0.000277s ]
INFO: [ view_filter ] --END-- [ RunTime:0.000328s ]
INFO: [ app_end ] --START--
INFO: Run Behavior\ShowPageTraceBehavior [ RunTime:0.000627s ]
INFO: [ app_end ] --END-- [ RunTime:0.000680s ]

[ 2016-12-19T14:52:51+08:00 ] 58.48.28.18 /Course/Index/index/catid/
INFO: [ app_init ] --START--
INFO: Run Behavior\BuildLiteBehavior [ RunTime:0.000016s ]
INFO: [ app_init ] --END-- [ RunTime:0.000426s ]
INFO: [ app_begin ] --START--
INFO: Run Behavior\ReadHtmlCacheBehavior [ RunTime:0.000621s ]
INFO: [ app_begin ] --END-- [ RunTime:0.000677s ]
SQL: SHOW COLUMNS FROM `vs_class_type` [ RunTime:0.0005s ]
SQL: SELECT c_name as name,c_id as id FROM `vs_class_type` WHERE ( c_pid = 0 )  [ RunTime:0.0001s ]
SQL: SELECT c_name as name,c_id as id,c_pid as pid FROM `vs_class_type` WHERE (  c_pid != 0 )  [ RunTime:0.0001s ]
SQL: SHOW COLUMNS FROM `vs_course` [ RunTime:0.0004s ]
SQL: SELECT * FROM `vs_course`  [ RunTime:0.0001s ]
INFO: [ view_parse ] --START--
INFO: [ template_filter ] --START--
INFO: Run Behavior\ContentReplaceBehavior [ RunTime:0.000040s ]
INFO: [ template_filter ] --END-- [ RunTime:0.000074s ]
NOTIC: [8] Undefined index: catid /home/wwwroot/v.lvyecms.com/Application/Runtime/Cache/Course/0b0804ffb41c4ff74c52cb03a2859ee0.php 第 61 行.
NOTIC: [8] Undefined index: catid /home/wwwroot/v.lvyecms.com/Application/Runtime/Cache/Course/0b0804ffb41c4ff74c52cb03a2859ee0.php 第 61 行.
NOTIC: [8] Undefined index: catid /home/wwwroot/v.lvyecms.com/Application/Runtime/Cache/Course/0b0804ffb41c4ff74c52cb03a2859ee0.php 第 61 行.
NOTIC: [8] Undefined index: cid /home/wwwroot/v.lvyecms.com/Application/Runtime/Cache/Course/0b0804ffb41c4ff74c52cb03a2859ee0.php 第 74 行.
NOTIC: [8] Undefined index: cid /home/wwwroot/v.lvyecms.com/Application/Runtime/Cache/Course/0b0804ffb41c4ff74c52cb03a2859ee0.php 第 74 行.
NOTIC: [8] Undefined index: cid /home/wwwroot/v.lvyecms.com/Application/Runtime/Cache/Course/0b0804ffb41c4ff74c52cb03a2859ee0.php 第 74 行.
NOTIC: [8] Undefined index: cid /home/wwwroot/v.lvyecms.com/Application/Runtime/Cache/Course/0b0804ffb41c4ff74c52cb03a2859ee0.php 第 74 行.
NOTIC: [8] Undefined index: cid /home/wwwroot/v.lvyecms.com/Application/Runtime/Cache/Course/0b0804ffb41c4ff74c52cb03a2859ee0.php 第 74 行.
NOTIC: [8] Undefined index: cid /home/wwwroot/v.lvyecms.com/Application/Runtime/Cache/Course/0b0804ffb41c4ff74c52cb03a2859ee0.php 第 74 行.
NOTIC: [8] Undefined index: cid /home/wwwroot/v.lvyecms.com/Application/Runtime/Cache/Course/0b0804ffb41c4ff74c52cb03a2859ee0.php 第 74 行.
NOTIC: [8] Undefined index: cid /home/wwwroot/v.lvyecms.com/Application/Runtime/Cache/Course/0b0804ffb41c4ff74c52cb03a2859ee0.php 第 74 行.
INFO: Run Behavior\ParseTemplateBehavior [ RunTime:0.010984s ]
INFO: [ view_parse ] --END-- [ RunTime:0.011019s ]
INFO: [ view_filter ] --START--
INFO: Run Behavior\WriteHtmlCacheBehavior [ RunTime:0.000181s ]
INFO: [ view_filter ] --END-- [ RunTime:0.000212s ]
INFO: [ app_end ] --START--
INFO: Run Behavior\ShowPageTraceBehavior [ RunTime:0.000379s ]
INFO: [ app_end ] --END-- [ RunTime:0.000412s ]

[ 2016-12-19T16:11:14+08:00 ] 58.48.28.18 /Course/Index/index/cid/4.html
INFO: [ app_init ] --START--
INFO: Run Behavior\BuildLiteBehavior [ RunTime:0.000016s ]
INFO: [ app_init ] --END-- [ RunTime:0.000420s ]
INFO: [ app_begin ] --START--
INFO: Run Behavior\ReadHtmlCacheBehavior [ RunTime:0.000579s ]
INFO: [ app_begin ] --END-- [ RunTime:0.000624s ]
SQL: SHOW COLUMNS FROM `vs_class_type` [ RunTime:0.0008s ]
SQL: SELECT c_name as name,c_id as id FROM `vs_class_type` WHERE ( c_pid = 0 )  [ RunTime:0.0001s ]
SQL: SELECT c_name as name,c_id as id,c_pid as pid FROM `vs_class_type` WHERE (  c_pid != 0 )  [ RunTime:0.0001s ]
SQL: SHOW COLUMNS FROM `vs_course` [ RunTime:0.0007s ]
SQL: SELECT * FROM `vs_course`  [ RunTime:0.0001s ]
INFO: [ view_parse ] --START--
INFO: [ template_filter ] --START--
INFO: Run Behavior\ContentReplaceBehavior [ RunTime:0.000047s ]
INFO: [ template_filter ] --END-- [ RunTime:0.000085s ]
NOTIC: [8] Undefined index: catid /home/wwwroot/v.lvyecms.com/Application/Runtime/Cache/Course/0b0804ffb41c4ff74c52cb03a2859ee0.php 第 61 行.
NOTIC: [8] Undefined index: catid /home/wwwroot/v.lvyecms.com/Application/Runtime/Cache/Course/0b0804ffb41c4ff74c52cb03a2859ee0.php 第 61 行.
NOTIC: [8] Undefined index: catid /home/wwwroot/v.lvyecms.com/Application/Runtime/Cache/Course/0b0804ffb41c4ff74c52cb03a2859ee0.php 第 61 行.
INFO: Run Behavior\ParseTemplateBehavior [ RunTime:0.013145s ]
INFO: [ view_parse ] --END-- [ RunTime:0.013190s ]
INFO: [ view_filter ] --START--
INFO: Run Behavior\WriteHtmlCacheBehavior [ RunTime:0.000175s ]
INFO: [ view_filter ] --END-- [ RunTime:0.000207s ]
INFO: [ app_end ] --START--
INFO: Run Behavior\ShowPageTraceBehavior [ RunTime:0.000403s ]
INFO: [ app_end ] --END-- [ RunTime:0.000437s ]

[ 2016-12-19T20:12:02+08:00 ] 221.232.201.227 /Course/Index/index/catid/3.html
INFO: [ app_init ] --START--
INFO: Run Behavior\BuildLiteBehavior [ RunTime:0.000010s ]
INFO: [ app_init ] --END-- [ RunTime:0.000272s ]
INFO: [ app_begin ] --START--
INFO: Run Behavior\ReadHtmlCacheBehavior [ RunTime:0.000384s ]
INFO: [ app_begin ] --END-- [ RunTime:0.000420s ]
SQL: SHOW COLUMNS FROM `vs_class_type` [ RunTime:0.0005s ]
SQL: SELECT c_name as name,c_id as id FROM `vs_class_type` WHERE ( c_pid = 0 )  [ RunTime:0.0001s ]
SQL: SELECT c_name as name,c_id as id,c_pid as pid FROM `vs_class_type` WHERE ( c_pid = 3 and  c_pid != 0 )  [ RunTime:0.0001s ]
SQL: SHOW COLUMNS FROM `vs_course` [ RunTime:0.0005s ]
SQL: SELECT * FROM `vs_course`  [ RunTime:0.0001s ]
INFO: [ view_parse ] --START--
INFO: [ template_filter ] --START--
INFO: Run Behavior\ContentReplaceBehavior [ RunTime:0.000042s ]
INFO: [ template_filter ] --END-- [ RunTime:0.000076s ]
NOTIC: [8] Undefined index: cid /home/wwwroot/v.lvyecms.com/Application/Runtime/Cache/Course/0b0804ffb41c4ff74c52cb03a2859ee0.php 第 74 行.
NOTIC: [8] Undefined index: cid /home/wwwroot/v.lvyecms.com/Application/Runtime/Cache/Course/0b0804ffb41c4ff74c52cb03a2859ee0.php 第 74 行.
INFO: Run Behavior\ParseTemplateBehavior [ RunTime:0.012675s ]
INFO: [ view_parse ] --END-- [ RunTime:0.012709s ]
INFO: [ view_filter ] --START--
INFO: Run Behavior\WriteHtmlCacheBehavior [ RunTime:0.000172s ]
INFO: [ view_filter ] --END-- [ RunTime:0.000204s ]
INFO: [ app_end ] --START--
INFO: Run Behavior\ShowPageTraceBehavior [ RunTime:0.000380s ]
INFO: [ app_end ] --END-- [ RunTime:0.000413s ]

[ 2016-12-19T20:12:04+08:00 ] 221.232.201.227 /Course/Index/index/catid/3/cid/10.html
INFO: [ app_init ] --START--
INFO: Run Behavior\BuildLiteBehavior [ RunTime:0.000010s ]
INFO: [ app_init ] --END-- [ RunTime:0.000271s ]
INFO: [ app_begin ] --START--
INFO: Run Behavior\ReadHtmlCacheBehavior [ RunTime:0.000383s ]
INFO: [ app_begin ] --END-- [ RunTime:0.000419s ]
SQL: SHOW COLUMNS FROM `vs_class_type` [ RunTime:0.0008s ]
SQL: SELECT c_name as name,c_id as id FROM `vs_class_type` WHERE ( c_pid = 0 )  [ RunTime:0.0002s ]
SQL: SELECT c_name as name,c_id as id,c_pid as pid FROM `vs_class_type` WHERE ( c_pid = 3 and  c_pid != 0 )  [ RunTime:0.0002s ]
SQL: SHOW COLUMNS FROM `vs_course` [ RunTime:0.0007s ]
SQL: SELECT * FROM `vs_course`  [ RunTime:0.0001s ]
INFO: [ view_parse ] --START--
INFO: [ template_filter ] --START--
INFO: Run Behavior\ContentReplaceBehavior [ RunTime:0.000072s ]
INFO: [ template_filter ] --END-- [ RunTime:0.000129s ]
INFO: Run Behavior\ParseTemplateBehavior [ RunTime:0.015990s ]
INFO: [ view_parse ] --END-- [ RunTime:0.016048s ]
INFO: [ view_filter ] --START--
INFO: Run Behavior\WriteHtmlCacheBehavior [ RunTime:0.000337s ]
INFO: [ view_filter ] --END-- [ RunTime:0.000387s ]
INFO: [ app_end ] --START--
INFO: Run Behavior\ShowPageTraceBehavior [ RunTime:0.000621s ]
INFO: [ app_end ] --END-- [ RunTime:0.000673s ]

[ 2016-12-19T20:12:05+08:00 ] 221.232.201.227 /Course/Index/index/catid/3/cid/11.html
INFO: [ app_init ] --START--
INFO: Run Behavior\BuildLiteBehavior [ RunTime:0.000011s ]
INFO: [ app_init ] --END-- [ RunTime:0.000268s ]
INFO: [ app_begin ] --START--
INFO: Run Behavior\ReadHtmlCacheBehavior [ RunTime:0.000372s ]
INFO: [ app_begin ] --END-- [ RunTime:0.000409s ]
SQL: SHOW COLUMNS FROM `vs_class_type` [ RunTime:0.0005s ]
SQL: SELECT c_name as name,c_id as id FROM `vs_class_type` WHERE ( c_pid = 0 )  [ RunTime:0.0001s ]
SQL: SELECT c_name as name,c_id as id,c_pid as pid FROM `vs_class_type` WHERE ( c_pid = 3 and  c_pid != 0 )  [ RunTime:0.0001s ]
SQL: SHOW COLUMNS FROM `vs_course` [ RunTime:0.0004s ]
SQL: SELECT * FROM `vs_course`  [ RunTime:0.0001s ]
INFO: [ view_parse ] --START--
INFO: [ template_filter ] --START--
INFO: Run Behavior\ContentReplaceBehavior [ RunTime:0.000042s ]
INFO: [ template_filter ] --END-- [ RunTime:0.000077s ]
INFO: Run Behavior\ParseTemplateBehavior [ RunTime:0.011743s ]
INFO: [ view_parse ] --END-- [ RunTime:0.011779s ]
INFO: [ view_filter ] --START--
INFO: Run Behavior\WriteHtmlCacheBehavior [ RunTime:0.000175s ]
INFO: [ view_filter ] --END-- [ RunTime:0.000206s ]
INFO: [ app_end ] --START--
INFO: Run Behavior\ShowPageTraceBehavior [ RunTime:0.000389s ]
INFO: [ app_end ] --END-- [ RunTime:0.000422s ]

[ 2016-12-19T20:12:06+08:00 ] 221.232.201.227 /Course/Index/index/catid/1.html
INFO: [ app_init ] --START--
INFO: Run Behavior\BuildLiteBehavior [ RunTime:0.000010s ]
INFO: [ app_init ] --END-- [ RunTime:0.000269s ]
INFO: [ app_begin ] --START--
INFO: Run Behavior\ReadHtmlCacheBehavior [ RunTime:0.000430s ]
INFO: [ app_begin ] --END-- [ RunTime:0.000466s ]
SQL: SHOW COLUMNS FROM `vs_class_type` [ RunTime:0.0013s ]
SQL: SELECT c_name as name,c_id as id FROM `vs_class_type` WHERE ( c_pid = 0 )  [ RunTime:0.0001s ]
SQL: SELECT c_name as name,c_id as id,c_pid as pid FROM `vs_class_type` WHERE ( c_pid = 1 and  c_pid != 0 )  [ RunTime:0.0001s ]
SQL: SHOW COLUMNS FROM `vs_course` [ RunTime:0.0006s ]
SQL: SELECT * FROM `vs_course`  [ RunTime:0.0001s ]
INFO: [ view_parse ] --START--
INFO: [ template_filter ] --START--
INFO: Run Behavior\ContentReplaceBehavior [ RunTime:0.000044s ]
INFO: [ template_filter ] --END-- [ RunTime:0.000080s ]
NOTIC: [8] Undefined index: cid /home/wwwroot/v.lvyecms.com/Application/Runtime/Cache/Course/0b0804ffb41c4ff74c52cb03a2859ee0.php 第 74 行.
NOTIC: [8] Undefined index: cid /home/wwwroot/v.lvyecms.com/Application/Runtime/Cache/Course/0b0804ffb41c4ff74c52cb03a2859ee0.php 第 74 行.
NOTIC: [8] Undefined index: cid /home/wwwroot/v.lvyecms.com/Application/Runtime/Cache/Course/0b0804ffb41c4ff74c52cb03a2859ee0.php 第 74 行.
NOTIC: [8] Undefined index: cid /home/wwwroot/v.lvyecms.com/Application/Runtime/Cache/Course/0b0804ffb41c4ff74c52cb03a2859ee0.php 第 74 行.
INFO: Run Behavior\ParseTemplateBehavior [ RunTime:0.013929s ]
INFO: [ view_parse ] --END-- [ RunTime:0.013980s ]
INFO: [ view_filter ] --START--
INFO: Run Behavior\WriteHtmlCacheBehavior [ RunTime:0.000180s ]
INFO: [ view_filter ] --END-- [ RunTime:0.000211s ]
INFO: [ app_end ] --START--
INFO: Run Behavior\ShowPageTraceBehavior [ RunTime:0.000389s ]
INFO: [ app_end ] --END-- [ RunTime:0.000422s ]

[ 2016-12-19T20:12:07+08:00 ] 221.232.201.227 /Course/Index/index/catid/2.html
INFO: [ app_init ] --START--
INFO: Run Behavior\BuildLiteBehavior [ RunTime:0.000010s ]
INFO: [ app_init ] --END-- [ RunTime:0.000260s ]
INFO: [ app_begin ] --START--
INFO: Run Behavior\ReadHtmlCacheBehavior [ RunTime:0.000371s ]
INFO: [ app_begin ] --END-- [ RunTime:0.000406s ]
SQL: SHOW COLUMNS FROM `vs_class_type` [ RunTime:0.0006s ]
SQL: SELECT c_name as name,c_id as id FROM `vs_class_type` WHERE ( c_pid = 0 )  [ RunTime:0.0001s ]
SQL: SELECT c_name as name,c_id as id,c_pid as pid FROM `vs_class_type` WHERE ( c_pid = 2 and  c_pid != 0 )  [ RunTime:0.0001s ]
SQL: SHOW COLUMNS FROM `vs_course` [ RunTime:0.0006s ]
SQL: SELECT * FROM `vs_course`  [ RunTime:0.0001s ]
INFO: [ view_parse ] --START--
INFO: [ template_filter ] --START--
INFO: Run Behavior\ContentReplaceBehavior [ RunTime:0.000046s ]
INFO: [ template_filter ] --END-- [ RunTime:0.000082s ]
NOTIC: [8] Undefined index: cid /home/wwwroot/v.lvyecms.com/Application/Runtime/Cache/Course/0b0804ffb41c4ff74c52cb03a2859ee0.php 第 74 行.
NOTIC: [8] Undefined index: cid /home/wwwroot/v.lvyecms.com/Application/Runtime/Cache/Course/0b0804ffb41c4ff74c52cb03a2859ee0.php 第 74 行.
INFO: Run Behavior\ParseTemplateBehavior [ RunTime:0.012821s ]
INFO: [ view_parse ] --END-- [ RunTime:0.012865s ]
INFO: [ view_filter ] --START--
INFO: Run Behavior\WriteHtmlCacheBehavior [ RunTime:0.000174s ]
INFO: [ view_filter ] --END-- [ RunTime:0.000206s ]
INFO: [ app_end ] --START--
INFO: Run Behavior\ShowPageTraceBehavior [ RunTime:0.000396s ]
INFO: [ app_end ] --END-- [ RunTime:0.000430s ]

[ 2016-12-19T20:12:08+08:00 ] 221.232.201.227 /Course/Index/index/catid/2/cid/8.html
INFO: [ app_init ] --START--
INFO: Run Behavior\BuildLiteBehavior [ RunTime:0.000010s ]
INFO: [ app_init ] --END-- [ RunTime:0.000272s ]
INFO: [ app_begin ] --START--
INFO: Run Behavior\ReadHtmlCacheBehavior [ RunTime:0.000389s ]
INFO: [ app_begin ] --END-- [ RunTime:0.000425s ]
SQL: SHOW COLUMNS FROM `vs_class_type` [ RunTime:0.0006s ]
SQL: SELECT c_name as name,c_id as id FROM `vs_class_type` WHERE ( c_pid = 0 )  [ RunTime:0.0001s ]
SQL: SELECT c_name as name,c_id as id,c_pid as pid FROM `vs_class_type` WHERE ( c_pid = 2 and  c_pid != 0 )  [ RunTime:0.0001s ]
SQL: SHOW COLUMNS FROM `vs_course` [ RunTime:0.0006s ]
SQL: SELECT * FROM `vs_course`  [ RunTime:0.0001s ]
INFO: [ view_parse ] --START--
INFO: [ template_filter ] --START--
INFO: Run Behavior\ContentReplaceBehavior [ RunTime:0.000045s ]
INFO: [ template_filter ] --END-- [ RunTime:0.000082s ]
INFO: Run Behavior\ParseTemplateBehavior [ RunTime:0.011724s ]
INFO: [ view_parse ] --END-- [ RunTime:0.011770s ]
INFO: [ view_filter ] --START--
INFO: Run Behavior\WriteHtmlCacheBehavior [ RunTime:0.000175s ]
INFO: [ view_filter ] --END-- [ RunTime:0.000207s ]
INFO: [ app_end ] --START--
INFO: Run Behavior\ShowPageTraceBehavior [ RunTime:0.000399s ]
INFO: [ app_end ] --END-- [ RunTime:0.000433s ]

[ 2016-12-19T20:12:08+08:00 ] 221.232.201.227 /Course/Index/index/catid/2/cid/9.html
INFO: [ app_init ] --START--
INFO: Run Behavior\BuildLiteBehavior [ RunTime:0.000010s ]
INFO: [ app_init ] --END-- [ RunTime:0.000261s ]
INFO: [ app_begin ] --START--
INFO: Run Behavior\ReadHtmlCacheBehavior [ RunTime:0.000371s ]
INFO: [ app_begin ] --END-- [ RunTime:0.000407s ]
SQL: SHOW COLUMNS FROM `vs_class_type` [ RunTime:0.0007s ]
SQL: SELECT c_name as name,c_id as id FROM `vs_class_type` WHERE ( c_pid = 0 )  [ RunTime:0.0001s ]
SQL: SELECT c_name as name,c_id as id,c_pid as pid FROM `vs_class_type` WHERE ( c_pid = 2 and  c_pid != 0 )  [ RunTime:0.0001s ]
SQL: SHOW COLUMNS FROM `vs_course` [ RunTime:0.0007s ]
SQL: SELECT * FROM `vs_course`  [ RunTime:0.0002s ]
INFO: [ view_parse ] --START--
INFO: [ template_filter ] --START--
INFO: Run Behavior\ContentReplaceBehavior [ RunTime:0.000070s ]
INFO: [ template_filter ] --END-- [ RunTime:0.000127s ]
INFO: Run Behavior\ParseTemplateBehavior [ RunTime:0.014887s ]
INFO: [ view_parse ] --END-- [ RunTime:0.014932s ]
INFO: [ view_filter ] --START--
INFO: Run Behavior\WriteHtmlCacheBehavior [ RunTime:0.000177s ]
INFO: [ view_filter ] --END-- [ RunTime:0.000209s ]
INFO: [ app_end ] --START--
INFO: Run Behavior\ShowPageTraceBehavior [ RunTime:0.000407s ]
INFO: [ app_end ] --END-- [ RunTime:0.000441s ]

[ 2016-12-19T20:12:17+08:00 ] 221.232.201.227 /Course/Index/index/catid/2/cid/9.html
INFO: [ app_init ] --START--
INFO: Run Behavior\BuildLiteBehavior [ RunTime:0.000010s ]
INFO: [ app_init ] --END-- [ RunTime:0.000277s ]
INFO: [ app_begin ] --START--
INFO: Run Behavior\ReadHtmlCacheBehavior [ RunTime:0.000388s ]
INFO: [ app_begin ] --END-- [ RunTime:0.000424s ]
SQL: SHOW COLUMNS FROM `vs_class_type` [ RunTime:0.0008s ]
SQL: SELECT c_name as name,c_id as id FROM `vs_class_type` WHERE ( c_pid = 0 )  [ RunTime:0.0001s ]
SQL: SELECT c_name as name,c_id as id,c_pid as pid FROM `vs_class_type` WHERE ( c_pid = 2 and  c_pid != 0 )  [ RunTime:0.0001s ]
SQL: SHOW COLUMNS FROM `vs_course` [ RunTime:0.0006s ]
SQL: SELECT * FROM `vs_course`  [ RunTime:0.0001s ]
INFO: [ view_parse ] --START--
INFO: [ template_filter ] --START--
INFO: Run Behavior\ContentReplaceBehavior [ RunTime:0.000070s ]
INFO: [ template_filter ] --END-- [ RunTime:0.000127s ]
INFO: Run Behavior\ParseTemplateBehavior [ RunTime:0.014813s ]
INFO: [ view_parse ] --END-- [ RunTime:0.014897s ]
INFO: [ view_filter ] --START--
INFO: Run Behavior\WriteHtmlCacheBehavior [ RunTime:0.000194s ]
INFO: [ view_filter ] --END-- [ RunTime:0.000232s ]
INFO: [ app_end ] --START--
INFO: Run Behavior\ShowPageTraceBehavior [ RunTime:0.000395s ]
INFO: [ app_end ] --END-- [ RunTime:0.000427s ]

[ 2016-12-19T20:12:17+08:00 ] 221.232.201.227 /Course/Index/index/catid/2/cid/9.html
INFO: [ app_init ] --START--
INFO: Run Behavior\BuildLiteBehavior [ RunTime:0.000010s ]
INFO: [ app_init ] --END-- [ RunTime:0.000269s ]
INFO: [ app_begin ] --START--
INFO: Run Behavior\ReadHtmlCacheBehavior [ RunTime:0.000381s ]
INFO: [ app_begin ] --END-- [ RunTime:0.000417s ]
SQL: SHOW COLUMNS FROM `vs_class_type` [ RunTime:0.0007s ]
SQL: SELECT c_name as name,c_id as id FROM `vs_class_type` WHERE ( c_pid = 0 )  [ RunTime:0.0001s ]
SQL: SELECT c_name as name,c_id as id,c_pid as pid FROM `vs_class_type` WHERE ( c_pid = 2 and  c_pid != 0 )  [ RunTime:0.0001s ]
SQL: SHOW COLUMNS FROM `vs_course` [ RunTime:0.0007s ]
SQL: SELECT * FROM `vs_course`  [ RunTime:0.0001s ]
INFO: [ view_parse ] --START--
INFO: [ template_filter ] --START--
INFO: Run Behavior\ContentReplaceBehavior [ RunTime:0.000040s ]
INFO: [ template_filter ] --END-- [ RunTime:0.000075s ]
INFO: Run Behavior\ParseTemplateBehavior [ RunTime:0.012408s ]
INFO: [ view_parse ] --END-- [ RunTime:0.012452s ]
INFO: [ view_filter ] --START--
INFO: Run Behavior\WriteHtmlCacheBehavior [ RunTime:0.000172s ]
INFO: [ view_filter ] --END-- [ RunTime:0.000203s ]
INFO: [ app_end ] --START--
INFO: Run Behavior\ShowPageTraceBehavior [ RunTime:0.000376s ]
INFO: [ app_end ] --END-- [ RunTime:0.000409s ]

[ 2016-12-19T20:12:19+08:00 ] 221.232.201.227 /Course/Index/index.html
INFO: [ app_init ] --START--
INFO: Run Behavior\BuildLiteBehavior [ RunTime:0.000010s ]
INFO: [ app_init ] --END-- [ RunTime:0.000270s ]
INFO: [ app_begin ] --START--
INFO: Run Behavior\ReadHtmlCacheBehavior [ RunTime:0.000387s ]
INFO: [ app_begin ] --END-- [ RunTime:0.000424s ]
SQL: SHOW COLUMNS FROM `vs_class_type` [ RunTime:0.0005s ]
SQL: SELECT c_name as name,c_id as id FROM `vs_class_type` WHERE ( c_pid = 0 )  [ RunTime:0.0001s ]
SQL: SELECT c_name as name,c_id as id,c_pid as pid FROM `vs_class_type` WHERE (  c_pid != 0 )  [ RunTime:0.0001s ]
SQL: SHOW COLUMNS FROM `vs_course` [ RunTime:0.0004s ]
SQL: SELECT * FROM `vs_course`  [ RunTime:0.0001s ]
INFO: [ view_parse ] --START--
INFO: [ template_filter ] --START--
INFO: Run Behavior\ContentReplaceBehavior [ RunTime:0.000042s ]
INFO: [ template_filter ] --END-- [ RunTime:0.000077s ]
NOTIC: [8] Undefined index: catid /home/wwwroot/v.lvyecms.com/Application/Runtime/Cache/Course/0b0804ffb41c4ff74c52cb03a2859ee0.php 第 61 行.
NOTIC: [8] Undefined index: catid /home/wwwroot/v.lvyecms.com/Application/Runtime/Cache/Course/0b0804ffb41c4ff74c52cb03a2859ee0.php 第 61 行.
NOTIC: [8] Undefined index: catid /home/wwwroot/v.lvyecms.com/Application/Runtime/Cache/Course/0b0804ffb41c4ff74c52cb03a2859ee0.php 第 61 行.
NOTIC: [8] Undefined index: cid /home/wwwroot/v.lvyecms.com/Application/Runtime/Cache/Course/0b0804ffb41c4ff74c52cb03a2859ee0.php 第 74 行.
NOTIC: [8] Undefined index: cid /home/wwwroot/v.lvyecms.com/Application/Runtime/Cache/Course/0b0804ffb41c4ff74c52cb03a2859ee0.php 第 74 行.
NOTIC: [8] Undefined index: cid /home/wwwroot/v.lvyecms.com/Application/Runtime/Cache/Course/0b0804ffb41c4ff74c52cb03a2859ee0.php 第 74 行.
NOTIC: [8] Undefined index: cid /home/wwwroot/v.lvyecms.com/Application/Runtime/Cache/Course/0b0804ffb41c4ff74c52cb03a2859ee0.php 第 74 行.
NOTIC: [8] Undefined index: cid /home/wwwroot/v.lvyecms.com/Application/Runtime/Cache/Course/0b0804ffb41c4ff74c52cb03a2859ee0.php 第 74 行.
NOTIC: [8] Undefined index: cid /home/wwwroot/v.lvyecms.com/Application/Runtime/Cache/Course/0b0804ffb41c4ff74c52cb03a2859ee0.php 第 74 行.
NOTIC: [8] Undefined index: cid /home/wwwroot/v.lvyecms.com/Application/Runtime/Cache/Course/0b0804ffb41c4ff74c52cb03a2859ee0.php 第 74 行.
NOTIC: [8] Undefined index: cid /home/wwwroot/v.lvyecms.com/Application/Runtime/Cache/Course/0b0804ffb41c4ff74c52cb03a2859ee0.php 第 74 行.
INFO: Run Behavior\ParseTemplateBehavior [ RunTime:0.011025s ]
INFO: [ view_parse ] --END-- [ RunTime:0.011058s ]
INFO: [ view_filter ] --START--
INFO: Run Behavior\WriteHtmlCacheBehavior [ RunTime:0.000179s ]
INFO: [ view_filter ] --END-- [ RunTime:0.000210s ]
INFO: [ app_end ] --START--
INFO: Run Behavior\ShowPageTraceBehavior [ RunTime:0.000385s ]
INFO: [ app_end ] --END-- [ RunTime:0.000418s ]

[ 2016-12-19T20:28:00+08:00 ] 221.232.201.227 /Course/Index/index/cid/9.html
INFO: [ app_init ] --START--
INFO: Run Behavior\BuildLiteBehavior [ RunTime:0.000010s ]
INFO: [ app_init ] --END-- [ RunTime:0.000264s ]
INFO: [ app_begin ] --START--
INFO: Run Behavior\ReadHtmlCacheBehavior [ RunTime:0.000370s ]
INFO: [ app_begin ] --END-- [ RunTime:0.000406s ]
SQL: SHOW COLUMNS FROM `vs_class_type` [ RunTime:0.0007s ]
SQL: SELECT c_name as name,c_id as id FROM `vs_class_type` WHERE ( c_pid = 0 )  [ RunTime:0.0001s ]
SQL: SELECT c_name as name,c_id as id,c_pid as pid FROM `vs_class_type` WHERE (  c_pid != 0 )  [ RunTime:0.0001s ]
SQL: SHOW COLUMNS FROM `vs_course` [ RunTime:0.0006s ]
SQL: SELECT * FROM `vs_course`  [ RunTime:0.0002s ]
INFO: [ view_parse ] --START--
INFO: [ template_filter ] --START--
INFO: Run Behavior\ContentReplaceBehavior [ RunTime:0.000077s ]
INFO: [ template_filter ] --END-- [ RunTime:0.000133s ]
NOTIC: [8] Undefined index: catid /home/wwwroot/v.lvyecms.com/Application/Runtime/Cache/Course/0b0804ffb41c4ff74c52cb03a2859ee0.php 第 61 行.
NOTIC: [8] Undefined index: catid /home/wwwroot/v.lvyecms.com/Application/Runtime/Cache/Course/0b0804ffb41c4ff74c52cb03a2859ee0.php 第 61 行.
NOTIC: [8] Undefined index: catid /home/wwwroot/v.lvyecms.com/Application/Runtime/Cache/Course/0b0804ffb41c4ff74c52cb03a2859ee0.php 第 61 行.
INFO: Run Behavior\ParseTemplateBehavior [ RunTime:0.014984s ]
INFO: [ view_parse ] --END-- [ RunTime:0.015026s ]
INFO: [ view_filter ] --START--
INFO: Run Behavior\WriteHtmlCacheBehavior [ RunTime:0.000175s ]
INFO: [ view_filter ] --END-- [ RunTime:0.000206s ]
INFO: [ app_end ] --START--
INFO: Run Behavior\ShowPageTraceBehavior [ RunTime:0.000384s ]
INFO: [ app_end ] --END-- [ RunTime:0.000417s ]

[ 2016-12-19T20:28:02+08:00 ] 221.232.201.227 /Course/Index/index/catid/1/cid/4.html
INFO: [ app_init ] --START--
INFO: Run Behavior\BuildLiteBehavior [ RunTime:0.000011s ]
INFO: [ app_init ] --END-- [ RunTime:0.000276s ]
INFO: [ app_begin ] --START--
INFO: Run Behavior\ReadHtmlCacheBehavior [ RunTime:0.000383s ]
INFO: [ app_begin ] --END-- [ RunTime:0.000419s ]
SQL: SHOW COLUMNS FROM `vs_class_type` [ RunTime:0.0008s ]
SQL: SELECT c_name as name,c_id as id FROM `vs_class_type` WHERE ( c_pid = 0 )  [ RunTime:0.0001s ]
SQL: SELECT c_name as name,c_id as id,c_pid as pid FROM `vs_class_type` WHERE ( c_pid = 1 and  c_pid != 0 )  [ RunTime:0.0001s ]
SQL: SHOW COLUMNS FROM `vs_course` [ RunTime:0.0006s ]
SQL: SELECT * FROM `vs_course`  [ RunTime:0.0003s ]
INFO: [ view_parse ] --START--
INFO: [ template_filter ] --START--
INFO: Run Behavior\ContentReplaceBehavior [ RunTime:0.000066s ]
INFO: [ template_filter ] --END-- [ RunTime:0.000120s ]
INFO: Run Behavior\ParseTemplateBehavior [ RunTime:0.015071s ]
INFO: [ view_parse ] --END-- [ RunTime:0.015127s ]
INFO: [ view_filter ] --START--
INFO: Run Behavior\WriteHtmlCacheBehavior [ RunTime:0.000277s ]
INFO: [ view_filter ] --END-- [ RunTime:0.000326s ]
INFO: [ app_end ] --START--
INFO: Run Behavior\ShowPageTraceBehavior [ RunTime:0.000480s ]
INFO: [ app_end ] --END-- [ RunTime:0.000519s ]

[ 2016-12-19T20:28:03+08:00 ] 221.232.201.227 /Course/Index/index/catid/2.html
INFO: [ app_init ] --START--
INFO: Run Behavior\BuildLiteBehavior [ RunTime:0.000016s ]
INFO: [ app_init ] --END-- [ RunTime:0.000428s ]
INFO: [ app_begin ] --START--
INFO: Run Behavior\ReadHtmlCacheBehavior [ RunTime:0.000369s ]
INFO: [ app_begin ] --END-- [ RunTime:0.000405s ]
SQL: SHOW COLUMNS FROM `vs_class_type` [ RunTime:0.0011s ]
SQL: SELECT c_name as name,c_id as id FROM `vs_class_type` WHERE ( c_pid = 0 )  [ RunTime:0.0001s ]
SQL: SELECT c_name as name,c_id as id,c_pid as pid FROM `vs_class_type` WHERE ( c_pid = 2 and  c_pid != 0 )  [ RunTime:0.0001s ]
SQL: SHOW COLUMNS FROM `vs_course` [ RunTime:0.0006s ]
SQL: SELECT * FROM `vs_course`  [ RunTime:0.0002s ]
INFO: [ view_parse ] --START--
INFO: [ template_filter ] --START--
INFO: Run Behavior\ContentReplaceBehavior [ RunTime:0.000041s ]
INFO: [ template_filter ] --END-- [ RunTime:0.000076s ]
NOTIC: [8] Undefined index: cid /home/wwwroot/v.lvyecms.com/Application/Runtime/Cache/Course/0b0804ffb41c4ff74c52cb03a2859ee0.php 第 74 行.
NOTIC: [8] Undefined index: cid /home/wwwroot/v.lvyecms.com/Application/Runtime/Cache/Course/0b0804ffb41c4ff74c52cb03a2859ee0.php 第 74 行.
INFO: Run Behavior\ParseTemplateBehavior [ RunTime:0.009931s ]
INFO: [ view_parse ] --END-- [ RunTime:0.009974s ]
INFO: [ view_filter ] --START--
INFO: Run Behavior\WriteHtmlCacheBehavior [ RunTime:0.000174s ]
INFO: [ view_filter ] --END-- [ RunTime:0.000205s ]
INFO: [ app_end ] --START--
INFO: Run Behavior\ShowPageTraceBehavior [ RunTime:0.000378s ]
INFO: [ app_end ] --END-- [ RunTime:0.000411s ]

[ 2016-12-19T20:28:04+08:00 ] 221.232.201.227 /Course/Index/index/catid/3.html
INFO: [ app_init ] --START--
INFO: Run Behavior\BuildLiteBehavior [ RunTime:0.000010s ]
INFO: [ app_init ] --END-- [ RunTime:0.000263s ]
INFO: [ app_begin ] --START--
INFO: Run Behavior\ReadHtmlCacheBehavior [ RunTime:0.000375s ]
INFO: [ app_begin ] --END-- [ RunTime:0.000411s ]
SQL: SHOW COLUMNS FROM `vs_class_type` [ RunTime:0.0007s ]
SQL: SELECT c_name as name,c_id as id FROM `vs_class_type` WHERE ( c_pid = 0 )  [ RunTime:0.0001s ]
SQL: SELECT c_name as name,c_id as id,c_pid as pid FROM `vs_class_type` WHERE ( c_pid = 3 and  c_pid != 0 )  [ RunTime:0.0001s ]
SQL: SHOW COLUMNS FROM `vs_course` [ RunTime:0.0007s ]
SQL: SELECT * FROM `vs_course`  [ RunTime:0.0002s ]
INFO: [ view_parse ] --START--
INFO: [ template_filter ] --START--
INFO: Run Behavior\ContentReplaceBehavior [ RunTime:0.000070s ]
INFO: [ template_filter ] --END-- [ RunTime:0.000126s ]
NOTIC: [8] Undefined index: cid /home/wwwroot/v.lvyecms.com/Application/Runtime/Cache/Course/0b0804ffb41c4ff74c52cb03a2859ee0.php 第 74 行.
NOTIC: [8] Undefined index: cid /home/wwwroot/v.lvyecms.com/Application/Runtime/Cache/Course/0b0804ffb41c4ff74c52cb03a2859ee0.php 第 74 行.
INFO: Run Behavior\ParseTemplateBehavior [ RunTime:0.015521s ]
INFO: [ view_parse ] --END-- [ RunTime:0.015577s ]
INFO: [ view_filter ] --START--
INFO: Run Behavior\WriteHtmlCacheBehavior [ RunTime:0.000278s ]
INFO: [ view_filter ] --END-- [ RunTime:0.000327s ]
INFO: [ app_end ] --START--
INFO: Run Behavior\ShowPageTraceBehavior [ RunTime:0.000635s ]
INFO: [ app_end ] --END-- [ RunTime:0.000675s ]

[ 2016-12-19T20:28:04+08:00 ] 221.232.201.227 /Course/Index/index/catid/2.html
INFO: [ app_init ] --START--
INFO: Run Behavior\BuildLiteBehavior [ RunTime:0.000009s ]
INFO: [ app_init ] --END-- [ RunTime:0.000263s ]
INFO: [ app_begin ] --START--
INFO: Run Behavior\ReadHtmlCacheBehavior [ RunTime:0.000387s ]
INFO: [ app_begin ] --END-- [ RunTime:0.000423s ]
SQL: SHOW COLUMNS FROM `vs_class_type` [ RunTime:0.0006s ]
SQL: SELECT c_name as name,c_id as id FROM `vs_class_type` WHERE ( c_pid = 0 )  [ RunTime:0.0001s ]
SQL: SELECT c_name as name,c_id as id,c_pid as pid FROM `vs_class_type` WHERE ( c_pid = 2 and  c_pid != 0 )  [ RunTime:0.0001s ]
SQL: SHOW COLUMNS FROM `vs_course` [ RunTime:0.0006s ]
SQL: SELECT * FROM `vs_course`  [ RunTime:0.0001s ]
INFO: [ view_parse ] --START--
INFO: [ template_filter ] --START--
INFO: Run Behavior\ContentReplaceBehavior [ RunTime:0.000043s ]
INFO: [ template_filter ] --END-- [ RunTime:0.000079s ]
NOTIC: [8] Undefined index: cid /home/wwwroot/v.lvyecms.com/Application/Runtime/Cache/Course/0b0804ffb41c4ff74c52cb03a2859ee0.php 第 74 行.
NOTIC: [8] Undefined index: cid /home/wwwroot/v.lvyecms.com/Application/Runtime/Cache/Course/0b0804ffb41c4ff74c52cb03a2859ee0.php 第 74 行.
INFO: Run Behavior\ParseTemplateBehavior [ RunTime:0.012662s ]
INFO: [ view_parse ] --END-- [ RunTime:0.012713s ]
INFO: [ view_filter ] --START--
INFO: Run Behavior\WriteHtmlCacheBehavior [ RunTime:0.000176s ]
INFO: [ view_filter ] --END-- [ RunTime:0.000207s ]
INFO: [ app_end ] --START--
INFO: Run Behavior\ShowPageTraceBehavior [ RunTime:0.000390s ]
INFO: [ app_end ] --END-- [ RunTime:0.000423s ]

[ 2016-12-19T20:28:05+08:00 ] 221.232.201.227 /Course/Index/index/catid/1.html
INFO: [ app_init ] --START--
INFO: Run Behavior\BuildLiteBehavior [ RunTime:0.000010s ]
INFO: [ app_init ] --END-- [ RunTime:0.000264s ]
INFO: [ app_begin ] --START--
INFO: Run Behavior\ReadHtmlCacheBehavior [ RunTime:0.000380s ]
INFO: [ app_begin ] --END-- [ RunTime:0.000415s ]
SQL: SHOW COLUMNS FROM `vs_class_type` [ RunTime:0.0006s ]
SQL: SELECT c_name as name,c_id as id FROM `vs_class_type` WHERE ( c_pid = 0 )  [ RunTime:0.0001s ]
SQL: SELECT c_name as name,c_id as id,c_pid as pid FROM `vs_class_type` WHERE ( c_pid = 1 and  c_pid != 0 )  [ RunTime:0.0001s ]
SQL: SHOW COLUMNS FROM `vs_course` [ RunTime:0.0006s ]
SQL: SELECT * FROM `vs_course`  [ RunTime:0.0001s ]
INFO: [ view_parse ] --START--
INFO: [ template_filter ] --START--
INFO: Run Behavior\ContentReplaceBehavior [ RunTime:0.000046s ]
INFO: [ template_filter ] --END-- [ RunTime:0.000081s ]
NOTIC: [8] Undefined index: cid /home/wwwroot/v.lvyecms.com/Application/Runtime/Cache/Course/0b0804ffb41c4ff74c52cb03a2859ee0.php 第 74 行.
NOTIC: [8] Undefined index: cid /home/wwwroot/v.lvyecms.com/Application/Runtime/Cache/Course/0b0804ffb41c4ff74c52cb03a2859ee0.php 第 74 行.
NOTIC: [8] Undefined index: cid /home/wwwroot/v.lvyecms.com/Application/Runtime/Cache/Course/0b0804ffb41c4ff74c52cb03a2859ee0.php 第 74 行.
NOTIC: [8] Undefined index: cid /home/wwwroot/v.lvyecms.com/Application/Runtime/Cache/Course/0b0804ffb41c4ff74c52cb03a2859ee0.php 第 74 行.
INFO: Run Behavior\ParseTemplateBehavior [ RunTime:0.012721s ]
INFO: [ view_parse ] --END-- [ RunTime:0.012765s ]
INFO: [ view_filter ] --START--
INFO: Run Behavior\WriteHtmlCacheBehavior [ RunTime:0.000184s ]
INFO: [ view_filter ] --END-- [ RunTime:0.000215s ]
INFO: [ app_end ] --START--
INFO: Run Behavior\ShowPageTraceBehavior [ RunTime:0.000396s ]
INFO: [ app_end ] --END-- [ RunTime:0.000429s ]

[ 2016-12-19T20:28:06+08:00 ] 221.232.201.227 /Course/Index/index/catid/1/cid/4.html
INFO: [ app_init ] --START--
INFO: Run Behavior\BuildLiteBehavior [ RunTime:0.000010s ]
INFO: [ app_init ] --END-- [ RunTime:0.000266s ]
INFO: [ app_begin ] --START--
INFO: Run Behavior\ReadHtmlCacheBehavior [ RunTime:0.000393s ]
INFO: [ app_begin ] --END-- [ RunTime:0.000429s ]
SQL: SHOW COLUMNS FROM `vs_class_type` [ RunTime:0.0006s ]
SQL: SELECT c_name as name,c_id as id FROM `vs_class_type` WHERE ( c_pid = 0 )  [ RunTime:0.0001s ]
SQL: SELECT c_name as name,c_id as id,c_pid as pid FROM `vs_class_type` WHERE ( c_pid = 1 and  c_pid != 0 )  [ RunTime:0.0001s ]
SQL: SHOW COLUMNS FROM `vs_course` [ RunTime:0.0007s ]
SQL: SELECT * FROM `vs_course`  [ RunTime:0.0002s ]
INFO: [ view_parse ] --START--
INFO: [ template_filter ] --START--
INFO: Run Behavior\ContentReplaceBehavior [ RunTime:0.000068s ]
INFO: [ template_filter ] --END-- [ RunTime:0.000124s ]
INFO: Run Behavior\ParseTemplateBehavior [ RunTime:0.015746s ]
INFO: [ view_parse ] --END-- [ RunTime:0.015804s ]
INFO: [ view_filter ] --START--
INFO: Run Behavior\WriteHtmlCacheBehavior [ RunTime:0.000277s ]
INFO: [ view_filter ] --END-- [ RunTime:0.000327s ]
INFO: [ app_end ] --START--
INFO: Run Behavior\ShowPageTraceBehavior [ RunTime:0.000618s ]
INFO: [ app_end ] --END-- [ RunTime:0.000671s ]

[ 2016-12-19T20:28:06+08:00 ] 221.232.201.227 /Course/Index/index/catid/1/cid/5.html
INFO: [ app_init ] --START--
INFO: Run Behavior\BuildLiteBehavior [ RunTime:0.000015s ]
INFO: [ app_init ] --END-- [ RunTime:0.000429s ]
INFO: [ app_begin ] --START--
INFO: Run Behavior\ReadHtmlCacheBehavior [ RunTime:0.000384s ]
INFO: [ app_begin ] --END-- [ RunTime:0.000420s ]
SQL: SHOW COLUMNS FROM `vs_class_type` [ RunTime:0.0007s ]
SQL: SELECT c_name as name,c_id as id FROM `vs_class_type` WHERE ( c_pid = 0 )  [ RunTime:0.0001s ]
SQL: SELECT c_name as name,c_id as id,c_pid as pid FROM `vs_class_type` WHERE ( c_pid = 1 and  c_pid != 0 )  [ RunTime:0.0001s ]
SQL: SHOW COLUMNS FROM `vs_course` [ RunTime:0.0006s ]
SQL: SELECT * FROM `vs_course`  [ RunTime:0.0002s ]
INFO: [ view_parse ] --START--
INFO: [ template_filter ] --START--
INFO: Run Behavior\ContentReplaceBehavior [ RunTime:0.000044s ]
INFO: [ template_filter ] --END-- [ RunTime:0.000079s ]
INFO: Run Behavior\ParseTemplateBehavior [ RunTime:0.013288s ]
INFO: [ view_parse ] --END-- [ RunTime:0.013333s ]
INFO: [ view_filter ] --START--
INFO: Run Behavior\WriteHtmlCacheBehavior [ RunTime:0.000174s ]
INFO: [ view_filter ] --END-- [ RunTime:0.000206s ]
INFO: [ app_end ] --START--
INFO: Run Behavior\ShowPageTraceBehavior [ RunTime:0.000394s ]
INFO: [ app_end ] --END-- [ RunTime:0.000428s ]

[ 2016-12-19T20:28:07+08:00 ] 221.232.201.227 /Course/Index/index/catid/1/cid/6.html
INFO: [ app_init ] --START--
INFO: Run Behavior\BuildLiteBehavior [ RunTime:0.000011s ]
INFO: [ app_init ] --END-- [ RunTime:0.000261s ]
INFO: [ app_begin ] --START--
INFO: Run Behavior\ReadHtmlCacheBehavior [ RunTime:0.000374s ]
INFO: [ app_begin ] --END-- [ RunTime:0.000412s ]
SQL: SHOW COLUMNS FROM `vs_class_type` [ RunTime:0.0005s ]
SQL: SELECT c_name as name,c_id as id FROM `vs_class_type` WHERE ( c_pid = 0 )  [ RunTime:0.0001s ]
SQL: SELECT c_name as name,c_id as id,c_pid as pid FROM `vs_class_type` WHERE ( c_pid = 1 and  c_pid != 0 )  [ RunTime:0.0001s ]
SQL: SHOW COLUMNS FROM `vs_course` [ RunTime:0.0004s ]
SQL: SELECT * FROM `vs_course`  [ RunTime:0.0001s ]
INFO: [ view_parse ] --START--
INFO: [ template_filter ] --START--
INFO: Run Behavior\ContentReplaceBehavior [ RunTime:0.000041s ]
INFO: [ template_filter ] --END-- [ RunTime:0.000076s ]
INFO: Run Behavior\ParseTemplateBehavior [ RunTime:0.012785s ]
INFO: [ view_parse ] --END-- [ RunTime:0.012830s ]
INFO: [ view_filter ] --START--
INFO: Run Behavior\WriteHtmlCacheBehavior [ RunTime:0.000172s ]
INFO: [ view_filter ] --END-- [ RunTime:0.000203s ]
INFO: [ app_end ] --START--
INFO: Run Behavior\ShowPageTraceBehavior [ RunTime:0.000393s ]
INFO: [ app_end ] --END-- [ RunTime:0.000426s ]

[ 2016-12-19T20:28:07+08:00 ] 221.232.201.227 /Course/Index/index/catid/1/cid/7.html
INFO: [ app_init ] --START--
INFO: Run Behavior\BuildLiteBehavior [ RunTime:0.000010s ]
INFO: [ app_init ] --END-- [ RunTime:0.000266s ]
INFO: [ app_begin ] --START--
INFO: Run Behavior\ReadHtmlCacheBehavior [ RunTime:0.000382s ]
INFO: [ app_begin ] --END-- [ RunTime:0.000418s ]
SQL: SHOW COLUMNS FROM `vs_class_type` [ RunTime:0.0007s ]
SQL: SELECT c_name as name,c_id as id FROM `vs_class_type` WHERE ( c_pid = 0 )  [ RunTime:0.0001s ]
SQL: SELECT c_name as name,c_id as id,c_pid as pid FROM `vs_class_type` WHERE ( c_pid = 1 and  c_pid != 0 )  [ RunTime:0.0002s ]
SQL: SHOW COLUMNS FROM `vs_course` [ RunTime:0.0006s ]
SQL: SELECT * FROM `vs_course`  [ RunTime:0.0002s ]
INFO: [ view_parse ] --START--
INFO: [ template_filter ] --START--
INFO: Run Behavior\ContentReplaceBehavior [ RunTime:0.000066s ]
INFO: [ template_filter ] --END-- [ RunTime:0.000121s ]
INFO: Run Behavior\ParseTemplateBehavior [ RunTime:0.015039s ]
INFO: [ view_parse ] --END-- [ RunTime:0.015097s ]
INFO: [ view_filter ] --START--
INFO: Run Behavior\WriteHtmlCacheBehavior [ RunTime:0.000273s ]
INFO: [ view_filter ] --END-- [ RunTime:0.000323s ]
INFO: [ app_end ] --START--
INFO: Run Behavior\ShowPageTraceBehavior [ RunTime:0.000606s ]
INFO: [ app_end ] --END-- [ RunTime:0.000660s ]

[ 2016-12-19T20:28:08+08:00 ] 221.232.201.227 /Course/Index/index/catid/2.html
INFO: [ app_init ] --START--
INFO: Run Behavior\BuildLiteBehavior [ RunTime:0.000009s ]
INFO: [ app_init ] --END-- [ RunTime:0.000266s ]
INFO: [ app_begin ] --START--
INFO: Run Behavior\ReadHtmlCacheBehavior [ RunTime:0.000385s ]
INFO: [ app_begin ] --END-- [ RunTime:0.000421s ]
SQL: SHOW COLUMNS FROM `vs_class_type` [ RunTime:0.0006s ]
SQL: SELECT c_name as name,c_id as id FROM `vs_class_type` WHERE ( c_pid = 0 )  [ RunTime:0.0001s ]
SQL: SELECT c_name as name,c_id as id,c_pid as pid FROM `vs_class_type` WHERE ( c_pid = 2 and  c_pid != 0 )  [ RunTime:0.0001s ]
SQL: SHOW COLUMNS FROM `vs_course` [ RunTime:0.0007s ]
SQL: SELECT * FROM `vs_course`  [ RunTime:0.0001s ]
INFO: [ view_parse ] --START--
INFO: [ template_filter ] --START--
INFO: Run Behavior\ContentReplaceBehavior [ RunTime:0.000068s ]
INFO: [ template_filter ] --END-- [ RunTime:0.000124s ]
NOTIC: [8] Undefined index: cid /home/wwwroot/v.lvyecms.com/Application/Runtime/Cache/Course/0b0804ffb41c4ff74c52cb03a2859ee0.php 第 74 行.
NOTIC: [8] Undefined index: cid /home/wwwroot/v.lvyecms.com/Application/Runtime/Cache/Course/0b0804ffb41c4ff74c52cb03a2859ee0.php 第 74 行.
INFO: Run Behavior\ParseTemplateBehavior [ RunTime:0.014736s ]
INFO: [ view_parse ] --END-- [ RunTime:0.014791s ]
INFO: [ view_filter ] --START--
INFO: Run Behavior\WriteHtmlCacheBehavior [ RunTime:0.000292s ]
INFO: [ view_filter ] --END-- [ RunTime:0.000342s ]
INFO: [ app_end ] --START--
INFO: Run Behavior\ShowPageTraceBehavior [ RunTime:0.000622s ]
INFO: [ app_end ] --END-- [ RunTime:0.000675s ]

[ 2016-12-19T20:28:08+08:00 ] 221.232.201.227 /Course/Index/index/catid/2/cid/8.html
INFO: [ app_init ] --START--
INFO: Run Behavior\BuildLiteBehavior [ RunTime:0.000010s ]
INFO: [ app_init ] --END-- [ RunTime:0.000264s ]
INFO: [ app_begin ] --START--
INFO: Run Behavior\ReadHtmlCacheBehavior [ RunTime:0.000384s ]
INFO: [ app_begin ] --END-- [ RunTime:0.000420s ]
SQL: SHOW COLUMNS FROM `vs_class_type` [ RunTime:0.0006s ]
SQL: SELECT c_name as name,c_id as id FROM `vs_class_type` WHERE ( c_pid = 0 )  [ RunTime:0.0001s ]
SQL: SELECT c_name as name,c_id as id,c_pid as pid FROM `vs_class_type` WHERE ( c_pid = 2 and  c_pid != 0 )  [ RunTime:0.0001s ]
SQL: SHOW COLUMNS FROM `vs_course` [ RunTime:0.0006s ]
SQL: SELECT * FROM `vs_course`  [ RunTime:0.0001s ]
INFO: [ view_parse ] --START--
INFO: [ template_filter ] --START--
INFO: Run Behavior\ContentReplaceBehavior [ RunTime:0.000050s ]
INFO: [ template_filter ] --END-- [ RunTime:0.000088s ]
INFO: Run Behavior\ParseTemplateBehavior [ RunTime:0.012661s ]
INFO: [ view_parse ] --END-- [ RunTime:0.012706s ]
INFO: [ view_filter ] --START--
INFO: Run Behavior\WriteHtmlCacheBehavior [ RunTime:0.000175s ]
INFO: [ view_filter ] --END-- [ RunTime:0.000207s ]
INFO: [ app_end ] --START--
INFO: Run Behavior\ShowPageTraceBehavior [ RunTime:0.000401s ]
INFO: [ app_end ] --END-- [ RunTime:0.000434s ]

[ 2016-12-19T20:28:09+08:00 ] 221.232.201.227 /Course/Index/index/catid/2/cid/9.html
INFO: [ app_init ] --START--
INFO: Run Behavior\BuildLiteBehavior [ RunTime:0.000010s ]
INFO: [ app_init ] --END-- [ RunTime:0.000259s ]
INFO: [ app_begin ] --START--
INFO: Run Behavior\ReadHtmlCacheBehavior [ RunTime:0.000373s ]
INFO: [ app_begin ] --END-- [ RunTime:0.000409s ]
SQL: SHOW COLUMNS FROM `vs_class_type` [ RunTime:0.0006s ]
SQL: SELECT c_name as name,c_id as id FROM `vs_class_type` WHERE ( c_pid = 0 )  [ RunTime:0.0001s ]
SQL: SELECT c_name as name,c_id as id,c_pid as pid FROM `vs_class_type` WHERE ( c_pid = 2 and  c_pid != 0 )  [ RunTime:0.0001s ]
SQL: SHOW COLUMNS FROM `vs_course` [ RunTime:0.0006s ]
SQL: SELECT * FROM `vs_course`  [ RunTime:0.0001s ]
INFO: [ view_parse ] --START--
INFO: [ template_filter ] --START--
INFO: Run Behavior\ContentReplaceBehavior [ RunTime:0.000068s ]
INFO: [ template_filter ] --END-- [ RunTime:0.000125s ]
INFO: Run Behavior\ParseTemplateBehavior [ RunTime:0.015270s ]
INFO: [ view_parse ] --END-- [ RunTime:0.015330s ]
INFO: [ view_filter ] --START--
INFO: Run Behavior\WriteHtmlCacheBehavior [ RunTime:0.000226s ]
INFO: [ view_filter ] --END-- [ RunTime:0.000264s ]
INFO: [ app_end ] --START--
INFO: Run Behavior\ShowPageTraceBehavior [ RunTime:0.000395s ]
INFO: [ app_end ] --END-- [ RunTime:0.000429s ]

[ 2016-12-19T20:28:09+08:00 ] 221.232.201.227 /Course/Index/index/catid/3.html
INFO: [ app_init ] --START--
INFO: Run Behavior\BuildLiteBehavior [ RunTime:0.000010s ]
INFO: [ app_init ] --END-- [ RunTime:0.000267s ]
INFO: [ app_begin ] --START--
INFO: Run Behavior\ReadHtmlCacheBehavior [ RunTime:0.000379s ]
INFO: [ app_begin ] --END-- [ RunTime:0.000415s ]
SQL: SHOW COLUMNS FROM `vs_class_type` [ RunTime:0.0005s ]
SQL: SELECT c_name as name,c_id as id FROM `vs_class_type` WHERE ( c_pid = 0 )  [ RunTime:0.0001s ]
SQL: SELECT c_name as name,c_id as id,c_pid as pid FROM `vs_class_type` WHERE ( c_pid = 3 and  c_pid != 0 )  [ RunTime:0.0001s ]
SQL: SHOW COLUMNS FROM `vs_course` [ RunTime:0.0005s ]
SQL: SELECT * FROM `vs_course`  [ RunTime:0.0001s ]
INFO: [ view_parse ] --START--
INFO: [ template_filter ] --START--
INFO: Run Behavior\ContentReplaceBehavior [ RunTime:0.000040s ]
INFO: [ template_filter ] --END-- [ RunTime:0.000073s ]
NOTIC: [8] Undefined index: cid /home/wwwroot/v.lvyecms.com/Application/Runtime/Cache/Course/0b0804ffb41c4ff74c52cb03a2859ee0.php 第 74 行.
NOTIC: [8] Undefined index: cid /home/wwwroot/v.lvyecms.com/Application/Runtime/Cache/Course/0b0804ffb41c4ff74c52cb03a2859ee0.php 第 74 行.
INFO: Run Behavior\ParseTemplateBehavior [ RunTime:0.010357s ]
INFO: [ view_parse ] --END-- [ RunTime:0.010391s ]
INFO: [ view_filter ] --START--
INFO: Run Behavior\WriteHtmlCacheBehavior [ RunTime:0.000176s ]
INFO: [ view_filter ] --END-- [ RunTime:0.000208s ]
INFO: [ app_end ] --START--
INFO: Run Behavior\ShowPageTraceBehavior [ RunTime:0.000375s ]
INFO: [ app_end ] --END-- [ RunTime:0.000407s ]

[ 2016-12-19T20:28:10+08:00 ] 221.232.201.227 /Course/Index/index/catid/3/cid/10.html
INFO: [ app_init ] --START--
INFO: Run Behavior\BuildLiteBehavior [ RunTime:0.000010s ]
INFO: [ app_init ] --END-- [ RunTime:0.000272s ]
INFO: [ app_begin ] --START--
INFO: Run Behavior\ReadHtmlCacheBehavior [ RunTime:0.000392s ]
INFO: [ app_begin ] --END-- [ RunTime:0.000428s ]
SQL: SHOW COLUMNS FROM `vs_class_type` [ RunTime:0.0004s ]
SQL: SELECT c_name as name,c_id as id FROM `vs_class_type` WHERE ( c_pid = 0 )  [ RunTime:0.0001s ]
SQL: SELECT c_name as name,c_id as id,c_pid as pid FROM `vs_class_type` WHERE ( c_pid = 3 and  c_pid != 0 )  [ RunTime:0.0001s ]
SQL: SHOW COLUMNS FROM `vs_course` [ RunTime:0.0004s ]
SQL: SELECT * FROM `vs_course`  [ RunTime:0.0001s ]
INFO: [ view_parse ] --START--
INFO: [ template_filter ] --START--
INFO: Run Behavior\ContentReplaceBehavior [ RunTime:0.000042s ]
INFO: [ template_filter ] --END-- [ RunTime:0.000077s ]
INFO: Run Behavior\ParseTemplateBehavior [ RunTime:0.012613s ]
INFO: [ view_parse ] --END-- [ RunTime:0.012650s ]
INFO: [ view_filter ] --START--
INFO: Run Behavior\WriteHtmlCacheBehavior [ RunTime:0.000173s ]
INFO: [ view_filter ] --END-- [ RunTime:0.000204s ]
INFO: [ app_end ] --START--
INFO: Run Behavior\ShowPageTraceBehavior [ RunTime:0.000388s ]
INFO: [ app_end ] --END-- [ RunTime:0.000421s ]

[ 2016-12-19T20:28:11+08:00 ] 221.232.201.227 /Course/Index/index/catid/3/cid/11.html
INFO: [ app_init ] --START--
INFO: Run Behavior\BuildLiteBehavior [ RunTime:0.000016s ]
INFO: [ app_init ] --END-- [ RunTime:0.000423s ]
INFO: [ app_begin ] --START--
INFO: Run Behavior\ReadHtmlCacheBehavior [ RunTime:0.000394s ]
INFO: [ app_begin ] --END-- [ RunTime:0.000431s ]
SQL: SHOW COLUMNS FROM `vs_class_type` [ RunTime:0.0005s ]
SQL: SELECT c_name as name,c_id as id FROM `vs_class_type` WHERE ( c_pid = 0 )  [ RunTime:0.0001s ]
SQL: SELECT c_name as name,c_id as id,c_pid as pid FROM `vs_class_type` WHERE ( c_pid = 3 and  c_pid != 0 )  [ RunTime:0.0001s ]
SQL: SHOW COLUMNS FROM `vs_course` [ RunTime:0.0004s ]
SQL: SELECT * FROM `vs_course`  [ RunTime:0.0001s ]
INFO: [ view_parse ] --START--
INFO: [ template_filter ] --START--
INFO: Run Behavior\ContentReplaceBehavior [ RunTime:0.000042s ]
INFO: [ template_filter ] --END-- [ RunTime:0.000077s ]
INFO: Run Behavior\ParseTemplateBehavior [ RunTime:0.022027s ]
INFO: [ view_parse ] --END-- [ RunTime:0.022064s ]
INFO: [ view_filter ] --START--
INFO: Run Behavior\WriteHtmlCacheBehavior [ RunTime:0.000176s ]
INFO: [ view_filter ] --END-- [ RunTime:0.000207s ]
INFO: [ app_end ] --START--
INFO: Run Behavior\ShowPageTraceBehavior [ RunTime:0.000613s ]
INFO: [ app_end ] --END-- [ RunTime:0.000660s ]

