[ 2017-01-05T09:14:36+08:00 ] 127.0.0.1 /Course
INFO: [ app_init ] --START--
INFO: Run Behavior\BuildLiteBehavior [ RunTime:0.000000s ]
INFO: [ app_init ] --END-- [ RunTime:0.001000s ]
INFO: [ app_begin ] --START--
INFO: Run Behavior\ReadHtmlCacheBehavior [ RunTime:0.001000s ]
INFO: [ app_begin ] --END-- [ RunTime:0.001000s ]
SQL: SHOW COLUMNS FROM `vs_class_type` [ RunTime:0.0180s ]
SQL: SELECT c_name as name,c_id as id FROM `vs_class_type` WHERE ( c_pid = 0 )  [ RunTime:0.0180s ]
SQL: SELECT c_name as name,c_id as id,c_pid as pid FROM `vs_class_type` WHERE (  c_pid != 0 )  [ RunTime:0.0190s ]
SQL: SHOW COLUMNS FROM `vs_course` [ RunTime:0.0250s ]
SQL: SELECT * FROM `vs_course`  [ RunTime:0.0200s ]
INFO: [ view_parse ] --START--
INFO: [ template_filter ] --START--
INFO: Run Behavior\ContentReplaceBehavior [ RunTime:0.000000s ]
INFO: [ template_filter ] --END-- [ RunTime:0.000000s ]
NOTIC: [8] Undefined index: catid E:\phpStudy\WWW\vstudy\Application\Runtime\Cache\Course\0b0804ffb41c4ff74c52cb03a2859ee0.php 第 61 行.
NOTIC: [8] Undefined index: catid E:\phpStudy\WWW\vstudy\Application\Runtime\Cache\Course\0b0804ffb41c4ff74c52cb03a2859ee0.php 第 61 行.
NOTIC: [8] Undefined index: catid E:\phpStudy\WWW\vstudy\Application\Runtime\Cache\Course\0b0804ffb41c4ff74c52cb03a2859ee0.php 第 61 行.
NOTIC: [8] Undefined index: cid E:\phpStudy\WWW\vstudy\Application\Runtime\Cache\Course\0b0804ffb41c4ff74c52cb03a2859ee0.php 第 74 行.
NOTIC: [8] Undefined index: cid E:\phpStudy\WWW\vstudy\Application\Runtime\Cache\Course\0b0804ffb41c4ff74c52cb03a2859ee0.php 第 74 行.
NOTIC: [8] Undefined index: cid E:\phpStudy\WWW\vstudy\Application\Runtime\Cache\Course\0b0804ffb41c4ff74c52cb03a2859ee0.php 第 74 行.
NOTIC: [8] Undefined index: cid E:\phpStudy\WWW\vstudy\Application\Runtime\Cache\Course\0b0804ffb41c4ff74c52cb03a2859ee0.php 第 74 行.
NOTIC: [8] Undefined index: cid E:\phpStudy\WWW\vstudy\Application\Runtime\Cache\Course\0b0804ffb41c4ff74c52cb03a2859ee0.php 第 74 行.
NOTIC: [8] Undefined index: cid E:\phpStudy\WWW\vstudy\Application\Runtime\Cache\Course\0b0804ffb41c4ff74c52cb03a2859ee0.php 第 74 行.
NOTIC: [8] Undefined index: cid E:\phpStudy\WWW\vstudy\Application\Runtime\Cache\Course\0b0804ffb41c4ff74c52cb03a2859ee0.php 第 74 行.
NOTIC: [8] Undefined index: cid E:\phpStudy\WWW\vstudy\Application\Runtime\Cache\Course\0b0804ffb41c4ff74c52cb03a2859ee0.php 第 74 行.
NOTIC: [8] Undefined index: course duration E:\phpStudy\WWW\vstudy\Application\Runtime\Cache\Course\0b0804ffb41c4ff74c52cb03a2859ee0.php 第 128 行.
NOTIC: [8] Undefined index: course duration E:\phpStudy\WWW\vstudy\Application\Runtime\Cache\Course\0b0804ffb41c4ff74c52cb03a2859ee0.php 第 129 行.
NOTIC: [8] Undefined index: course duration E:\phpStudy\WWW\vstudy\Application\Runtime\Cache\Course\0b0804ffb41c4ff74c52cb03a2859ee0.php 第 128 行.
NOTIC: [8] Undefined index: course duration E:\phpStudy\WWW\vstudy\Application\Runtime\Cache\Course\0b0804ffb41c4ff74c52cb03a2859ee0.php 第 129 行.
NOTIC: [8] Undefined index: course duration E:\phpStudy\WWW\vstudy\Application\Runtime\Cache\Course\0b0804ffb41c4ff74c52cb03a2859ee0.php 第 128 行.
NOTIC: [8] Undefined index: course duration E:\phpStudy\WWW\vstudy\Application\Runtime\Cache\Course\0b0804ffb41c4ff74c52cb03a2859ee0.php 第 129 行.
NOTIC: [8] Undefined index: course duration E:\phpStudy\WWW\vstudy\Application\Runtime\Cache\Course\0b0804ffb41c4ff74c52cb03a2859ee0.php 第 128 行.
NOTIC: [8] Undefined index: course duration E:\phpStudy\WWW\vstudy\Application\Runtime\Cache\Course\0b0804ffb41c4ff74c52cb03a2859ee0.php 第 129 行.
NOTIC: [8] Undefined index: course duration E:\phpStudy\WWW\vstudy\Application\Runtime\Cache\Course\0b0804ffb41c4ff74c52cb03a2859ee0.php 第 128 行.
NOTIC: [8] Undefined index: course duration E:\phpStudy\WWW\vstudy\Application\Runtime\Cache\Course\0b0804ffb41c4ff74c52cb03a2859ee0.php 第 129 行.
NOTIC: [8] Undefined index: course duration E:\phpStudy\WWW\vstudy\Application\Runtime\Cache\Course\0b0804ffb41c4ff74c52cb03a2859ee0.php 第 128 行.
NOTIC: [8] Undefined index: course duration E:\phpStudy\WWW\vstudy\Application\Runtime\Cache\Course\0b0804ffb41c4ff74c52cb03a2859ee0.php 第 129 行.
NOTIC: [8] Undefined index: course duration E:\phpStudy\WWW\vstudy\Application\Runtime\Cache\Course\0b0804ffb41c4ff74c52cb03a2859ee0.php 第 128 行.
NOTIC: [8] Undefined index: course duration E:\phpStudy\WWW\vstudy\Application\Runtime\Cache\Course\0b0804ffb41c4ff74c52cb03a2859ee0.php 第 129 行.
NOTIC: [8] Undefined index: course duration E:\phpStudy\WWW\vstudy\Application\Runtime\Cache\Course\0b0804ffb41c4ff74c52cb03a2859ee0.php 第 128 行.
NOTIC: [8] Undefined index: course duration E:\phpStudy\WWW\vstudy\Application\Runtime\Cache\Course\0b0804ffb41c4ff74c52cb03a2859ee0.php 第 129 行.
NOTIC: [8] Undefined index: course duration E:\phpStudy\WWW\vstudy\Application\Runtime\Cache\Course\0b0804ffb41c4ff74c52cb03a2859ee0.php 第 128 行.
NOTIC: [8] Undefined index: course duration E:\phpStudy\WWW\vstudy\Application\Runtime\Cache\Course\0b0804ffb41c4ff74c52cb03a2859ee0.php 第 129 行.
NOTIC: [8] Undefined index: course duration E:\phpStudy\WWW\vstudy\Application\Runtime\Cache\Course\0b0804ffb41c4ff74c52cb03a2859ee0.php 第 128 行.
NOTIC: [8] Undefined index: course duration E:\phpStudy\WWW\vstudy\Application\Runtime\Cache\Course\0b0804ffb41c4ff74c52cb03a2859ee0.php 第 129 行.
INFO: Run Behavior\ParseTemplateBehavior [ RunTime:0.031002s ]
INFO: [ view_parse ] --END-- [ RunTime:0.031002s ]
INFO: [ view_filter ] --START--
INFO: Run Behavior\WriteHtmlCacheBehavior [ RunTime:0.000000s ]
INFO: [ view_filter ] --END-- [ RunTime:0.000000s ]
INFO: [ app_end ] --START--
INFO: Run Behavior\ShowPageTraceBehavior [ RunTime:0.001000s ]
INFO: [ app_end ] --END-- [ RunTime:0.001000s ]

[ 2017-01-05T10:27:53+08:00 ] 127.0.0.1 /Course
INFO: [ app_init ] --START--
INFO: Run Behavior\BuildLiteBehavior [ RunTime:0.000000s ]
INFO: [ app_init ] --END-- [ RunTime:0.000000s ]
INFO: [ app_begin ] --START--
INFO: Run Behavior\ReadHtmlCacheBehavior [ RunTime:0.001000s ]
INFO: [ app_begin ] --END-- [ RunTime:0.001000s ]
SQL: SHOW COLUMNS FROM `vs_class_type` [ RunTime:0.0190s ]
SQL: SELECT c_name as name,c_id as id FROM `vs_class_type` WHERE ( c_pid = 0 )  [ RunTime:0.0180s ]
SQL: SELECT c_name as name,c_id as id,c_pid as pid FROM `vs_class_type` WHERE (  c_pid != 0 )  [ RunTime:0.0190s ]
SQL: SHOW COLUMNS FROM `vs_course` [ RunTime:0.0200s ]
SQL: SELECT * FROM `vs_course`  [ RunTime:0.0200s ]
INFO: [ view_parse ] --START--
INFO: [ template_filter ] --START--
INFO: Run Behavior\ContentReplaceBehavior [ RunTime:0.000000s ]
INFO: [ template_filter ] --END-- [ RunTime:0.001001s ]
NOTIC: [8] Undefined index: catid E:\phpStudy\WWW\vstudy\Application\Runtime\Cache\Course\0b0804ffb41c4ff74c52cb03a2859ee0.php 第 61 行.
NOTIC: [8] Undefined index: catid E:\phpStudy\WWW\vstudy\Application\Runtime\Cache\Course\0b0804ffb41c4ff74c52cb03a2859ee0.php 第 61 行.
NOTIC: [8] Undefined index: catid E:\phpStudy\WWW\vstudy\Application\Runtime\Cache\Course\0b0804ffb41c4ff74c52cb03a2859ee0.php 第 61 行.
NOTIC: [8] Undefined index: cid E:\phpStudy\WWW\vstudy\Application\Runtime\Cache\Course\0b0804ffb41c4ff74c52cb03a2859ee0.php 第 74 行.
NOTIC: [8] Undefined index: cid E:\phpStudy\WWW\vstudy\Application\Runtime\Cache\Course\0b0804ffb41c4ff74c52cb03a2859ee0.php 第 74 行.
NOTIC: [8] Undefined index: cid E:\phpStudy\WWW\vstudy\Application\Runtime\Cache\Course\0b0804ffb41c4ff74c52cb03a2859ee0.php 第 74 行.
NOTIC: [8] Undefined index: cid E:\phpStudy\WWW\vstudy\Application\Runtime\Cache\Course\0b0804ffb41c4ff74c52cb03a2859ee0.php 第 74 行.
NOTIC: [8] Undefined index: cid E:\phpStudy\WWW\vstudy\Application\Runtime\Cache\Course\0b0804ffb41c4ff74c52cb03a2859ee0.php 第 74 行.
NOTIC: [8] Undefined index: cid E:\phpStudy\WWW\vstudy\Application\Runtime\Cache\Course\0b0804ffb41c4ff74c52cb03a2859ee0.php 第 74 行.
NOTIC: [8] Undefined index: cid E:\phpStudy\WWW\vstudy\Application\Runtime\Cache\Course\0b0804ffb41c4ff74c52cb03a2859ee0.php 第 74 行.
NOTIC: [8] Undefined index: cid E:\phpStudy\WWW\vstudy\Application\Runtime\Cache\Course\0b0804ffb41c4ff74c52cb03a2859ee0.php 第 74 行.
NOTIC: [8] Undefined index: course duration E:\phpStudy\WWW\vstudy\Application\Runtime\Cache\Course\0b0804ffb41c4ff74c52cb03a2859ee0.php 第 128 行.
NOTIC: [8] Undefined index: course duration E:\phpStudy\WWW\vstudy\Application\Runtime\Cache\Course\0b0804ffb41c4ff74c52cb03a2859ee0.php 第 129 行.
NOTIC: [8] Undefined index: course duration E:\phpStudy\WWW\vstudy\Application\Runtime\Cache\Course\0b0804ffb41c4ff74c52cb03a2859ee0.php 第 128 行.
NOTIC: [8] Undefined index: course duration E:\phpStudy\WWW\vstudy\Application\Runtime\Cache\Course\0b0804ffb41c4ff74c52cb03a2859ee0.php 第 129 行.
NOTIC: [8] Undefined index: course duration E:\phpStudy\WWW\vstudy\Application\Runtime\Cache\Course\0b0804ffb41c4ff74c52cb03a2859ee0.php 第 128 行.
NOTIC: [8] Undefined index: course duration E:\phpStudy\WWW\vstudy\Application\Runtime\Cache\Course\0b0804ffb41c4ff74c52cb03a2859ee0.php 第 129 行.
NOTIC: [8] Undefined index: course duration E:\phpStudy\WWW\vstudy\Application\Runtime\Cache\Course\0b0804ffb41c4ff74c52cb03a2859ee0.php 第 128 行.
NOTIC: [8] Undefined index: course duration E:\phpStudy\WWW\vstudy\Application\Runtime\Cache\Course\0b0804ffb41c4ff74c52cb03a2859ee0.php 第 129 行.
NOTIC: [8] Undefined index: course duration E:\phpStudy\WWW\vstudy\Application\Runtime\Cache\Course\0b0804ffb41c4ff74c52cb03a2859ee0.php 第 128 行.
NOTIC: [8] Undefined index: course duration E:\phpStudy\WWW\vstudy\Application\Runtime\Cache\Course\0b0804ffb41c4ff74c52cb03a2859ee0.php 第 129 行.
NOTIC: [8] Undefined index: course duration E:\phpStudy\WWW\vstudy\Application\Runtime\Cache\Course\0b0804ffb41c4ff74c52cb03a2859ee0.php 第 128 行.
NOTIC: [8] Undefined index: course duration E:\phpStudy\WWW\vstudy\Application\Runtime\Cache\Course\0b0804ffb41c4ff74c52cb03a2859ee0.php 第 129 行.
NOTIC: [8] Undefined index: course duration E:\phpStudy\WWW\vstudy\Application\Runtime\Cache\Course\0b0804ffb41c4ff74c52cb03a2859ee0.php 第 128 行.
NOTIC: [8] Undefined index: course duration E:\phpStudy\WWW\vstudy\Application\Runtime\Cache\Course\0b0804ffb41c4ff74c52cb03a2859ee0.php 第 129 行.
NOTIC: [8] Undefined index: course duration E:\phpStudy\WWW\vstudy\Application\Runtime\Cache\Course\0b0804ffb41c4ff74c52cb03a2859ee0.php 第 128 行.
NOTIC: [8] Undefined index: course duration E:\phpStudy\WWW\vstudy\Application\Runtime\Cache\Course\0b0804ffb41c4ff74c52cb03a2859ee0.php 第 129 行.
NOTIC: [8] Undefined index: course duration E:\phpStudy\WWW\vstudy\Application\Runtime\Cache\Course\0b0804ffb41c4ff74c52cb03a2859ee0.php 第 128 行.
NOTIC: [8] Undefined index: course duration E:\phpStudy\WWW\vstudy\Application\Runtime\Cache\Course\0b0804ffb41c4ff74c52cb03a2859ee0.php 第 129 行.
NOTIC: [8] Undefined index: course duration E:\phpStudy\WWW\vstudy\Application\Runtime\Cache\Course\0b0804ffb41c4ff74c52cb03a2859ee0.php 第 128 行.
NOTIC: [8] Undefined index: course duration E:\phpStudy\WWW\vstudy\Application\Runtime\Cache\Course\0b0804ffb41c4ff74c52cb03a2859ee0.php 第 129 行.
INFO: Run Behavior\ParseTemplateBehavior [ RunTime:0.023002s ]
INFO: [ view_parse ] --END-- [ RunTime:0.023002s ]
INFO: [ view_filter ] --START--
INFO: Run Behavior\WriteHtmlCacheBehavior [ RunTime:0.000000s ]
INFO: [ view_filter ] --END-- [ RunTime:0.000000s ]
INFO: [ app_end ] --START--
INFO: Run Behavior\ShowPageTraceBehavior [ RunTime:0.001000s ]
INFO: [ app_end ] --END-- [ RunTime:0.001000s ]

[ 2017-01-05T10:27:58+08:00 ] 127.0.0.1 /Course
INFO: [ app_init ] --START--
INFO: Run Behavior\BuildLiteBehavior [ RunTime:0.000000s ]
INFO: [ app_init ] --END-- [ RunTime:0.001000s ]
INFO: [ app_begin ] --START--
INFO: Run Behavior\ReadHtmlCacheBehavior [ RunTime:0.001000s ]
INFO: [ app_begin ] --END-- [ RunTime:0.001000s ]
SQL: SHOW COLUMNS FROM `vs_class_type` [ RunTime:0.0190s ]
SQL: SELECT c_name as name,c_id as id FROM `vs_class_type` WHERE ( c_pid = 0 )  [ RunTime:0.0190s ]
SQL: SELECT c_name as name,c_id as id,c_pid as pid FROM `vs_class_type` WHERE (  c_pid != 0 )  [ RunTime:0.0190s ]
SQL: SHOW COLUMNS FROM `vs_course` [ RunTime:0.0220s ]
SQL: SELECT * FROM `vs_course`  [ RunTime:0.0200s ]
INFO: [ view_parse ] --START--
INFO: [ template_filter ] --START--
INFO: Run Behavior\ContentReplaceBehavior [ RunTime:0.000000s ]
INFO: [ template_filter ] --END-- [ RunTime:0.000000s ]
NOTIC: [8] Undefined index: catid E:\phpStudy\WWW\vstudy\Application\Runtime\Cache\Course\0b0804ffb41c4ff74c52cb03a2859ee0.php 第 61 行.
NOTIC: [8] Undefined index: catid E:\phpStudy\WWW\vstudy\Application\Runtime\Cache\Course\0b0804ffb41c4ff74c52cb03a2859ee0.php 第 61 行.
NOTIC: [8] Undefined index: catid E:\phpStudy\WWW\vstudy\Application\Runtime\Cache\Course\0b0804ffb41c4ff74c52cb03a2859ee0.php 第 61 行.
NOTIC: [8] Undefined index: cid E:\phpStudy\WWW\vstudy\Application\Runtime\Cache\Course\0b0804ffb41c4ff74c52cb03a2859ee0.php 第 74 行.
NOTIC: [8] Undefined index: cid E:\phpStudy\WWW\vstudy\Application\Runtime\Cache\Course\0b0804ffb41c4ff74c52cb03a2859ee0.php 第 74 行.
NOTIC: [8] Undefined index: cid E:\phpStudy\WWW\vstudy\Application\Runtime\Cache\Course\0b0804ffb41c4ff74c52cb03a2859ee0.php 第 74 行.
NOTIC: [8] Undefined index: cid E:\phpStudy\WWW\vstudy\Application\Runtime\Cache\Course\0b0804ffb41c4ff74c52cb03a2859ee0.php 第 74 行.
NOTIC: [8] Undefined index: cid E:\phpStudy\WWW\vstudy\Application\Runtime\Cache\Course\0b0804ffb41c4ff74c52cb03a2859ee0.php 第 74 行.
NOTIC: [8] Undefined index: cid E:\phpStudy\WWW\vstudy\Application\Runtime\Cache\Course\0b0804ffb41c4ff74c52cb03a2859ee0.php 第 74 行.
NOTIC: [8] Undefined index: cid E:\phpStudy\WWW\vstudy\Application\Runtime\Cache\Course\0b0804ffb41c4ff74c52cb03a2859ee0.php 第 74 行.
NOTIC: [8] Undefined index: cid E:\phpStudy\WWW\vstudy\Application\Runtime\Cache\Course\0b0804ffb41c4ff74c52cb03a2859ee0.php 第 74 行.
NOTIC: [8] Undefined index: course duration E:\phpStudy\WWW\vstudy\Application\Runtime\Cache\Course\0b0804ffb41c4ff74c52cb03a2859ee0.php 第 128 行.
NOTIC: [8] Undefined index: course duration E:\phpStudy\WWW\vstudy\Application\Runtime\Cache\Course\0b0804ffb41c4ff74c52cb03a2859ee0.php 第 129 行.
NOTIC: [8] Undefined index: course duration E:\phpStudy\WWW\vstudy\Application\Runtime\Cache\Course\0b0804ffb41c4ff74c52cb03a2859ee0.php 第 128 行.
NOTIC: [8] Undefined index: course duration E:\phpStudy\WWW\vstudy\Application\Runtime\Cache\Course\0b0804ffb41c4ff74c52cb03a2859ee0.php 第 129 行.
NOTIC: [8] Undefined index: course duration E:\phpStudy\WWW\vstudy\Application\Runtime\Cache\Course\0b0804ffb41c4ff74c52cb03a2859ee0.php 第 128 行.
NOTIC: [8] Undefined index: course duration E:\phpStudy\WWW\vstudy\Application\Runtime\Cache\Course\0b0804ffb41c4ff74c52cb03a2859ee0.php 第 129 行.
NOTIC: [8] Undefined index: course duration E:\phpStudy\WWW\vstudy\Application\Runtime\Cache\Course\0b0804ffb41c4ff74c52cb03a2859ee0.php 第 128 行.
NOTIC: [8] Undefined index: course duration E:\phpStudy\WWW\vstudy\Application\Runtime\Cache\Course\0b0804ffb41c4ff74c52cb03a2859ee0.php 第 129 行.
NOTIC: [8] Undefined index: course duration E:\phpStudy\WWW\vstudy\Application\Runtime\Cache\Course\0b0804ffb41c4ff74c52cb03a2859ee0.php 第 128 行.
NOTIC: [8] Undefined index: course duration E:\phpStudy\WWW\vstudy\Application\Runtime\Cache\Course\0b0804ffb41c4ff74c52cb03a2859ee0.php 第 129 行.
NOTIC: [8] Undefined index: course duration E:\phpStudy\WWW\vstudy\Application\Runtime\Cache\Course\0b0804ffb41c4ff74c52cb03a2859ee0.php 第 128 行.
NOTIC: [8] Undefined index: course duration E:\phpStudy\WWW\vstudy\Application\Runtime\Cache\Course\0b0804ffb41c4ff74c52cb03a2859ee0.php 第 129 行.
NOTIC: [8] Undefined index: course duration E:\phpStudy\WWW\vstudy\Application\Runtime\Cache\Course\0b0804ffb41c4ff74c52cb03a2859ee0.php 第 128 行.
NOTIC: [8] Undefined index: course duration E:\phpStudy\WWW\vstudy\Application\Runtime\Cache\Course\0b0804ffb41c4ff74c52cb03a2859ee0.php 第 129 行.
NOTIC: [8] Undefined index: course duration E:\phpStudy\WWW\vstudy\Application\Runtime\Cache\Course\0b0804ffb41c4ff74c52cb03a2859ee0.php 第 128 行.
NOTIC: [8] Undefined index: course duration E:\phpStudy\WWW\vstudy\Application\Runtime\Cache\Course\0b0804ffb41c4ff74c52cb03a2859ee0.php 第 129 行.
NOTIC: [8] Undefined index: course duration E:\phpStudy\WWW\vstudy\Application\Runtime\Cache\Course\0b0804ffb41c4ff74c52cb03a2859ee0.php 第 128 行.
NOTIC: [8] Undefined index: course duration E:\phpStudy\WWW\vstudy\Application\Runtime\Cache\Course\0b0804ffb41c4ff74c52cb03a2859ee0.php 第 129 行.
NOTIC: [8] Undefined index: course duration E:\phpStudy\WWW\vstudy\Application\Runtime\Cache\Course\0b0804ffb41c4ff74c52cb03a2859ee0.php 第 128 行.
NOTIC: [8] Undefined index: course duration E:\phpStudy\WWW\vstudy\Application\Runtime\Cache\Course\0b0804ffb41c4ff74c52cb03a2859ee0.php 第 129 行.
INFO: Run Behavior\ParseTemplateBehavior [ RunTime:0.022001s ]
INFO: [ view_parse ] --END-- [ RunTime:0.022001s ]
INFO: [ view_filter ] --START--
INFO: Run Behavior\WriteHtmlCacheBehavior [ RunTime:0.001000s ]
INFO: [ view_filter ] --END-- [ RunTime:0.001000s ]
INFO: [ app_end ] --START--
INFO: Run Behavior\ShowPageTraceBehavior [ RunTime:0.001000s ]
INFO: [ app_end ] --END-- [ RunTime:0.001000s ]

