[ 2017-02-20T09:09:24+08:00 ] 127.0.0.1 /manage
INFO: [ app_init ] --START--
INFO: Run Behavior\BuildLiteBehavior [ RunTime:0.001000s ]
INFO: [ app_init ] --END-- [ RunTime:0.001000s ]
INFO: [ app_begin ] --START--
INFO: Run Behavior\ReadHtmlCacheBehavior [ RunTime:0.001000s ]
INFO: [ app_begin ] --END-- [ RunTime:0.001000s ]
INFO: [ view_parse ] --START--
INFO: [ template_filter ] --START--
INFO: Run Behavior\ContentReplaceBehavior [ RunTime:0.000000s ]
INFO: [ template_filter ] --END-- [ RunTime:0.000000s ]
INFO: Run Behavior\ParseTemplateBehavior [ RunTime:0.021001s ]
INFO: [ view_parse ] --END-- [ RunTime:0.021001s ]
INFO: [ view_filter ] --START--
INFO: Run Behavior\WriteHtmlCacheBehavior [ RunTime:0.000000s ]
INFO: [ view_filter ] --END-- [ RunTime:0.000000s ]
INFO: [ app_end ] --START--
INFO: Run Behavior\ShowPageTraceBehavior [ RunTime:0.001000s ]
INFO: [ app_end ] --END-- [ RunTime:0.001000s ]

[ 2017-02-20T09:09:30+08:00 ] 127.0.0.1 /Manage/Index/login.html
INFO: [ app_init ] --START--
INFO: Run Behavior\BuildLiteBehavior [ RunTime:0.000000s ]
INFO: [ app_init ] --END-- [ RunTime:0.000000s ]
INFO: [ app_begin ] --START--
INFO: Run Behavior\ReadHtmlCacheBehavior [ RunTime:0.000000s ]
INFO: [ app_begin ] --END-- [ RunTime:0.001000s ]
SQL: SHOW COLUMNS FROM `vs_manager` [ RunTime:0.0200s ]
SQL: SELECT * FROM `vs_manager` WHERE `manager_name` = 'Jason' LIMIT 1   [ RunTime:0.0200s ]
INFO: [ view_parse ] --START--
INFO: [ template_filter ] --START--
INFO: Run Behavior\ContentReplaceBehavior [ RunTime:0.001000s ]
INFO: [ template_filter ] --END-- [ RunTime:0.001000s ]
INFO: Run Behavior\ParseTemplateBehavior [ RunTime:0.018001s ]
INFO: [ view_parse ] --END-- [ RunTime:0.018001s ]
INFO: [ view_filter ] --START--
INFO: Run Behavior\WriteHtmlCacheBehavior [ RunTime:0.000000s ]
INFO: [ view_filter ] --END-- [ RunTime:0.001000s ]
INFO: [ app_end ] --START--
INFO: Run Behavior\ShowPageTraceBehavior [ RunTime:0.000000s ]
INFO: [ app_end ] --END-- [ RunTime:0.000000s ]

[ 2017-02-20T09:09:31+08:00 ] 127.0.0.1 /Manage/Index/index
INFO: [ app_init ] --START--
INFO: Run Behavior\BuildLiteBehavior [ RunTime:0.000000s ]
INFO: [ app_init ] --END-- [ RunTime:0.000000s ]
INFO: [ app_begin ] --START--
INFO: Run Behavior\ReadHtmlCacheBehavior [ RunTime:0.001000s ]
INFO: [ app_begin ] --END-- [ RunTime:0.001000s ]
INFO: [ view_parse ] --START--
INFO: [ template_filter ] --START--
INFO: Run Behavior\ContentReplaceBehavior [ RunTime:0.000000s ]
INFO: [ template_filter ] --END-- [ RunTime:0.000000s ]
NOTIC: [8] Undefined variable: act C:\wamp\www\vstudy\#runtime\Cache\Manage\737aa8fc5877d411a50443dade831133.php 第 428 行.
NOTIC: [2] in_array() expects parameter 2 to be array, null given C:\wamp\www\vstudy\#runtime\Cache\Manage\737aa8fc5877d411a50443dade831133.php 第 428 行.
NOTIC: [8] Undefined variable: act C:\wamp\www\vstudy\#runtime\Cache\Manage\737aa8fc5877d411a50443dade831133.php 第 460 行.
NOTIC: [2] in_array() expects parameter 2 to be array, null given C:\wamp\www\vstudy\#runtime\Cache\Manage\737aa8fc5877d411a50443dade831133.php 第 460 行.
NOTIC: [8] Undefined variable: act C:\wamp\www\vstudy\#runtime\Cache\Manage\737aa8fc5877d411a50443dade831133.php 第 492 行.
NOTIC: [2] in_array() expects parameter 2 to be array, null given C:\wamp\www\vstudy\#runtime\Cache\Manage\737aa8fc5877d411a50443dade831133.php 第 492 行.
NOTIC: [8] Undefined variable: act C:\wamp\www\vstudy\#runtime\Cache\Manage\737aa8fc5877d411a50443dade831133.php 第 513 行.
NOTIC: [2] in_array() expects parameter 2 to be array, null given C:\wamp\www\vstudy\#runtime\Cache\Manage\737aa8fc5877d411a50443dade831133.php 第 513 行.
INFO: Run Behavior\ParseTemplateBehavior [ RunTime:0.017000s ]
INFO: [ view_parse ] --END-- [ RunTime:0.017000s ]
INFO: [ view_filter ] --START--
INFO: Run Behavior\WriteHtmlCacheBehavior [ RunTime:0.001001s ]
INFO: [ view_filter ] --END-- [ RunTime:0.001001s ]
INFO: [ app_end ] --START--
INFO: Run Behavior\ShowPageTraceBehavior [ RunTime:0.002000s ]
INFO: [ app_end ] --END-- [ RunTime:0.002000s ]

[ 2017-02-20T09:09:38+08:00 ] 127.0.0.1 /Manage/Index/index
INFO: [ app_init ] --START--
INFO: Run Behavior\BuildLiteBehavior [ RunTime:0.000000s ]
INFO: [ app_init ] --END-- [ RunTime:0.000000s ]
INFO: [ app_begin ] --START--
INFO: Run Behavior\ReadHtmlCacheBehavior [ RunTime:0.000000s ]
INFO: [ app_begin ] --END-- [ RunTime:0.000000s ]
INFO: [ view_parse ] --START--
INFO: [ template_filter ] --START--
INFO: Run Behavior\ContentReplaceBehavior [ RunTime:0.000000s ]
INFO: [ template_filter ] --END-- [ RunTime:0.001000s ]
NOTIC: [8] Undefined variable: act C:\wamp\www\vstudy\#runtime\Cache\Manage\737aa8fc5877d411a50443dade831133.php 第 428 行.
NOTIC: [2] in_array() expects parameter 2 to be array, null given C:\wamp\www\vstudy\#runtime\Cache\Manage\737aa8fc5877d411a50443dade831133.php 第 428 行.
NOTIC: [8] Undefined variable: act C:\wamp\www\vstudy\#runtime\Cache\Manage\737aa8fc5877d411a50443dade831133.php 第 460 行.
NOTIC: [2] in_array() expects parameter 2 to be array, null given C:\wamp\www\vstudy\#runtime\Cache\Manage\737aa8fc5877d411a50443dade831133.php 第 460 行.
NOTIC: [8] Undefined variable: act C:\wamp\www\vstudy\#runtime\Cache\Manage\737aa8fc5877d411a50443dade831133.php 第 492 行.
NOTIC: [2] in_array() expects parameter 2 to be array, null given C:\wamp\www\vstudy\#runtime\Cache\Manage\737aa8fc5877d411a50443dade831133.php 第 492 行.
NOTIC: [8] Undefined variable: act C:\wamp\www\vstudy\#runtime\Cache\Manage\737aa8fc5877d411a50443dade831133.php 第 513 行.
NOTIC: [2] in_array() expects parameter 2 to be array, null given C:\wamp\www\vstudy\#runtime\Cache\Manage\737aa8fc5877d411a50443dade831133.php 第 513 行.
INFO: Run Behavior\ParseTemplateBehavior [ RunTime:0.015001s ]
INFO: [ view_parse ] --END-- [ RunTime:0.015001s ]
INFO: [ view_filter ] --START--
INFO: Run Behavior\WriteHtmlCacheBehavior [ RunTime:0.001000s ]
INFO: [ view_filter ] --END-- [ RunTime:0.001000s ]
INFO: [ app_end ] --START--
INFO: Run Behavior\ShowPageTraceBehavior [ RunTime:0.001000s ]
INFO: [ app_end ] --END-- [ RunTime:0.001000s ]

[ 2017-02-20T09:17:14+08:00 ] 127.0.0.1 /Manage/Index/index
INFO: [ app_init ] --START--
INFO: Run Behavior\BuildLiteBehavior [ RunTime:0.000000s ]
INFO: [ app_init ] --END-- [ RunTime:0.000000s ]
INFO: [ app_begin ] --START--
INFO: Run Behavior\ReadHtmlCacheBehavior [ RunTime:0.001000s ]
INFO: [ app_begin ] --END-- [ RunTime:0.001000s ]
INFO: [ view_parse ] --START--
INFO: [ template_filter ] --START--
INFO: Run Behavior\ContentReplaceBehavior [ RunTime:0.000000s ]
INFO: [ template_filter ] --END-- [ RunTime:0.000000s ]
NOTIC: [8] Undefined variable: act C:\wamp\www\vstudy\#runtime\Cache\Manage\737aa8fc5877d411a50443dade831133.php 第 428 行.
NOTIC: [2] in_array() expects parameter 2 to be array, null given C:\wamp\www\vstudy\#runtime\Cache\Manage\737aa8fc5877d411a50443dade831133.php 第 428 行.
NOTIC: [8] Undefined variable: act C:\wamp\www\vstudy\#runtime\Cache\Manage\737aa8fc5877d411a50443dade831133.php 第 460 行.
NOTIC: [2] in_array() expects parameter 2 to be array, null given C:\wamp\www\vstudy\#runtime\Cache\Manage\737aa8fc5877d411a50443dade831133.php 第 460 行.
NOTIC: [8] Undefined variable: act C:\wamp\www\vstudy\#runtime\Cache\Manage\737aa8fc5877d411a50443dade831133.php 第 492 行.
NOTIC: [2] in_array() expects parameter 2 to be array, null given C:\wamp\www\vstudy\#runtime\Cache\Manage\737aa8fc5877d411a50443dade831133.php 第 492 行.
NOTIC: [8] Undefined variable: act C:\wamp\www\vstudy\#runtime\Cache\Manage\737aa8fc5877d411a50443dade831133.php 第 513 行.
NOTIC: [2] in_array() expects parameter 2 to be array, null given C:\wamp\www\vstudy\#runtime\Cache\Manage\737aa8fc5877d411a50443dade831133.php 第 513 行.
INFO: Run Behavior\ParseTemplateBehavior [ RunTime:0.016001s ]
INFO: [ view_parse ] --END-- [ RunTime:0.016001s ]
INFO: [ view_filter ] --START--
INFO: Run Behavior\WriteHtmlCacheBehavior [ RunTime:0.000000s ]
INFO: [ view_filter ] --END-- [ RunTime:0.001000s ]
INFO: [ app_end ] --START--
INFO: Run Behavior\ShowPageTraceBehavior [ RunTime:0.000000s ]
INFO: [ app_end ] --END-- [ RunTime:0.001000s ]

[ 2017-02-20T09:17:16+08:00 ] 127.0.0.1 /Manage/Index/index
INFO: [ app_init ] --START--
INFO: Run Behavior\BuildLiteBehavior [ RunTime:0.000000s ]
INFO: [ app_init ] --END-- [ RunTime:0.000000s ]
INFO: [ app_begin ] --START--
INFO: Run Behavior\ReadHtmlCacheBehavior [ RunTime:0.001000s ]
INFO: [ app_begin ] --END-- [ RunTime:0.001000s ]
INFO: [ view_parse ] --START--
INFO: [ template_filter ] --START--
INFO: Run Behavior\ContentReplaceBehavior [ RunTime:0.000000s ]
INFO: [ template_filter ] --END-- [ RunTime:0.000000s ]
NOTIC: [8] Undefined variable: act C:\wamp\www\vstudy\#runtime\Cache\Manage\737aa8fc5877d411a50443dade831133.php 第 428 行.
NOTIC: [2] in_array() expects parameter 2 to be array, null given C:\wamp\www\vstudy\#runtime\Cache\Manage\737aa8fc5877d411a50443dade831133.php 第 428 行.
NOTIC: [8] Undefined variable: act C:\wamp\www\vstudy\#runtime\Cache\Manage\737aa8fc5877d411a50443dade831133.php 第 460 行.
NOTIC: [2] in_array() expects parameter 2 to be array, null given C:\wamp\www\vstudy\#runtime\Cache\Manage\737aa8fc5877d411a50443dade831133.php 第 460 行.
NOTIC: [8] Undefined variable: act C:\wamp\www\vstudy\#runtime\Cache\Manage\737aa8fc5877d411a50443dade831133.php 第 492 行.
NOTIC: [2] in_array() expects parameter 2 to be array, null given C:\wamp\www\vstudy\#runtime\Cache\Manage\737aa8fc5877d411a50443dade831133.php 第 492 行.
NOTIC: [8] Undefined variable: act C:\wamp\www\vstudy\#runtime\Cache\Manage\737aa8fc5877d411a50443dade831133.php 第 513 行.
NOTIC: [2] in_array() expects parameter 2 to be array, null given C:\wamp\www\vstudy\#runtime\Cache\Manage\737aa8fc5877d411a50443dade831133.php 第 513 行.
INFO: Run Behavior\ParseTemplateBehavior [ RunTime:0.016001s ]
INFO: [ view_parse ] --END-- [ RunTime:0.016001s ]
INFO: [ view_filter ] --START--
INFO: Run Behavior\WriteHtmlCacheBehavior [ RunTime:0.000000s ]
INFO: [ view_filter ] --END-- [ RunTime:0.000000s ]
INFO: [ app_end ] --START--
INFO: Run Behavior\ShowPageTraceBehavior [ RunTime:0.001000s ]
INFO: [ app_end ] --END-- [ RunTime:0.001000s ]

[ 2017-02-20T09:17:18+08:00 ] 127.0.0.1 /Manage/Index/logout.html
INFO: [ app_init ] --START--
INFO: Run Behavior\BuildLiteBehavior [ RunTime:0.000000s ]
INFO: [ app_init ] --END-- [ RunTime:0.001000s ]
INFO: [ app_begin ] --START--
INFO: Run Behavior\ReadHtmlCacheBehavior [ RunTime:0.001000s ]
INFO: [ app_begin ] --END-- [ RunTime:0.001000s ]
INFO: [ view_parse ] --START--
INFO: [ template_filter ] --START--
INFO: Run Behavior\ContentReplaceBehavior [ RunTime:0.000000s ]
INFO: [ template_filter ] --END-- [ RunTime:0.000000s ]
INFO: Run Behavior\ParseTemplateBehavior [ RunTime:0.006001s ]
INFO: [ view_parse ] --END-- [ RunTime:0.006001s ]
INFO: [ view_filter ] --START--
INFO: Run Behavior\WriteHtmlCacheBehavior [ RunTime:0.001000s ]
INFO: [ view_filter ] --END-- [ RunTime:0.001000s ]
INFO: [ app_end ] --START--
INFO: Run Behavior\ShowPageTraceBehavior [ RunTime:0.001000s ]
INFO: [ app_end ] --END-- [ RunTime:0.001000s ]

[ 2017-02-20T09:17:19+08:00 ] 127.0.0.1 /Manage/Index/index
INFO: [ app_init ] --START--
INFO: Run Behavior\BuildLiteBehavior [ RunTime:0.000000s ]
INFO: [ app_init ] --END-- [ RunTime:0.001000s ]
INFO: [ app_begin ] --START--
INFO: Run Behavior\ReadHtmlCacheBehavior [ RunTime:0.001000s ]
INFO: [ app_begin ] --END-- [ RunTime:0.001000s ]
INFO: [ view_parse ] --START--
INFO: [ template_filter ] --START--
INFO: Run Behavior\ContentReplaceBehavior [ RunTime:0.001000s ]
INFO: [ template_filter ] --END-- [ RunTime:0.001000s ]
INFO: Run Behavior\ParseTemplateBehavior [ RunTime:0.006000s ]
INFO: [ view_parse ] --END-- [ RunTime:0.006000s ]
INFO: [ view_filter ] --START--
INFO: Run Behavior\WriteHtmlCacheBehavior [ RunTime:0.001000s ]
INFO: [ view_filter ] --END-- [ RunTime:0.001000s ]
INFO: [ app_end ] --START--
INFO: Run Behavior\ShowPageTraceBehavior [ RunTime:0.000000s ]
INFO: [ app_end ] --END-- [ RunTime:0.000000s ]

[ 2017-02-20T09:17:24+08:00 ] 127.0.0.1 /Manage/Index/login.html
INFO: [ app_init ] --START--
INFO: Run Behavior\BuildLiteBehavior [ RunTime:0.000000s ]
INFO: [ app_init ] --END-- [ RunTime:0.001000s ]
INFO: [ app_begin ] --START--
INFO: Run Behavior\ReadHtmlCacheBehavior [ RunTime:0.001000s ]
INFO: [ app_begin ] --END-- [ RunTime:0.001000s ]
SQL: SHOW COLUMNS FROM `vs_manager` [ RunTime:0.0180s ]
SQL: SELECT * FROM `vs_manager` WHERE `manager_name` = 'Jason' LIMIT 1   [ RunTime:0.0330s ]
INFO: [ view_parse ] --START--
INFO: [ template_filter ] --START--
INFO: Run Behavior\ContentReplaceBehavior [ RunTime:0.001000s ]
INFO: [ template_filter ] --END-- [ RunTime:0.001000s ]
INFO: Run Behavior\ParseTemplateBehavior [ RunTime:0.006000s ]
INFO: [ view_parse ] --END-- [ RunTime:0.006000s ]
INFO: [ view_filter ] --START--
INFO: Run Behavior\WriteHtmlCacheBehavior [ RunTime:0.001000s ]
INFO: [ view_filter ] --END-- [ RunTime:0.001000s ]
INFO: [ app_end ] --START--
INFO: Run Behavior\ShowPageTraceBehavior [ RunTime:0.000000s ]
INFO: [ app_end ] --END-- [ RunTime:0.000000s ]

[ 2017-02-20T09:17:25+08:00 ] 127.0.0.1 /Manage/Index/index
INFO: [ app_init ] --START--
INFO: Run Behavior\BuildLiteBehavior [ RunTime:0.000000s ]
INFO: [ app_init ] --END-- [ RunTime:0.000000s ]
INFO: [ app_begin ] --START--
INFO: Run Behavior\ReadHtmlCacheBehavior [ RunTime:0.000000s ]
INFO: [ app_begin ] --END-- [ RunTime:0.001000s ]
INFO: [ view_parse ] --START--
INFO: [ template_filter ] --START--
INFO: Run Behavior\ContentReplaceBehavior [ RunTime:0.000000s ]
INFO: [ template_filter ] --END-- [ RunTime:0.000000s ]
NOTIC: [8] Undefined variable: act C:\wamp\www\vstudy\#runtime\Cache\Manage\737aa8fc5877d411a50443dade831133.php 第 428 行.
NOTIC: [2] in_array() expects parameter 2 to be array, null given C:\wamp\www\vstudy\#runtime\Cache\Manage\737aa8fc5877d411a50443dade831133.php 第 428 行.
NOTIC: [8] Undefined variable: act C:\wamp\www\vstudy\#runtime\Cache\Manage\737aa8fc5877d411a50443dade831133.php 第 460 行.
NOTIC: [2] in_array() expects parameter 2 to be array, null given C:\wamp\www\vstudy\#runtime\Cache\Manage\737aa8fc5877d411a50443dade831133.php 第 460 行.
NOTIC: [8] Undefined variable: act C:\wamp\www\vstudy\#runtime\Cache\Manage\737aa8fc5877d411a50443dade831133.php 第 492 行.
NOTIC: [2] in_array() expects parameter 2 to be array, null given C:\wamp\www\vstudy\#runtime\Cache\Manage\737aa8fc5877d411a50443dade831133.php 第 492 行.
NOTIC: [8] Undefined variable: act C:\wamp\www\vstudy\#runtime\Cache\Manage\737aa8fc5877d411a50443dade831133.php 第 513 行.
NOTIC: [2] in_array() expects parameter 2 to be array, null given C:\wamp\www\vstudy\#runtime\Cache\Manage\737aa8fc5877d411a50443dade831133.php 第 513 行.
INFO: Run Behavior\ParseTemplateBehavior [ RunTime:0.016001s ]
INFO: [ view_parse ] --END-- [ RunTime:0.017001s ]
INFO: [ view_filter ] --START--
INFO: Run Behavior\WriteHtmlCacheBehavior [ RunTime:0.000000s ]
INFO: [ view_filter ] --END-- [ RunTime:0.000000s ]
INFO: [ app_end ] --START--
INFO: Run Behavior\ShowPageTraceBehavior [ RunTime:0.001000s ]
INFO: [ app_end ] --END-- [ RunTime:0.001000s ]

[ 2017-02-20T09:17:27+08:00 ] 127.0.0.1 /Manage/Index/index
INFO: [ app_init ] --START--
INFO: Run Behavior\BuildLiteBehavior [ RunTime:0.000000s ]
INFO: [ app_init ] --END-- [ RunTime:0.000000s ]
INFO: [ app_begin ] --START--
INFO: Run Behavior\ReadHtmlCacheBehavior [ RunTime:0.001000s ]
INFO: [ app_begin ] --END-- [ RunTime:0.001000s ]
INFO: [ view_parse ] --START--
INFO: [ template_filter ] --START--
INFO: Run Behavior\ContentReplaceBehavior [ RunTime:0.000000s ]
INFO: [ template_filter ] --END-- [ RunTime:0.000000s ]
NOTIC: [8] Undefined variable: act C:\wamp\www\vstudy\#runtime\Cache\Manage\737aa8fc5877d411a50443dade831133.php 第 428 行.
NOTIC: [2] in_array() expects parameter 2 to be array, null given C:\wamp\www\vstudy\#runtime\Cache\Manage\737aa8fc5877d411a50443dade831133.php 第 428 行.
NOTIC: [8] Undefined variable: act C:\wamp\www\vstudy\#runtime\Cache\Manage\737aa8fc5877d411a50443dade831133.php 第 460 行.
NOTIC: [2] in_array() expects parameter 2 to be array, null given C:\wamp\www\vstudy\#runtime\Cache\Manage\737aa8fc5877d411a50443dade831133.php 第 460 行.
NOTIC: [8] Undefined variable: act C:\wamp\www\vstudy\#runtime\Cache\Manage\737aa8fc5877d411a50443dade831133.php 第 492 行.
NOTIC: [2] in_array() expects parameter 2 to be array, null given C:\wamp\www\vstudy\#runtime\Cache\Manage\737aa8fc5877d411a50443dade831133.php 第 492 行.
NOTIC: [8] Undefined variable: act C:\wamp\www\vstudy\#runtime\Cache\Manage\737aa8fc5877d411a50443dade831133.php 第 513 行.
NOTIC: [2] in_array() expects parameter 2 to be array, null given C:\wamp\www\vstudy\#runtime\Cache\Manage\737aa8fc5877d411a50443dade831133.php 第 513 行.
INFO: Run Behavior\ParseTemplateBehavior [ RunTime:0.015001s ]
INFO: [ view_parse ] --END-- [ RunTime:0.015001s ]
INFO: [ view_filter ] --START--
INFO: Run Behavior\WriteHtmlCacheBehavior [ RunTime:0.000000s ]
INFO: [ view_filter ] --END-- [ RunTime:0.000000s ]
INFO: [ app_end ] --START--
INFO: Run Behavior\ShowPageTraceBehavior [ RunTime:0.000000s ]
INFO: [ app_end ] --END-- [ RunTime:0.001001s ]

