[ 2017-02-10T11:09:56+08:00 ] 127.0.0.1 /manage
INFO: [ app_init ] --START--
INFO: Run Behavior\BuildLiteBehavior [ RunTime:0.000000s ]
INFO: [ app_init ] --END-- [ RunTime:0.001000s ]
INFO: [ app_begin ] --START--
INFO: Run Behavior\ReadHtmlCacheBehavior [ RunTime:0.000000s ]
INFO: [ app_begin ] --END-- [ RunTime:0.000000s ]
INFO: [ view_parse ] --START--
INFO: [ template_filter ] --START--
INFO: Run Behavior\ContentReplaceBehavior [ RunTime:0.000000s ]
INFO: [ template_filter ] --END-- [ RunTime:0.000000s ]
NOTIC: [8] Undefined variable: act C:\wamp\www\vstudy\#runtime\Cache\Manage\737aa8fc5877d411a50443dade831133.php 第 428 行.
NOTIC: [2] in_array() expects parameter 2 to be array, null given C:\wamp\www\vstudy\#runtime\Cache\Manage\737aa8fc5877d411a50443dade831133.php 第 428 行.
NOTIC: [8] Undefined variable: act C:\wamp\www\vstudy\#runtime\Cache\Manage\737aa8fc5877d411a50443dade831133.php 第 439 行.
NOTIC: [2] in_array() expects parameter 2 to be array, null given C:\wamp\www\vstudy\#runtime\Cache\Manage\737aa8fc5877d411a50443dade831133.php 第 439 行.
NOTIC: [8] Undefined variable: act C:\wamp\www\vstudy\#runtime\Cache\Manage\737aa8fc5877d411a50443dade831133.php 第 489 行.
NOTIC: [2] in_array() expects parameter 2 to be array, null given C:\wamp\www\vstudy\#runtime\Cache\Manage\737aa8fc5877d411a50443dade831133.php 第 489 行.
INFO: Run Behavior\ParseTemplateBehavior [ RunTime:0.063004s ]
INFO: [ view_parse ] --END-- [ RunTime:0.063004s ]
INFO: [ view_filter ] --START--
INFO: Run Behavior\WriteHtmlCacheBehavior [ RunTime:0.001000s ]
INFO: [ view_filter ] --END-- [ RunTime:0.001000s ]
INFO: [ app_end ] --START--
INFO: Run Behavior\ShowPageTraceBehavior [ RunTime:0.000000s ]
INFO: [ app_end ] --END-- [ RunTime:0.001000s ]

[ 2017-02-10T11:10:02+08:00 ] 127.0.0.1 /Manage/Index/logout.html
INFO: [ app_init ] --START--
INFO: Run Behavior\BuildLiteBehavior [ RunTime:0.000000s ]
INFO: [ app_init ] --END-- [ RunTime:0.001000s ]
INFO: [ app_begin ] --START--
INFO: Run Behavior\ReadHtmlCacheBehavior [ RunTime:0.000000s ]
INFO: [ app_begin ] --END-- [ RunTime:0.001000s ]
ERR: 非法操作:logout

[ 2017-02-10T11:10:07+08:00 ] 127.0.0.1 /manage
INFO: [ app_init ] --START--
INFO: Run Behavior\BuildLiteBehavior [ RunTime:0.000000s ]
INFO: [ app_init ] --END-- [ RunTime:0.001000s ]
INFO: [ app_begin ] --START--
INFO: Run Behavior\ReadHtmlCacheBehavior [ RunTime:0.001000s ]
INFO: [ app_begin ] --END-- [ RunTime:0.001000s ]
INFO: [ view_parse ] --START--
INFO: [ template_filter ] --START--
INFO: Run Behavior\ContentReplaceBehavior [ RunTime:0.000000s ]
INFO: [ template_filter ] --END-- [ RunTime:0.000000s ]
NOTIC: [8] Undefined variable: act C:\wamp\www\vstudy\#runtime\Cache\Manage\737aa8fc5877d411a50443dade831133.php 第 428 行.
NOTIC: [2] in_array() expects parameter 2 to be array, null given C:\wamp\www\vstudy\#runtime\Cache\Manage\737aa8fc5877d411a50443dade831133.php 第 428 行.
NOTIC: [8] Undefined variable: act C:\wamp\www\vstudy\#runtime\Cache\Manage\737aa8fc5877d411a50443dade831133.php 第 439 行.
NOTIC: [2] in_array() expects parameter 2 to be array, null given C:\wamp\www\vstudy\#runtime\Cache\Manage\737aa8fc5877d411a50443dade831133.php 第 439 行.
NOTIC: [8] Undefined variable: act C:\wamp\www\vstudy\#runtime\Cache\Manage\737aa8fc5877d411a50443dade831133.php 第 489 行.
NOTIC: [2] in_array() expects parameter 2 to be array, null given C:\wamp\www\vstudy\#runtime\Cache\Manage\737aa8fc5877d411a50443dade831133.php 第 489 行.
INFO: Run Behavior\ParseTemplateBehavior [ RunTime:0.023001s ]
INFO: [ view_parse ] --END-- [ RunTime:0.023001s ]
INFO: [ view_filter ] --START--
INFO: Run Behavior\WriteHtmlCacheBehavior [ RunTime:0.000000s ]
INFO: [ view_filter ] --END-- [ RunTime:0.001000s ]
INFO: [ app_end ] --START--
INFO: Run Behavior\ShowPageTraceBehavior [ RunTime:0.027001s ]
INFO: [ app_end ] --END-- [ RunTime:0.028001s ]

[ 2017-02-10T11:12:02+08:00 ] 127.0.0.1 /manage
INFO: [ app_init ] --START--
INFO: Run Behavior\BuildLiteBehavior [ RunTime:0.000000s ]
INFO: [ app_init ] --END-- [ RunTime:0.000000s ]
INFO: [ app_begin ] --START--
INFO: Run Behavior\ReadHtmlCacheBehavior [ RunTime:0.000000s ]
INFO: [ app_begin ] --END-- [ RunTime:0.000000s ]
INFO: [ view_parse ] --START--
INFO: [ template_filter ] --START--
INFO: Run Behavior\ContentReplaceBehavior [ RunTime:0.000000s ]
INFO: [ template_filter ] --END-- [ RunTime:0.000000s ]
INFO: Run Behavior\ParseTemplateBehavior [ RunTime:0.007001s ]
INFO: [ view_parse ] --END-- [ RunTime:0.007001s ]
INFO: [ view_filter ] --START--
INFO: Run Behavior\WriteHtmlCacheBehavior [ RunTime:0.001000s ]
INFO: [ view_filter ] --END-- [ RunTime:0.001000s ]
INFO: [ app_end ] --START--
INFO: Run Behavior\ShowPageTraceBehavior [ RunTime:0.000000s ]
INFO: [ app_end ] --END-- [ RunTime:0.000000s ]

[ 2017-02-10T11:12:05+08:00 ] 127.0.0.1 /manage
INFO: [ app_init ] --START--
INFO: Run Behavior\BuildLiteBehavior [ RunTime:0.000000s ]
INFO: [ app_init ] --END-- [ RunTime:0.001000s ]
INFO: [ app_begin ] --START--
INFO: Run Behavior\ReadHtmlCacheBehavior [ RunTime:0.000000s ]
INFO: [ app_begin ] --END-- [ RunTime:0.001000s ]
INFO: [ view_parse ] --START--
INFO: [ template_filter ] --START--
INFO: Run Behavior\ContentReplaceBehavior [ RunTime:0.000000s ]
INFO: [ template_filter ] --END-- [ RunTime:0.000000s ]
INFO: Run Behavior\ParseTemplateBehavior [ RunTime:0.007001s ]
INFO: [ view_parse ] --END-- [ RunTime:0.007001s ]
INFO: [ view_filter ] --START--
INFO: Run Behavior\WriteHtmlCacheBehavior [ RunTime:0.000000s ]
INFO: [ view_filter ] --END-- [ RunTime:0.000000s ]
INFO: [ app_end ] --START--
INFO: Run Behavior\ShowPageTraceBehavior [ RunTime:0.001000s ]
INFO: [ app_end ] --END-- [ RunTime:0.001000s ]

[ 2017-02-10T11:12:09+08:00 ] 127.0.0.1 /manage
INFO: [ app_init ] --START--
INFO: Run Behavior\BuildLiteBehavior [ RunTime:0.000000s ]
INFO: [ app_init ] --END-- [ RunTime:0.001000s ]
INFO: [ app_begin ] --START--
INFO: Run Behavior\ReadHtmlCacheBehavior [ RunTime:0.001000s ]
INFO: [ app_begin ] --END-- [ RunTime:0.001000s ]
INFO: [ view_parse ] --START--
INFO: [ template_filter ] --START--
INFO: Run Behavior\ContentReplaceBehavior [ RunTime:0.000000s ]
INFO: [ template_filter ] --END-- [ RunTime:0.001000s ]
INFO: Run Behavior\ParseTemplateBehavior [ RunTime:0.006000s ]
INFO: [ view_parse ] --END-- [ RunTime:0.007000s ]
INFO: [ view_filter ] --START--
INFO: Run Behavior\WriteHtmlCacheBehavior [ RunTime:0.000000s ]
INFO: [ view_filter ] --END-- [ RunTime:0.000000s ]
INFO: [ app_end ] --START--
INFO: Run Behavior\ShowPageTraceBehavior [ RunTime:0.001000s ]
INFO: [ app_end ] --END-- [ RunTime:0.001000s ]

[ 2017-02-10T11:12:41+08:00 ] 127.0.0.1 /manage
INFO: [ app_init ] --START--
INFO: Run Behavior\BuildLiteBehavior [ RunTime:0.000000s ]
INFO: [ app_init ] --END-- [ RunTime:0.001000s ]
INFO: [ app_begin ] --START--
INFO: Run Behavior\ReadHtmlCacheBehavior [ RunTime:0.000000s ]
INFO: [ app_begin ] --END-- [ RunTime:0.001000s ]
INFO: [ view_parse ] --START--
INFO: [ template_filter ] --START--
INFO: Run Behavior\ContentReplaceBehavior [ RunTime:0.000000s ]
INFO: [ template_filter ] --END-- [ RunTime:0.000000s ]
INFO: Run Behavior\ParseTemplateBehavior [ RunTime:0.007001s ]
INFO: [ view_parse ] --END-- [ RunTime:0.008001s ]
INFO: [ view_filter ] --START--
INFO: Run Behavior\WriteHtmlCacheBehavior [ RunTime:0.000000s ]
INFO: [ view_filter ] --END-- [ RunTime:0.000000s ]
INFO: [ app_end ] --START--
INFO: Run Behavior\ShowPageTraceBehavior [ RunTime:0.001000s ]
INFO: [ app_end ] --END-- [ RunTime:0.001000s ]

[ 2017-02-10T11:12:43+08:00 ] 127.0.0.1 /manage
INFO: [ app_init ] --START--
INFO: Run Behavior\BuildLiteBehavior [ RunTime:0.000000s ]
INFO: [ app_init ] --END-- [ RunTime:0.001000s ]
INFO: [ app_begin ] --START--
INFO: Run Behavior\ReadHtmlCacheBehavior [ RunTime:0.001000s ]
INFO: [ app_begin ] --END-- [ RunTime:0.001000s ]
INFO: [ view_parse ] --START--
INFO: [ template_filter ] --START--
INFO: Run Behavior\ContentReplaceBehavior [ RunTime:0.000000s ]
INFO: [ template_filter ] --END-- [ RunTime:0.001000s ]
INFO: Run Behavior\ParseTemplateBehavior [ RunTime:0.018001s ]
INFO: [ view_parse ] --END-- [ RunTime:0.018001s ]
INFO: [ view_filter ] --START--
INFO: Run Behavior\WriteHtmlCacheBehavior [ RunTime:0.000000s ]
INFO: [ view_filter ] --END-- [ RunTime:0.000000s ]
INFO: [ app_end ] --START--
INFO: Run Behavior\ShowPageTraceBehavior [ RunTime:0.000000s ]
INFO: [ app_end ] --END-- [ RunTime:0.000000s ]

[ 2017-02-10T11:12:50+08:00 ] 127.0.0.1 /Manage/Index/login.html
INFO: [ app_init ] --START--
INFO: Run Behavior\BuildLiteBehavior [ RunTime:0.000000s ]
INFO: [ app_init ] --END-- [ RunTime:0.001000s ]
INFO: [ app_begin ] --START--
INFO: Run Behavior\ReadHtmlCacheBehavior [ RunTime:0.000000s ]
INFO: [ app_begin ] --END-- [ RunTime:0.001000s ]
SQL: SHOW COLUMNS FROM `vs_manager` [ RunTime:0.0180s ]
SQL: SELECT * FROM `vs_manager` WHERE `manager_name` = 'Jason' LIMIT 1   [ RunTime:0.0180s ]
INFO: [ view_parse ] --START--
INFO: [ template_filter ] --START--
INFO: Run Behavior\ContentReplaceBehavior [ RunTime:0.000000s ]
INFO: [ template_filter ] --END-- [ RunTime:0.000000s ]
INFO: Run Behavior\ParseTemplateBehavior [ RunTime:0.025001s ]
INFO: [ view_parse ] --END-- [ RunTime:0.025001s ]
INFO: [ view_filter ] --START--
INFO: Run Behavior\WriteHtmlCacheBehavior [ RunTime:0.000000s ]
INFO: [ view_filter ] --END-- [ RunTime:0.001001s ]
INFO: [ app_end ] --START--
INFO: Run Behavior\ShowPageTraceBehavior [ RunTime:0.000000s ]
INFO: [ app_end ] --END-- [ RunTime:0.000000s ]

[ 2017-02-10T11:12:51+08:00 ] 127.0.0.1 /Manage/Index/index
INFO: [ app_init ] --START--
INFO: Run Behavior\BuildLiteBehavior [ RunTime:0.000000s ]
INFO: [ app_init ] --END-- [ RunTime:0.000000s ]
INFO: [ app_begin ] --START--
INFO: Run Behavior\ReadHtmlCacheBehavior [ RunTime:0.000000s ]
INFO: [ app_begin ] --END-- [ RunTime:0.000000s ]
INFO: [ view_parse ] --START--
INFO: [ template_filter ] --START--
INFO: Run Behavior\ContentReplaceBehavior [ RunTime:0.000000s ]
INFO: [ template_filter ] --END-- [ RunTime:0.000000s ]
NOTIC: [8] Undefined variable: act C:\wamp\www\vstudy\#runtime\Cache\Manage\737aa8fc5877d411a50443dade831133.php 第 428 行.
NOTIC: [2] in_array() expects parameter 2 to be array, null given C:\wamp\www\vstudy\#runtime\Cache\Manage\737aa8fc5877d411a50443dade831133.php 第 428 行.
NOTIC: [8] Undefined variable: act C:\wamp\www\vstudy\#runtime\Cache\Manage\737aa8fc5877d411a50443dade831133.php 第 439 行.
NOTIC: [2] in_array() expects parameter 2 to be array, null given C:\wamp\www\vstudy\#runtime\Cache\Manage\737aa8fc5877d411a50443dade831133.php 第 439 行.
NOTIC: [8] Undefined variable: act C:\wamp\www\vstudy\#runtime\Cache\Manage\737aa8fc5877d411a50443dade831133.php 第 489 行.
NOTIC: [2] in_array() expects parameter 2 to be array, null given C:\wamp\www\vstudy\#runtime\Cache\Manage\737aa8fc5877d411a50443dade831133.php 第 489 行.
INFO: Run Behavior\ParseTemplateBehavior [ RunTime:0.016001s ]
INFO: [ view_parse ] --END-- [ RunTime:0.016001s ]
INFO: [ view_filter ] --START--
INFO: Run Behavior\WriteHtmlCacheBehavior [ RunTime:0.001000s ]
INFO: [ view_filter ] --END-- [ RunTime:0.001000s ]
INFO: [ app_end ] --START--
INFO: Run Behavior\ShowPageTraceBehavior [ RunTime:0.001000s ]
INFO: [ app_end ] --END-- [ RunTime:0.001000s ]

[ 2017-02-10T11:12:54+08:00 ] 127.0.0.1 /Manage/Index/index
INFO: [ app_init ] --START--
INFO: Run Behavior\BuildLiteBehavior [ RunTime:0.000000s ]
INFO: [ app_init ] --END-- [ RunTime:0.001000s ]
INFO: [ app_begin ] --START--
INFO: Run Behavior\ReadHtmlCacheBehavior [ RunTime:0.000000s ]
INFO: [ app_begin ] --END-- [ RunTime:0.001000s ]
INFO: [ view_parse ] --START--
INFO: [ template_filter ] --START--
INFO: Run Behavior\ContentReplaceBehavior [ RunTime:0.000000s ]
INFO: [ template_filter ] --END-- [ RunTime:0.001000s ]
NOTIC: [8] Undefined variable: act C:\wamp\www\vstudy\#runtime\Cache\Manage\737aa8fc5877d411a50443dade831133.php 第 428 行.
NOTIC: [2] in_array() expects parameter 2 to be array, null given C:\wamp\www\vstudy\#runtime\Cache\Manage\737aa8fc5877d411a50443dade831133.php 第 428 行.
NOTIC: [8] Undefined variable: act C:\wamp\www\vstudy\#runtime\Cache\Manage\737aa8fc5877d411a50443dade831133.php 第 439 行.
NOTIC: [2] in_array() expects parameter 2 to be array, null given C:\wamp\www\vstudy\#runtime\Cache\Manage\737aa8fc5877d411a50443dade831133.php 第 439 行.
NOTIC: [8] Undefined variable: act C:\wamp\www\vstudy\#runtime\Cache\Manage\737aa8fc5877d411a50443dade831133.php 第 489 行.
NOTIC: [2] in_array() expects parameter 2 to be array, null given C:\wamp\www\vstudy\#runtime\Cache\Manage\737aa8fc5877d411a50443dade831133.php 第 489 行.
INFO: Run Behavior\ParseTemplateBehavior [ RunTime:0.016001s ]
INFO: [ view_parse ] --END-- [ RunTime:0.016001s ]
INFO: [ view_filter ] --START--
INFO: Run Behavior\WriteHtmlCacheBehavior [ RunTime:0.001000s ]
INFO: [ view_filter ] --END-- [ RunTime:0.001000s ]
INFO: [ app_end ] --START--
INFO: Run Behavior\ShowPageTraceBehavior [ RunTime:0.003000s ]
INFO: [ app_end ] --END-- [ RunTime:0.003000s ]

[ 2017-02-10T11:12:59+08:00 ] 127.0.0.1 /Manage/Index/index
INFO: [ app_init ] --START--
INFO: Run Behavior\BuildLiteBehavior [ RunTime:0.000000s ]
INFO: [ app_init ] --END-- [ RunTime:0.001000s ]
INFO: [ app_begin ] --START--
INFO: Run Behavior\ReadHtmlCacheBehavior [ RunTime:0.000000s ]
INFO: [ app_begin ] --END-- [ RunTime:0.000000s ]
INFO: [ view_parse ] --START--
INFO: [ template_filter ] --START--
INFO: Run Behavior\ContentReplaceBehavior [ RunTime:0.000000s ]
INFO: [ template_filter ] --END-- [ RunTime:0.001000s ]
NOTIC: [8] Undefined variable: act C:\wamp\www\vstudy\#runtime\Cache\Manage\737aa8fc5877d411a50443dade831133.php 第 428 行.
NOTIC: [2] in_array() expects parameter 2 to be array, null given C:\wamp\www\vstudy\#runtime\Cache\Manage\737aa8fc5877d411a50443dade831133.php 第 428 行.
NOTIC: [8] Undefined variable: act C:\wamp\www\vstudy\#runtime\Cache\Manage\737aa8fc5877d411a50443dade831133.php 第 439 行.
NOTIC: [2] in_array() expects parameter 2 to be array, null given C:\wamp\www\vstudy\#runtime\Cache\Manage\737aa8fc5877d411a50443dade831133.php 第 439 行.
NOTIC: [8] Undefined variable: act C:\wamp\www\vstudy\#runtime\Cache\Manage\737aa8fc5877d411a50443dade831133.php 第 489 行.
NOTIC: [2] in_array() expects parameter 2 to be array, null given C:\wamp\www\vstudy\#runtime\Cache\Manage\737aa8fc5877d411a50443dade831133.php 第 489 行.
INFO: Run Behavior\ParseTemplateBehavior [ RunTime:0.015001s ]
INFO: [ view_parse ] --END-- [ RunTime:0.015001s ]
INFO: [ view_filter ] --START--
INFO: Run Behavior\WriteHtmlCacheBehavior [ RunTime:0.001000s ]
INFO: [ view_filter ] --END-- [ RunTime:0.002000s ]
INFO: [ app_end ] --START--
INFO: Run Behavior\ShowPageTraceBehavior [ RunTime:0.003000s ]
INFO: [ app_end ] --END-- [ RunTime:0.003000s ]

[ 2017-02-10T11:13:37+08:00 ] 127.0.0.1 /Manage/Index/index
INFO: [ app_init ] --START--
INFO: Run Behavior\BuildLiteBehavior [ RunTime:0.000000s ]
INFO: [ app_init ] --END-- [ RunTime:0.000000s ]
INFO: [ app_begin ] --START--
INFO: Run Behavior\ReadHtmlCacheBehavior [ RunTime:0.000000s ]
INFO: [ app_begin ] --END-- [ RunTime:0.000000s ]
INFO: [ view_parse ] --START--
INFO: [ template_filter ] --START--
INFO: Run Behavior\ContentReplaceBehavior [ RunTime:0.000000s ]
INFO: [ template_filter ] --END-- [ RunTime:0.000000s ]
NOTIC: [8] Undefined variable: act C:\wamp\www\vstudy\#runtime\Cache\Manage\737aa8fc5877d411a50443dade831133.php 第 428 行.
NOTIC: [2] in_array() expects parameter 2 to be array, null given C:\wamp\www\vstudy\#runtime\Cache\Manage\737aa8fc5877d411a50443dade831133.php 第 428 行.
NOTIC: [8] Undefined variable: act C:\wamp\www\vstudy\#runtime\Cache\Manage\737aa8fc5877d411a50443dade831133.php 第 439 行.
NOTIC: [2] in_array() expects parameter 2 to be array, null given C:\wamp\www\vstudy\#runtime\Cache\Manage\737aa8fc5877d411a50443dade831133.php 第 439 行.
NOTIC: [8] Undefined variable: act C:\wamp\www\vstudy\#runtime\Cache\Manage\737aa8fc5877d411a50443dade831133.php 第 489 行.
NOTIC: [2] in_array() expects parameter 2 to be array, null given C:\wamp\www\vstudy\#runtime\Cache\Manage\737aa8fc5877d411a50443dade831133.php 第 489 行.
INFO: Run Behavior\ParseTemplateBehavior [ RunTime:0.019002s ]
INFO: [ view_parse ] --END-- [ RunTime:0.019002s ]
INFO: [ view_filter ] --START--
INFO: Run Behavior\WriteHtmlCacheBehavior [ RunTime:0.000000s ]
INFO: [ view_filter ] --END-- [ RunTime:0.000000s ]
INFO: [ app_end ] --START--
INFO: Run Behavior\ShowPageTraceBehavior [ RunTime:0.000000s ]
INFO: [ app_end ] --END-- [ RunTime:0.004000s ]

[ 2017-02-10T11:13:39+08:00 ] 127.0.0.1 /Manage/Index/logout.html
INFO: [ app_init ] --START--
INFO: Run Behavior\BuildLiteBehavior [ RunTime:0.000000s ]
INFO: [ app_init ] --END-- [ RunTime:0.000000s ]
INFO: [ app_begin ] --START--
INFO: Run Behavior\ReadHtmlCacheBehavior [ RunTime:0.001000s ]
INFO: [ app_begin ] --END-- [ RunTime:0.001000s ]
INFO: [ view_parse ] --START--
INFO: [ template_filter ] --START--
INFO: Run Behavior\ContentReplaceBehavior [ RunTime:0.000000s ]
INFO: [ template_filter ] --END-- [ RunTime:0.000000s ]
INFO: Run Behavior\ParseTemplateBehavior [ RunTime:0.006000s ]
INFO: [ view_parse ] --END-- [ RunTime:0.007000s ]
INFO: [ view_filter ] --START--
INFO: Run Behavior\WriteHtmlCacheBehavior [ RunTime:0.000000s ]
INFO: [ view_filter ] --END-- [ RunTime:0.000000s ]
INFO: [ app_end ] --START--
INFO: Run Behavior\ShowPageTraceBehavior [ RunTime:0.000000s ]
INFO: [ app_end ] --END-- [ RunTime:0.000000s ]

[ 2017-02-10T11:13:40+08:00 ] 127.0.0.1 /Manage/Index/index
INFO: [ app_init ] --START--
INFO: Run Behavior\BuildLiteBehavior [ RunTime:0.000000s ]
INFO: [ app_init ] --END-- [ RunTime:0.000000s ]
INFO: [ app_begin ] --START--
INFO: Run Behavior\ReadHtmlCacheBehavior [ RunTime:0.001000s ]
INFO: [ app_begin ] --END-- [ RunTime:0.001000s ]
INFO: [ view_parse ] --START--
INFO: [ template_filter ] --START--
INFO: Run Behavior\ContentReplaceBehavior [ RunTime:0.000000s ]
INFO: [ template_filter ] --END-- [ RunTime:0.000000s ]
INFO: Run Behavior\ParseTemplateBehavior [ RunTime:0.010001s ]
INFO: [ view_parse ] --END-- [ RunTime:0.010001s ]
INFO: [ view_filter ] --START--
INFO: Run Behavior\WriteHtmlCacheBehavior [ RunTime:0.001000s ]
INFO: [ view_filter ] --END-- [ RunTime:0.001000s ]
INFO: [ app_end ] --START--
INFO: Run Behavior\ShowPageTraceBehavior [ RunTime:0.001000s ]
INFO: [ app_end ] --END-- [ RunTime:0.001000s ]

[ 2017-02-10T11:13:41+08:00 ] 127.0.0.1 /Manage/Index/index
INFO: [ app_init ] --START--
INFO: Run Behavior\BuildLiteBehavior [ RunTime:0.000000s ]
INFO: [ app_init ] --END-- [ RunTime:0.000000s ]
INFO: [ app_begin ] --START--
INFO: Run Behavior\ReadHtmlCacheBehavior [ RunTime:0.000000s ]
INFO: [ app_begin ] --END-- [ RunTime:0.001000s ]
INFO: [ view_parse ] --START--
INFO: [ template_filter ] --START--
INFO: Run Behavior\ContentReplaceBehavior [ RunTime:0.000000s ]
INFO: [ template_filter ] --END-- [ RunTime:0.000000s ]
INFO: Run Behavior\ParseTemplateBehavior [ RunTime:0.006000s ]
INFO: [ view_parse ] --END-- [ RunTime:0.006000s ]
INFO: [ view_filter ] --START--
INFO: Run Behavior\WriteHtmlCacheBehavior [ RunTime:0.000000s ]
INFO: [ view_filter ] --END-- [ RunTime:0.001001s ]
INFO: [ app_end ] --START--
INFO: Run Behavior\ShowPageTraceBehavior [ RunTime:0.000000s ]
INFO: [ app_end ] --END-- [ RunTime:0.000000s ]

[ 2017-02-10T11:13:48+08:00 ] 127.0.0.1 /Manage/Index/login.html
INFO: [ app_init ] --START--
INFO: Run Behavior\BuildLiteBehavior [ RunTime:0.000000s ]
INFO: [ app_init ] --END-- [ RunTime:0.000000s ]
INFO: [ app_begin ] --START--
INFO: Run Behavior\ReadHtmlCacheBehavior [ RunTime:0.001000s ]
INFO: [ app_begin ] --END-- [ RunTime:0.001000s ]
SQL: SHOW COLUMNS FROM `vs_manager` [ RunTime:0.0200s ]
SQL: SELECT * FROM `vs_manager` WHERE `manager_name` = 'Jason' LIMIT 1   [ RunTime:0.0180s ]
INFO: [ view_parse ] --START--
INFO: [ template_filter ] --START--
INFO: Run Behavior\ContentReplaceBehavior [ RunTime:0.000000s ]
INFO: [ template_filter ] --END-- [ RunTime:0.000000s ]
INFO: Run Behavior\ParseTemplateBehavior [ RunTime:0.007000s ]
INFO: [ view_parse ] --END-- [ RunTime:0.007000s ]
INFO: [ view_filter ] --START--
INFO: Run Behavior\WriteHtmlCacheBehavior [ RunTime:0.000000s ]
INFO: [ view_filter ] --END-- [ RunTime:0.000000s ]
INFO: [ app_end ] --START--
INFO: Run Behavior\ShowPageTraceBehavior [ RunTime:0.000000s ]
INFO: [ app_end ] --END-- [ RunTime:0.001000s ]

[ 2017-02-10T11:13:49+08:00 ] 127.0.0.1 /Manage/Index/index
INFO: [ app_init ] --START--
INFO: Run Behavior\BuildLiteBehavior [ RunTime:0.000000s ]
INFO: [ app_init ] --END-- [ RunTime:0.001000s ]
INFO: [ app_begin ] --START--
INFO: Run Behavior\ReadHtmlCacheBehavior [ RunTime:0.000000s ]
INFO: [ app_begin ] --END-- [ RunTime:0.001000s ]
INFO: [ view_parse ] --START--
INFO: [ template_filter ] --START--
INFO: Run Behavior\ContentReplaceBehavior [ RunTime:0.000000s ]
INFO: [ template_filter ] --END-- [ RunTime:0.001000s ]
NOTIC: [8] Undefined variable: act C:\wamp\www\vstudy\#runtime\Cache\Manage\737aa8fc5877d411a50443dade831133.php 第 428 行.
NOTIC: [2] in_array() expects parameter 2 to be array, null given C:\wamp\www\vstudy\#runtime\Cache\Manage\737aa8fc5877d411a50443dade831133.php 第 428 行.
NOTIC: [8] Undefined variable: act C:\wamp\www\vstudy\#runtime\Cache\Manage\737aa8fc5877d411a50443dade831133.php 第 439 行.
NOTIC: [2] in_array() expects parameter 2 to be array, null given C:\wamp\www\vstudy\#runtime\Cache\Manage\737aa8fc5877d411a50443dade831133.php 第 439 行.
NOTIC: [8] Undefined variable: act C:\wamp\www\vstudy\#runtime\Cache\Manage\737aa8fc5877d411a50443dade831133.php 第 489 行.
NOTIC: [2] in_array() expects parameter 2 to be array, null given C:\wamp\www\vstudy\#runtime\Cache\Manage\737aa8fc5877d411a50443dade831133.php 第 489 行.
INFO: Run Behavior\ParseTemplateBehavior [ RunTime:0.016001s ]
INFO: [ view_parse ] --END-- [ RunTime:0.016001s ]
INFO: [ view_filter ] --START--
INFO: Run Behavior\WriteHtmlCacheBehavior [ RunTime:0.000000s ]
INFO: [ view_filter ] --END-- [ RunTime:0.000000s ]
INFO: [ app_end ] --START--
INFO: Run Behavior\ShowPageTraceBehavior [ RunTime:0.040003s ]
INFO: [ app_end ] --END-- [ RunTime:0.040003s ]

[ 2017-02-10T11:13:50+08:00 ] 127.0.0.1 /Manage/Index/index
INFO: [ app_init ] --START--
INFO: Run Behavior\BuildLiteBehavior [ RunTime:0.000000s ]
INFO: [ app_init ] --END-- [ RunTime:0.000000s ]
INFO: [ app_begin ] --START--
INFO: Run Behavior\ReadHtmlCacheBehavior [ RunTime:0.000000s ]
INFO: [ app_begin ] --END-- [ RunTime:0.000000s ]
INFO: [ view_parse ] --START--
INFO: [ template_filter ] --START--
INFO: Run Behavior\ContentReplaceBehavior [ RunTime:0.000000s ]
INFO: [ template_filter ] --END-- [ RunTime:0.000000s ]
NOTIC: [8] Undefined variable: act C:\wamp\www\vstudy\#runtime\Cache\Manage\737aa8fc5877d411a50443dade831133.php 第 428 行.
NOTIC: [2] in_array() expects parameter 2 to be array, null given C:\wamp\www\vstudy\#runtime\Cache\Manage\737aa8fc5877d411a50443dade831133.php 第 428 行.
NOTIC: [8] Undefined variable: act C:\wamp\www\vstudy\#runtime\Cache\Manage\737aa8fc5877d411a50443dade831133.php 第 439 行.
NOTIC: [2] in_array() expects parameter 2 to be array, null given C:\wamp\www\vstudy\#runtime\Cache\Manage\737aa8fc5877d411a50443dade831133.php 第 439 行.
NOTIC: [8] Undefined variable: act C:\wamp\www\vstudy\#runtime\Cache\Manage\737aa8fc5877d411a50443dade831133.php 第 489 行.
NOTIC: [2] in_array() expects parameter 2 to be array, null given C:\wamp\www\vstudy\#runtime\Cache\Manage\737aa8fc5877d411a50443dade831133.php 第 489 行.
INFO: Run Behavior\ParseTemplateBehavior [ RunTime:0.015001s ]
INFO: [ view_parse ] --END-- [ RunTime:0.015001s ]
INFO: [ view_filter ] --START--
INFO: Run Behavior\WriteHtmlCacheBehavior [ RunTime:0.000000s ]
INFO: [ view_filter ] --END-- [ RunTime:0.001000s ]
INFO: [ app_end ] --START--
INFO: Run Behavior\ShowPageTraceBehavior [ RunTime:0.004001s ]
INFO: [ app_end ] --END-- [ RunTime:0.004001s ]

[ 2017-02-10T11:13:53+08:00 ] 127.0.0.1 /Manage/Video/videoList.html
INFO: [ app_init ] --START--
INFO: Run Behavior\BuildLiteBehavior [ RunTime:0.000000s ]
INFO: [ app_init ] --END-- [ RunTime:0.000000s ]
INFO: [ app_begin ] --START--
INFO: Run Behavior\ReadHtmlCacheBehavior [ RunTime:0.001000s ]
INFO: [ app_begin ] --END-- [ RunTime:0.001000s ]
INFO: [ view_parse ] --START--
INFO: [ template_filter ] --START--
INFO: Run Behavior\ContentReplaceBehavior [ RunTime:0.000000s ]
INFO: [ template_filter ] --END-- [ RunTime:0.000000s ]
NOTIC: [8] Undefined variable: act C:\wamp\www\vstudy\#runtime\Cache\Manage\8b00195edd69599004faa0fb0b9bffaa.php 第 428 行.
NOTIC: [2] in_array() expects parameter 2 to be array, null given C:\wamp\www\vstudy\#runtime\Cache\Manage\8b00195edd69599004faa0fb0b9bffaa.php 第 428 行.
NOTIC: [8] Undefined variable: act C:\wamp\www\vstudy\#runtime\Cache\Manage\8b00195edd69599004faa0fb0b9bffaa.php 第 439 行.
NOTIC: [2] in_array() expects parameter 2 to be array, null given C:\wamp\www\vstudy\#runtime\Cache\Manage\8b00195edd69599004faa0fb0b9bffaa.php 第 439 行.
NOTIC: [8] Undefined variable: act C:\wamp\www\vstudy\#runtime\Cache\Manage\8b00195edd69599004faa0fb0b9bffaa.php 第 489 行.
NOTIC: [2] in_array() expects parameter 2 to be array, null given C:\wamp\www\vstudy\#runtime\Cache\Manage\8b00195edd69599004faa0fb0b9bffaa.php 第 489 行.
INFO: Run Behavior\ParseTemplateBehavior [ RunTime:0.019001s ]
INFO: [ view_parse ] --END-- [ RunTime:0.019001s ]
INFO: [ view_filter ] --START--
INFO: Run Behavior\WriteHtmlCacheBehavior [ RunTime:0.000000s ]
INFO: [ view_filter ] --END-- [ RunTime:0.000000s ]
INFO: [ app_end ] --START--
INFO: Run Behavior\ShowPageTraceBehavior [ RunTime:0.001000s ]
INFO: [ app_end ] --END-- [ RunTime:0.001000s ]

[ 2017-02-10T11:13:55+08:00 ] 127.0.0.1 /Manage/User/userList.html
INFO: [ app_init ] --START--
INFO: Run Behavior\BuildLiteBehavior [ RunTime:0.000000s ]
INFO: [ app_init ] --END-- [ RunTime:0.001000s ]
INFO: [ app_begin ] --START--
INFO: Run Behavior\ReadHtmlCacheBehavior [ RunTime:0.000000s ]
INFO: [ app_begin ] --END-- [ RunTime:0.001000s ]
SQL: SHOW COLUMNS FROM `vs_user` [ RunTime:0.0300s ]
SQL: SELECT * FROM `vs_user`  [ RunTime:0.0180s ]
INFO: [ view_parse ] --START--
INFO: [ template_filter ] --START--
INFO: Run Behavior\ContentReplaceBehavior [ RunTime:0.000000s ]
INFO: [ template_filter ] --END-- [ RunTime:0.000000s ]
NOTIC: [8] Undefined variable: act C:\wamp\www\vstudy\#runtime\Cache\Manage\f4bfb398e6e5869fe865bbe1f6b2fb61.php 第 428 行.
NOTIC: [2] in_array() expects parameter 2 to be array, null given C:\wamp\www\vstudy\#runtime\Cache\Manage\f4bfb398e6e5869fe865bbe1f6b2fb61.php 第 428 行.
NOTIC: [8] Undefined variable: act C:\wamp\www\vstudy\#runtime\Cache\Manage\f4bfb398e6e5869fe865bbe1f6b2fb61.php 第 439 行.
NOTIC: [2] in_array() expects parameter 2 to be array, null given C:\wamp\www\vstudy\#runtime\Cache\Manage\f4bfb398e6e5869fe865bbe1f6b2fb61.php 第 439 行.
NOTIC: [8] Undefined variable: act C:\wamp\www\vstudy\#runtime\Cache\Manage\f4bfb398e6e5869fe865bbe1f6b2fb61.php 第 489 行.
NOTIC: [2] in_array() expects parameter 2 to be array, null given C:\wamp\www\vstudy\#runtime\Cache\Manage\f4bfb398e6e5869fe865bbe1f6b2fb61.php 第 489 行.
NOTIC: [8] Use of undefined constant show - assumed 'show' C:\wamp\www\vstudy\#runtime\Cache\Manage\f4bfb398e6e5869fe865bbe1f6b2fb61.php 第 679 行.
NOTIC: [8] Use of undefined constant none - assumed 'none' C:\wamp\www\vstudy\#runtime\Cache\Manage\f4bfb398e6e5869fe865bbe1f6b2fb61.php 第 686 行.
NOTIC: [8] Use of undefined constant none - assumed 'none' C:\wamp\www\vstudy\#runtime\Cache\Manage\f4bfb398e6e5869fe865bbe1f6b2fb61.php 第 710 行.
NOTIC: [8] Use of undefined constant show - assumed 'show' C:\wamp\www\vstudy\#runtime\Cache\Manage\f4bfb398e6e5869fe865bbe1f6b2fb61.php 第 679 行.
NOTIC: [8] Use of undefined constant none - assumed 'none' C:\wamp\www\vstudy\#runtime\Cache\Manage\f4bfb398e6e5869fe865bbe1f6b2fb61.php 第 686 行.
NOTIC: [8] Use of undefined constant none - assumed 'none' C:\wamp\www\vstudy\#runtime\Cache\Manage\f4bfb398e6e5869fe865bbe1f6b2fb61.php 第 710 行.
NOTIC: [8] Use of undefined constant show - assumed 'show' C:\wamp\www\vstudy\#runtime\Cache\Manage\f4bfb398e6e5869fe865bbe1f6b2fb61.php 第 679 行.
NOTIC: [8] Use of undefined constant none - assumed 'none' C:\wamp\www\vstudy\#runtime\Cache\Manage\f4bfb398e6e5869fe865bbe1f6b2fb61.php 第 686 行.
NOTIC: [8] Use of undefined constant none - assumed 'none' C:\wamp\www\vstudy\#runtime\Cache\Manage\f4bfb398e6e5869fe865bbe1f6b2fb61.php 第 710 行.
NOTIC: [8] Use of undefined constant show - assumed 'show' C:\wamp\www\vstudy\#runtime\Cache\Manage\f4bfb398e6e5869fe865bbe1f6b2fb61.php 第 679 行.
NOTIC: [8] Use of undefined constant none - assumed 'none' C:\wamp\www\vstudy\#runtime\Cache\Manage\f4bfb398e6e5869fe865bbe1f6b2fb61.php 第 686 行.
NOTIC: [8] Use of undefined constant none - assumed 'none' C:\wamp\www\vstudy\#runtime\Cache\Manage\f4bfb398e6e5869fe865bbe1f6b2fb61.php 第 710 行.
NOTIC: [8] Use of undefined constant show - assumed 'show' C:\wamp\www\vstudy\#runtime\Cache\Manage\f4bfb398e6e5869fe865bbe1f6b2fb61.php 第 679 行.
NOTIC: [8] Use of undefined constant none - assumed 'none' C:\wamp\www\vstudy\#runtime\Cache\Manage\f4bfb398e6e5869fe865bbe1f6b2fb61.php 第 686 行.
NOTIC: [8] Use of undefined constant none - assumed 'none' C:\wamp\www\vstudy\#runtime\Cache\Manage\f4bfb398e6e5869fe865bbe1f6b2fb61.php 第 710 行.
NOTIC: [8] Use of undefined constant show - assumed 'show' C:\wamp\www\vstudy\#runtime\Cache\Manage\f4bfb398e6e5869fe865bbe1f6b2fb61.php 第 679 行.
NOTIC: [8] Use of undefined constant none - assumed 'none' C:\wamp\www\vstudy\#runtime\Cache\Manage\f4bfb398e6e5869fe865bbe1f6b2fb61.php 第 686 行.
NOTIC: [8] Use of undefined constant none - assumed 'none' C:\wamp\www\vstudy\#runtime\Cache\Manage\f4bfb398e6e5869fe865bbe1f6b2fb61.php 第 710 行.
NOTIC: [8] Use of undefined constant show - assumed 'show' C:\wamp\www\vstudy\#runtime\Cache\Manage\f4bfb398e6e5869fe865bbe1f6b2fb61.php 第 679 行.
NOTIC: [8] Use of undefined constant none - assumed 'none' C:\wamp\www\vstudy\#runtime\Cache\Manage\f4bfb398e6e5869fe865bbe1f6b2fb61.php 第 686 行.
NOTIC: [8] Use of undefined constant none - assumed 'none' C:\wamp\www\vstudy\#runtime\Cache\Manage\f4bfb398e6e5869fe865bbe1f6b2fb61.php 第 710 行.
INFO: Run Behavior\ParseTemplateBehavior [ RunTime:0.035002s ]
INFO: [ view_parse ] --END-- [ RunTime:0.036002s ]
INFO: [ view_filter ] --START--
INFO: Run Behavior\WriteHtmlCacheBehavior [ RunTime:0.000000s ]
INFO: [ view_filter ] --END-- [ RunTime:0.000000s ]
INFO: [ app_end ] --START--
INFO: Run Behavior\ShowPageTraceBehavior [ RunTime:0.052003s ]
INFO: [ app_end ] --END-- [ RunTime:0.052003s ]

[ 2017-02-10T11:13:58+08:00 ] 127.0.0.1 /Manage/User/changeStatus/id/16/status/show.html
INFO: [ app_init ] --START--
INFO: Run Behavior\BuildLiteBehavior [ RunTime:0.000000s ]
INFO: [ app_init ] --END-- [ RunTime:0.001000s ]
INFO: [ app_begin ] --START--
INFO: Run Behavior\ReadHtmlCacheBehavior [ RunTime:0.001000s ]
INFO: [ app_begin ] --END-- [ RunTime:0.001000s ]
SQL: SHOW COLUMNS FROM `vs_user` [ RunTime:0.0190s ]
SQL: UPDATE `vs_user` SET `status`='none' WHERE `user_id` = 16 [ RunTime:0.0880s ]
INFO: [ view_parse ] --START--
INFO: [ template_filter ] --START--
INFO: Run Behavior\ContentReplaceBehavior [ RunTime:0.000000s ]
INFO: [ template_filter ] --END-- [ RunTime:0.000000s ]
INFO: Run Behavior\ParseTemplateBehavior [ RunTime:0.008001s ]
INFO: [ view_parse ] --END-- [ RunTime:0.008001s ]
INFO: [ view_filter ] --START--
INFO: Run Behavior\WriteHtmlCacheBehavior [ RunTime:0.000000s ]
INFO: [ view_filter ] --END-- [ RunTime:0.000000s ]
INFO: [ app_end ] --START--
INFO: Run Behavior\ShowPageTraceBehavior [ RunTime:0.001000s ]
INFO: [ app_end ] --END-- [ RunTime:0.001000s ]

[ 2017-02-10T11:13:59+08:00 ] 127.0.0.1 /Manage/User/userList.html
INFO: [ app_init ] --START--
INFO: Run Behavior\BuildLiteBehavior [ RunTime:0.000000s ]
INFO: [ app_init ] --END-- [ RunTime:0.001000s ]
INFO: [ app_begin ] --START--
INFO: Run Behavior\ReadHtmlCacheBehavior [ RunTime:0.001000s ]
INFO: [ app_begin ] --END-- [ RunTime:0.001000s ]
SQL: SHOW COLUMNS FROM `vs_user` [ RunTime:0.0200s ]
SQL: SELECT * FROM `vs_user`  [ RunTime:0.0390s ]
INFO: [ view_parse ] --START--
INFO: [ template_filter ] --START--
INFO: Run Behavior\ContentReplaceBehavior [ RunTime:0.000000s ]
INFO: [ template_filter ] --END-- [ RunTime:0.000000s ]
NOTIC: [8] Undefined variable: act C:\wamp\www\vstudy\#runtime\Cache\Manage\f4bfb398e6e5869fe865bbe1f6b2fb61.php 第 428 行.
NOTIC: [2] in_array() expects parameter 2 to be array, null given C:\wamp\www\vstudy\#runtime\Cache\Manage\f4bfb398e6e5869fe865bbe1f6b2fb61.php 第 428 行.
NOTIC: [8] Undefined variable: act C:\wamp\www\vstudy\#runtime\Cache\Manage\f4bfb398e6e5869fe865bbe1f6b2fb61.php 第 439 行.
NOTIC: [2] in_array() expects parameter 2 to be array, null given C:\wamp\www\vstudy\#runtime\Cache\Manage\f4bfb398e6e5869fe865bbe1f6b2fb61.php 第 439 行.
NOTIC: [8] Undefined variable: act C:\wamp\www\vstudy\#runtime\Cache\Manage\f4bfb398e6e5869fe865bbe1f6b2fb61.php 第 489 行.
NOTIC: [2] in_array() expects parameter 2 to be array, null given C:\wamp\www\vstudy\#runtime\Cache\Manage\f4bfb398e6e5869fe865bbe1f6b2fb61.php 第 489 行.
NOTIC: [8] Use of undefined constant show - assumed 'show' C:\wamp\www\vstudy\#runtime\Cache\Manage\f4bfb398e6e5869fe865bbe1f6b2fb61.php 第 679 行.
NOTIC: [8] Use of undefined constant none - assumed 'none' C:\wamp\www\vstudy\#runtime\Cache\Manage\f4bfb398e6e5869fe865bbe1f6b2fb61.php 第 686 行.
NOTIC: [8] Use of undefined constant none - assumed 'none' C:\wamp\www\vstudy\#runtime\Cache\Manage\f4bfb398e6e5869fe865bbe1f6b2fb61.php 第 710 行.
NOTIC: [8] Use of undefined constant show - assumed 'show' C:\wamp\www\vstudy\#runtime\Cache\Manage\f4bfb398e6e5869fe865bbe1f6b2fb61.php 第 679 行.
NOTIC: [8] Use of undefined constant none - assumed 'none' C:\wamp\www\vstudy\#runtime\Cache\Manage\f4bfb398e6e5869fe865bbe1f6b2fb61.php 第 686 行.
NOTIC: [8] Use of undefined constant none - assumed 'none' C:\wamp\www\vstudy\#runtime\Cache\Manage\f4bfb398e6e5869fe865bbe1f6b2fb61.php 第 710 行.
NOTIC: [8] Use of undefined constant show - assumed 'show' C:\wamp\www\vstudy\#runtime\Cache\Manage\f4bfb398e6e5869fe865bbe1f6b2fb61.php 第 679 行.
NOTIC: [8] Use of undefined constant none - assumed 'none' C:\wamp\www\vstudy\#runtime\Cache\Manage\f4bfb398e6e5869fe865bbe1f6b2fb61.php 第 686 行.
NOTIC: [8] Use of undefined constant none - assumed 'none' C:\wamp\www\vstudy\#runtime\Cache\Manage\f4bfb398e6e5869fe865bbe1f6b2fb61.php 第 710 行.
NOTIC: [8] Use of undefined constant show - assumed 'show' C:\wamp\www\vstudy\#runtime\Cache\Manage\f4bfb398e6e5869fe865bbe1f6b2fb61.php 第 679 行.
NOTIC: [8] Use of undefined constant none - assumed 'none' C:\wamp\www\vstudy\#runtime\Cache\Manage\f4bfb398e6e5869fe865bbe1f6b2fb61.php 第 686 行.
NOTIC: [8] Use of undefined constant none - assumed 'none' C:\wamp\www\vstudy\#runtime\Cache\Manage\f4bfb398e6e5869fe865bbe1f6b2fb61.php 第 710 行.
NOTIC: [8] Use of undefined constant show - assumed 'show' C:\wamp\www\vstudy\#runtime\Cache\Manage\f4bfb398e6e5869fe865bbe1f6b2fb61.php 第 679 行.
NOTIC: [8] Use of undefined constant none - assumed 'none' C:\wamp\www\vstudy\#runtime\Cache\Manage\f4bfb398e6e5869fe865bbe1f6b2fb61.php 第 686 行.
NOTIC: [8] Use of undefined constant none - assumed 'none' C:\wamp\www\vstudy\#runtime\Cache\Manage\f4bfb398e6e5869fe865bbe1f6b2fb61.php 第 710 行.
NOTIC: [8] Use of undefined constant show - assumed 'show' C:\wamp\www\vstudy\#runtime\Cache\Manage\f4bfb398e6e5869fe865bbe1f6b2fb61.php 第 679 行.
NOTIC: [8] Use of undefined constant none - assumed 'none' C:\wamp\www\vstudy\#runtime\Cache\Manage\f4bfb398e6e5869fe865bbe1f6b2fb61.php 第 686 行.
NOTIC: [8] Use of undefined constant none - assumed 'none' C:\wamp\www\vstudy\#runtime\Cache\Manage\f4bfb398e6e5869fe865bbe1f6b2fb61.php 第 710 行.
NOTIC: [8] Use of undefined constant show - assumed 'show' C:\wamp\www\vstudy\#runtime\Cache\Manage\f4bfb398e6e5869fe865bbe1f6b2fb61.php 第 679 行.
NOTIC: [8] Use of undefined constant none - assumed 'none' C:\wamp\www\vstudy\#runtime\Cache\Manage\f4bfb398e6e5869fe865bbe1f6b2fb61.php 第 686 行.
NOTIC: [8] Use of undefined constant none - assumed 'none' C:\wamp\www\vstudy\#runtime\Cache\Manage\f4bfb398e6e5869fe865bbe1f6b2fb61.php 第 710 行.
INFO: Run Behavior\ParseTemplateBehavior [ RunTime:0.025001s ]
INFO: [ view_parse ] --END-- [ RunTime:0.025001s ]
INFO: [ view_filter ] --START--
INFO: Run Behavior\WriteHtmlCacheBehavior [ RunTime:0.001000s ]
INFO: [ view_filter ] --END-- [ RunTime:0.001000s ]
INFO: [ app_end ] --START--
INFO: Run Behavior\ShowPageTraceBehavior [ RunTime:0.004000s ]
INFO: [ app_end ] --END-- [ RunTime:0.004000s ]

[ 2017-02-10T11:14:01+08:00 ] 127.0.0.1 /Manage/User/changeStatus/id/16/status/none.html
INFO: [ app_init ] --START--
INFO: Run Behavior\BuildLiteBehavior [ RunTime:0.000000s ]
INFO: [ app_init ] --END-- [ RunTime:0.000000s ]
INFO: [ app_begin ] --START--
INFO: Run Behavior\ReadHtmlCacheBehavior [ RunTime:0.000000s ]
INFO: [ app_begin ] --END-- [ RunTime:0.000000s ]
SQL: SHOW COLUMNS FROM `vs_user` [ RunTime:0.0190s ]
SQL: UPDATE `vs_user` SET `status`='show' WHERE `user_id` = 16 [ RunTime:0.0660s ]
INFO: [ view_parse ] --START--
INFO: [ template_filter ] --START--
INFO: Run Behavior\ContentReplaceBehavior [ RunTime:0.000000s ]
INFO: [ template_filter ] --END-- [ RunTime:0.000000s ]
INFO: Run Behavior\ParseTemplateBehavior [ RunTime:0.008000s ]
INFO: [ view_parse ] --END-- [ RunTime:0.008000s ]
INFO: [ view_filter ] --START--
INFO: Run Behavior\WriteHtmlCacheBehavior [ RunTime:0.000000s ]
INFO: [ view_filter ] --END-- [ RunTime:0.000000s ]
INFO: [ app_end ] --START--
INFO: Run Behavior\ShowPageTraceBehavior [ RunTime:0.001000s ]
INFO: [ app_end ] --END-- [ RunTime:0.001000s ]

[ 2017-02-10T11:14:02+08:00 ] 127.0.0.1 /Manage/User/userList.html
INFO: [ app_init ] --START--
INFO: Run Behavior\BuildLiteBehavior [ RunTime:0.000000s ]
INFO: [ app_init ] --END-- [ RunTime:0.001000s ]
INFO: [ app_begin ] --START--
INFO: Run Behavior\ReadHtmlCacheBehavior [ RunTime:0.001000s ]
INFO: [ app_begin ] --END-- [ RunTime:0.001000s ]
SQL: SHOW COLUMNS FROM `vs_user` [ RunTime:0.0210s ]
SQL: SELECT * FROM `vs_user`  [ RunTime:0.0190s ]
INFO: [ view_parse ] --START--
INFO: [ template_filter ] --START--
INFO: Run Behavior\ContentReplaceBehavior [ RunTime:0.000000s ]
INFO: [ template_filter ] --END-- [ RunTime:0.000000s ]
NOTIC: [8] Undefined variable: act C:\wamp\www\vstudy\#runtime\Cache\Manage\f4bfb398e6e5869fe865bbe1f6b2fb61.php 第 428 行.
NOTIC: [2] in_array() expects parameter 2 to be array, null given C:\wamp\www\vstudy\#runtime\Cache\Manage\f4bfb398e6e5869fe865bbe1f6b2fb61.php 第 428 行.
NOTIC: [8] Undefined variable: act C:\wamp\www\vstudy\#runtime\Cache\Manage\f4bfb398e6e5869fe865bbe1f6b2fb61.php 第 439 行.
NOTIC: [2] in_array() expects parameter 2 to be array, null given C:\wamp\www\vstudy\#runtime\Cache\Manage\f4bfb398e6e5869fe865bbe1f6b2fb61.php 第 439 行.
NOTIC: [8] Undefined variable: act C:\wamp\www\vstudy\#runtime\Cache\Manage\f4bfb398e6e5869fe865bbe1f6b2fb61.php 第 489 行.
NOTIC: [2] in_array() expects parameter 2 to be array, null given C:\wamp\www\vstudy\#runtime\Cache\Manage\f4bfb398e6e5869fe865bbe1f6b2fb61.php 第 489 行.
NOTIC: [8] Use of undefined constant show - assumed 'show' C:\wamp\www\vstudy\#runtime\Cache\Manage\f4bfb398e6e5869fe865bbe1f6b2fb61.php 第 679 行.
NOTIC: [8] Use of undefined constant none - assumed 'none' C:\wamp\www\vstudy\#runtime\Cache\Manage\f4bfb398e6e5869fe865bbe1f6b2fb61.php 第 686 行.
NOTIC: [8] Use of undefined constant none - assumed 'none' C:\wamp\www\vstudy\#runtime\Cache\Manage\f4bfb398e6e5869fe865bbe1f6b2fb61.php 第 710 行.
NOTIC: [8] Use of undefined constant show - assumed 'show' C:\wamp\www\vstudy\#runtime\Cache\Manage\f4bfb398e6e5869fe865bbe1f6b2fb61.php 第 679 行.
NOTIC: [8] Use of undefined constant none - assumed 'none' C:\wamp\www\vstudy\#runtime\Cache\Manage\f4bfb398e6e5869fe865bbe1f6b2fb61.php 第 686 行.
NOTIC: [8] Use of undefined constant none - assumed 'none' C:\wamp\www\vstudy\#runtime\Cache\Manage\f4bfb398e6e5869fe865bbe1f6b2fb61.php 第 710 行.
NOTIC: [8] Use of undefined constant show - assumed 'show' C:\wamp\www\vstudy\#runtime\Cache\Manage\f4bfb398e6e5869fe865bbe1f6b2fb61.php 第 679 行.
NOTIC: [8] Use of undefined constant none - assumed 'none' C:\wamp\www\vstudy\#runtime\Cache\Manage\f4bfb398e6e5869fe865bbe1f6b2fb61.php 第 686 行.
NOTIC: [8] Use of undefined constant none - assumed 'none' C:\wamp\www\vstudy\#runtime\Cache\Manage\f4bfb398e6e5869fe865bbe1f6b2fb61.php 第 710 行.
NOTIC: [8] Use of undefined constant show - assumed 'show' C:\wamp\www\vstudy\#runtime\Cache\Manage\f4bfb398e6e5869fe865bbe1f6b2fb61.php 第 679 行.
NOTIC: [8] Use of undefined constant none - assumed 'none' C:\wamp\www\vstudy\#runtime\Cache\Manage\f4bfb398e6e5869fe865bbe1f6b2fb61.php 第 686 行.
NOTIC: [8] Use of undefined constant none - assumed 'none' C:\wamp\www\vstudy\#runtime\Cache\Manage\f4bfb398e6e5869fe865bbe1f6b2fb61.php 第 710 行.
NOTIC: [8] Use of undefined constant show - assumed 'show' C:\wamp\www\vstudy\#runtime\Cache\Manage\f4bfb398e6e5869fe865bbe1f6b2fb61.php 第 679 行.
NOTIC: [8] Use of undefined constant none - assumed 'none' C:\wamp\www\vstudy\#runtime\Cache\Manage\f4bfb398e6e5869fe865bbe1f6b2fb61.php 第 686 行.
NOTIC: [8] Use of undefined constant none - assumed 'none' C:\wamp\www\vstudy\#runtime\Cache\Manage\f4bfb398e6e5869fe865bbe1f6b2fb61.php 第 710 行.
NOTIC: [8] Use of undefined constant show - assumed 'show' C:\wamp\www\vstudy\#runtime\Cache\Manage\f4bfb398e6e5869fe865bbe1f6b2fb61.php 第 679 行.
NOTIC: [8] Use of undefined constant none - assumed 'none' C:\wamp\www\vstudy\#runtime\Cache\Manage\f4bfb398e6e5869fe865bbe1f6b2fb61.php 第 686 行.
NOTIC: [8] Use of undefined constant none - assumed 'none' C:\wamp\www\vstudy\#runtime\Cache\Manage\f4bfb398e6e5869fe865bbe1f6b2fb61.php 第 710 行.
NOTIC: [8] Use of undefined constant show - assumed 'show' C:\wamp\www\vstudy\#runtime\Cache\Manage\f4bfb398e6e5869fe865bbe1f6b2fb61.php 第 679 行.
NOTIC: [8] Use of undefined constant none - assumed 'none' C:\wamp\www\vstudy\#runtime\Cache\Manage\f4bfb398e6e5869fe865bbe1f6b2fb61.php 第 686 行.
NOTIC: [8] Use of undefined constant none - assumed 'none' C:\wamp\www\vstudy\#runtime\Cache\Manage\f4bfb398e6e5869fe865bbe1f6b2fb61.php 第 710 行.
INFO: Run Behavior\ParseTemplateBehavior [ RunTime:0.026001s ]
INFO: [ view_parse ] --END-- [ RunTime:0.026001s ]
INFO: [ view_filter ] --START--
INFO: Run Behavior\WriteHtmlCacheBehavior [ RunTime:0.000000s ]
INFO: [ view_filter ] --END-- [ RunTime:0.000000s ]
INFO: [ app_end ] --START--
INFO: Run Behavior\ShowPageTraceBehavior [ RunTime:0.001000s ]
INFO: [ app_end ] --END-- [ RunTime:0.001000s ]

[ 2017-02-10T11:14:04+08:00 ] 127.0.0.1 /Manage/User/view.html
INFO: [ app_init ] --START--
INFO: Run Behavior\BuildLiteBehavior [ RunTime:0.000000s ]
INFO: [ app_init ] --END-- [ RunTime:0.001000s ]
INFO: [ app_begin ] --START--
INFO: Run Behavior\ReadHtmlCacheBehavior [ RunTime:0.001000s ]
INFO: [ app_begin ] --END-- [ RunTime:0.001000s ]
SQL: SHOW COLUMNS FROM `vs_user` [ RunTime:0.0200s ]
SQL: SELECT * FROM `vs_user` WHERE `user_id` = 16 LIMIT 1   [ RunTime:0.0190s ]

[ 2017-02-10T11:14:06+08:00 ] 127.0.0.1 /Manage/User/view.html
INFO: [ app_init ] --START--
INFO: Run Behavior\BuildLiteBehavior [ RunTime:0.001000s ]
INFO: [ app_init ] --END-- [ RunTime:0.001000s ]
INFO: [ app_begin ] --START--
INFO: Run Behavior\ReadHtmlCacheBehavior [ RunTime:0.001000s ]
INFO: [ app_begin ] --END-- [ RunTime:0.001000s ]
SQL: SHOW COLUMNS FROM `vs_user` [ RunTime:0.0210s ]
SQL: SELECT * FROM `vs_user` WHERE `user_id` = 5 LIMIT 1   [ RunTime:0.0200s ]

[ 2017-02-10T11:14:08+08:00 ] 127.0.0.1 /Manage/User/userList.html
INFO: [ app_init ] --START--
INFO: Run Behavior\BuildLiteBehavior [ RunTime:0.000000s ]
INFO: [ app_init ] --END-- [ RunTime:0.000000s ]
INFO: [ app_begin ] --START--
INFO: Run Behavior\ReadHtmlCacheBehavior [ RunTime:0.000000s ]
INFO: [ app_begin ] --END-- [ RunTime:0.000000s ]
SQL: SHOW COLUMNS FROM `vs_user` [ RunTime:0.0260s ]
SQL: SELECT * FROM `vs_user`  [ RunTime:0.0190s ]
INFO: [ view_parse ] --START--
INFO: [ template_filter ] --START--
INFO: Run Behavior\ContentReplaceBehavior [ RunTime:0.000000s ]
INFO: [ template_filter ] --END-- [ RunTime:0.000000s ]
NOTIC: [8] Undefined variable: act C:\wamp\www\vstudy\#runtime\Cache\Manage\f4bfb398e6e5869fe865bbe1f6b2fb61.php 第 428 行.
NOTIC: [2] in_array() expects parameter 2 to be array, null given C:\wamp\www\vstudy\#runtime\Cache\Manage\f4bfb398e6e5869fe865bbe1f6b2fb61.php 第 428 行.
NOTIC: [8] Undefined variable: act C:\wamp\www\vstudy\#runtime\Cache\Manage\f4bfb398e6e5869fe865bbe1f6b2fb61.php 第 439 行.
NOTIC: [2] in_array() expects parameter 2 to be array, null given C:\wamp\www\vstudy\#runtime\Cache\Manage\f4bfb398e6e5869fe865bbe1f6b2fb61.php 第 439 行.
NOTIC: [8] Undefined variable: act C:\wamp\www\vstudy\#runtime\Cache\Manage\f4bfb398e6e5869fe865bbe1f6b2fb61.php 第 489 行.
NOTIC: [2] in_array() expects parameter 2 to be array, null given C:\wamp\www\vstudy\#runtime\Cache\Manage\f4bfb398e6e5869fe865bbe1f6b2fb61.php 第 489 行.
NOTIC: [8] Use of undefined constant show - assumed 'show' C:\wamp\www\vstudy\#runtime\Cache\Manage\f4bfb398e6e5869fe865bbe1f6b2fb61.php 第 679 行.
NOTIC: [8] Use of undefined constant none - assumed 'none' C:\wamp\www\vstudy\#runtime\Cache\Manage\f4bfb398e6e5869fe865bbe1f6b2fb61.php 第 686 行.
NOTIC: [8] Use of undefined constant none - assumed 'none' C:\wamp\www\vstudy\#runtime\Cache\Manage\f4bfb398e6e5869fe865bbe1f6b2fb61.php 第 710 行.
NOTIC: [8] Use of undefined constant show - assumed 'show' C:\wamp\www\vstudy\#runtime\Cache\Manage\f4bfb398e6e5869fe865bbe1f6b2fb61.php 第 679 行.
NOTIC: [8] Use of undefined constant none - assumed 'none' C:\wamp\www\vstudy\#runtime\Cache\Manage\f4bfb398e6e5869fe865bbe1f6b2fb61.php 第 686 行.
NOTIC: [8] Use of undefined constant none - assumed 'none' C:\wamp\www\vstudy\#runtime\Cache\Manage\f4bfb398e6e5869fe865bbe1f6b2fb61.php 第 710 行.
NOTIC: [8] Use of undefined constant show - assumed 'show' C:\wamp\www\vstudy\#runtime\Cache\Manage\f4bfb398e6e5869fe865bbe1f6b2fb61.php 第 679 行.
NOTIC: [8] Use of undefined constant none - assumed 'none' C:\wamp\www\vstudy\#runtime\Cache\Manage\f4bfb398e6e5869fe865bbe1f6b2fb61.php 第 686 行.
NOTIC: [8] Use of undefined constant none - assumed 'none' C:\wamp\www\vstudy\#runtime\Cache\Manage\f4bfb398e6e5869fe865bbe1f6b2fb61.php 第 710 行.
NOTIC: [8] Use of undefined constant show - assumed 'show' C:\wamp\www\vstudy\#runtime\Cache\Manage\f4bfb398e6e5869fe865bbe1f6b2fb61.php 第 679 行.
NOTIC: [8] Use of undefined constant none - assumed 'none' C:\wamp\www\vstudy\#runtime\Cache\Manage\f4bfb398e6e5869fe865bbe1f6b2fb61.php 第 686 行.
NOTIC: [8] Use of undefined constant none - assumed 'none' C:\wamp\www\vstudy\#runtime\Cache\Manage\f4bfb398e6e5869fe865bbe1f6b2fb61.php 第 710 行.
NOTIC: [8] Use of undefined constant show - assumed 'show' C:\wamp\www\vstudy\#runtime\Cache\Manage\f4bfb398e6e5869fe865bbe1f6b2fb61.php 第 679 行.
NOTIC: [8] Use of undefined constant none - assumed 'none' C:\wamp\www\vstudy\#runtime\Cache\Manage\f4bfb398e6e5869fe865bbe1f6b2fb61.php 第 686 行.
NOTIC: [8] Use of undefined constant none - assumed 'none' C:\wamp\www\vstudy\#runtime\Cache\Manage\f4bfb398e6e5869fe865bbe1f6b2fb61.php 第 710 行.
NOTIC: [8] Use of undefined constant show - assumed 'show' C:\wamp\www\vstudy\#runtime\Cache\Manage\f4bfb398e6e5869fe865bbe1f6b2fb61.php 第 679 行.
NOTIC: [8] Use of undefined constant none - assumed 'none' C:\wamp\www\vstudy\#runtime\Cache\Manage\f4bfb398e6e5869fe865bbe1f6b2fb61.php 第 686 行.
NOTIC: [8] Use of undefined constant none - assumed 'none' C:\wamp\www\vstudy\#runtime\Cache\Manage\f4bfb398e6e5869fe865bbe1f6b2fb61.php 第 710 行.
NOTIC: [8] Use of undefined constant show - assumed 'show' C:\wamp\www\vstudy\#runtime\Cache\Manage\f4bfb398e6e5869fe865bbe1f6b2fb61.php 第 679 行.
NOTIC: [8] Use of undefined constant none - assumed 'none' C:\wamp\www\vstudy\#runtime\Cache\Manage\f4bfb398e6e5869fe865bbe1f6b2fb61.php 第 686 行.
NOTIC: [8] Use of undefined constant none - assumed 'none' C:\wamp\www\vstudy\#runtime\Cache\Manage\f4bfb398e6e5869fe865bbe1f6b2fb61.php 第 710 行.
INFO: Run Behavior\ParseTemplateBehavior [ RunTime:0.025001s ]
INFO: [ view_parse ] --END-- [ RunTime:0.025001s ]
INFO: [ view_filter ] --START--
INFO: Run Behavior\WriteHtmlCacheBehavior [ RunTime:0.000000s ]
INFO: [ view_filter ] --END-- [ RunTime:0.000000s ]
INFO: [ app_end ] --START--
INFO: Run Behavior\ShowPageTraceBehavior [ RunTime:0.001000s ]
INFO: [ app_end ] --END-- [ RunTime:0.001000s ]

[ 2017-02-10T11:14:09+08:00 ] 127.0.0.1 /Manage/User/userList.html
INFO: [ app_init ] --START--
INFO: Run Behavior\BuildLiteBehavior [ RunTime:0.000000s ]
INFO: [ app_init ] --END-- [ RunTime:0.000000s ]
INFO: [ app_begin ] --START--
INFO: Run Behavior\ReadHtmlCacheBehavior [ RunTime:0.001001s ]
INFO: [ app_begin ] --END-- [ RunTime:0.001001s ]
SQL: SHOW COLUMNS FROM `vs_user` [ RunTime:0.0190s ]
SQL: SELECT * FROM `vs_user`  [ RunTime:0.0200s ]
INFO: [ view_parse ] --START--
INFO: [ template_filter ] --START--
INFO: Run Behavior\ContentReplaceBehavior [ RunTime:0.000000s ]
INFO: [ template_filter ] --END-- [ RunTime:0.000000s ]
NOTIC: [8] Undefined variable: act C:\wamp\www\vstudy\#runtime\Cache\Manage\f4bfb398e6e5869fe865bbe1f6b2fb61.php 第 428 行.
NOTIC: [2] in_array() expects parameter 2 to be array, null given C:\wamp\www\vstudy\#runtime\Cache\Manage\f4bfb398e6e5869fe865bbe1f6b2fb61.php 第 428 行.
NOTIC: [8] Undefined variable: act C:\wamp\www\vstudy\#runtime\Cache\Manage\f4bfb398e6e5869fe865bbe1f6b2fb61.php 第 439 行.
NOTIC: [2] in_array() expects parameter 2 to be array, null given C:\wamp\www\vstudy\#runtime\Cache\Manage\f4bfb398e6e5869fe865bbe1f6b2fb61.php 第 439 行.
NOTIC: [8] Undefined variable: act C:\wamp\www\vstudy\#runtime\Cache\Manage\f4bfb398e6e5869fe865bbe1f6b2fb61.php 第 489 行.
NOTIC: [2] in_array() expects parameter 2 to be array, null given C:\wamp\www\vstudy\#runtime\Cache\Manage\f4bfb398e6e5869fe865bbe1f6b2fb61.php 第 489 行.
NOTIC: [8] Use of undefined constant show - assumed 'show' C:\wamp\www\vstudy\#runtime\Cache\Manage\f4bfb398e6e5869fe865bbe1f6b2fb61.php 第 679 行.
NOTIC: [8] Use of undefined constant none - assumed 'none' C:\wamp\www\vstudy\#runtime\Cache\Manage\f4bfb398e6e5869fe865bbe1f6b2fb61.php 第 686 行.
NOTIC: [8] Use of undefined constant none - assumed 'none' C:\wamp\www\vstudy\#runtime\Cache\Manage\f4bfb398e6e5869fe865bbe1f6b2fb61.php 第 710 行.
NOTIC: [8] Use of undefined constant show - assumed 'show' C:\wamp\www\vstudy\#runtime\Cache\Manage\f4bfb398e6e5869fe865bbe1f6b2fb61.php 第 679 行.
NOTIC: [8] Use of undefined constant none - assumed 'none' C:\wamp\www\vstudy\#runtime\Cache\Manage\f4bfb398e6e5869fe865bbe1f6b2fb61.php 第 686 行.
NOTIC: [8] Use of undefined constant none - assumed 'none' C:\wamp\www\vstudy\#runtime\Cache\Manage\f4bfb398e6e5869fe865bbe1f6b2fb61.php 第 710 行.
NOTIC: [8] Use of undefined constant show - assumed 'show' C:\wamp\www\vstudy\#runtime\Cache\Manage\f4bfb398e6e5869fe865bbe1f6b2fb61.php 第 679 行.
NOTIC: [8] Use of undefined constant none - assumed 'none' C:\wamp\www\vstudy\#runtime\Cache\Manage\f4bfb398e6e5869fe865bbe1f6b2fb61.php 第 686 行.
NOTIC: [8] Use of undefined constant none - assumed 'none' C:\wamp\www\vstudy\#runtime\Cache\Manage\f4bfb398e6e5869fe865bbe1f6b2fb61.php 第 710 行.
NOTIC: [8] Use of undefined constant show - assumed 'show' C:\wamp\www\vstudy\#runtime\Cache\Manage\f4bfb398e6e5869fe865bbe1f6b2fb61.php 第 679 行.
NOTIC: [8] Use of undefined constant none - assumed 'none' C:\wamp\www\vstudy\#runtime\Cache\Manage\f4bfb398e6e5869fe865bbe1f6b2fb61.php 第 686 行.
NOTIC: [8] Use of undefined constant none - assumed 'none' C:\wamp\www\vstudy\#runtime\Cache\Manage\f4bfb398e6e5869fe865bbe1f6b2fb61.php 第 710 行.
NOTIC: [8] Use of undefined constant show - assumed 'show' C:\wamp\www\vstudy\#runtime\Cache\Manage\f4bfb398e6e5869fe865bbe1f6b2fb61.php 第 679 行.
NOTIC: [8] Use of undefined constant none - assumed 'none' C:\wamp\www\vstudy\#runtime\Cache\Manage\f4bfb398e6e5869fe865bbe1f6b2fb61.php 第 686 行.
NOTIC: [8] Use of undefined constant none - assumed 'none' C:\wamp\www\vstudy\#runtime\Cache\Manage\f4bfb398e6e5869fe865bbe1f6b2fb61.php 第 710 行.
NOTIC: [8] Use of undefined constant show - assumed 'show' C:\wamp\www\vstudy\#runtime\Cache\Manage\f4bfb398e6e5869fe865bbe1f6b2fb61.php 第 679 行.
NOTIC: [8] Use of undefined constant none - assumed 'none' C:\wamp\www\vstudy\#runtime\Cache\Manage\f4bfb398e6e5869fe865bbe1f6b2fb61.php 第 686 行.
NOTIC: [8] Use of undefined constant none - assumed 'none' C:\wamp\www\vstudy\#runtime\Cache\Manage\f4bfb398e6e5869fe865bbe1f6b2fb61.php 第 710 行.
NOTIC: [8] Use of undefined constant show - assumed 'show' C:\wamp\www\vstudy\#runtime\Cache\Manage\f4bfb398e6e5869fe865bbe1f6b2fb61.php 第 679 行.
NOTIC: [8] Use of undefined constant none - assumed 'none' C:\wamp\www\vstudy\#runtime\Cache\Manage\f4bfb398e6e5869fe865bbe1f6b2fb61.php 第 686 行.
NOTIC: [8] Use of undefined constant none - assumed 'none' C:\wamp\www\vstudy\#runtime\Cache\Manage\f4bfb398e6e5869fe865bbe1f6b2fb61.php 第 710 行.
INFO: Run Behavior\ParseTemplateBehavior [ RunTime:0.027002s ]
INFO: [ view_parse ] --END-- [ RunTime:0.027002s ]
INFO: [ view_filter ] --START--
INFO: Run Behavior\WriteHtmlCacheBehavior [ RunTime:0.000000s ]
INFO: [ view_filter ] --END-- [ RunTime:0.000000s ]
INFO: [ app_end ] --START--
INFO: Run Behavior\ShowPageTraceBehavior [ RunTime:0.000000s ]
INFO: [ app_end ] --END-- [ RunTime:0.000000s ]

[ 2017-02-10T11:14:11+08:00 ] 127.0.0.1 /Manage/User/userList.html
INFO: [ app_init ] --START--
INFO: Run Behavior\BuildLiteBehavior [ RunTime:0.000000s ]
INFO: [ app_init ] --END-- [ RunTime:0.001000s ]
INFO: [ app_begin ] --START--
INFO: Run Behavior\ReadHtmlCacheBehavior [ RunTime:0.000000s ]
INFO: [ app_begin ] --END-- [ RunTime:0.000000s ]
SQL: SHOW COLUMNS FROM `vs_user` [ RunTime:0.0180s ]
SQL: SELECT * FROM `vs_user`  [ RunTime:0.0180s ]
INFO: [ view_parse ] --START--
INFO: [ template_filter ] --START--
INFO: Run Behavior\ContentReplaceBehavior [ RunTime:0.000000s ]
INFO: [ template_filter ] --END-- [ RunTime:0.001000s ]
NOTIC: [8] Undefined variable: act C:\wamp\www\vstudy\#runtime\Cache\Manage\f4bfb398e6e5869fe865bbe1f6b2fb61.php 第 428 行.
NOTIC: [2] in_array() expects parameter 2 to be array, null given C:\wamp\www\vstudy\#runtime\Cache\Manage\f4bfb398e6e5869fe865bbe1f6b2fb61.php 第 428 行.
NOTIC: [8] Undefined variable: act C:\wamp\www\vstudy\#runtime\Cache\Manage\f4bfb398e6e5869fe865bbe1f6b2fb61.php 第 439 行.
NOTIC: [2] in_array() expects parameter 2 to be array, null given C:\wamp\www\vstudy\#runtime\Cache\Manage\f4bfb398e6e5869fe865bbe1f6b2fb61.php 第 439 行.
NOTIC: [8] Undefined variable: act C:\wamp\www\vstudy\#runtime\Cache\Manage\f4bfb398e6e5869fe865bbe1f6b2fb61.php 第 489 行.
NOTIC: [2] in_array() expects parameter 2 to be array, null given C:\wamp\www\vstudy\#runtime\Cache\Manage\f4bfb398e6e5869fe865bbe1f6b2fb61.php 第 489 行.
NOTIC: [8] Use of undefined constant show - assumed 'show' C:\wamp\www\vstudy\#runtime\Cache\Manage\f4bfb398e6e5869fe865bbe1f6b2fb61.php 第 679 行.
NOTIC: [8] Use of undefined constant none - assumed 'none' C:\wamp\www\vstudy\#runtime\Cache\Manage\f4bfb398e6e5869fe865bbe1f6b2fb61.php 第 686 行.
NOTIC: [8] Use of undefined constant none - assumed 'none' C:\wamp\www\vstudy\#runtime\Cache\Manage\f4bfb398e6e5869fe865bbe1f6b2fb61.php 第 710 行.
NOTIC: [8] Use of undefined constant show - assumed 'show' C:\wamp\www\vstudy\#runtime\Cache\Manage\f4bfb398e6e5869fe865bbe1f6b2fb61.php 第 679 行.
NOTIC: [8] Use of undefined constant none - assumed 'none' C:\wamp\www\vstudy\#runtime\Cache\Manage\f4bfb398e6e5869fe865bbe1f6b2fb61.php 第 686 行.
NOTIC: [8] Use of undefined constant none - assumed 'none' C:\wamp\www\vstudy\#runtime\Cache\Manage\f4bfb398e6e5869fe865bbe1f6b2fb61.php 第 710 行.
NOTIC: [8] Use of undefined constant show - assumed 'show' C:\wamp\www\vstudy\#runtime\Cache\Manage\f4bfb398e6e5869fe865bbe1f6b2fb61.php 第 679 行.
NOTIC: [8] Use of undefined constant none - assumed 'none' C:\wamp\www\vstudy\#runtime\Cache\Manage\f4bfb398e6e5869fe865bbe1f6b2fb61.php 第 686 行.
NOTIC: [8] Use of undefined constant none - assumed 'none' C:\wamp\www\vstudy\#runtime\Cache\Manage\f4bfb398e6e5869fe865bbe1f6b2fb61.php 第 710 行.
NOTIC: [8] Use of undefined constant show - assumed 'show' C:\wamp\www\vstudy\#runtime\Cache\Manage\f4bfb398e6e5869fe865bbe1f6b2fb61.php 第 679 行.
NOTIC: [8] Use of undefined constant none - assumed 'none' C:\wamp\www\vstudy\#runtime\Cache\Manage\f4bfb398e6e5869fe865bbe1f6b2fb61.php 第 686 行.
NOTIC: [8] Use of undefined constant none - assumed 'none' C:\wamp\www\vstudy\#runtime\Cache\Manage\f4bfb398e6e5869fe865bbe1f6b2fb61.php 第 710 行.
NOTIC: [8] Use of undefined constant show - assumed 'show' C:\wamp\www\vstudy\#runtime\Cache\Manage\f4bfb398e6e5869fe865bbe1f6b2fb61.php 第 679 行.
NOTIC: [8] Use of undefined constant none - assumed 'none' C:\wamp\www\vstudy\#runtime\Cache\Manage\f4bfb398e6e5869fe865bbe1f6b2fb61.php 第 686 行.
NOTIC: [8] Use of undefined constant none - assumed 'none' C:\wamp\www\vstudy\#runtime\Cache\Manage\f4bfb398e6e5869fe865bbe1f6b2fb61.php 第 710 行.
NOTIC: [8] Use of undefined constant show - assumed 'show' C:\wamp\www\vstudy\#runtime\Cache\Manage\f4bfb398e6e5869fe865bbe1f6b2fb61.php 第 679 行.
NOTIC: [8] Use of undefined constant none - assumed 'none' C:\wamp\www\vstudy\#runtime\Cache\Manage\f4bfb398e6e5869fe865bbe1f6b2fb61.php 第 686 行.
NOTIC: [8] Use of undefined constant none - assumed 'none' C:\wamp\www\vstudy\#runtime\Cache\Manage\f4bfb398e6e5869fe865bbe1f6b2fb61.php 第 710 行.
NOTIC: [8] Use of undefined constant show - assumed 'show' C:\wamp\www\vstudy\#runtime\Cache\Manage\f4bfb398e6e5869fe865bbe1f6b2fb61.php 第 679 行.
NOTIC: [8] Use of undefined constant none - assumed 'none' C:\wamp\www\vstudy\#runtime\Cache\Manage\f4bfb398e6e5869fe865bbe1f6b2fb61.php 第 686 行.
NOTIC: [8] Use of undefined constant none - assumed 'none' C:\wamp\www\vstudy\#runtime\Cache\Manage\f4bfb398e6e5869fe865bbe1f6b2fb61.php 第 710 行.
INFO: Run Behavior\ParseTemplateBehavior [ RunTime:0.036002s ]
INFO: [ view_parse ] --END-- [ RunTime:0.036002s ]
INFO: [ view_filter ] --START--
INFO: Run Behavior\WriteHtmlCacheBehavior [ RunTime:0.001000s ]
INFO: [ view_filter ] --END-- [ RunTime:0.001000s ]
INFO: [ app_end ] --START--
INFO: Run Behavior\ShowPageTraceBehavior [ RunTime:0.001000s ]
INFO: [ app_end ] --END-- [ RunTime:0.001000s ]

[ 2017-02-10T11:15:57+08:00 ] 127.0.0.1 /Manage/User/userList.html
INFO: [ app_init ] --START--
INFO: Run Behavior\BuildLiteBehavior [ RunTime:0.000000s ]
INFO: [ app_init ] --END-- [ RunTime:0.001000s ]
INFO: [ app_begin ] --START--
INFO: Run Behavior\ReadHtmlCacheBehavior [ RunTime:0.000000s ]
INFO: [ app_begin ] --END-- [ RunTime:0.000000s ]
SQL: SHOW COLUMNS FROM `vs_user` [ RunTime:0.0200s ]
SQL: SELECT * FROM `vs_user`  [ RunTime:0.0190s ]
INFO: [ view_parse ] --START--
INFO: [ template_filter ] --START--
INFO: Run Behavior\ContentReplaceBehavior [ RunTime:0.001000s ]
INFO: [ template_filter ] --END-- [ RunTime:0.001000s ]
NOTIC: [8] Undefined variable: act C:\wamp\www\vstudy\#runtime\Cache\Manage\f4bfb398e6e5869fe865bbe1f6b2fb61.php 第 428 行.
NOTIC: [2] in_array() expects parameter 2 to be array, null given C:\wamp\www\vstudy\#runtime\Cache\Manage\f4bfb398e6e5869fe865bbe1f6b2fb61.php 第 428 行.
NOTIC: [8] Undefined variable: act C:\wamp\www\vstudy\#runtime\Cache\Manage\f4bfb398e6e5869fe865bbe1f6b2fb61.php 第 439 行.
NOTIC: [2] in_array() expects parameter 2 to be array, null given C:\wamp\www\vstudy\#runtime\Cache\Manage\f4bfb398e6e5869fe865bbe1f6b2fb61.php 第 439 行.
NOTIC: [8] Undefined variable: act C:\wamp\www\vstudy\#runtime\Cache\Manage\f4bfb398e6e5869fe865bbe1f6b2fb61.php 第 489 行.
NOTIC: [2] in_array() expects parameter 2 to be array, null given C:\wamp\www\vstudy\#runtime\Cache\Manage\f4bfb398e6e5869fe865bbe1f6b2fb61.php 第 489 行.
NOTIC: [8] Use of undefined constant show - assumed 'show' C:\wamp\www\vstudy\#runtime\Cache\Manage\f4bfb398e6e5869fe865bbe1f6b2fb61.php 第 679 行.
NOTIC: [8] Use of undefined constant none - assumed 'none' C:\wamp\www\vstudy\#runtime\Cache\Manage\f4bfb398e6e5869fe865bbe1f6b2fb61.php 第 686 行.
NOTIC: [8] Use of undefined constant none - assumed 'none' C:\wamp\www\vstudy\#runtime\Cache\Manage\f4bfb398e6e5869fe865bbe1f6b2fb61.php 第 710 行.
NOTIC: [8] Use of undefined constant show - assumed 'show' C:\wamp\www\vstudy\#runtime\Cache\Manage\f4bfb398e6e5869fe865bbe1f6b2fb61.php 第 679 行.
NOTIC: [8] Use of undefined constant none - assumed 'none' C:\wamp\www\vstudy\#runtime\Cache\Manage\f4bfb398e6e5869fe865bbe1f6b2fb61.php 第 686 行.
NOTIC: [8] Use of undefined constant none - assumed 'none' C:\wamp\www\vstudy\#runtime\Cache\Manage\f4bfb398e6e5869fe865bbe1f6b2fb61.php 第 710 行.
NOTIC: [8] Use of undefined constant show - assumed 'show' C:\wamp\www\vstudy\#runtime\Cache\Manage\f4bfb398e6e5869fe865bbe1f6b2fb61.php 第 679 行.
NOTIC: [8] Use of undefined constant none - assumed 'none' C:\wamp\www\vstudy\#runtime\Cache\Manage\f4bfb398e6e5869fe865bbe1f6b2fb61.php 第 686 行.
NOTIC: [8] Use of undefined constant none - assumed 'none' C:\wamp\www\vstudy\#runtime\Cache\Manage\f4bfb398e6e5869fe865bbe1f6b2fb61.php 第 710 行.
NOTIC: [8] Use of undefined constant show - assumed 'show' C:\wamp\www\vstudy\#runtime\Cache\Manage\f4bfb398e6e5869fe865bbe1f6b2fb61.php 第 679 行.
NOTIC: [8] Use of undefined constant none - assumed 'none' C:\wamp\www\vstudy\#runtime\Cache\Manage\f4bfb398e6e5869fe865bbe1f6b2fb61.php 第 686 行.
NOTIC: [8] Use of undefined constant none - assumed 'none' C:\wamp\www\vstudy\#runtime\Cache\Manage\f4bfb398e6e5869fe865bbe1f6b2fb61.php 第 710 行.
NOTIC: [8] Use of undefined constant show - assumed 'show' C:\wamp\www\vstudy\#runtime\Cache\Manage\f4bfb398e6e5869fe865bbe1f6b2fb61.php 第 679 行.
NOTIC: [8] Use of undefined constant none - assumed 'none' C:\wamp\www\vstudy\#runtime\Cache\Manage\f4bfb398e6e5869fe865bbe1f6b2fb61.php 第 686 行.
NOTIC: [8] Use of undefined constant none - assumed 'none' C:\wamp\www\vstudy\#runtime\Cache\Manage\f4bfb398e6e5869fe865bbe1f6b2fb61.php 第 710 行.
NOTIC: [8] Use of undefined constant show - assumed 'show' C:\wamp\www\vstudy\#runtime\Cache\Manage\f4bfb398e6e5869fe865bbe1f6b2fb61.php 第 679 行.
NOTIC: [8] Use of undefined constant none - assumed 'none' C:\wamp\www\vstudy\#runtime\Cache\Manage\f4bfb398e6e5869fe865bbe1f6b2fb61.php 第 686 行.
NOTIC: [8] Use of undefined constant none - assumed 'none' C:\wamp\www\vstudy\#runtime\Cache\Manage\f4bfb398e6e5869fe865bbe1f6b2fb61.php 第 710 行.
NOTIC: [8] Use of undefined constant show - assumed 'show' C:\wamp\www\vstudy\#runtime\Cache\Manage\f4bfb398e6e5869fe865bbe1f6b2fb61.php 第 679 行.
NOTIC: [8] Use of undefined constant none - assumed 'none' C:\wamp\www\vstudy\#runtime\Cache\Manage\f4bfb398e6e5869fe865bbe1f6b2fb61.php 第 686 行.
NOTIC: [8] Use of undefined constant none - assumed 'none' C:\wamp\www\vstudy\#runtime\Cache\Manage\f4bfb398e6e5869fe865bbe1f6b2fb61.php 第 710 行.
INFO: Run Behavior\ParseTemplateBehavior [ RunTime:0.036002s ]
INFO: [ view_parse ] --END-- [ RunTime:0.036002s ]
INFO: [ view_filter ] --START--
INFO: Run Behavior\WriteHtmlCacheBehavior [ RunTime:0.000000s ]
INFO: [ view_filter ] --END-- [ RunTime:0.000000s ]
INFO: [ app_end ] --START--
INFO: Run Behavior\ShowPageTraceBehavior [ RunTime:0.003000s ]
INFO: [ app_end ] --END-- [ RunTime:0.003000s ]

[ 2017-02-10T11:16:00+08:00 ] 127.0.0.1 /Manage/User/userList.html
INFO: [ app_init ] --START--
INFO: Run Behavior\BuildLiteBehavior [ RunTime:0.000000s ]
INFO: [ app_init ] --END-- [ RunTime:0.001000s ]
INFO: [ app_begin ] --START--
INFO: Run Behavior\ReadHtmlCacheBehavior [ RunTime:0.000000s ]
INFO: [ app_begin ] --END-- [ RunTime:0.000000s ]
SQL: SHOW COLUMNS FROM `vs_user` [ RunTime:0.0180s ]
SQL: SELECT * FROM `vs_user`  [ RunTime:0.0230s ]
INFO: [ view_parse ] --START--
INFO: [ template_filter ] --START--
INFO: Run Behavior\ContentReplaceBehavior [ RunTime:0.000000s ]
INFO: [ template_filter ] --END-- [ RunTime:0.000000s ]
NOTIC: [8] Undefined variable: act C:\wamp\www\vstudy\#runtime\Cache\Manage\f4bfb398e6e5869fe865bbe1f6b2fb61.php 第 428 行.
NOTIC: [2] in_array() expects parameter 2 to be array, null given C:\wamp\www\vstudy\#runtime\Cache\Manage\f4bfb398e6e5869fe865bbe1f6b2fb61.php 第 428 行.
NOTIC: [8] Undefined variable: act C:\wamp\www\vstudy\#runtime\Cache\Manage\f4bfb398e6e5869fe865bbe1f6b2fb61.php 第 439 行.
NOTIC: [2] in_array() expects parameter 2 to be array, null given C:\wamp\www\vstudy\#runtime\Cache\Manage\f4bfb398e6e5869fe865bbe1f6b2fb61.php 第 439 行.
NOTIC: [8] Undefined variable: act C:\wamp\www\vstudy\#runtime\Cache\Manage\f4bfb398e6e5869fe865bbe1f6b2fb61.php 第 489 行.
NOTIC: [2] in_array() expects parameter 2 to be array, null given C:\wamp\www\vstudy\#runtime\Cache\Manage\f4bfb398e6e5869fe865bbe1f6b2fb61.php 第 489 行.
NOTIC: [8] Use of undefined constant show - assumed 'show' C:\wamp\www\vstudy\#runtime\Cache\Manage\f4bfb398e6e5869fe865bbe1f6b2fb61.php 第 679 行.
NOTIC: [8] Use of undefined constant none - assumed 'none' C:\wamp\www\vstudy\#runtime\Cache\Manage\f4bfb398e6e5869fe865bbe1f6b2fb61.php 第 686 行.
NOTIC: [8] Use of undefined constant none - assumed 'none' C:\wamp\www\vstudy\#runtime\Cache\Manage\f4bfb398e6e5869fe865bbe1f6b2fb61.php 第 710 行.
NOTIC: [8] Use of undefined constant show - assumed 'show' C:\wamp\www\vstudy\#runtime\Cache\Manage\f4bfb398e6e5869fe865bbe1f6b2fb61.php 第 679 行.
NOTIC: [8] Use of undefined constant none - assumed 'none' C:\wamp\www\vstudy\#runtime\Cache\Manage\f4bfb398e6e5869fe865bbe1f6b2fb61.php 第 686 行.
NOTIC: [8] Use of undefined constant none - assumed 'none' C:\wamp\www\vstudy\#runtime\Cache\Manage\f4bfb398e6e5869fe865bbe1f6b2fb61.php 第 710 行.
NOTIC: [8] Use of undefined constant show - assumed 'show' C:\wamp\www\vstudy\#runtime\Cache\Manage\f4bfb398e6e5869fe865bbe1f6b2fb61.php 第 679 行.
NOTIC: [8] Use of undefined constant none - assumed 'none' C:\wamp\www\vstudy\#runtime\Cache\Manage\f4bfb398e6e5869fe865bbe1f6b2fb61.php 第 686 行.
NOTIC: [8] Use of undefined constant none - assumed 'none' C:\wamp\www\vstudy\#runtime\Cache\Manage\f4bfb398e6e5869fe865bbe1f6b2fb61.php 第 710 行.
NOTIC: [8] Use of undefined constant show - assumed 'show' C:\wamp\www\vstudy\#runtime\Cache\Manage\f4bfb398e6e5869fe865bbe1f6b2fb61.php 第 679 行.
NOTIC: [8] Use of undefined constant none - assumed 'none' C:\wamp\www\vstudy\#runtime\Cache\Manage\f4bfb398e6e5869fe865bbe1f6b2fb61.php 第 686 行.
NOTIC: [8] Use of undefined constant none - assumed 'none' C:\wamp\www\vstudy\#runtime\Cache\Manage\f4bfb398e6e5869fe865bbe1f6b2fb61.php 第 710 行.
NOTIC: [8] Use of undefined constant show - assumed 'show' C:\wamp\www\vstudy\#runtime\Cache\Manage\f4bfb398e6e5869fe865bbe1f6b2fb61.php 第 679 行.
NOTIC: [8] Use of undefined constant none - assumed 'none' C:\wamp\www\vstudy\#runtime\Cache\Manage\f4bfb398e6e5869fe865bbe1f6b2fb61.php 第 686 行.
NOTIC: [8] Use of undefined constant none - assumed 'none' C:\wamp\www\vstudy\#runtime\Cache\Manage\f4bfb398e6e5869fe865bbe1f6b2fb61.php 第 710 行.
NOTIC: [8] Use of undefined constant show - assumed 'show' C:\wamp\www\vstudy\#runtime\Cache\Manage\f4bfb398e6e5869fe865bbe1f6b2fb61.php 第 679 行.
NOTIC: [8] Use of undefined constant none - assumed 'none' C:\wamp\www\vstudy\#runtime\Cache\Manage\f4bfb398e6e5869fe865bbe1f6b2fb61.php 第 686 行.
NOTIC: [8] Use of undefined constant none - assumed 'none' C:\wamp\www\vstudy\#runtime\Cache\Manage\f4bfb398e6e5869fe865bbe1f6b2fb61.php 第 710 行.
NOTIC: [8] Use of undefined constant show - assumed 'show' C:\wamp\www\vstudy\#runtime\Cache\Manage\f4bfb398e6e5869fe865bbe1f6b2fb61.php 第 679 行.
NOTIC: [8] Use of undefined constant none - assumed 'none' C:\wamp\www\vstudy\#runtime\Cache\Manage\f4bfb398e6e5869fe865bbe1f6b2fb61.php 第 686 行.
NOTIC: [8] Use of undefined constant none - assumed 'none' C:\wamp\www\vstudy\#runtime\Cache\Manage\f4bfb398e6e5869fe865bbe1f6b2fb61.php 第 710 行.
INFO: Run Behavior\ParseTemplateBehavior [ RunTime:0.027002s ]
INFO: [ view_parse ] --END-- [ RunTime:0.028002s ]
INFO: [ view_filter ] --START--
INFO: Run Behavior\WriteHtmlCacheBehavior [ RunTime:0.000000s ]
INFO: [ view_filter ] --END-- [ RunTime:0.000000s ]
INFO: [ app_end ] --START--
INFO: Run Behavior\ShowPageTraceBehavior [ RunTime:0.001000s ]
INFO: [ app_end ] --END-- [ RunTime:0.001000s ]

[ 2017-02-10T11:16:02+08:00 ] 127.0.0.1 /Manage/User/userList.html
INFO: [ app_init ] --START--
INFO: Run Behavior\BuildLiteBehavior [ RunTime:0.000000s ]
INFO: [ app_init ] --END-- [ RunTime:0.000000s ]
INFO: [ app_begin ] --START--
INFO: Run Behavior\ReadHtmlCacheBehavior [ RunTime:0.001000s ]
INFO: [ app_begin ] --END-- [ RunTime:0.001000s ]
SQL: SHOW COLUMNS FROM `vs_user` [ RunTime:0.0180s ]
SQL: SELECT * FROM `vs_user`  [ RunTime:0.0180s ]
INFO: [ view_parse ] --START--
INFO: [ template_filter ] --START--
INFO: Run Behavior\ContentReplaceBehavior [ RunTime:0.000000s ]
INFO: [ template_filter ] --END-- [ RunTime:0.000000s ]
NOTIC: [8] Undefined variable: act C:\wamp\www\vstudy\#runtime\Cache\Manage\f4bfb398e6e5869fe865bbe1f6b2fb61.php 第 428 行.
NOTIC: [2] in_array() expects parameter 2 to be array, null given C:\wamp\www\vstudy\#runtime\Cache\Manage\f4bfb398e6e5869fe865bbe1f6b2fb61.php 第 428 行.
NOTIC: [8] Undefined variable: act C:\wamp\www\vstudy\#runtime\Cache\Manage\f4bfb398e6e5869fe865bbe1f6b2fb61.php 第 439 行.
NOTIC: [2] in_array() expects parameter 2 to be array, null given C:\wamp\www\vstudy\#runtime\Cache\Manage\f4bfb398e6e5869fe865bbe1f6b2fb61.php 第 439 行.
NOTIC: [8] Undefined variable: act C:\wamp\www\vstudy\#runtime\Cache\Manage\f4bfb398e6e5869fe865bbe1f6b2fb61.php 第 489 行.
NOTIC: [2] in_array() expects parameter 2 to be array, null given C:\wamp\www\vstudy\#runtime\Cache\Manage\f4bfb398e6e5869fe865bbe1f6b2fb61.php 第 489 行.
NOTIC: [8] Use of undefined constant show - assumed 'show' C:\wamp\www\vstudy\#runtime\Cache\Manage\f4bfb398e6e5869fe865bbe1f6b2fb61.php 第 679 行.
NOTIC: [8] Use of undefined constant none - assumed 'none' C:\wamp\www\vstudy\#runtime\Cache\Manage\f4bfb398e6e5869fe865bbe1f6b2fb61.php 第 686 行.
NOTIC: [8] Use of undefined constant none - assumed 'none' C:\wamp\www\vstudy\#runtime\Cache\Manage\f4bfb398e6e5869fe865bbe1f6b2fb61.php 第 710 行.
NOTIC: [8] Use of undefined constant show - assumed 'show' C:\wamp\www\vstudy\#runtime\Cache\Manage\f4bfb398e6e5869fe865bbe1f6b2fb61.php 第 679 行.
NOTIC: [8] Use of undefined constant none - assumed 'none' C:\wamp\www\vstudy\#runtime\Cache\Manage\f4bfb398e6e5869fe865bbe1f6b2fb61.php 第 686 行.
NOTIC: [8] Use of undefined constant none - assumed 'none' C:\wamp\www\vstudy\#runtime\Cache\Manage\f4bfb398e6e5869fe865bbe1f6b2fb61.php 第 710 行.
NOTIC: [8] Use of undefined constant show - assumed 'show' C:\wamp\www\vstudy\#runtime\Cache\Manage\f4bfb398e6e5869fe865bbe1f6b2fb61.php 第 679 行.
NOTIC: [8] Use of undefined constant none - assumed 'none' C:\wamp\www\vstudy\#runtime\Cache\Manage\f4bfb398e6e5869fe865bbe1f6b2fb61.php 第 686 行.
NOTIC: [8] Use of undefined constant none - assumed 'none' C:\wamp\www\vstudy\#runtime\Cache\Manage\f4bfb398e6e5869fe865bbe1f6b2fb61.php 第 710 行.
NOTIC: [8] Use of undefined constant show - assumed 'show' C:\wamp\www\vstudy\#runtime\Cache\Manage\f4bfb398e6e5869fe865bbe1f6b2fb61.php 第 679 行.
NOTIC: [8] Use of undefined constant none - assumed 'none' C:\wamp\www\vstudy\#runtime\Cache\Manage\f4bfb398e6e5869fe865bbe1f6b2fb61.php 第 686 行.
NOTIC: [8] Use of undefined constant none - assumed 'none' C:\wamp\www\vstudy\#runtime\Cache\Manage\f4bfb398e6e5869fe865bbe1f6b2fb61.php 第 710 行.
NOTIC: [8] Use of undefined constant show - assumed 'show' C:\wamp\www\vstudy\#runtime\Cache\Manage\f4bfb398e6e5869fe865bbe1f6b2fb61.php 第 679 行.
NOTIC: [8] Use of undefined constant none - assumed 'none' C:\wamp\www\vstudy\#runtime\Cache\Manage\f4bfb398e6e5869fe865bbe1f6b2fb61.php 第 686 行.
NOTIC: [8] Use of undefined constant none - assumed 'none' C:\wamp\www\vstudy\#runtime\Cache\Manage\f4bfb398e6e5869fe865bbe1f6b2fb61.php 第 710 行.
NOTIC: [8] Use of undefined constant show - assumed 'show' C:\wamp\www\vstudy\#runtime\Cache\Manage\f4bfb398e6e5869fe865bbe1f6b2fb61.php 第 679 行.
NOTIC: [8] Use of undefined constant none - assumed 'none' C:\wamp\www\vstudy\#runtime\Cache\Manage\f4bfb398e6e5869fe865bbe1f6b2fb61.php 第 686 行.
NOTIC: [8] Use of undefined constant none - assumed 'none' C:\wamp\www\vstudy\#runtime\Cache\Manage\f4bfb398e6e5869fe865bbe1f6b2fb61.php 第 710 行.
NOTIC: [8] Use of undefined constant show - assumed 'show' C:\wamp\www\vstudy\#runtime\Cache\Manage\f4bfb398e6e5869fe865bbe1f6b2fb61.php 第 679 行.
NOTIC: [8] Use of undefined constant none - assumed 'none' C:\wamp\www\vstudy\#runtime\Cache\Manage\f4bfb398e6e5869fe865bbe1f6b2fb61.php 第 686 行.
NOTIC: [8] Use of undefined constant none - assumed 'none' C:\wamp\www\vstudy\#runtime\Cache\Manage\f4bfb398e6e5869fe865bbe1f6b2fb61.php 第 710 行.
INFO: Run Behavior\ParseTemplateBehavior [ RunTime:0.062004s ]
INFO: [ view_parse ] --END-- [ RunTime:0.062004s ]
INFO: [ view_filter ] --START--
INFO: Run Behavior\WriteHtmlCacheBehavior [ RunTime:0.000000s ]
INFO: [ view_filter ] --END-- [ RunTime:0.001000s ]
INFO: [ app_end ] --START--
INFO: Run Behavior\ShowPageTraceBehavior [ RunTime:0.001000s ]
INFO: [ app_end ] --END-- [ RunTime:0.001000s ]

